[2025-07-28 09:22:04] B机进入主用状态
[2025-07-28 09:22:04] B机在线
[2025-07-28 09:22:04] A机进入备用状态
[2025-07-28 09:22:04] A机离线
[2025-07-28 09:22:16] 2道第1台停车器通信超时
[2025-07-28 09:22:16] 2道第2台停车器通信超时
[2025-07-28 09:22:16] 2道第3台停车器通信超时
[2025-07-28 09:22:16] 2道防溜器通信超时
[2025-07-28 09:22:16] 3道第1台停车器通信超时
[2025-07-28 09:22:16] 3道第2台停车器通信超时
[2025-07-28 09:22:16] 3道第3台停车器通信超时
[2025-07-28 09:22:16] 3道防溜器通信超时
[2025-07-28 09:22:16] 4道第1台停车器通信超时
[2025-07-28 09:22:16] 4道第2台停车器通信超时
[2025-07-28 09:22:16] 4道第3台停车器通信超时
[2025-07-28 09:22:16] 4道防溜器通信超时
[2025-07-28 09:22:16] 5道第1台停车器通信超时
[2025-07-28 09:22:16] 5道第2台停车器通信超时
[2025-07-28 09:22:16] 5道第3台停车器通信超时
[2025-07-28 09:22:16] 5道防溜器通信超时
[2025-07-28 09:22:16] 6道第1台停车器通信超时
[2025-07-28 09:22:16] 6道第2台停车器通信超时
[2025-07-28 09:22:16] 6道第3台停车器通信超时
[2025-07-28 09:22:16] 6道防溜器通信超时
[2025-07-28 09:22:16] 7道第1台停车器通信超时
[2025-07-28 09:22:16] 7道第2台停车器通信超时
[2025-07-28 09:22:16] 7道第3台停车器通信超时
[2025-07-28 09:22:16] 7道防溜器通信超时
[2025-07-28 09:22:16] 8道第1台停车器通信超时
[2025-07-28 09:22:16] 8道第2台停车器通信超时
[2025-07-28 09:22:16] 8道第3台停车器通信超时
[2025-07-28 09:22:16] 8道防溜器通信超时
[2025-07-28 09:22:16] 9道第1台停车器通信超时
[2025-07-28 09:22:16] 9道第2台停车器通信超时
[2025-07-28 09:22:16] 9道第3台停车器通信超时
[2025-07-28 09:22:16] 9道防溜器通信超时
[2025-07-28 09:22:16] 10道第1台停车器通信超时
[2025-07-28 09:22:16] 10道第2台停车器通信超时
[2025-07-28 09:22:16] 10道第3台停车器通信超时
[2025-07-28 09:22:16] 10道防溜器通信超时
[2025-07-28 09:22:16] 11道第1台停车器通信超时
[2025-07-28 09:22:16] 11道第2台停车器通信超时
[2025-07-28 09:22:16] 11道第3台停车器通信超时
[2025-07-28 09:22:16] 11道防溜器通信超时
[2025-07-28 09:22:16] 12道第1台停车器通信超时
[2025-07-28 09:22:16] 12道第2台停车器通信超时
[2025-07-28 09:22:16] 12道第3台停车器通信超时
[2025-07-28 09:22:16] 12道防溜器通信超时
[2025-07-28 09:22:16] 13道第1台停车器通信超时
[2025-07-28 09:22:16] 13道第2台停车器通信超时
[2025-07-28 09:22:16] 13道第3台停车器通信超时
[2025-07-28 09:22:16] 13道防溜器通信超时
[2025-07-28 09:22:16] 14道第1台停车器通信超时
[2025-07-28 09:22:16] 14道第2台停车器通信超时
[2025-07-28 09:22:16] 14道第3台停车器通信超时
[2025-07-28 09:22:16] 14道防溜器通信超时
[2025-07-28 09:22:16] 15道第1台停车器通信超时
[2025-07-28 09:22:16] 15道第2台停车器通信超时
[2025-07-28 09:22:16] 15道第3台停车器通信超时
[2025-07-28 09:22:16] 15道防溜器通信超时
[2025-07-28 09:22:16] 16道第1台停车器通信超时
[2025-07-28 09:22:16] 16道第2台停车器通信超时
[2025-07-28 09:22:16] 16道第3台停车器通信超时
[2025-07-28 09:22:16] 16道防溜器通信超时
[2025-07-28 09:22:16] 17道第1台停车器通信超时
[2025-07-28 09:22:16] 17道第2台停车器通信超时
[2025-07-28 09:22:16] 17道第3台停车器通信超时
[2025-07-28 09:22:16] 17道防溜器通信超时
[2025-07-28 09:22:16] 18道第1台停车器通信超时
[2025-07-28 09:22:16] 18道第2台停车器通信超时
[2025-07-28 09:22:16] 18道第3台停车器通信超时
[2025-07-28 09:22:16] 18道防溜器通信超时
[2025-07-28 09:22:16] 19道第1台停车器通信超时
[2025-07-28 09:22:16] 19道第2台停车器通信超时
[2025-07-28 09:22:16] 19道第3台停车器通信超时
[2025-07-28 09:22:16] 19道防溜器通信超时
[2025-07-28 09:22:16] 20道第1台停车器通信超时
[2025-07-28 09:22:16] 20道第2台停车器通信超时
[2025-07-28 09:22:16] 20道第3台停车器通信超时
[2025-07-28 09:22:16] 20道防溜器通信超时
[2025-07-28 09:22:16] 21道第1台停车器通信超时
[2025-07-28 09:22:16] 21道第2台停车器通信超时
[2025-07-28 09:22:16] 21道第3台停车器通信超时
[2025-07-28 09:22:16] 21道防溜器通信超时
[2025-07-28 09:22:16] 22道第1台停车器通信超时
[2025-07-28 09:22:16] 22道第2台停车器通信超时
[2025-07-28 09:22:16] 22道第3台停车器通信超时
[2025-07-28 09:22:16] 22道防溜器通信超时
[2025-07-28 09:22:16] 23道第1台停车器通信超时
[2025-07-28 09:22:16] 23道第2台停车器通信超时
[2025-07-28 09:22:16] 23道第3台停车器通信超时
[2025-07-28 09:22:16] 23道防溜器通信超时
[2025-07-28 09:22:16] 24道第1台停车器通信超时
[2025-07-28 09:22:16] 24道第2台停车器通信超时
[2025-07-28 09:22:16] 24道第3台停车器通信超时
[2025-07-28 09:22:16] 24道防溜器通信超时
[2025-07-28 09:22:22] B机进入主用状态
[2025-07-28 09:22:22] B机在线
