[2025-08-01 10:52:32] B机进入主用状态
[2025-08-01 10:52:32] B机在线
[2025-08-01 10:52:32] A机进入备用状态
[2025-08-01 10:52:32] A机离线
[2025-08-01 10:52:44] 2道第1台停车器通信超时
[2025-08-01 10:52:44] 2道第2台停车器通信超时
[2025-08-01 10:52:44] 2道第3台停车器通信超时
[2025-08-01 10:52:44] 2道防溜器通信超时
[2025-08-01 10:52:44] 3道第1台停车器通信超时
[2025-08-01 10:52:44] 3道第2台停车器通信超时
[2025-08-01 10:52:44] 3道第3台停车器通信超时
[2025-08-01 10:52:44] 3道防溜器通信超时
[2025-08-01 10:52:44] 4道第1台停车器通信超时
[2025-08-01 10:52:44] 4道第2台停车器通信超时
[2025-08-01 10:52:44] 4道第3台停车器通信超时
[2025-08-01 10:52:44] 4道防溜器通信超时
[2025-08-01 10:52:44] 5道第1台停车器通信超时
[2025-08-01 10:52:44] 5道第2台停车器通信超时
[2025-08-01 10:52:44] 5道第3台停车器通信超时
[2025-08-01 10:52:44] 5道防溜器通信超时
[2025-08-01 10:52:44] 6道第1台停车器通信超时
[2025-08-01 10:52:44] 6道第2台停车器通信超时
[2025-08-01 10:52:44] 6道第3台停车器通信超时
[2025-08-01 10:52:44] 6道防溜器通信超时
[2025-08-01 10:52:44] 7道第1台停车器通信超时
[2025-08-01 10:52:44] 7道第2台停车器通信超时
[2025-08-01 10:52:44] 7道第3台停车器通信超时
[2025-08-01 10:52:44] 7道防溜器通信超时
[2025-08-01 10:52:44] 8道第1台停车器通信超时
[2025-08-01 10:52:44] 8道第2台停车器通信超时
[2025-08-01 10:52:44] 8道第3台停车器通信超时
[2025-08-01 10:52:44] 8道防溜器通信超时
[2025-08-01 10:52:44] 9道第1台停车器通信超时
[2025-08-01 10:52:44] 9道第2台停车器通信超时
[2025-08-01 10:52:44] 9道第3台停车器通信超时
[2025-08-01 10:52:44] 9道防溜器通信超时
[2025-08-01 10:52:44] 10道第1台停车器通信超时
[2025-08-01 10:52:44] 10道第2台停车器通信超时
[2025-08-01 10:52:44] 10道第3台停车器通信超时
[2025-08-01 10:52:44] 10道防溜器通信超时
[2025-08-01 10:52:44] 11道第1台停车器通信超时
[2025-08-01 10:52:44] 11道第2台停车器通信超时
[2025-08-01 10:52:44] 11道第3台停车器通信超时
[2025-08-01 10:52:44] 11道防溜器通信超时
[2025-08-01 10:52:44] 12道第1台停车器通信超时
[2025-08-01 10:52:44] 12道第2台停车器通信超时
[2025-08-01 10:52:44] 12道第3台停车器通信超时
[2025-08-01 10:52:44] 12道防溜器通信超时
[2025-08-01 10:52:44] 13道第1台停车器通信超时
[2025-08-01 10:52:44] 13道第2台停车器通信超时
[2025-08-01 10:52:44] 13道第3台停车器通信超时
[2025-08-01 10:52:44] 13道防溜器通信超时
[2025-08-01 10:52:44] 14道第1台停车器通信超时
[2025-08-01 10:52:44] 14道第2台停车器通信超时
[2025-08-01 10:52:44] 14道第3台停车器通信超时
[2025-08-01 10:52:44] 14道防溜器通信超时
[2025-08-01 10:52:44] 15道第1台停车器通信超时
[2025-08-01 10:52:44] 15道第2台停车器通信超时
[2025-08-01 10:52:44] 15道第3台停车器通信超时
[2025-08-01 10:52:44] 15道防溜器通信超时
[2025-08-01 10:52:44] 16道第1台停车器通信超时
[2025-08-01 10:52:44] 16道第2台停车器通信超时
[2025-08-01 10:52:44] 16道第3台停车器通信超时
[2025-08-01 10:52:44] 16道防溜器通信超时
[2025-08-01 10:52:44] 17道第1台停车器通信超时
[2025-08-01 10:52:44] 17道第2台停车器通信超时
[2025-08-01 10:52:44] 17道第3台停车器通信超时
[2025-08-01 10:52:44] 17道防溜器通信超时
[2025-08-01 10:52:44] 18道第1台停车器通信超时
[2025-08-01 10:52:44] 18道第2台停车器通信超时
[2025-08-01 10:52:44] 18道第3台停车器通信超时
[2025-08-01 10:52:44] 18道防溜器通信超时
[2025-08-01 10:52:44] 19道第1台停车器通信超时
[2025-08-01 10:52:44] 19道第2台停车器通信超时
[2025-08-01 10:52:44] 19道第3台停车器通信超时
[2025-08-01 10:52:44] 19道防溜器通信超时
[2025-08-01 10:52:44] 20道第1台停车器通信超时
[2025-08-01 10:52:44] 20道第2台停车器通信超时
[2025-08-01 10:52:44] 20道第3台停车器通信超时
[2025-08-01 10:52:44] 20道防溜器通信超时
[2025-08-01 10:52:44] 21道第1台停车器通信超时
[2025-08-01 10:52:44] 21道第2台停车器通信超时
[2025-08-01 10:52:44] 21道第3台停车器通信超时
[2025-08-01 10:52:44] 21道防溜器通信超时
[2025-08-01 10:52:44] 22道第1台停车器通信超时
[2025-08-01 10:52:44] 22道第2台停车器通信超时
[2025-08-01 10:52:44] 22道第3台停车器通信超时
[2025-08-01 10:52:44] 22道防溜器通信超时
[2025-08-01 10:52:44] 23道第1台停车器通信超时
[2025-08-01 10:52:44] 23道第2台停车器通信超时
[2025-08-01 10:52:44] 23道第3台停车器通信超时
[2025-08-01 10:52:44] 23道防溜器通信超时
[2025-08-01 10:52:44] 24道第1台停车器通信超时
[2025-08-01 10:52:44] 24道第2台停车器通信超时
[2025-08-01 10:52:44] 24道第3台停车器通信超时
[2025-08-01 10:52:44] 24道防溜器通信超时
