[2025-07-03 16:37:08] B机进入主用状态
[2025-07-03 16:37:08] B机在线
[2025-07-03 16:37:08] A机进入备用状态
[2025-07-03 16:37:08] A机离线
[2025-07-03 16:37:13] 2道第1台停车器通信超时
[2025-07-03 16:37:13] 2道第2台停车器通信超时
[2025-07-03 16:37:13] 2道第3台停车器通信超时
[2025-07-03 16:37:13] 2道防溜器通信超时
[2025-07-03 16:37:13] 3道第1台停车器通信超时
[2025-07-03 16:37:13] 3道第2台停车器通信超时
[2025-07-03 16:37:13] 3道第3台停车器通信超时
[2025-07-03 16:37:13] 3道防溜器通信超时
[2025-07-03 16:37:13] 4道第1台停车器通信超时
[2025-07-03 16:37:13] 4道第2台停车器通信超时
[2025-07-03 16:37:13] 4道第3台停车器通信超时
[2025-07-03 16:37:13] 4道防溜器通信超时
[2025-07-03 16:37:13] 5道第1台停车器通信超时
[2025-07-03 16:37:13] 5道第2台停车器通信超时
[2025-07-03 16:37:13] 5道第3台停车器通信超时
[2025-07-03 16:37:13] 5道防溜器通信超时
[2025-07-03 16:37:13] 6道第1台停车器通信超时
[2025-07-03 16:37:13] 6道第2台停车器通信超时
[2025-07-03 16:37:13] 6道第3台停车器通信超时
[2025-07-03 16:37:13] 6道防溜器通信超时
[2025-07-03 16:37:13] 7道第1台停车器通信超时
[2025-07-03 16:37:13] 7道第2台停车器通信超时
[2025-07-03 16:37:13] 7道第3台停车器通信超时
[2025-07-03 16:37:13] 7道防溜器通信超时
[2025-07-03 16:37:13] 8道第1台停车器通信超时
[2025-07-03 16:37:13] 8道第2台停车器通信超时
[2025-07-03 16:37:13] 8道第3台停车器通信超时
[2025-07-03 16:37:13] 8道防溜器通信超时
[2025-07-03 16:37:13] 9道第1台停车器通信超时
[2025-07-03 16:37:13] 9道第2台停车器通信超时
[2025-07-03 16:37:13] 9道第3台停车器通信超时
[2025-07-03 16:37:13] 9道防溜器通信超时
[2025-07-03 16:37:13] 10道第1台停车器通信超时
[2025-07-03 16:37:13] 10道第2台停车器通信超时
[2025-07-03 16:37:13] 10道第3台停车器通信超时
[2025-07-03 16:37:13] 10道防溜器通信超时
[2025-07-03 16:37:13] 11道第1台停车器通信超时
[2025-07-03 16:37:13] 11道第2台停车器通信超时
[2025-07-03 16:37:13] 11道第3台停车器通信超时
[2025-07-03 16:37:13] 11道防溜器通信超时
[2025-07-03 16:37:13] 12道第1台停车器通信超时
[2025-07-03 16:37:13] 12道第2台停车器通信超时
[2025-07-03 16:37:13] 12道第3台停车器通信超时
[2025-07-03 16:37:13] 12道防溜器通信超时
[2025-07-03 16:37:13] 13道第1台停车器通信超时
[2025-07-03 16:37:13] 13道第2台停车器通信超时
[2025-07-03 16:37:13] 13道第3台停车器通信超时
[2025-07-03 16:37:13] 13道防溜器通信超时
[2025-07-03 16:37:13] 14道第1台停车器通信超时
[2025-07-03 16:37:13] 14道第2台停车器通信超时
[2025-07-03 16:37:13] 14道第3台停车器通信超时
[2025-07-03 16:37:13] 14道防溜器通信超时
[2025-07-03 16:37:13] 15道第1台停车器通信超时
[2025-07-03 16:37:13] 15道第2台停车器通信超时
[2025-07-03 16:37:13] 15道第3台停车器通信超时
[2025-07-03 16:37:13] 15道防溜器通信超时
[2025-07-03 16:37:13] 16道第1台停车器通信超时
[2025-07-03 16:37:13] 16道第2台停车器通信超时
[2025-07-03 16:37:13] 16道第3台停车器通信超时
[2025-07-03 16:37:13] 16道防溜器通信超时
[2025-07-03 16:37:13] 17道第1台停车器通信超时
[2025-07-03 16:37:13] 17道第2台停车器通信超时
[2025-07-03 16:37:13] 17道第3台停车器通信超时
[2025-07-03 16:37:13] 17道防溜器通信超时
[2025-07-03 16:37:13] 18道第1台停车器通信超时
[2025-07-03 16:37:13] 18道第2台停车器通信超时
[2025-07-03 16:37:13] 18道第3台停车器通信超时
[2025-07-03 16:37:13] 18道防溜器通信超时
[2025-07-03 16:37:13] 19道第1台停车器通信超时
[2025-07-03 16:37:13] 19道第2台停车器通信超时
[2025-07-03 16:37:13] 19道第3台停车器通信超时
[2025-07-03 16:37:13] 19道防溜器通信超时
[2025-07-03 16:37:13] 20道第1台停车器通信超时
[2025-07-03 16:37:13] 20道第2台停车器通信超时
[2025-07-03 16:37:13] 20道第3台停车器通信超时
[2025-07-03 16:37:13] 20道防溜器通信超时
[2025-07-03 16:37:13] 21道第1台停车器通信超时
[2025-07-03 16:37:13] 21道第2台停车器通信超时
[2025-07-03 16:37:13] 21道第3台停车器通信超时
[2025-07-03 16:37:13] 21道防溜器通信超时
[2025-07-03 16:37:13] 22道第1台停车器通信超时
[2025-07-03 16:37:13] 22道第2台停车器通信超时
[2025-07-03 16:37:13] 22道第3台停车器通信超时
[2025-07-03 16:37:13] 22道防溜器通信超时
[2025-07-03 16:37:13] 23道第1台停车器通信超时
[2025-07-03 16:37:13] 23道第2台停车器通信超时
[2025-07-03 16:37:13] 23道第3台停车器通信超时
[2025-07-03 16:37:13] 23道防溜器通信超时
[2025-07-03 16:37:13] 24道第1台停车器通信超时
[2025-07-03 16:37:13] 24道第2台停车器通信超时
[2025-07-03 16:37:13] 24道第3台停车器通信超时
[2025-07-03 16:37:13] 24道防溜器通信超时
