[2025-07-16 13:36:22] B机进入主用状态
[2025-07-16 13:36:22] B机在线
[2025-07-16 13:36:22] A机进入备用状态
[2025-07-16 13:36:22] A机离线
[2025-07-16 13:36:28] 2道第1台停车器通信超时
[2025-07-16 13:36:28] 2道第2台停车器通信超时
[2025-07-16 13:36:28] 2道第3台停车器通信超时
[2025-07-16 13:36:28] 2道防溜器通信超时
[2025-07-16 13:36:28] 3道第1台停车器通信超时
[2025-07-16 13:36:28] 3道第2台停车器通信超时
[2025-07-16 13:36:28] 3道第3台停车器通信超时
[2025-07-16 13:36:28] 3道防溜器通信超时
[2025-07-16 13:36:28] 4道第1台停车器通信超时
[2025-07-16 13:36:28] 4道第2台停车器通信超时
[2025-07-16 13:36:28] 4道第3台停车器通信超时
[2025-07-16 13:36:28] 4道防溜器通信超时
[2025-07-16 13:36:28] 5道第1台停车器通信超时
[2025-07-16 13:36:28] 5道第2台停车器通信超时
[2025-07-16 13:36:28] 5道第3台停车器通信超时
[2025-07-16 13:36:28] 5道防溜器通信超时
[2025-07-16 13:36:28] 6道第1台停车器通信超时
[2025-07-16 13:36:28] 6道第2台停车器通信超时
[2025-07-16 13:36:28] 6道第3台停车器通信超时
[2025-07-16 13:36:28] 6道防溜器通信超时
[2025-07-16 13:36:28] 7道第1台停车器通信超时
[2025-07-16 13:36:28] 7道第2台停车器通信超时
[2025-07-16 13:36:28] 7道第3台停车器通信超时
[2025-07-16 13:36:28] 7道防溜器通信超时
[2025-07-16 13:36:28] 8道第1台停车器通信超时
[2025-07-16 13:36:28] 8道第2台停车器通信超时
[2025-07-16 13:36:28] 8道第3台停车器通信超时
[2025-07-16 13:36:28] 8道防溜器通信超时
[2025-07-16 13:36:28] 9道第1台停车器通信超时
[2025-07-16 13:36:28] 9道第2台停车器通信超时
[2025-07-16 13:36:28] 9道第3台停车器通信超时
[2025-07-16 13:36:28] 9道防溜器通信超时
[2025-07-16 13:36:28] 10道第1台停车器通信超时
[2025-07-16 13:36:28] 10道第2台停车器通信超时
[2025-07-16 13:36:28] 10道第3台停车器通信超时
[2025-07-16 13:36:28] 10道防溜器通信超时
[2025-07-16 13:36:28] 11道第1台停车器通信超时
[2025-07-16 13:36:28] 11道第2台停车器通信超时
[2025-07-16 13:36:28] 11道第3台停车器通信超时
[2025-07-16 13:36:28] 11道防溜器通信超时
[2025-07-16 13:36:28] 12道第1台停车器通信超时
[2025-07-16 13:36:28] 12道第2台停车器通信超时
[2025-07-16 13:36:28] 12道第3台停车器通信超时
[2025-07-16 13:36:28] 12道防溜器通信超时
[2025-07-16 13:36:28] 13道第1台停车器通信超时
[2025-07-16 13:36:28] 13道第2台停车器通信超时
[2025-07-16 13:36:28] 13道第3台停车器通信超时
[2025-07-16 13:36:28] 13道防溜器通信超时
[2025-07-16 13:36:28] 14道第1台停车器通信超时
[2025-07-16 13:36:28] 14道第2台停车器通信超时
[2025-07-16 13:36:28] 14道第3台停车器通信超时
[2025-07-16 13:36:28] 14道防溜器通信超时
[2025-07-16 13:36:28] 15道第1台停车器通信超时
[2025-07-16 13:36:28] 15道第2台停车器通信超时
[2025-07-16 13:36:28] 15道第3台停车器通信超时
[2025-07-16 13:36:28] 15道防溜器通信超时
[2025-07-16 13:36:28] 16道第1台停车器通信超时
[2025-07-16 13:36:28] 16道第2台停车器通信超时
[2025-07-16 13:36:28] 16道第3台停车器通信超时
[2025-07-16 13:36:28] 16道防溜器通信超时
[2025-07-16 13:36:28] 17道第1台停车器通信超时
[2025-07-16 13:36:28] 17道第2台停车器通信超时
[2025-07-16 13:36:28] 17道第3台停车器通信超时
[2025-07-16 13:36:28] 17道防溜器通信超时
[2025-07-16 13:36:28] 18道第1台停车器通信超时
[2025-07-16 13:36:28] 18道第2台停车器通信超时
[2025-07-16 13:36:28] 18道第3台停车器通信超时
[2025-07-16 13:36:28] 18道防溜器通信超时
[2025-07-16 13:36:28] 19道第1台停车器通信超时
[2025-07-16 13:36:28] 19道第2台停车器通信超时
[2025-07-16 13:36:28] 19道第3台停车器通信超时
[2025-07-16 13:36:28] 19道防溜器通信超时
[2025-07-16 13:36:28] 20道第1台停车器通信超时
[2025-07-16 13:36:28] 20道第2台停车器通信超时
[2025-07-16 13:36:28] 20道第3台停车器通信超时
[2025-07-16 13:36:28] 20道防溜器通信超时
[2025-07-16 13:36:28] 21道第1台停车器通信超时
[2025-07-16 13:36:28] 21道第2台停车器通信超时
[2025-07-16 13:36:28] 21道第3台停车器通信超时
[2025-07-16 13:36:28] 21道防溜器通信超时
[2025-07-16 13:36:28] 22道第1台停车器通信超时
[2025-07-16 13:36:28] 22道第2台停车器通信超时
[2025-07-16 13:36:28] 22道第3台停车器通信超时
[2025-07-16 13:36:28] 22道防溜器通信超时
[2025-07-16 13:36:28] 23道第1台停车器通信超时
[2025-07-16 13:36:28] 23道第2台停车器通信超时
[2025-07-16 13:36:28] 23道第3台停车器通信超时
[2025-07-16 13:36:28] 23道防溜器通信超时
[2025-07-16 13:36:28] 24道第1台停车器通信超时
[2025-07-16 13:36:28] 24道第2台停车器通信超时
[2025-07-16 13:36:28] 24道第3台停车器通信超时
[2025-07-16 13:36:28] 24道防溜器通信超时
[2025-07-16 13:37:00] B机进入主用状态
[2025-07-16 13:37:00] B机在线
[2025-07-16 13:39:18] B机进入主用状态
[2025-07-16 13:39:18] B机在线
[2025-07-16 13:39:18] A机进入备用状态
[2025-07-16 13:39:18] A机离线
[2025-07-16 13:39:24] 2道第1台停车器通信超时
[2025-07-16 13:39:24] 2道第2台停车器通信超时
[2025-07-16 13:39:24] 2道第3台停车器通信超时
[2025-07-16 13:39:24] 2道防溜器通信超时
[2025-07-16 13:39:24] 3道第1台停车器通信超时
[2025-07-16 13:39:24] 3道第2台停车器通信超时
[2025-07-16 13:39:24] 3道第3台停车器通信超时
[2025-07-16 13:39:24] 3道防溜器通信超时
[2025-07-16 13:39:24] 4道第1台停车器通信超时
[2025-07-16 13:39:24] 4道第2台停车器通信超时
[2025-07-16 13:39:24] 4道第3台停车器通信超时
[2025-07-16 13:39:24] 4道防溜器通信超时
[2025-07-16 13:39:24] 5道第1台停车器通信超时
[2025-07-16 13:39:24] 5道第2台停车器通信超时
[2025-07-16 13:39:24] 5道第3台停车器通信超时
[2025-07-16 13:39:24] 5道防溜器通信超时
[2025-07-16 13:39:24] 6道第1台停车器通信超时
[2025-07-16 13:39:24] 6道第2台停车器通信超时
[2025-07-16 13:39:24] 6道第3台停车器通信超时
[2025-07-16 13:39:24] 6道防溜器通信超时
[2025-07-16 13:39:24] 7道第1台停车器通信超时
[2025-07-16 13:39:24] 7道第2台停车器通信超时
[2025-07-16 13:39:24] 7道第3台停车器通信超时
[2025-07-16 13:39:24] 7道防溜器通信超时
[2025-07-16 13:39:24] 8道第1台停车器通信超时
[2025-07-16 13:39:24] 8道第2台停车器通信超时
[2025-07-16 13:39:24] 8道第3台停车器通信超时
[2025-07-16 13:39:24] 8道防溜器通信超时
[2025-07-16 13:39:24] 9道第1台停车器通信超时
[2025-07-16 13:39:24] 9道第2台停车器通信超时
[2025-07-16 13:39:24] 9道第3台停车器通信超时
[2025-07-16 13:39:24] 9道防溜器通信超时
[2025-07-16 13:39:24] 10道第1台停车器通信超时
[2025-07-16 13:39:24] 10道第2台停车器通信超时
[2025-07-16 13:39:24] 10道第3台停车器通信超时
[2025-07-16 13:39:24] 10道防溜器通信超时
[2025-07-16 13:39:24] 11道第1台停车器通信超时
[2025-07-16 13:39:24] 11道第2台停车器通信超时
[2025-07-16 13:39:24] 11道第3台停车器通信超时
[2025-07-16 13:39:24] 11道防溜器通信超时
[2025-07-16 13:39:24] 12道第1台停车器通信超时
[2025-07-16 13:39:24] 12道第2台停车器通信超时
[2025-07-16 13:39:24] 12道第3台停车器通信超时
[2025-07-16 13:39:24] 12道防溜器通信超时
[2025-07-16 13:39:24] 13道第1台停车器通信超时
[2025-07-16 13:39:24] 13道第2台停车器通信超时
[2025-07-16 13:39:24] 13道第3台停车器通信超时
[2025-07-16 13:39:24] 13道防溜器通信超时
[2025-07-16 13:39:24] 14道第1台停车器通信超时
[2025-07-16 13:39:24] 14道第2台停车器通信超时
[2025-07-16 13:39:24] 14道第3台停车器通信超时
[2025-07-16 13:39:24] 14道防溜器通信超时
[2025-07-16 13:39:24] 15道第1台停车器通信超时
[2025-07-16 13:39:24] 15道第2台停车器通信超时
[2025-07-16 13:39:24] 15道第3台停车器通信超时
[2025-07-16 13:39:24] 15道防溜器通信超时
[2025-07-16 13:39:24] 16道第1台停车器通信超时
[2025-07-16 13:39:24] 16道第2台停车器通信超时
[2025-07-16 13:39:24] 16道第3台停车器通信超时
[2025-07-16 13:39:24] 16道防溜器通信超时
[2025-07-16 13:39:24] 17道第1台停车器通信超时
[2025-07-16 13:39:24] 17道第2台停车器通信超时
[2025-07-16 13:39:24] 17道第3台停车器通信超时
[2025-07-16 13:39:24] 17道防溜器通信超时
[2025-07-16 13:39:24] 18道第1台停车器通信超时
[2025-07-16 13:39:24] 18道第2台停车器通信超时
[2025-07-16 13:39:24] 18道第3台停车器通信超时
[2025-07-16 13:39:24] 18道防溜器通信超时
[2025-07-16 13:39:24] 19道第1台停车器通信超时
[2025-07-16 13:39:24] 19道第2台停车器通信超时
[2025-07-16 13:39:24] 19道第3台停车器通信超时
[2025-07-16 13:39:24] 19道防溜器通信超时
[2025-07-16 13:39:24] 20道第1台停车器通信超时
[2025-07-16 13:39:24] 20道第2台停车器通信超时
[2025-07-16 13:39:24] 20道第3台停车器通信超时
[2025-07-16 13:39:24] 20道防溜器通信超时
[2025-07-16 13:39:24] 21道第1台停车器通信超时
[2025-07-16 13:39:24] 21道第2台停车器通信超时
[2025-07-16 13:39:24] 21道第3台停车器通信超时
[2025-07-16 13:39:24] 21道防溜器通信超时
[2025-07-16 13:39:24] 22道第1台停车器通信超时
[2025-07-16 13:39:24] 22道第2台停车器通信超时
[2025-07-16 13:39:24] 22道第3台停车器通信超时
[2025-07-16 13:39:24] 22道防溜器通信超时
[2025-07-16 13:39:24] 23道第1台停车器通信超时
[2025-07-16 13:39:24] 23道第2台停车器通信超时
[2025-07-16 13:39:24] 23道第3台停车器通信超时
[2025-07-16 13:39:24] 23道防溜器通信超时
[2025-07-16 13:39:24] 24道第1台停车器通信超时
[2025-07-16 13:39:24] 24道第2台停车器通信超时
[2025-07-16 13:39:24] 24道第3台停车器通信超时
[2025-07-16 13:39:24] 24道防溜器通信超时
[2025-07-16 13:46:35] B机进入主用状态
[2025-07-16 13:46:35] B机在线
[2025-07-16 13:46:35] A机进入备用状态
[2025-07-16 13:46:35] A机离线
[2025-07-16 13:46:41] 2道第1台停车器通信超时
[2025-07-16 13:46:41] 2道第2台停车器通信超时
[2025-07-16 13:46:41] 2道第3台停车器通信超时
[2025-07-16 13:46:41] 2道防溜器通信超时
[2025-07-16 13:46:41] 3道第1台停车器通信超时
[2025-07-16 13:46:41] 3道第2台停车器通信超时
[2025-07-16 13:46:41] 3道第3台停车器通信超时
[2025-07-16 13:46:41] 3道防溜器通信超时
[2025-07-16 13:46:41] 4道第1台停车器通信超时
[2025-07-16 13:46:41] 4道第2台停车器通信超时
[2025-07-16 13:46:41] 4道第3台停车器通信超时
[2025-07-16 13:46:41] 4道防溜器通信超时
[2025-07-16 13:46:41] 5道第1台停车器通信超时
[2025-07-16 13:46:41] 5道第2台停车器通信超时
[2025-07-16 13:46:41] 5道第3台停车器通信超时
[2025-07-16 13:46:41] 5道防溜器通信超时
[2025-07-16 13:46:41] 6道第1台停车器通信超时
[2025-07-16 13:46:41] 6道第2台停车器通信超时
[2025-07-16 13:46:41] 6道第3台停车器通信超时
[2025-07-16 13:46:41] 6道防溜器通信超时
[2025-07-16 13:46:41] 7道第1台停车器通信超时
[2025-07-16 13:46:41] 7道第2台停车器通信超时
[2025-07-16 13:46:41] 7道第3台停车器通信超时
[2025-07-16 13:46:41] 7道防溜器通信超时
[2025-07-16 13:46:41] 8道第1台停车器通信超时
[2025-07-16 13:46:41] 8道第2台停车器通信超时
[2025-07-16 13:46:41] 8道第3台停车器通信超时
[2025-07-16 13:46:41] 8道防溜器通信超时
[2025-07-16 13:46:41] 9道第1台停车器通信超时
[2025-07-16 13:46:41] 9道第2台停车器通信超时
[2025-07-16 13:46:41] 9道第3台停车器通信超时
[2025-07-16 13:46:41] 9道防溜器通信超时
[2025-07-16 13:46:41] 10道第1台停车器通信超时
[2025-07-16 13:46:41] 10道第2台停车器通信超时
[2025-07-16 13:46:41] 10道第3台停车器通信超时
[2025-07-16 13:46:41] 10道防溜器通信超时
[2025-07-16 13:46:41] 11道第1台停车器通信超时
[2025-07-16 13:46:41] 11道第2台停车器通信超时
[2025-07-16 13:46:41] 11道第3台停车器通信超时
[2025-07-16 13:46:41] 11道防溜器通信超时
[2025-07-16 13:46:41] 12道第1台停车器通信超时
[2025-07-16 13:46:41] 12道第2台停车器通信超时
[2025-07-16 13:46:41] 12道第3台停车器通信超时
[2025-07-16 13:46:41] 12道防溜器通信超时
[2025-07-16 13:46:41] 13道第1台停车器通信超时
[2025-07-16 13:46:41] 13道第2台停车器通信超时
[2025-07-16 13:46:41] 13道第3台停车器通信超时
[2025-07-16 13:46:41] 13道防溜器通信超时
[2025-07-16 13:46:41] 14道第1台停车器通信超时
[2025-07-16 13:46:41] 14道第2台停车器通信超时
[2025-07-16 13:46:41] 14道第3台停车器通信超时
[2025-07-16 13:46:41] 14道防溜器通信超时
[2025-07-16 13:46:41] 15道第1台停车器通信超时
[2025-07-16 13:46:41] 15道第2台停车器通信超时
[2025-07-16 13:46:41] 15道第3台停车器通信超时
[2025-07-16 13:46:41] 15道防溜器通信超时
[2025-07-16 13:46:41] 16道第1台停车器通信超时
[2025-07-16 13:46:41] 16道第2台停车器通信超时
[2025-07-16 13:46:41] 16道第3台停车器通信超时
[2025-07-16 13:46:41] 16道防溜器通信超时
[2025-07-16 13:46:41] 17道第1台停车器通信超时
[2025-07-16 13:46:41] 17道第2台停车器通信超时
[2025-07-16 13:46:41] 17道第3台停车器通信超时
[2025-07-16 13:46:41] 17道防溜器通信超时
[2025-07-16 13:46:41] 18道第1台停车器通信超时
[2025-07-16 13:46:41] 18道第2台停车器通信超时
[2025-07-16 13:46:41] 18道第3台停车器通信超时
[2025-07-16 13:46:41] 18道防溜器通信超时
[2025-07-16 13:46:41] 19道第1台停车器通信超时
[2025-07-16 13:46:41] 19道第2台停车器通信超时
[2025-07-16 13:46:41] 19道第3台停车器通信超时
[2025-07-16 13:46:41] 19道防溜器通信超时
[2025-07-16 13:46:41] 20道第1台停车器通信超时
[2025-07-16 13:46:41] 20道第2台停车器通信超时
[2025-07-16 13:46:41] 20道第3台停车器通信超时
[2025-07-16 13:46:41] 20道防溜器通信超时
[2025-07-16 13:46:41] 21道第1台停车器通信超时
[2025-07-16 13:46:41] 21道第2台停车器通信超时
[2025-07-16 13:46:41] 21道第3台停车器通信超时
[2025-07-16 13:46:41] 21道防溜器通信超时
[2025-07-16 13:46:41] 22道第1台停车器通信超时
[2025-07-16 13:46:41] 22道第2台停车器通信超时
[2025-07-16 13:46:41] 22道第3台停车器通信超时
[2025-07-16 13:46:41] 22道防溜器通信超时
[2025-07-16 13:46:41] 23道第1台停车器通信超时
[2025-07-16 13:46:41] 23道第2台停车器通信超时
[2025-07-16 13:46:41] 23道第3台停车器通信超时
[2025-07-16 13:46:41] 23道防溜器通信超时
[2025-07-16 13:46:41] 24道第1台停车器通信超时
[2025-07-16 13:46:41] 24道第2台停车器通信超时
[2025-07-16 13:46:41] 24道第3台停车器通信超时
[2025-07-16 13:46:41] 24道防溜器通信超时
[2025-07-16 13:47:02] 用户取消了场控模式切换
[2025-07-16 13:47:10] 用户取消了集控模式切换
