[2025-07-31 16:46:43] B机进入主用状态
[2025-07-31 16:46:43] B机在线
[2025-07-31 16:46:43] A机进入备用状态
[2025-07-31 16:46:43] A机离线
[2025-07-31 16:46:43] A机进入主用状态
[2025-07-31 16:46:43] A机在线
[2025-07-31 16:46:55] B机进入主用状态
[2025-07-31 16:46:55] A机进入备用状态
[2025-07-31 16:46:55] A机离线
[2025-07-31 16:46:55] 当前SAM主用机：85, 控制模式：85
[2025-07-31 16:46:55] 2道第1台停车器通信超时
[2025-07-31 16:46:55] 2道第2台停车器通信超时
[2025-07-31 16:46:55] 2道第3台停车器通信超时
[2025-07-31 16:46:55] 2道防溜器通信超时
[2025-07-31 16:46:55] 3道第1台停车器通信超时
[2025-07-31 16:46:55] 3道第2台停车器通信超时
[2025-07-31 16:46:55] 3道第3台停车器通信超时
[2025-07-31 16:46:55] 3道防溜器通信超时
[2025-07-31 16:46:55] 4道第1台停车器通信超时
[2025-07-31 16:46:55] 4道第2台停车器通信超时
[2025-07-31 16:46:55] 4道第3台停车器通信超时
[2025-07-31 16:46:55] 4道防溜器通信超时
[2025-07-31 16:46:55] 5道第1台停车器通信超时
[2025-07-31 16:46:55] 5道第2台停车器通信超时
[2025-07-31 16:46:55] 5道第3台停车器通信超时
[2025-07-31 16:46:55] 5道防溜器通信超时
[2025-07-31 16:46:55] 6道第1台停车器通信超时
[2025-07-31 16:46:55] 6道第2台停车器通信超时
[2025-07-31 16:46:55] 6道第3台停车器通信超时
[2025-07-31 16:46:55] 6道防溜器通信超时
[2025-07-31 16:46:55] 7道第1台停车器通信超时
[2025-07-31 16:46:55] 7道第2台停车器通信超时
[2025-07-31 16:46:55] 7道第3台停车器通信超时
[2025-07-31 16:46:55] 7道防溜器通信超时
[2025-07-31 16:46:55] 8道第1台停车器通信超时
[2025-07-31 16:46:55] 8道第2台停车器通信超时
[2025-07-31 16:46:55] 8道第3台停车器通信超时
[2025-07-31 16:46:55] 8道防溜器通信超时
[2025-07-31 16:46:55] 9道第1台停车器通信超时
[2025-07-31 16:46:55] 9道第2台停车器通信超时
[2025-07-31 16:46:55] 9道第3台停车器通信超时
[2025-07-31 16:46:55] 9道防溜器通信超时
[2025-07-31 16:46:55] 10道第1台停车器通信超时
[2025-07-31 16:46:55] 10道第2台停车器通信超时
[2025-07-31 16:46:55] 10道第3台停车器通信超时
[2025-07-31 16:46:55] 10道防溜器通信超时
[2025-07-31 16:46:55] 11道第1台停车器通信超时
[2025-07-31 16:46:55] 11道第2台停车器通信超时
[2025-07-31 16:46:55] 11道第3台停车器通信超时
[2025-07-31 16:46:55] 11道防溜器通信超时
[2025-07-31 16:46:55] 12道第1台停车器通信超时
[2025-07-31 16:46:55] 12道第2台停车器通信超时
[2025-07-31 16:46:55] 12道第3台停车器通信超时
[2025-07-31 16:46:55] 12道防溜器通信超时
[2025-07-31 16:46:55] 14道第1台停车器通信超时
[2025-07-31 16:46:55] 14道第2台停车器通信超时
[2025-07-31 16:46:55] 14道第3台停车器通信超时
[2025-07-31 16:46:55] 14道防溜器通信超时
[2025-07-31 16:46:55] 15道第1台停车器通信超时
[2025-07-31 16:46:55] 15道第2台停车器通信超时
[2025-07-31 16:46:55] 15道第3台停车器通信超时
[2025-07-31 16:46:55] 15道防溜器通信超时
[2025-07-31 16:46:55] 16道第1台停车器通信超时
[2025-07-31 16:46:55] 16道第2台停车器通信超时
[2025-07-31 16:46:55] 16道第3台停车器通信超时
[2025-07-31 16:46:55] 16道防溜器通信超时
[2025-07-31 16:46:55] 17道第1台停车器通信超时
[2025-07-31 16:46:55] 17道第2台停车器通信超时
[2025-07-31 16:46:55] 17道第3台停车器通信超时
[2025-07-31 16:46:55] 17道防溜器通信超时
[2025-07-31 16:46:55] 18道第1台停车器通信超时
[2025-07-31 16:46:55] 18道第2台停车器通信超时
[2025-07-31 16:46:55] 18道第3台停车器通信超时
[2025-07-31 16:46:55] 18道防溜器通信超时
[2025-07-31 16:46:55] 19道第1台停车器通信超时
[2025-07-31 16:46:55] 19道第2台停车器通信超时
[2025-07-31 16:46:55] 19道第3台停车器通信超时
[2025-07-31 16:46:55] 19道防溜器通信超时
[2025-07-31 16:46:55] 20道第1台停车器通信超时
[2025-07-31 16:46:55] 20道第2台停车器通信超时
[2025-07-31 16:46:55] 20道第3台停车器通信超时
[2025-07-31 16:46:55] 20道防溜器通信超时
[2025-07-31 16:46:55] 21道第1台停车器通信超时
[2025-07-31 16:46:55] 21道第2台停车器通信超时
[2025-07-31 16:46:55] 21道第3台停车器通信超时
[2025-07-31 16:46:55] 21道防溜器通信超时
[2025-07-31 16:46:55] 22道第1台停车器通信超时
[2025-07-31 16:46:55] 22道第2台停车器通信超时
[2025-07-31 16:46:55] 22道第3台停车器通信超时
[2025-07-31 16:46:55] 22道防溜器通信超时
[2025-07-31 16:46:55] 23道第1台停车器通信超时
[2025-07-31 16:46:55] 23道第2台停车器通信超时
[2025-07-31 16:46:55] 23道第3台停车器通信超时
[2025-07-31 16:46:55] 23道防溜器通信超时
[2025-07-31 16:46:55] 24道第1台停车器通信超时
[2025-07-31 16:46:55] 24道第2台停车器通信超时
[2025-07-31 16:46:55] 24道第3台停车器通信超时
[2025-07-31 16:46:55] 24道防溜器通信超时
[2025-07-31 16:46:56] 当前SAM主用机：85, 控制模式：85
[2025-07-31 16:46:57] 当前SAM主用机：85, 控制模式：85
[2025-07-31 16:46:58] 当前SAM主用机：85, 控制模式：85
[2025-07-31 16:46:59] 当前SAM主用机：85, 控制模式：85
[2025-07-31 16:47:00] 当前SAM主用机：85, 控制模式：85
[2025-07-31 16:47:01] 当前SAM主用机：85, 控制模式：85
[2025-07-31 16:47:02] 当前SAM主用机：85, 控制模式：85
[2025-07-31 16:47:03] 当前SAM主用机：85, 控制模式：85
[2025-07-31 16:47:04] 当前SAM主用机：85, 控制模式：85
[2025-07-31 16:47:05] 当前SAM主用机：85, 控制模式：85
[2025-07-31 16:47:06] 当前SAM主用机：85, 控制模式：85
[2025-07-31 16:47:07] SAM控制（13道）停车器 缓解
[2025-07-31 16:47:07] 将重发13道第1台停车器缓解指令，第1轮
[2025-07-31 16:47:07] 将重发13道第2台停车器缓解指令，第1轮
[2025-07-31 16:47:07] 将重发13道第3台停车器缓解指令，第1轮
[2025-07-31 16:47:07] 当前SAM主用机：85, 控制模式：85
[2025-07-31 16:47:08] 当前SAM主用机：85, 控制模式：85
[2025-07-31 16:47:09] 当前SAM主用机：85, 控制模式：85
[2025-07-31 16:47:10] 将重发13道第1台停车器缓解指令，第2轮
[2025-07-31 16:47:10] 将重发13道第2台停车器缓解指令，第2轮
[2025-07-31 16:47:10] 将重发13道第3台停车器缓解指令，第2轮
[2025-07-31 16:47:10] 当前SAM主用机：85, 控制模式：85
[2025-07-31 16:47:10] 13道第3台停车器缓解到位
[2025-07-31 16:47:10] 13道第2台停车器缓解到位
[2025-07-31 16:47:10] 13道第1台停车器缓解到位
[2025-07-31 16:47:11] 当前SAM主用机：85, 控制模式：85
[2025-07-31 16:47:12] 当前SAM主用机：85, 控制模式：85
[2025-07-31 16:47:13] 当前SAM主用机：85, 控制模式：85
[2025-07-31 16:47:14] 当前SAM主用机：85, 控制模式：85
[2025-07-31 16:47:15] 当前SAM主用机：85, 控制模式：85
[2025-07-31 16:47:16] 当前SAM主用机：85, 控制模式：85
[2025-07-31 16:47:17] 用户取消了集控模式切换
[2025-07-31 16:47:17] 当前SAM主用机：85, 控制模式：85
[2025-07-31 16:47:18] 当前SAM主用机：85, 控制模式：85
[2025-07-31 16:47:19] 当前SAM主用机：85, 控制模式：85
[2025-07-31 16:47:20] 用户确认切换为场控模式
[2025-07-31 16:47:20] 当前SAM主用机：85, 控制模式：170
[2025-07-31 16:47:21] 当前SAM主用机：85, 控制模式：170
[2025-07-31 16:47:22] 当前SAM主用机：85, 控制模式：170
[2025-07-31 16:47:23] 当前SAM主用机：85, 控制模式：170
[2025-07-31 16:47:24] 当前SAM主用机：85, 控制模式：170
[2025-07-31 16:47:25] 当前SAM主用机：85, 控制模式：170
[2025-07-31 16:47:26] 当前SAM主用机：85, 控制模式：170
[2025-07-31 16:47:27] 当前SAM主用机：85, 控制模式：170
[2025-07-31 16:47:28] 当前SAM主用机：85, 控制模式：170
[2025-07-31 16:47:28] 上位机发送制动指令到13道第1台停车器
[2025-07-31 16:47:28] 上位机发送制动指令到13道第2台停车器
[2025-07-31 16:47:28] 上位机发送制动指令到13道第3台停车器
[2025-07-31 16:47:28] 上位机发送制动指令到13道防溜器
[2025-07-31 16:47:29] 当前SAM主用机：85, 控制模式：170
[2025-07-31 16:47:30] 当前SAM主用机：85, 控制模式：170
[2025-07-31 16:47:31] 将重发13道第1台停车器制动指令，第1轮
[2025-07-31 16:47:31] 将重发13道第2台停车器制动指令，第1轮
[2025-07-31 16:47:31] 将重发13道第3台停车器制动指令，第1轮
[2025-07-31 16:47:31] 当前SAM主用机：85, 控制模式：170
[2025-07-31 16:47:31] 13道第3台停车器制动到位
[2025-07-31 16:47:31] 13道第2台停车器制动到位
[2025-07-31 16:47:32] 当前SAM主用机：85, 控制模式：170
[2025-07-31 16:47:32] 13道第1台停车器制动到位
[2025-07-31 16:47:33] 当前SAM主用机：85, 控制模式：170
[2025-07-31 16:47:34] 当前SAM主用机：85, 控制模式：170
[2025-07-31 16:47:35] 当前SAM主用机：85, 控制模式：170
[2025-07-31 16:47:36] 当前SAM主用机：85, 控制模式：170
[2025-07-31 16:47:37] 当前SAM主用机：85, 控制模式：170
[2025-07-31 16:47:38] 当前SAM主用机：85, 控制模式：170
[2025-07-31 16:47:39] 当前SAM主用机：85, 控制模式：170
[2025-07-31 16:47:40] 当前SAM主用机：85, 控制模式：170
[2025-07-31 16:47:41] 当前SAM主用机：85, 控制模式：170
[2025-07-31 16:52:48] B机进入主用状态
[2025-07-31 16:52:48] B机在线
[2025-07-31 16:52:48] A机进入备用状态
[2025-07-31 16:52:48] A机离线
[2025-07-31 16:52:48] A机进入主用状态
[2025-07-31 16:52:48] A机在线
[2025-07-31 16:52:48] 13道第3台停车器进入运行模式
[2025-07-31 16:52:48] 13道第3台停车器制动到位
[2025-07-31 16:52:48] 13道第2台停车器进入运行模式
[2025-07-31 16:52:48] 13道第2台停车器制动到位
[2025-07-31 16:52:48] 13道第1台停车器进入运行模式
[2025-07-31 16:52:48] 13道第1台停车器制动到位
[2025-07-31 16:52:48] 13道防溜器进入运行模式
[2025-07-31 16:52:48] 13道防溜器制动到位（远程）
[2025-07-31 16:58:40] B机进入主用状态
[2025-07-31 16:58:40] A机进入备用状态
[2025-07-31 16:58:40] A机离线
[2025-07-31 16:58:47] SAM控制（13道）停车器 缓解
[2025-07-31 16:58:49] 将重发13道第1台停车器缓解指令，第1轮
[2025-07-31 16:58:49] 将重发13道第2台停车器缓解指令，第1轮
[2025-07-31 16:58:49] 将重发13道第3台停车器缓解指令，第1轮
[2025-07-31 16:58:50] 13道第1台停车器缓解到位
[2025-07-31 16:58:51] 13道第3台停车器缓解到位
[2025-07-31 16:58:51] 13道第2台停车器缓解到位
[2025-07-31 16:59:03] SAM控制（13道）停车器和防溜器 制动
[2025-07-31 16:59:04] 将重发13道第1台停车器制动指令，第1轮
[2025-07-31 16:59:04] 将重发13道第2台停车器制动指令，第1轮
[2025-07-31 16:59:04] 将重发13道第3台停车器制动指令，第1轮
[2025-07-31 16:59:06] 13道第1台停车器制动到位
[2025-07-31 16:59:07] 将重发13道第2台停车器制动指令，第2轮
[2025-07-31 16:59:07] 将重发13道第3台停车器制动指令，第2轮
[2025-07-31 16:59:07] 13道第3台停车器制动到位
[2025-07-31 16:59:07] 13道第2台停车器制动到位
[2025-07-31 16:59:11] SAM控制（13道）停车器和防溜器 缓解
[2025-07-31 16:59:13] 将重发13道第1台停车器缓解指令，第1轮
[2025-07-31 16:59:13] 将重发13道第2台停车器缓解指令，第1轮
[2025-07-31 16:59:13] 将重发13道第3台停车器缓解指令，第1轮
[2025-07-31 16:59:13] 将重发13道防溜器缓解指令，第1轮
[2025-07-31 16:59:13] 13道防溜器缓解中（远程）
[2025-07-31 16:59:14] 13道第3台停车器缓解到位
[2025-07-31 16:59:14] 13道第2台停车器缓解到位
[2025-07-31 16:59:14] 13道第1台停车器缓解到位
[2025-07-31 16:59:15] 13道防溜器缓解到位（远程）
[2025-07-31 17:00:11] 用户取消了集控模式切换
[2025-07-31 17:00:13] 用户确认切换为场控模式
[2025-07-31 17:00:18] 上位机发送制动指令到13道第3台停车器
[2025-07-31 17:00:18] 上位机发送制动指令到13道防溜器
[2025-07-31 17:00:18] 上位机发送制动指令到13道第1台停车器
[2025-07-31 17:00:18] 上位机发送制动指令到13道第2台停车器
[2025-07-31 17:00:19] 将重发13道第1台停车器制动指令，第1轮
[2025-07-31 17:00:19] 将重发13道第2台停车器制动指令，第1轮
[2025-07-31 17:00:19] 将重发13道第3台停车器制动指令，第1轮
[2025-07-31 17:00:19] 将重发13道防溜器制动指令，第1轮
[2025-07-31 17:00:19] 13道防溜器制动中（远程）
[2025-07-31 17:00:21] 13道第3台停车器制动到位
[2025-07-31 17:00:21] 13道第2台停车器制动到位
[2025-07-31 17:00:21] 13道第1台停车器制动到位
[2025-07-31 17:00:21] 13道防溜器制动到位（远程）
[2025-07-31 17:00:33] A机进入主用状态
[2025-07-31 17:00:33] A机在线
[2025-07-31 17:08:43] B机进入主用状态
[2025-07-31 17:08:43] A机进入备用状态
[2025-07-31 17:08:43] A机离线
