[2025-07-19 14:40:23] A机进入主用状态
[2025-07-19 14:40:23] A机在线
[2025-07-19 14:40:23] B机进入备用状态
[2025-07-19 14:40:23] B机离线
[2025-07-19 14:40:28] 2道第1台停车器通信超时
[2025-07-19 14:40:28] 2道第2台停车器通信超时
[2025-07-19 14:40:28] 2道第3台停车器通信超时
[2025-07-19 14:40:28] 2道防溜器通信超时
[2025-07-19 14:40:28] 3道第1台停车器通信超时
[2025-07-19 14:40:28] 3道第2台停车器通信超时
[2025-07-19 14:40:28] 3道第3台停车器通信超时
[2025-07-19 14:40:28] 3道防溜器通信超时
[2025-07-19 14:40:28] 4道第1台停车器通信超时
[2025-07-19 14:40:28] 4道第2台停车器通信超时
[2025-07-19 14:40:28] 4道第3台停车器通信超时
[2025-07-19 14:40:28] 4道防溜器通信超时
[2025-07-19 14:40:28] 5道第1台停车器通信超时
[2025-07-19 14:40:28] 5道第2台停车器通信超时
[2025-07-19 14:40:28] 5道第3台停车器通信超时
[2025-07-19 14:40:28] 5道防溜器通信超时
[2025-07-19 14:40:28] 6道第1台停车器通信超时
[2025-07-19 14:40:28] 6道第2台停车器通信超时
[2025-07-19 14:40:28] 6道第3台停车器通信超时
[2025-07-19 14:40:28] 6道防溜器通信超时
[2025-07-19 14:40:28] 7道第1台停车器通信超时
[2025-07-19 14:40:28] 7道第2台停车器通信超时
[2025-07-19 14:40:28] 7道第3台停车器通信超时
[2025-07-19 14:40:28] 7道防溜器通信超时
[2025-07-19 14:40:28] 8道第1台停车器通信超时
[2025-07-19 14:40:28] 8道第2台停车器通信超时
[2025-07-19 14:40:28] 8道第3台停车器通信超时
[2025-07-19 14:40:28] 8道防溜器通信超时
[2025-07-19 14:40:28] 9道第1台停车器通信超时
[2025-07-19 14:40:28] 9道第2台停车器通信超时
[2025-07-19 14:40:28] 9道第3台停车器通信超时
[2025-07-19 14:40:28] 9道防溜器通信超时
[2025-07-19 14:40:28] 10道第1台停车器通信超时
[2025-07-19 14:40:28] 10道第2台停车器通信超时
[2025-07-19 14:40:28] 10道第3台停车器通信超时
[2025-07-19 14:40:28] 10道防溜器通信超时
[2025-07-19 14:40:28] 11道第1台停车器通信超时
[2025-07-19 14:40:28] 11道第2台停车器通信超时
[2025-07-19 14:40:28] 11道第3台停车器通信超时
[2025-07-19 14:40:28] 11道防溜器通信超时
[2025-07-19 14:40:28] 12道第1台停车器通信超时
[2025-07-19 14:40:28] 12道第2台停车器通信超时
[2025-07-19 14:40:28] 12道第3台停车器通信超时
[2025-07-19 14:40:28] 12道防溜器通信超时
[2025-07-19 14:40:28] 13道第1台停车器通信超时
[2025-07-19 14:40:28] 13道第2台停车器通信超时
[2025-07-19 14:40:28] 13道第3台停车器通信超时
[2025-07-19 14:40:28] 13道防溜器通信超时
[2025-07-19 14:40:28] 14道第1台停车器通信超时
[2025-07-19 14:40:28] 14道第2台停车器通信超时
[2025-07-19 14:40:28] 14道第3台停车器通信超时
[2025-07-19 14:40:28] 14道防溜器通信超时
[2025-07-19 14:40:28] 15道第1台停车器通信超时
[2025-07-19 14:40:28] 15道第2台停车器通信超时
[2025-07-19 14:40:28] 15道第3台停车器通信超时
[2025-07-19 14:40:28] 15道防溜器通信超时
[2025-07-19 14:40:28] 16道第1台停车器通信超时
[2025-07-19 14:40:28] 16道第2台停车器通信超时
[2025-07-19 14:40:28] 16道第3台停车器通信超时
[2025-07-19 14:40:28] 16道防溜器通信超时
[2025-07-19 14:40:28] 17道第1台停车器通信超时
[2025-07-19 14:40:28] 17道第2台停车器通信超时
[2025-07-19 14:40:28] 17道第3台停车器通信超时
[2025-07-19 14:40:28] 17道防溜器通信超时
[2025-07-19 14:40:28] 18道第1台停车器通信超时
[2025-07-19 14:40:28] 18道第2台停车器通信超时
[2025-07-19 14:40:28] 18道第3台停车器通信超时
[2025-07-19 14:40:28] 18道防溜器通信超时
[2025-07-19 14:40:28] 19道第1台停车器通信超时
[2025-07-19 14:40:28] 19道第2台停车器通信超时
[2025-07-19 14:40:28] 19道第3台停车器通信超时
[2025-07-19 14:40:28] 19道防溜器通信超时
[2025-07-19 14:40:28] 20道第1台停车器通信超时
[2025-07-19 14:40:28] 20道第2台停车器通信超时
[2025-07-19 14:40:28] 20道第3台停车器通信超时
[2025-07-19 14:40:28] 20道防溜器通信超时
[2025-07-19 14:40:28] 21道第1台停车器通信超时
[2025-07-19 14:40:28] 21道第2台停车器通信超时
[2025-07-19 14:40:28] 21道第3台停车器通信超时
[2025-07-19 14:40:28] 21道防溜器通信超时
[2025-07-19 14:40:28] 22道第1台停车器通信超时
[2025-07-19 14:40:28] 22道第2台停车器通信超时
[2025-07-19 14:40:28] 22道第3台停车器通信超时
[2025-07-19 14:40:28] 22道防溜器通信超时
[2025-07-19 14:40:28] 23道第1台停车器通信超时
[2025-07-19 14:40:28] 23道第2台停车器通信超时
[2025-07-19 14:40:28] 23道第3台停车器通信超时
[2025-07-19 14:40:28] 23道防溜器通信超时
[2025-07-19 14:40:28] 24道第1台停车器通信超时
[2025-07-19 14:40:28] 24道第2台停车器通信超时
[2025-07-19 14:40:28] 24道第3台停车器通信超时
[2025-07-19 14:40:28] 24道防溜器通信超时
[2025-07-19 14:55:26] A机进入主用状态
[2025-07-19 14:55:26] A机在线
[2025-07-19 14:55:26] B机进入备用状态
[2025-07-19 14:55:26] B机离线
[2025-07-19 14:55:28] 所有故障设备已复位为初始状态
[2025-07-19 14:55:28] 所有故障设备已复位为初始状态
[2025-07-19 14:55:29] 所有故障设备已复位为初始状态
[2025-07-19 14:55:29] 所有故障设备已复位为初始状态
[2025-07-19 14:55:29] 所有故障设备已复位为初始状态
[2025-07-19 14:55:30] 所有故障设备已复位为初始状态
[2025-07-19 14:55:30] 所有故障设备已复位为初始状态
[2025-07-19 15:00:04] A机进入主用状态
[2025-07-19 15:00:04] A机在线
[2025-07-19 15:00:04] B机进入备用状态
[2025-07-19 15:00:04] B机离线
