[2025-06-23 09:46:25] A机进入主用状态
[2025-06-23 09:46:25] A机在线
[2025-06-23 09:46:25] B机进入备用状态
[2025-06-23 09:46:25] B机离线
[2025-06-23 09:46:30] 2道第1台停车器通信超时
[2025-06-23 09:46:30] 2道第2台停车器通信超时
[2025-06-23 09:46:30] 2道第3台停车器通信超时
[2025-06-23 09:46:30] 2道防溜器通信超时
[2025-06-23 09:46:30] 3道第1台停车器通信超时
[2025-06-23 09:46:30] 3道第2台停车器通信超时
[2025-06-23 09:46:30] 3道第3台停车器通信超时
[2025-06-23 09:46:30] 3道防溜器通信超时
[2025-06-23 09:46:30] 4道第1台停车器通信超时
[2025-06-23 09:46:30] 4道第2台停车器通信超时
[2025-06-23 09:46:30] 4道第3台停车器通信超时
[2025-06-23 09:46:30] 4道防溜器通信超时
[2025-06-23 09:46:30] 5道第1台停车器通信超时
[2025-06-23 09:46:30] 5道第2台停车器通信超时
[2025-06-23 09:46:30] 5道第3台停车器通信超时
[2025-06-23 09:46:30] 5道防溜器通信超时
[2025-06-23 09:46:30] 6道第1台停车器通信超时
[2025-06-23 09:46:30] 6道第2台停车器通信超时
[2025-06-23 09:46:30] 6道第3台停车器通信超时
[2025-06-23 09:46:30] 6道防溜器通信超时
[2025-06-23 09:46:30] 7道第1台停车器通信超时
[2025-06-23 09:46:30] 7道第2台停车器通信超时
[2025-06-23 09:46:30] 7道第3台停车器通信超时
[2025-06-23 09:46:30] 7道防溜器通信超时
[2025-06-23 09:46:30] 8道第1台停车器通信超时
[2025-06-23 09:46:30] 8道第2台停车器通信超时
[2025-06-23 09:46:30] 8道第3台停车器通信超时
[2025-06-23 09:46:30] 8道防溜器通信超时
[2025-06-23 09:46:30] 9道第1台停车器通信超时
[2025-06-23 09:46:30] 9道第2台停车器通信超时
[2025-06-23 09:46:30] 9道第3台停车器通信超时
[2025-06-23 09:46:30] 9道防溜器通信超时
[2025-06-23 09:46:30] 10道第1台停车器通信超时
[2025-06-23 09:46:30] 10道第2台停车器通信超时
[2025-06-23 09:46:30] 10道第3台停车器通信超时
[2025-06-23 09:46:30] 10道防溜器通信超时
[2025-06-23 09:46:30] 11道第1台停车器通信超时
[2025-06-23 09:46:30] 11道第2台停车器通信超时
[2025-06-23 09:46:30] 11道第3台停车器通信超时
[2025-06-23 09:46:30] 11道防溜器通信超时
[2025-06-23 09:46:30] 12道第1台停车器通信超时
[2025-06-23 09:46:30] 12道第2台停车器通信超时
[2025-06-23 09:46:30] 12道第3台停车器通信超时
[2025-06-23 09:46:30] 12道防溜器通信超时
[2025-06-23 09:46:30] 13道第1台停车器通信超时
[2025-06-23 09:46:31] 13道第2台停车器通信超时
[2025-06-23 09:46:31] 13道第3台停车器通信超时
[2025-06-23 09:46:31] 13道防溜器通信超时
[2025-06-23 09:46:31] 14道第1台停车器通信超时
[2025-06-23 09:46:31] 14道第2台停车器通信超时
[2025-06-23 09:46:31] 14道第3台停车器通信超时
[2025-06-23 09:46:31] 14道防溜器通信超时
[2025-06-23 09:46:31] 15道第1台停车器通信超时
[2025-06-23 09:46:31] 15道第2台停车器通信超时
[2025-06-23 09:46:31] 15道第3台停车器通信超时
[2025-06-23 09:46:31] 15道防溜器通信超时
[2025-06-23 09:46:31] 16道第1台停车器通信超时
[2025-06-23 09:46:31] 16道第2台停车器通信超时
[2025-06-23 09:46:31] 16道第3台停车器通信超时
[2025-06-23 09:46:31] 16道防溜器通信超时
[2025-06-23 09:46:31] 17道第1台停车器通信超时
[2025-06-23 09:46:31] 17道第2台停车器通信超时
[2025-06-23 09:46:31] 17道第3台停车器通信超时
[2025-06-23 09:46:31] 17道防溜器通信超时
[2025-06-23 09:46:31] 18道第1台停车器通信超时
[2025-06-23 09:46:31] 18道第2台停车器通信超时
[2025-06-23 09:46:31] 18道第3台停车器通信超时
[2025-06-23 09:46:31] 18道防溜器通信超时
[2025-06-23 09:46:31] 19道第1台停车器通信超时
[2025-06-23 09:46:31] 19道第2台停车器通信超时
[2025-06-23 09:46:31] 19道第3台停车器通信超时
[2025-06-23 09:46:31] 19道防溜器通信超时
[2025-06-23 09:46:31] 20道第1台停车器通信超时
[2025-06-23 09:46:31] 20道第2台停车器通信超时
[2025-06-23 09:46:31] 20道第3台停车器通信超时
[2025-06-23 09:46:31] 20道防溜器通信超时
[2025-06-23 09:46:31] 21道第1台停车器通信超时
[2025-06-23 09:46:31] 21道第2台停车器通信超时
[2025-06-23 09:46:31] 21道第3台停车器通信超时
[2025-06-23 09:46:31] 21道防溜器通信超时
[2025-06-23 09:46:31] 22道第1台停车器通信超时
[2025-06-23 09:46:31] 22道第2台停车器通信超时
[2025-06-23 09:46:31] 22道第3台停车器通信超时
[2025-06-23 09:46:31] 22道防溜器通信超时
[2025-06-23 09:46:31] 23道第1台停车器通信超时
[2025-06-23 09:46:31] 23道第2台停车器通信超时
[2025-06-23 09:46:31] 23道第3台停车器通信超时
[2025-06-23 09:46:31] 23道防溜器通信超时
[2025-06-23 09:46:31] 24道第1台停车器通信超时
[2025-06-23 09:46:31] 24道第2台停车器通信超时
[2025-06-23 09:46:31] 24道第3台停车器通信超时
[2025-06-23 09:46:31] 24道防溜器通信超时
[2025-06-23 09:48:59] A机进入主用状态
[2025-06-23 09:48:59] A机在线
[2025-06-23 09:48:59] B机进入备用状态
[2025-06-23 09:48:59] B机离线
[2025-06-23 09:49:04] 2道第1台停车器通信超时
[2025-06-23 09:49:04] 2道第2台停车器通信超时
[2025-06-23 09:49:04] 2道第3台停车器通信超时
[2025-06-23 09:49:04] 2道防溜器通信超时
[2025-06-23 09:49:04] 3道第1台停车器通信超时
[2025-06-23 09:49:04] 3道第2台停车器通信超时
[2025-06-23 09:49:04] 3道第3台停车器通信超时
[2025-06-23 09:49:04] 3道防溜器通信超时
[2025-06-23 09:49:04] 4道第1台停车器通信超时
[2025-06-23 09:49:04] 4道第2台停车器通信超时
[2025-06-23 09:49:04] 4道第3台停车器通信超时
[2025-06-23 09:49:04] 4道防溜器通信超时
[2025-06-23 09:49:04] 5道第1台停车器通信超时
[2025-06-23 09:49:04] 5道第2台停车器通信超时
[2025-06-23 09:49:04] 5道第3台停车器通信超时
[2025-06-23 09:49:04] 5道防溜器通信超时
[2025-06-23 09:49:04] 6道第1台停车器通信超时
[2025-06-23 09:49:04] 6道第2台停车器通信超时
[2025-06-23 09:49:04] 6道第3台停车器通信超时
[2025-06-23 09:49:04] 6道防溜器通信超时
[2025-06-23 09:49:04] 7道第1台停车器通信超时
[2025-06-23 09:49:04] 7道第2台停车器通信超时
[2025-06-23 09:49:04] 7道第3台停车器通信超时
[2025-06-23 09:49:04] 7道防溜器通信超时
[2025-06-23 09:49:04] 8道第1台停车器通信超时
[2025-06-23 09:49:04] 8道第2台停车器通信超时
[2025-06-23 09:49:04] 8道第3台停车器通信超时
[2025-06-23 09:49:04] 8道防溜器通信超时
[2025-06-23 09:49:04] 9道第1台停车器通信超时
[2025-06-23 09:49:04] 9道第2台停车器通信超时
[2025-06-23 09:49:04] 9道第3台停车器通信超时
[2025-06-23 09:49:04] 9道防溜器通信超时
[2025-06-23 09:49:04] 10道第1台停车器通信超时
[2025-06-23 09:49:04] 10道第2台停车器通信超时
[2025-06-23 09:49:04] 10道第3台停车器通信超时
[2025-06-23 09:49:04] 10道防溜器通信超时
[2025-06-23 09:49:04] 11道第1台停车器通信超时
[2025-06-23 09:49:04] 11道第2台停车器通信超时
[2025-06-23 09:49:04] 11道第3台停车器通信超时
[2025-06-23 09:49:04] 11道防溜器通信超时
[2025-06-23 09:49:04] 12道第1台停车器通信超时
[2025-06-23 09:49:04] 12道第2台停车器通信超时
[2025-06-23 09:49:04] 12道第3台停车器通信超时
[2025-06-23 09:49:04] 12道防溜器通信超时
[2025-06-23 09:49:04] 13道第1台停车器通信超时
[2025-06-23 09:49:04] 13道第2台停车器通信超时
[2025-06-23 09:49:04] 13道第3台停车器通信超时
[2025-06-23 09:49:04] 13道防溜器通信超时
[2025-06-23 09:49:04] 14道第1台停车器通信超时
[2025-06-23 09:49:04] 14道第2台停车器通信超时
[2025-06-23 09:49:04] 14道第3台停车器通信超时
[2025-06-23 09:49:04] 14道防溜器通信超时
[2025-06-23 09:49:04] 15道第1台停车器通信超时
[2025-06-23 09:49:04] 15道第2台停车器通信超时
[2025-06-23 09:49:04] 15道第3台停车器通信超时
[2025-06-23 09:49:04] 15道防溜器通信超时
[2025-06-23 09:49:04] 16道第1台停车器通信超时
[2025-06-23 09:49:04] 16道第2台停车器通信超时
[2025-06-23 09:49:04] 16道第3台停车器通信超时
[2025-06-23 09:49:04] 16道防溜器通信超时
[2025-06-23 09:49:04] 17道第1台停车器通信超时
[2025-06-23 09:49:04] 17道第2台停车器通信超时
[2025-06-23 09:49:04] 17道第3台停车器通信超时
[2025-06-23 09:49:04] 17道防溜器通信超时
[2025-06-23 09:49:04] 18道第1台停车器通信超时
[2025-06-23 09:49:04] 18道第2台停车器通信超时
[2025-06-23 09:49:04] 18道第3台停车器通信超时
[2025-06-23 09:49:04] 18道防溜器通信超时
[2025-06-23 09:49:04] 19道第1台停车器通信超时
[2025-06-23 09:49:04] 19道第2台停车器通信超时
[2025-06-23 09:49:04] 19道第3台停车器通信超时
[2025-06-23 09:49:04] 19道防溜器通信超时
[2025-06-23 09:49:04] 20道第1台停车器通信超时
[2025-06-23 09:49:04] 20道第2台停车器通信超时
[2025-06-23 09:49:04] 20道第3台停车器通信超时
[2025-06-23 09:49:04] 20道防溜器通信超时
[2025-06-23 09:49:04] 21道第1台停车器通信超时
[2025-06-23 09:49:04] 21道第2台停车器通信超时
[2025-06-23 09:49:04] 21道第3台停车器通信超时
[2025-06-23 09:49:04] 21道防溜器通信超时
[2025-06-23 09:49:04] 22道第1台停车器通信超时
[2025-06-23 09:49:04] 22道第2台停车器通信超时
[2025-06-23 09:49:04] 22道第3台停车器通信超时
[2025-06-23 09:49:04] 22道防溜器通信超时
[2025-06-23 09:49:04] 23道第1台停车器通信超时
[2025-06-23 09:49:04] 23道第2台停车器通信超时
[2025-06-23 09:49:04] 23道第3台停车器通信超时
[2025-06-23 09:49:04] 23道防溜器通信超时
[2025-06-23 09:49:04] 24道第1台停车器通信超时
[2025-06-23 09:49:04] 24道第2台停车器通信超时
[2025-06-23 09:49:04] 24道第3台停车器通信超时
[2025-06-23 09:49:04] 24道防溜器通信超时
[2025-06-23 10:44:18] A机进入主用状态
[2025-06-23 10:44:18] A机在线
[2025-06-23 10:44:18] B机进入备用状态
[2025-06-23 10:44:18] B机离线
[2025-06-23 10:44:23] 2道第1台停车器通信超时
[2025-06-23 10:44:23] 2道第2台停车器通信超时
[2025-06-23 10:44:23] 2道第3台停车器通信超时
[2025-06-23 10:44:23] 2道防溜器通信超时
[2025-06-23 10:44:23] 3道第1台停车器通信超时
[2025-06-23 10:44:23] 3道第2台停车器通信超时
[2025-06-23 10:44:23] 3道第3台停车器通信超时
[2025-06-23 10:44:23] 3道防溜器通信超时
[2025-06-23 10:44:23] 4道第1台停车器通信超时
[2025-06-23 10:44:23] 4道第2台停车器通信超时
[2025-06-23 10:44:23] 4道第3台停车器通信超时
[2025-06-23 10:44:23] 4道防溜器通信超时
[2025-06-23 10:44:23] 5道第1台停车器通信超时
[2025-06-23 10:44:23] 5道第2台停车器通信超时
[2025-06-23 10:44:23] 5道第3台停车器通信超时
[2025-06-23 10:44:23] 5道防溜器通信超时
[2025-06-23 10:44:23] 6道第1台停车器通信超时
[2025-06-23 10:44:23] 6道第2台停车器通信超时
[2025-06-23 10:44:23] 6道第3台停车器通信超时
[2025-06-23 10:44:23] 6道防溜器通信超时
[2025-06-23 10:44:23] 7道第1台停车器通信超时
[2025-06-23 10:44:23] 7道第2台停车器通信超时
[2025-06-23 10:44:23] 7道第3台停车器通信超时
[2025-06-23 10:44:23] 7道防溜器通信超时
[2025-06-23 10:44:23] 8道第1台停车器通信超时
[2025-06-23 10:44:23] 8道第2台停车器通信超时
[2025-06-23 10:44:23] 8道第3台停车器通信超时
[2025-06-23 10:44:23] 8道防溜器通信超时
[2025-06-23 10:44:23] 9道第1台停车器通信超时
[2025-06-23 10:44:23] 9道第2台停车器通信超时
[2025-06-23 10:44:23] 9道第3台停车器通信超时
[2025-06-23 10:44:23] 9道防溜器通信超时
[2025-06-23 10:44:23] 10道第1台停车器通信超时
[2025-06-23 10:44:23] 10道第2台停车器通信超时
[2025-06-23 10:44:23] 10道第3台停车器通信超时
[2025-06-23 10:44:23] 10道防溜器通信超时
[2025-06-23 10:44:23] 11道第1台停车器通信超时
[2025-06-23 10:44:23] 11道第2台停车器通信超时
[2025-06-23 10:44:23] 11道第3台停车器通信超时
[2025-06-23 10:44:23] 11道防溜器通信超时
[2025-06-23 10:44:23] 12道第1台停车器通信超时
[2025-06-23 10:44:23] 12道第2台停车器通信超时
[2025-06-23 10:44:23] 12道第3台停车器通信超时
[2025-06-23 10:44:23] 12道防溜器通信超时
[2025-06-23 10:44:23] 13道第1台停车器通信超时
[2025-06-23 10:44:23] 13道第2台停车器通信超时
[2025-06-23 10:44:23] 13道第3台停车器通信超时
[2025-06-23 10:44:23] 13道防溜器通信超时
[2025-06-23 10:44:23] 14道第1台停车器通信超时
[2025-06-23 10:44:23] 14道第2台停车器通信超时
[2025-06-23 10:44:23] 14道第3台停车器通信超时
[2025-06-23 10:44:23] 14道防溜器通信超时
[2025-06-23 10:44:23] 15道第1台停车器通信超时
[2025-06-23 10:44:23] 15道第2台停车器通信超时
[2025-06-23 10:44:23] 15道第3台停车器通信超时
[2025-06-23 10:44:23] 15道防溜器通信超时
[2025-06-23 10:44:23] 16道第1台停车器通信超时
[2025-06-23 10:44:23] 16道第2台停车器通信超时
[2025-06-23 10:44:23] 16道第3台停车器通信超时
[2025-06-23 10:44:23] 16道防溜器通信超时
[2025-06-23 10:44:23] 17道第1台停车器通信超时
[2025-06-23 10:44:23] 17道第2台停车器通信超时
[2025-06-23 10:44:23] 17道第3台停车器通信超时
[2025-06-23 10:44:23] 17道防溜器通信超时
[2025-06-23 10:44:23] 18道第1台停车器通信超时
[2025-06-23 10:44:24] 18道第2台停车器通信超时
[2025-06-23 10:44:24] 18道第3台停车器通信超时
[2025-06-23 10:44:24] 18道防溜器通信超时
[2025-06-23 10:44:24] 19道第1台停车器通信超时
[2025-06-23 10:44:24] 19道第2台停车器通信超时
[2025-06-23 10:44:24] 19道第3台停车器通信超时
[2025-06-23 10:44:24] 19道防溜器通信超时
[2025-06-23 10:44:24] 20道第1台停车器通信超时
[2025-06-23 10:44:24] 20道第2台停车器通信超时
[2025-06-23 10:44:24] 20道第3台停车器通信超时
[2025-06-23 10:44:24] 20道防溜器通信超时
[2025-06-23 10:44:24] 21道第1台停车器通信超时
[2025-06-23 10:44:24] 21道第2台停车器通信超时
[2025-06-23 10:44:24] 21道第3台停车器通信超时
[2025-06-23 10:44:24] 21道防溜器通信超时
[2025-06-23 10:44:24] 22道第1台停车器通信超时
[2025-06-23 10:44:24] 22道第2台停车器通信超时
[2025-06-23 10:44:24] 22道第3台停车器通信超时
[2025-06-23 10:44:24] 22道防溜器通信超时
[2025-06-23 10:44:24] 23道第1台停车器通信超时
[2025-06-23 10:44:24] 23道第2台停车器通信超时
[2025-06-23 10:44:24] 23道第3台停车器通信超时
[2025-06-23 10:44:24] 23道防溜器通信超时
[2025-06-23 10:44:24] 24道第1台停车器通信超时
[2025-06-23 10:44:24] 24道第2台停车器通信超时
[2025-06-23 10:44:24] 24道第3台停车器通信超时
[2025-06-23 10:44:24] 24道防溜器通信超时
[2025-06-23 10:55:16] A机进入主用状态
[2025-06-23 10:55:16] A机在线
[2025-06-23 10:55:16] B机进入备用状态
[2025-06-23 10:55:16] B机离线
[2025-06-23 10:55:22] 2道第1台停车器通信超时
[2025-06-23 10:55:22] 2道第2台停车器通信超时
[2025-06-23 10:55:22] 2道第3台停车器通信超时
[2025-06-23 10:55:22] 2道防溜器通信超时
[2025-06-23 10:55:22] 3道第1台停车器通信超时
[2025-06-23 10:55:22] 3道第2台停车器通信超时
[2025-06-23 10:55:22] 3道第3台停车器通信超时
[2025-06-23 10:55:22] 3道防溜器通信超时
[2025-06-23 10:55:22] 4道第1台停车器通信超时
[2025-06-23 10:55:22] 4道第2台停车器通信超时
[2025-06-23 10:55:22] 4道第3台停车器通信超时
[2025-06-23 10:55:22] 4道防溜器通信超时
[2025-06-23 10:55:22] 5道第1台停车器通信超时
[2025-06-23 10:55:22] 5道第2台停车器通信超时
[2025-06-23 10:55:22] 5道第3台停车器通信超时
[2025-06-23 10:55:22] 5道防溜器通信超时
[2025-06-23 10:55:22] 6道第1台停车器通信超时
[2025-06-23 10:55:22] 6道第2台停车器通信超时
[2025-06-23 10:55:22] 6道第3台停车器通信超时
[2025-06-23 10:55:22] 6道防溜器通信超时
[2025-06-23 10:55:22] 7道第1台停车器通信超时
[2025-06-23 10:55:22] 7道第2台停车器通信超时
[2025-06-23 10:55:22] 7道第3台停车器通信超时
[2025-06-23 10:55:22] 7道防溜器通信超时
[2025-06-23 10:55:22] 8道第1台停车器通信超时
[2025-06-23 10:55:22] 8道第2台停车器通信超时
[2025-06-23 10:55:22] 8道第3台停车器通信超时
[2025-06-23 10:55:22] 8道防溜器通信超时
[2025-06-23 10:55:22] 9道第1台停车器通信超时
[2025-06-23 10:55:22] 9道第2台停车器通信超时
[2025-06-23 10:55:22] 9道第3台停车器通信超时
[2025-06-23 10:55:22] 9道防溜器通信超时
[2025-06-23 10:55:22] 10道第1台停车器通信超时
[2025-06-23 10:55:22] 10道第2台停车器通信超时
[2025-06-23 10:55:22] 10道第3台停车器通信超时
[2025-06-23 10:55:22] 10道防溜器通信超时
[2025-06-23 10:55:22] 11道第1台停车器通信超时
[2025-06-23 10:55:22] 11道第2台停车器通信超时
[2025-06-23 10:55:22] 11道第3台停车器通信超时
[2025-06-23 10:55:22] 11道防溜器通信超时
[2025-06-23 10:55:23] 12道第1台停车器通信超时
[2025-06-23 10:55:23] 12道第2台停车器通信超时
[2025-06-23 10:55:23] 12道第3台停车器通信超时
[2025-06-23 10:55:23] 12道防溜器通信超时
[2025-06-23 10:55:23] 13道第1台停车器通信超时
[2025-06-23 10:55:23] 13道第2台停车器通信超时
[2025-06-23 10:55:23] 13道第3台停车器通信超时
[2025-06-23 10:55:23] 13道防溜器通信超时
[2025-06-23 10:55:23] 14道第1台停车器通信超时
[2025-06-23 10:55:23] 14道第2台停车器通信超时
[2025-06-23 10:55:23] 14道第3台停车器通信超时
[2025-06-23 10:55:23] 14道防溜器通信超时
[2025-06-23 10:55:23] 15道第1台停车器通信超时
[2025-06-23 10:55:23] 15道第2台停车器通信超时
[2025-06-23 10:55:23] 15道第3台停车器通信超时
[2025-06-23 10:55:23] 15道防溜器通信超时
[2025-06-23 10:55:23] 16道第1台停车器通信超时
[2025-06-23 10:55:23] 16道第2台停车器通信超时
[2025-06-23 10:55:23] 16道第3台停车器通信超时
[2025-06-23 10:55:23] 16道防溜器通信超时
[2025-06-23 10:55:23] 17道第1台停车器通信超时
[2025-06-23 10:55:23] 17道第2台停车器通信超时
[2025-06-23 10:55:23] 17道第3台停车器通信超时
[2025-06-23 10:55:23] 17道防溜器通信超时
[2025-06-23 10:55:23] 18道第1台停车器通信超时
[2025-06-23 10:55:23] 18道第2台停车器通信超时
[2025-06-23 10:55:23] 18道第3台停车器通信超时
[2025-06-23 10:55:23] 18道防溜器通信超时
[2025-06-23 10:55:23] 19道第1台停车器通信超时
[2025-06-23 10:55:23] 19道第2台停车器通信超时
[2025-06-23 10:55:23] 19道第3台停车器通信超时
[2025-06-23 10:55:23] 19道防溜器通信超时
[2025-06-23 10:55:23] 20道第1台停车器通信超时
[2025-06-23 10:55:23] 20道第2台停车器通信超时
[2025-06-23 10:55:23] 20道第3台停车器通信超时
[2025-06-23 10:55:23] 20道防溜器通信超时
[2025-06-23 10:55:23] 21道第1台停车器通信超时
[2025-06-23 10:55:23] 21道第2台停车器通信超时
[2025-06-23 10:55:23] 21道第3台停车器通信超时
[2025-06-23 10:55:23] 21道防溜器通信超时
[2025-06-23 10:55:23] 22道第1台停车器通信超时
[2025-06-23 10:55:23] 22道第2台停车器通信超时
[2025-06-23 10:55:23] 22道第3台停车器通信超时
[2025-06-23 10:55:23] 22道防溜器通信超时
[2025-06-23 10:55:23] 23道第1台停车器通信超时
[2025-06-23 10:55:23] 23道第2台停车器通信超时
[2025-06-23 10:55:23] 23道第3台停车器通信超时
[2025-06-23 10:55:23] 23道防溜器通信超时
[2025-06-23 10:55:23] 24道第1台停车器通信超时
[2025-06-23 10:55:23] 24道第2台停车器通信超时
[2025-06-23 10:55:23] 24道第3台停车器通信超时
[2025-06-23 10:55:23] 24道防溜器通信超时
[2025-06-23 10:55:36] A机进入主用状态
[2025-06-23 10:55:36] A机在线
[2025-06-23 10:57:51] A机进入主用状态
[2025-06-23 10:57:51] A机在线
[2025-06-23 10:57:51] B机进入备用状态
[2025-06-23 10:57:51] B机离线
[2025-06-23 10:57:56] 2道第1台停车器通信超时
[2025-06-23 10:57:56] 2道第2台停车器通信超时
[2025-06-23 10:57:56] 2道第3台停车器通信超时
[2025-06-23 10:57:56] 2道防溜器通信超时
[2025-06-23 10:57:56] 3道第1台停车器通信超时
[2025-06-23 10:57:56] 3道第2台停车器通信超时
[2025-06-23 10:57:56] 3道第3台停车器通信超时
[2025-06-23 10:57:56] 3道防溜器通信超时
[2025-06-23 10:57:56] 4道第1台停车器通信超时
[2025-06-23 10:57:56] 4道第2台停车器通信超时
[2025-06-23 10:57:56] 4道第3台停车器通信超时
[2025-06-23 10:57:56] 4道防溜器通信超时
[2025-06-23 10:57:56] 5道第1台停车器通信超时
[2025-06-23 10:57:56] 5道第2台停车器通信超时
[2025-06-23 10:57:56] 5道第3台停车器通信超时
[2025-06-23 10:57:56] 5道防溜器通信超时
[2025-06-23 10:57:56] 6道第1台停车器通信超时
[2025-06-23 10:57:56] 6道第2台停车器通信超时
[2025-06-23 10:57:56] 6道第3台停车器通信超时
[2025-06-23 10:57:56] 6道防溜器通信超时
[2025-06-23 10:57:56] 7道第1台停车器通信超时
[2025-06-23 10:57:56] 7道第2台停车器通信超时
[2025-06-23 10:57:56] 7道第3台停车器通信超时
[2025-06-23 10:57:56] 7道防溜器通信超时
[2025-06-23 10:57:56] 8道第1台停车器通信超时
[2025-06-23 10:57:56] 8道第2台停车器通信超时
[2025-06-23 10:57:56] 8道第3台停车器通信超时
[2025-06-23 10:57:56] 8道防溜器通信超时
[2025-06-23 10:57:56] 9道第1台停车器通信超时
[2025-06-23 10:57:56] 9道第2台停车器通信超时
[2025-06-23 10:57:56] 9道第3台停车器通信超时
[2025-06-23 10:57:56] 9道防溜器通信超时
[2025-06-23 10:57:56] 10道第1台停车器通信超时
[2025-06-23 10:57:56] 10道第2台停车器通信超时
[2025-06-23 10:57:56] 10道第3台停车器通信超时
[2025-06-23 10:57:56] 10道防溜器通信超时
[2025-06-23 10:57:56] 11道第1台停车器通信超时
[2025-06-23 10:57:56] 11道第2台停车器通信超时
[2025-06-23 10:57:56] 11道第3台停车器通信超时
[2025-06-23 10:57:56] 11道防溜器通信超时
[2025-06-23 10:57:56] 12道第1台停车器通信超时
[2025-06-23 10:57:56] 12道第2台停车器通信超时
[2025-06-23 10:57:56] 12道第3台停车器通信超时
[2025-06-23 10:57:56] 12道防溜器通信超时
[2025-06-23 10:57:56] 13道第1台停车器通信超时
[2025-06-23 10:57:56] 13道第2台停车器通信超时
[2025-06-23 10:57:56] 13道第3台停车器通信超时
[2025-06-23 10:57:56] 13道防溜器通信超时
[2025-06-23 10:57:56] 14道第1台停车器通信超时
[2025-06-23 10:57:56] 14道第2台停车器通信超时
[2025-06-23 10:57:56] 14道第3台停车器通信超时
[2025-06-23 10:57:56] 14道防溜器通信超时
[2025-06-23 10:57:56] 15道第1台停车器通信超时
[2025-06-23 10:57:56] 15道第2台停车器通信超时
[2025-06-23 10:57:56] 15道第3台停车器通信超时
[2025-06-23 10:57:56] 15道防溜器通信超时
[2025-06-23 10:57:56] 16道第1台停车器通信超时
[2025-06-23 10:57:56] 16道第2台停车器通信超时
[2025-06-23 10:57:56] 16道第3台停车器通信超时
[2025-06-23 10:57:56] 16道防溜器通信超时
[2025-06-23 10:57:56] 17道第1台停车器通信超时
[2025-06-23 10:57:56] 17道第2台停车器通信超时
[2025-06-23 10:57:56] 17道第3台停车器通信超时
[2025-06-23 10:57:56] 17道防溜器通信超时
[2025-06-23 10:57:56] 18道第1台停车器通信超时
[2025-06-23 10:57:56] 18道第2台停车器通信超时
[2025-06-23 10:57:56] 18道第3台停车器通信超时
[2025-06-23 10:57:56] 18道防溜器通信超时
[2025-06-23 10:57:56] 19道第1台停车器通信超时
[2025-06-23 10:57:56] 19道第2台停车器通信超时
[2025-06-23 10:57:56] 19道第3台停车器通信超时
[2025-06-23 10:57:56] 19道防溜器通信超时
[2025-06-23 10:57:56] 20道第1台停车器通信超时
[2025-06-23 10:57:56] 20道第2台停车器通信超时
[2025-06-23 10:57:56] 20道第3台停车器通信超时
[2025-06-23 10:57:56] 20道防溜器通信超时
[2025-06-23 10:57:56] 21道第1台停车器通信超时
[2025-06-23 10:57:56] 21道第2台停车器通信超时
[2025-06-23 10:57:56] 21道第3台停车器通信超时
[2025-06-23 10:57:56] 21道防溜器通信超时
[2025-06-23 10:57:56] 22道第1台停车器通信超时
[2025-06-23 10:57:56] 22道第2台停车器通信超时
[2025-06-23 10:57:56] 22道第3台停车器通信超时
[2025-06-23 10:57:56] 22道防溜器通信超时
[2025-06-23 10:57:56] 23道第1台停车器通信超时
[2025-06-23 10:57:56] 23道第2台停车器通信超时
[2025-06-23 10:57:56] 23道第3台停车器通信超时
[2025-06-23 10:57:56] 23道防溜器通信超时
[2025-06-23 10:57:56] 24道第1台停车器通信超时
[2025-06-23 10:57:56] 24道第2台停车器通信超时
[2025-06-23 10:57:56] 24道第3台停车器通信超时
[2025-06-23 10:57:56] 24道防溜器通信超时
[2025-06-23 10:58:19] A机进入主用状态
[2025-06-23 10:58:19] A机在线
[2025-06-23 10:59:17] A机进入主用状态
[2025-06-23 10:59:17] A机在线
[2025-06-23 10:59:17] B机进入备用状态
[2025-06-23 10:59:17] B机离线
[2025-06-23 10:59:22] 2道第1台停车器通信超时
[2025-06-23 10:59:22] 2道第2台停车器通信超时
[2025-06-23 10:59:22] 2道第3台停车器通信超时
[2025-06-23 10:59:22] 2道防溜器通信超时
[2025-06-23 10:59:22] 3道第1台停车器通信超时
[2025-06-23 10:59:22] 3道第2台停车器通信超时
[2025-06-23 10:59:22] 3道第3台停车器通信超时
[2025-06-23 10:59:22] 3道防溜器通信超时
[2025-06-23 10:59:22] 4道第1台停车器通信超时
[2025-06-23 10:59:22] 4道第2台停车器通信超时
[2025-06-23 10:59:22] 4道第3台停车器通信超时
[2025-06-23 10:59:22] 4道防溜器通信超时
[2025-06-23 10:59:22] 5道第1台停车器通信超时
[2025-06-23 10:59:22] 5道第2台停车器通信超时
[2025-06-23 10:59:22] 5道第3台停车器通信超时
[2025-06-23 10:59:22] 5道防溜器通信超时
[2025-06-23 10:59:22] 6道第1台停车器通信超时
[2025-06-23 10:59:22] 6道第2台停车器通信超时
[2025-06-23 10:59:22] 6道第3台停车器通信超时
[2025-06-23 10:59:22] 6道防溜器通信超时
[2025-06-23 10:59:22] 7道第1台停车器通信超时
[2025-06-23 10:59:22] 7道第2台停车器通信超时
[2025-06-23 10:59:22] 7道第3台停车器通信超时
[2025-06-23 10:59:22] 7道防溜器通信超时
[2025-06-23 10:59:22] 8道第1台停车器通信超时
[2025-06-23 10:59:22] 8道第2台停车器通信超时
[2025-06-23 10:59:22] 8道第3台停车器通信超时
[2025-06-23 10:59:22] 8道防溜器通信超时
[2025-06-23 10:59:22] 9道第1台停车器通信超时
[2025-06-23 10:59:22] 9道第2台停车器通信超时
[2025-06-23 10:59:22] 9道第3台停车器通信超时
[2025-06-23 10:59:22] 9道防溜器通信超时
[2025-06-23 10:59:22] 10道第1台停车器通信超时
[2025-06-23 10:59:22] 10道第2台停车器通信超时
[2025-06-23 10:59:22] 10道第3台停车器通信超时
[2025-06-23 10:59:22] 10道防溜器通信超时
[2025-06-23 10:59:22] 11道第1台停车器通信超时
[2025-06-23 10:59:22] 11道第2台停车器通信超时
[2025-06-23 10:59:22] 11道第3台停车器通信超时
[2025-06-23 10:59:22] 11道防溜器通信超时
[2025-06-23 10:59:22] 12道第1台停车器通信超时
[2025-06-23 10:59:22] 12道第2台停车器通信超时
[2025-06-23 10:59:22] 12道第3台停车器通信超时
[2025-06-23 10:59:22] 12道防溜器通信超时
[2025-06-23 10:59:22] 13道第1台停车器通信超时
[2025-06-23 10:59:22] 13道第2台停车器通信超时
[2025-06-23 10:59:22] 13道第3台停车器通信超时
[2025-06-23 10:59:22] 13道防溜器通信超时
[2025-06-23 10:59:22] 14道第1台停车器通信超时
[2025-06-23 10:59:22] 14道第2台停车器通信超时
[2025-06-23 10:59:22] 14道第3台停车器通信超时
[2025-06-23 10:59:22] 14道防溜器通信超时
[2025-06-23 10:59:22] 15道第1台停车器通信超时
[2025-06-23 10:59:22] 15道第2台停车器通信超时
[2025-06-23 10:59:22] 15道第3台停车器通信超时
[2025-06-23 10:59:22] 15道防溜器通信超时
[2025-06-23 10:59:22] 16道第1台停车器通信超时
[2025-06-23 10:59:22] 16道第2台停车器通信超时
[2025-06-23 10:59:22] 16道第3台停车器通信超时
[2025-06-23 10:59:22] 16道防溜器通信超时
[2025-06-23 10:59:22] 17道第1台停车器通信超时
[2025-06-23 10:59:22] 17道第2台停车器通信超时
[2025-06-23 10:59:22] 17道第3台停车器通信超时
[2025-06-23 10:59:22] 17道防溜器通信超时
[2025-06-23 10:59:22] 18道第1台停车器通信超时
[2025-06-23 10:59:22] 18道第2台停车器通信超时
[2025-06-23 10:59:22] 18道第3台停车器通信超时
[2025-06-23 10:59:22] 18道防溜器通信超时
[2025-06-23 10:59:22] 19道第1台停车器通信超时
[2025-06-23 10:59:22] 19道第2台停车器通信超时
[2025-06-23 10:59:22] 19道第3台停车器通信超时
[2025-06-23 10:59:22] 19道防溜器通信超时
[2025-06-23 10:59:22] 20道第1台停车器通信超时
[2025-06-23 10:59:22] 20道第2台停车器通信超时
[2025-06-23 10:59:22] 20道第3台停车器通信超时
[2025-06-23 10:59:22] 20道防溜器通信超时
[2025-06-23 10:59:22] 21道第1台停车器通信超时
[2025-06-23 10:59:22] 21道第2台停车器通信超时
[2025-06-23 10:59:22] 21道第3台停车器通信超时
[2025-06-23 10:59:22] 21道防溜器通信超时
[2025-06-23 10:59:22] 22道第1台停车器通信超时
[2025-06-23 10:59:22] 22道第2台停车器通信超时
[2025-06-23 10:59:22] 22道第3台停车器通信超时
[2025-06-23 10:59:22] 22道防溜器通信超时
[2025-06-23 10:59:22] 23道第1台停车器通信超时
[2025-06-23 10:59:22] 23道第2台停车器通信超时
[2025-06-23 10:59:22] 23道第3台停车器通信超时
[2025-06-23 10:59:22] 23道防溜器通信超时
[2025-06-23 10:59:22] 24道第1台停车器通信超时
[2025-06-23 10:59:22] 24道第2台停车器通信超时
[2025-06-23 10:59:22] 24道第3台停车器通信超时
[2025-06-23 10:59:22] 24道防溜器通信超时
[2025-06-23 11:04:04] A机进入主用状态
[2025-06-23 11:04:04] A机在线
[2025-06-23 11:04:04] B机进入备用状态
[2025-06-23 11:04:04] B机离线
[2025-06-23 11:04:09] 2道第1台停车器通信超时
[2025-06-23 11:04:09] 2道第2台停车器通信超时
[2025-06-23 11:04:09] 2道第3台停车器通信超时
[2025-06-23 11:04:09] 2道防溜器通信超时
[2025-06-23 11:04:09] 3道第1台停车器通信超时
[2025-06-23 11:04:09] 3道第2台停车器通信超时
[2025-06-23 11:04:09] 3道第3台停车器通信超时
[2025-06-23 11:04:09] 3道防溜器通信超时
[2025-06-23 11:04:09] 4道第1台停车器通信超时
[2025-06-23 11:04:09] 4道第2台停车器通信超时
[2025-06-23 11:04:09] 4道第3台停车器通信超时
[2025-06-23 11:04:09] 4道防溜器通信超时
[2025-06-23 11:04:09] 5道第1台停车器通信超时
[2025-06-23 11:04:09] 5道第2台停车器通信超时
[2025-06-23 11:04:09] 5道第3台停车器通信超时
[2025-06-23 11:04:09] 5道防溜器通信超时
[2025-06-23 11:04:09] 6道第1台停车器通信超时
[2025-06-23 11:04:09] 6道第2台停车器通信超时
[2025-06-23 11:04:09] 6道第3台停车器通信超时
[2025-06-23 11:04:09] 6道防溜器通信超时
[2025-06-23 11:04:09] 7道第1台停车器通信超时
[2025-06-23 11:04:09] 7道第2台停车器通信超时
[2025-06-23 11:04:09] 7道第3台停车器通信超时
[2025-06-23 11:04:09] 7道防溜器通信超时
[2025-06-23 11:04:09] 8道第1台停车器通信超时
[2025-06-23 11:04:09] 8道第2台停车器通信超时
[2025-06-23 11:04:09] 8道第3台停车器通信超时
[2025-06-23 11:04:09] 8道防溜器通信超时
[2025-06-23 11:04:09] 9道第1台停车器通信超时
[2025-06-23 11:04:09] 9道第2台停车器通信超时
[2025-06-23 11:04:09] 9道第3台停车器通信超时
[2025-06-23 11:04:09] 9道防溜器通信超时
[2025-06-23 11:04:09] 10道第1台停车器通信超时
[2025-06-23 11:04:09] 10道第2台停车器通信超时
[2025-06-23 11:04:09] 10道第3台停车器通信超时
[2025-06-23 11:04:09] 10道防溜器通信超时
[2025-06-23 11:04:09] 11道第1台停车器通信超时
[2025-06-23 11:04:09] 11道第2台停车器通信超时
[2025-06-23 11:04:09] 11道第3台停车器通信超时
[2025-06-23 11:04:09] 11道防溜器通信超时
[2025-06-23 11:04:09] 12道第1台停车器通信超时
[2025-06-23 11:04:09] 12道第2台停车器通信超时
[2025-06-23 11:04:09] 12道第3台停车器通信超时
[2025-06-23 11:04:09] 12道防溜器通信超时
[2025-06-23 11:04:09] 13道第1台停车器通信超时
[2025-06-23 11:04:09] 13道第2台停车器通信超时
[2025-06-23 11:04:09] 13道第3台停车器通信超时
[2025-06-23 11:04:09] 13道防溜器通信超时
[2025-06-23 11:04:09] 14道第1台停车器通信超时
[2025-06-23 11:04:09] 14道第2台停车器通信超时
[2025-06-23 11:04:09] 14道第3台停车器通信超时
[2025-06-23 11:04:09] 14道防溜器通信超时
[2025-06-23 11:04:09] 15道第1台停车器通信超时
[2025-06-23 11:04:09] 15道第2台停车器通信超时
[2025-06-23 11:04:09] 15道第3台停车器通信超时
[2025-06-23 11:04:09] 15道防溜器通信超时
[2025-06-23 11:04:09] 16道第1台停车器通信超时
[2025-06-23 11:04:09] 16道第2台停车器通信超时
[2025-06-23 11:04:09] 16道第3台停车器通信超时
[2025-06-23 11:04:09] 16道防溜器通信超时
[2025-06-23 11:04:09] 17道第1台停车器通信超时
[2025-06-23 11:04:09] 17道第2台停车器通信超时
[2025-06-23 11:04:09] 17道第3台停车器通信超时
[2025-06-23 11:04:09] 17道防溜器通信超时
[2025-06-23 11:04:09] 18道第1台停车器通信超时
[2025-06-23 11:04:09] 18道第2台停车器通信超时
[2025-06-23 11:04:09] 18道第3台停车器通信超时
[2025-06-23 11:04:09] 18道防溜器通信超时
[2025-06-23 11:04:09] 19道第1台停车器通信超时
[2025-06-23 11:04:09] 19道第2台停车器通信超时
[2025-06-23 11:04:09] 19道第3台停车器通信超时
[2025-06-23 11:04:09] 19道防溜器通信超时
[2025-06-23 11:04:09] 20道第1台停车器通信超时
[2025-06-23 11:04:09] 20道第2台停车器通信超时
[2025-06-23 11:04:09] 20道第3台停车器通信超时
[2025-06-23 11:04:09] 20道防溜器通信超时
[2025-06-23 11:04:09] 21道第1台停车器通信超时
[2025-06-23 11:04:09] 21道第2台停车器通信超时
[2025-06-23 11:04:09] 21道第3台停车器通信超时
[2025-06-23 11:04:09] 21道防溜器通信超时
[2025-06-23 11:04:09] 22道第1台停车器通信超时
[2025-06-23 11:04:09] 22道第2台停车器通信超时
[2025-06-23 11:04:09] 22道第3台停车器通信超时
[2025-06-23 11:04:09] 22道防溜器通信超时
[2025-06-23 11:04:09] 23道第1台停车器通信超时
[2025-06-23 11:04:09] 23道第2台停车器通信超时
[2025-06-23 11:04:09] 23道第3台停车器通信超时
[2025-06-23 11:04:09] 23道防溜器通信超时
[2025-06-23 11:04:09] 24道第1台停车器通信超时
[2025-06-23 11:04:09] 24道第2台停车器通信超时
[2025-06-23 11:04:09] 24道第3台停车器通信超时
[2025-06-23 11:04:09] 24道防溜器通信超时
[2025-06-23 14:03:15] A机进入主用状态
[2025-06-23 14:03:15] A机在线
[2025-06-23 14:03:15] B机进入备用状态
[2025-06-23 14:03:15] B机离线
[2025-06-23 14:03:20] 用户确认切换为集控模式，已发送 ACQ 指令
[2025-06-23 14:03:20] 2道第1台停车器通信超时
[2025-06-23 14:03:20] 2道第2台停车器通信超时
[2025-06-23 14:03:20] 2道第3台停车器通信超时
[2025-06-23 14:03:20] 2道防溜器通信超时
[2025-06-23 14:03:20] 3道第1台停车器通信超时
[2025-06-23 14:03:20] 3道第2台停车器通信超时
[2025-06-23 14:03:20] 3道第3台停车器通信超时
[2025-06-23 14:03:20] 3道防溜器通信超时
[2025-06-23 14:03:20] 4道第1台停车器通信超时
[2025-06-23 14:03:20] 4道第2台停车器通信超时
[2025-06-23 14:03:20] 4道第3台停车器通信超时
[2025-06-23 14:03:20] 4道防溜器通信超时
[2025-06-23 14:03:20] 5道第1台停车器通信超时
[2025-06-23 14:03:20] 5道第2台停车器通信超时
[2025-06-23 14:03:20] 5道第3台停车器通信超时
[2025-06-23 14:03:20] 5道防溜器通信超时
[2025-06-23 14:03:20] 6道第1台停车器通信超时
[2025-06-23 14:03:20] 6道第2台停车器通信超时
[2025-06-23 14:03:20] 6道第3台停车器通信超时
[2025-06-23 14:03:20] 6道防溜器通信超时
[2025-06-23 14:03:20] 7道第1台停车器通信超时
[2025-06-23 14:03:20] 7道第2台停车器通信超时
[2025-06-23 14:03:21] 7道第3台停车器通信超时
[2025-06-23 14:03:21] 7道防溜器通信超时
[2025-06-23 14:03:21] 8道第1台停车器通信超时
[2025-06-23 14:03:21] 8道第2台停车器通信超时
[2025-06-23 14:03:21] 8道第3台停车器通信超时
[2025-06-23 14:03:21] 8道防溜器通信超时
[2025-06-23 14:03:21] 9道第1台停车器通信超时
[2025-06-23 14:03:21] 9道第2台停车器通信超时
[2025-06-23 14:03:21] 9道第3台停车器通信超时
[2025-06-23 14:03:21] 9道防溜器通信超时
[2025-06-23 14:03:21] 10道第1台停车器通信超时
[2025-06-23 14:03:21] 10道第2台停车器通信超时
[2025-06-23 14:03:21] 10道第3台停车器通信超时
[2025-06-23 14:03:21] 10道防溜器通信超时
[2025-06-23 14:03:21] 11道第1台停车器通信超时
[2025-06-23 14:03:21] 11道第2台停车器通信超时
[2025-06-23 14:03:21] 11道第3台停车器通信超时
[2025-06-23 14:03:21] 11道防溜器通信超时
[2025-06-23 14:03:21] 12道第1台停车器通信超时
[2025-06-23 14:03:21] 12道第2台停车器通信超时
[2025-06-23 14:03:21] 12道第3台停车器通信超时
[2025-06-23 14:03:21] 12道防溜器通信超时
[2025-06-23 14:03:21] 13道第1台停车器通信超时
[2025-06-23 14:03:21] 13道第2台停车器通信超时
[2025-06-23 14:03:21] 13道第3台停车器通信超时
[2025-06-23 14:03:21] 13道防溜器通信超时
[2025-06-23 14:03:21] 14道第1台停车器通信超时
[2025-06-23 14:03:21] 14道第2台停车器通信超时
[2025-06-23 14:03:21] 14道第3台停车器通信超时
[2025-06-23 14:03:21] 14道防溜器通信超时
[2025-06-23 14:03:21] 15道第1台停车器通信超时
[2025-06-23 14:03:21] 15道第2台停车器通信超时
[2025-06-23 14:03:21] 15道第3台停车器通信超时
[2025-06-23 14:03:21] 15道防溜器通信超时
[2025-06-23 14:03:21] 16道第1台停车器通信超时
[2025-06-23 14:03:21] 16道第2台停车器通信超时
[2025-06-23 14:03:21] 16道第3台停车器通信超时
[2025-06-23 14:03:21] 16道防溜器通信超时
[2025-06-23 14:03:21] 17道第1台停车器通信超时
[2025-06-23 14:03:21] 17道第2台停车器通信超时
[2025-06-23 14:03:21] 17道第3台停车器通信超时
[2025-06-23 14:03:21] 17道防溜器通信超时
[2025-06-23 14:03:21] 18道第1台停车器通信超时
[2025-06-23 14:03:21] 18道第2台停车器通信超时
[2025-06-23 14:03:21] 18道第3台停车器通信超时
[2025-06-23 14:03:21] 18道防溜器通信超时
[2025-06-23 14:03:21] 19道第1台停车器通信超时
[2025-06-23 14:03:21] 19道第2台停车器通信超时
[2025-06-23 14:03:21] 19道第3台停车器通信超时
[2025-06-23 14:03:21] 19道防溜器通信超时
[2025-06-23 14:03:21] 20道第1台停车器通信超时
[2025-06-23 14:03:21] 20道第2台停车器通信超时
[2025-06-23 14:03:21] 20道第3台停车器通信超时
[2025-06-23 14:03:21] 20道防溜器通信超时
[2025-06-23 14:03:21] 21道第1台停车器通信超时
[2025-06-23 14:03:21] 21道第2台停车器通信超时
[2025-06-23 14:03:21] 21道第3台停车器通信超时
[2025-06-23 14:03:21] 21道防溜器通信超时
[2025-06-23 14:03:21] 22道第1台停车器通信超时
[2025-06-23 14:03:21] 22道第2台停车器通信超时
[2025-06-23 14:03:21] 22道第3台停车器通信超时
[2025-06-23 14:03:21] 22道防溜器通信超时
[2025-06-23 14:03:21] 23道第1台停车器通信超时
[2025-06-23 14:03:21] 23道第2台停车器通信超时
[2025-06-23 14:03:21] 23道第3台停车器通信超时
[2025-06-23 14:03:21] 23道防溜器通信超时
[2025-06-23 14:03:21] 24道第1台停车器通信超时
[2025-06-23 14:03:21] 24道第2台停车器通信超时
[2025-06-23 14:03:21] 24道第3台停车器通信超时
[2025-06-23 14:03:21] 24道防溜器通信超时
[2025-06-23 14:03:24] 用户确认切换为场控模式
[2025-06-23 14:03:29] 用户确认切换为集控模式，已发送 ACQ 指令
[2025-06-23 14:03:31] 用户确认切换为场控模式
[2025-06-23 14:03:33] 用户取消了集控模式切换
[2025-06-23 14:03:35] 用户取消了场控模式切换
[2025-06-23 14:03:36] 用户取消了集控模式切换
[2025-06-23 14:04:21] A机进入主用状态
[2025-06-23 14:04:21] A机在线
[2025-06-23 14:04:21] B机进入备用状态
[2025-06-23 14:04:21] B机离线
[2025-06-23 14:04:26] 用户确认切换为集控模式，已发送 ACQ 指令
[2025-06-23 14:04:27] 2道第1台停车器通信超时
[2025-06-23 14:04:27] 2道第2台停车器通信超时
[2025-06-23 14:04:27] 2道第3台停车器通信超时
[2025-06-23 14:04:27] 2道防溜器通信超时
[2025-06-23 14:04:27] 3道第1台停车器通信超时
[2025-06-23 14:04:27] 3道第2台停车器通信超时
[2025-06-23 14:04:27] 3道第3台停车器通信超时
[2025-06-23 14:04:27] 3道防溜器通信超时
[2025-06-23 14:04:27] 4道第1台停车器通信超时
[2025-06-23 14:04:27] 4道第2台停车器通信超时
[2025-06-23 14:04:27] 4道第3台停车器通信超时
[2025-06-23 14:04:27] 4道防溜器通信超时
[2025-06-23 14:04:27] 5道第1台停车器通信超时
[2025-06-23 14:04:27] 5道第2台停车器通信超时
[2025-06-23 14:04:27] 5道第3台停车器通信超时
[2025-06-23 14:04:27] 5道防溜器通信超时
[2025-06-23 14:04:27] 6道第1台停车器通信超时
[2025-06-23 14:04:27] 6道第2台停车器通信超时
[2025-06-23 14:04:27] 6道第3台停车器通信超时
[2025-06-23 14:04:27] 6道防溜器通信超时
[2025-06-23 14:04:27] 7道第1台停车器通信超时
[2025-06-23 14:04:27] 7道第2台停车器通信超时
[2025-06-23 14:04:27] 7道第3台停车器通信超时
[2025-06-23 14:04:27] 7道防溜器通信超时
[2025-06-23 14:04:27] 8道第1台停车器通信超时
[2025-06-23 14:04:27] 8道第2台停车器通信超时
[2025-06-23 14:04:27] 8道第3台停车器通信超时
[2025-06-23 14:04:27] 8道防溜器通信超时
[2025-06-23 14:04:27] 9道第1台停车器通信超时
[2025-06-23 14:04:27] 9道第2台停车器通信超时
[2025-06-23 14:04:28] 9道第3台停车器通信超时
[2025-06-23 14:04:28] 9道防溜器通信超时
[2025-06-23 14:04:28] 10道第1台停车器通信超时
[2025-06-23 14:04:28] 10道第2台停车器通信超时
[2025-06-23 14:04:28] 10道第3台停车器通信超时
[2025-06-23 14:04:28] 10道防溜器通信超时
[2025-06-23 14:04:28] 11道第1台停车器通信超时
[2025-06-23 14:04:28] 11道第2台停车器通信超时
[2025-06-23 14:04:28] 11道第3台停车器通信超时
[2025-06-23 14:04:28] 11道防溜器通信超时
[2025-06-23 14:04:28] 12道第1台停车器通信超时
[2025-06-23 14:04:28] 12道第2台停车器通信超时
[2025-06-23 14:04:28] 12道第3台停车器通信超时
[2025-06-23 14:04:28] 12道防溜器通信超时
[2025-06-23 14:04:28] 13道第1台停车器通信超时
[2025-06-23 14:04:28] 13道第2台停车器通信超时
[2025-06-23 14:04:28] 13道第3台停车器通信超时
[2025-06-23 14:04:28] 13道防溜器通信超时
[2025-06-23 14:04:28] 14道第1台停车器通信超时
[2025-06-23 14:04:28] 14道第2台停车器通信超时
[2025-06-23 14:04:28] 14道第3台停车器通信超时
[2025-06-23 14:04:28] 14道防溜器通信超时
[2025-06-23 14:04:28] 15道第1台停车器通信超时
[2025-06-23 14:04:28] 15道第2台停车器通信超时
[2025-06-23 14:04:28] 15道第3台停车器通信超时
[2025-06-23 14:04:28] 15道防溜器通信超时
[2025-06-23 14:04:28] 16道第1台停车器通信超时
[2025-06-23 14:04:28] 16道第2台停车器通信超时
[2025-06-23 14:04:28] 16道第3台停车器通信超时
[2025-06-23 14:04:28] 16道防溜器通信超时
[2025-06-23 14:04:28] 17道第1台停车器通信超时
[2025-06-23 14:04:28] 17道第2台停车器通信超时
[2025-06-23 14:04:28] 17道第3台停车器通信超时
[2025-06-23 14:04:28] 17道防溜器通信超时
[2025-06-23 14:04:28] 18道第1台停车器通信超时
[2025-06-23 14:04:28] 18道第2台停车器通信超时
[2025-06-23 14:04:28] 18道第3台停车器通信超时
[2025-06-23 14:04:28] 18道防溜器通信超时
[2025-06-23 14:04:28] 19道第1台停车器通信超时
[2025-06-23 14:04:28] 19道第2台停车器通信超时
[2025-06-23 14:04:28] 19道第3台停车器通信超时
[2025-06-23 14:04:28] 19道防溜器通信超时
[2025-06-23 14:04:28] 20道第1台停车器通信超时
[2025-06-23 14:04:28] 20道第2台停车器通信超时
[2025-06-23 14:04:28] 20道第3台停车器通信超时
[2025-06-23 14:04:28] 20道防溜器通信超时
[2025-06-23 14:04:28] 21道第1台停车器通信超时
[2025-06-23 14:04:28] 21道第2台停车器通信超时
[2025-06-23 14:04:28] 21道第3台停车器通信超时
[2025-06-23 14:04:28] 21道防溜器通信超时
[2025-06-23 14:04:28] 22道第1台停车器通信超时
[2025-06-23 14:04:28] 22道第2台停车器通信超时
[2025-06-23 14:04:28] 22道第3台停车器通信超时
[2025-06-23 14:04:28] 22道防溜器通信超时
[2025-06-23 14:04:28] 23道第1台停车器通信超时
[2025-06-23 14:04:28] 23道第2台停车器通信超时
[2025-06-23 14:04:28] 23道第3台停车器通信超时
[2025-06-23 14:04:28] 23道防溜器通信超时
[2025-06-23 14:04:28] 24道第1台停车器通信超时
[2025-06-23 14:04:28] 24道第2台停车器通信超时
[2025-06-23 14:04:28] 24道第3台停车器通信超时
[2025-06-23 14:04:28] 24道防溜器通信超时
[2025-06-23 14:04:29] 用户确认切换为场控模式
[2025-06-23 14:04:32] A机进入主用状态
[2025-06-23 14:04:32] A机在线
[2025-06-23 14:21:09] A机进入主用状态
[2025-06-23 14:21:09] A机在线
[2025-06-23 14:21:09] B机进入备用状态
[2025-06-23 14:21:09] B机离线
[2025-06-23 14:21:11] A机进入主用状态
[2025-06-23 14:21:11] A机在线
[2025-06-23 14:22:34] B机进入主用状态
[2025-06-23 14:22:34] B机在线
[2025-06-23 14:22:34] A机进入备用状态
[2025-06-23 14:22:34] A机离线
[2025-06-23 15:37:53] A机进入主用状态
[2025-06-23 15:37:53] A机在线
[2025-06-23 15:37:53] B机进入备用状态
[2025-06-23 15:37:53] B机离线
[2025-06-23 15:49:21] A机进入主用状态
[2025-06-23 15:49:21] A机在线
[2025-06-23 15:49:21] B机进入备用状态
[2025-06-23 15:49:21] B机离线
[2025-06-23 15:49:26] 2道第1台停车器通信超时
[2025-06-23 15:49:26] 2道第2台停车器通信超时
[2025-06-23 15:49:26] 2道第3台停车器通信超时
[2025-06-23 15:49:26] 2道防溜器通信超时
[2025-06-23 15:49:26] 3道第1台停车器通信超时
[2025-06-23 15:49:26] 3道第2台停车器通信超时
[2025-06-23 15:49:26] 3道第3台停车器通信超时
[2025-06-23 15:49:26] 3道防溜器通信超时
[2025-06-23 15:49:26] 4道第1台停车器通信超时
[2025-06-23 15:49:26] 4道第2台停车器通信超时
[2025-06-23 15:49:26] 4道第3台停车器通信超时
[2025-06-23 15:49:26] 4道防溜器通信超时
[2025-06-23 15:49:26] 5道第1台停车器通信超时
[2025-06-23 15:49:26] 5道第2台停车器通信超时
[2025-06-23 15:49:26] 5道第3台停车器通信超时
[2025-06-23 15:49:26] 5道防溜器通信超时
[2025-06-23 15:49:26] 6道第1台停车器通信超时
[2025-06-23 15:49:26] 6道第2台停车器通信超时
[2025-06-23 15:49:26] 6道第3台停车器通信超时
[2025-06-23 15:49:26] 6道防溜器通信超时
[2025-06-23 15:49:26] 7道第1台停车器通信超时
[2025-06-23 15:49:26] 7道第2台停车器通信超时
[2025-06-23 15:49:26] 7道第3台停车器通信超时
[2025-06-23 15:49:26] 7道防溜器通信超时
[2025-06-23 15:49:26] 8道第1台停车器通信超时
[2025-06-23 15:49:26] 8道第2台停车器通信超时
[2025-06-23 15:49:26] 8道第3台停车器通信超时
[2025-06-23 15:49:26] 8道防溜器通信超时
[2025-06-23 15:49:26] 9道第1台停车器通信超时
[2025-06-23 15:49:26] 9道第2台停车器通信超时
[2025-06-23 15:49:26] 9道第3台停车器通信超时
[2025-06-23 15:49:26] 9道防溜器通信超时
[2025-06-23 15:49:26] 10道第1台停车器通信超时
[2025-06-23 15:49:26] 10道第2台停车器通信超时
[2025-06-23 15:49:26] 10道第3台停车器通信超时
[2025-06-23 15:49:26] 10道防溜器通信超时
[2025-06-23 15:49:26] 11道第1台停车器通信超时
[2025-06-23 15:49:26] 11道第2台停车器通信超时
[2025-06-23 15:49:26] 11道第3台停车器通信超时
[2025-06-23 15:49:26] 11道防溜器通信超时
[2025-06-23 15:49:26] 12道第1台停车器通信超时
[2025-06-23 15:49:26] 12道第2台停车器通信超时
[2025-06-23 15:49:26] 12道第3台停车器通信超时
[2025-06-23 15:49:26] 12道防溜器通信超时
[2025-06-23 15:49:26] 13道第1台停车器通信超时
[2025-06-23 15:49:26] 13道第2台停车器通信超时
[2025-06-23 15:49:26] 13道第3台停车器通信超时
[2025-06-23 15:49:26] 13道防溜器通信超时
[2025-06-23 15:49:26] 14道第1台停车器通信超时
[2025-06-23 15:49:26] 14道第2台停车器通信超时
[2025-06-23 15:49:26] 14道第3台停车器通信超时
[2025-06-23 15:49:26] 14道防溜器通信超时
[2025-06-23 15:49:26] 15道第1台停车器通信超时
[2025-06-23 15:49:26] 15道第2台停车器通信超时
[2025-06-23 15:49:26] 15道第3台停车器通信超时
[2025-06-23 15:49:26] 15道防溜器通信超时
[2025-06-23 15:49:26] 16道第1台停车器通信超时
[2025-06-23 15:49:26] 16道第2台停车器通信超时
[2025-06-23 15:49:26] 16道第3台停车器通信超时
[2025-06-23 15:49:26] 16道防溜器通信超时
[2025-06-23 15:49:26] 17道第1台停车器通信超时
[2025-06-23 15:49:26] 17道第2台停车器通信超时
[2025-06-23 15:49:26] 17道第3台停车器通信超时
[2025-06-23 15:49:26] 17道防溜器通信超时
[2025-06-23 15:49:26] 18道第1台停车器通信超时
[2025-06-23 15:49:26] 18道第2台停车器通信超时
[2025-06-23 15:49:26] 18道第3台停车器通信超时
[2025-06-23 15:49:26] 18道防溜器通信超时
[2025-06-23 15:49:26] 19道第1台停车器通信超时
[2025-06-23 15:49:26] 19道第2台停车器通信超时
[2025-06-23 15:49:26] 19道第3台停车器通信超时
[2025-06-23 15:49:26] 19道防溜器通信超时
[2025-06-23 15:49:26] 20道第1台停车器通信超时
[2025-06-23 15:49:26] 20道第2台停车器通信超时
[2025-06-23 15:49:26] 20道第3台停车器通信超时
[2025-06-23 15:49:26] 20道防溜器通信超时
[2025-06-23 15:49:26] 21道第1台停车器通信超时
[2025-06-23 15:49:26] 21道第2台停车器通信超时
[2025-06-23 15:49:26] 21道第3台停车器通信超时
[2025-06-23 15:49:26] 21道防溜器通信超时
[2025-06-23 15:49:26] 22道第1台停车器通信超时
[2025-06-23 15:49:26] 22道第2台停车器通信超时
[2025-06-23 15:49:26] 22道第3台停车器通信超时
[2025-06-23 15:49:26] 22道防溜器通信超时
[2025-06-23 15:49:26] 23道第1台停车器通信超时
[2025-06-23 15:49:26] 23道第2台停车器通信超时
[2025-06-23 15:49:26] 23道第3台停车器通信超时
[2025-06-23 15:49:26] 23道防溜器通信超时
[2025-06-23 15:49:26] 24道第1台停车器通信超时
[2025-06-23 15:49:26] 24道第2台停车器通信超时
[2025-06-23 15:49:26] 24道第3台停车器通信超时
[2025-06-23 15:49:26] 24道防溜器通信超时
[2025-06-23 15:49:27] 用户确认切换为场控模式
[2025-06-23 15:52:48] A机进入主用状态
[2025-06-23 15:52:48] A机在线
[2025-06-23 15:52:48] B机进入备用状态
[2025-06-23 15:52:48] B机离线
[2025-06-23 15:52:52] 用户取消了场控模式切换
[2025-06-23 15:52:53] 2道第1台停车器通信超时
[2025-06-23 15:52:53] 2道第2台停车器通信超时
[2025-06-23 15:52:53] 2道第3台停车器通信超时
[2025-06-23 15:52:53] 2道防溜器通信超时
[2025-06-23 15:52:53] 3道第1台停车器通信超时
[2025-06-23 15:52:53] 3道第2台停车器通信超时
[2025-06-23 15:52:53] 3道第3台停车器通信超时
[2025-06-23 15:52:53] 3道防溜器通信超时
[2025-06-23 15:52:53] 4道第1台停车器通信超时
[2025-06-23 15:52:53] 4道第2台停车器通信超时
[2025-06-23 15:52:53] 4道第3台停车器通信超时
[2025-06-23 15:52:53] 4道防溜器通信超时
[2025-06-23 15:52:53] 5道第1台停车器通信超时
[2025-06-23 15:52:53] 5道第2台停车器通信超时
[2025-06-23 15:52:53] 5道第3台停车器通信超时
[2025-06-23 15:52:53] 5道防溜器通信超时
[2025-06-23 15:52:53] 6道第1台停车器通信超时
[2025-06-23 15:52:53] 6道第2台停车器通信超时
[2025-06-23 15:52:53] 6道第3台停车器通信超时
[2025-06-23 15:52:53] 6道防溜器通信超时
[2025-06-23 15:52:53] 7道第1台停车器通信超时
[2025-06-23 15:52:53] 7道第2台停车器通信超时
[2025-06-23 15:52:53] 7道第3台停车器通信超时
[2025-06-23 15:52:53] 7道防溜器通信超时
[2025-06-23 15:52:53] 8道第1台停车器通信超时
[2025-06-23 15:52:53] 8道第2台停车器通信超时
[2025-06-23 15:52:53] 8道第3台停车器通信超时
[2025-06-23 15:52:53] 8道防溜器通信超时
[2025-06-23 15:52:53] 9道第1台停车器通信超时
[2025-06-23 15:52:53] 9道第2台停车器通信超时
[2025-06-23 15:52:53] 9道第3台停车器通信超时
[2025-06-23 15:52:53] 9道防溜器通信超时
[2025-06-23 15:52:53] 10道第1台停车器通信超时
[2025-06-23 15:52:53] 10道第2台停车器通信超时
[2025-06-23 15:52:53] 10道第3台停车器通信超时
[2025-06-23 15:52:53] 10道防溜器通信超时
[2025-06-23 15:52:53] 11道第1台停车器通信超时
[2025-06-23 15:52:53] 11道第2台停车器通信超时
[2025-06-23 15:52:53] 11道第3台停车器通信超时
[2025-06-23 15:52:53] 11道防溜器通信超时
[2025-06-23 15:52:53] 12道第1台停车器通信超时
[2025-06-23 15:52:53] 12道第2台停车器通信超时
[2025-06-23 15:52:53] 12道第3台停车器通信超时
[2025-06-23 15:52:53] 12道防溜器通信超时
[2025-06-23 15:52:53] 13道第1台停车器通信超时
[2025-06-23 15:52:53] 13道第2台停车器通信超时
[2025-06-23 15:52:53] 13道第3台停车器通信超时
[2025-06-23 15:52:53] 13道防溜器通信超时
[2025-06-23 15:52:53] 14道第1台停车器通信超时
[2025-06-23 15:52:53] 14道第2台停车器通信超时
[2025-06-23 15:52:53] 14道第3台停车器通信超时
[2025-06-23 15:52:53] 14道防溜器通信超时
[2025-06-23 15:52:53] 15道第1台停车器通信超时
[2025-06-23 15:52:53] 15道第2台停车器通信超时
[2025-06-23 15:52:53] 15道第3台停车器通信超时
[2025-06-23 15:52:53] 15道防溜器通信超时
[2025-06-23 15:52:53] 16道第1台停车器通信超时
[2025-06-23 15:52:53] 16道第2台停车器通信超时
[2025-06-23 15:52:53] 16道第3台停车器通信超时
[2025-06-23 15:52:53] 16道防溜器通信超时
[2025-06-23 15:52:53] 17道第1台停车器通信超时
[2025-06-23 15:52:53] 17道第2台停车器通信超时
[2025-06-23 15:52:53] 17道第3台停车器通信超时
[2025-06-23 15:52:53] 17道防溜器通信超时
[2025-06-23 15:52:53] 18道第1台停车器通信超时
[2025-06-23 15:52:53] 18道第2台停车器通信超时
[2025-06-23 15:52:53] 18道第3台停车器通信超时
[2025-06-23 15:52:53] 18道防溜器通信超时
[2025-06-23 15:52:53] 19道第1台停车器通信超时
[2025-06-23 15:52:53] 19道第2台停车器通信超时
[2025-06-23 15:52:53] 19道第3台停车器通信超时
[2025-06-23 15:52:53] 19道防溜器通信超时
[2025-06-23 15:52:53] 20道第1台停车器通信超时
[2025-06-23 15:52:53] 20道第2台停车器通信超时
[2025-06-23 15:52:53] 20道第3台停车器通信超时
[2025-06-23 15:52:53] 20道防溜器通信超时
[2025-06-23 15:52:53] 21道第1台停车器通信超时
[2025-06-23 15:52:53] 21道第2台停车器通信超时
[2025-06-23 15:52:53] 21道第3台停车器通信超时
[2025-06-23 15:52:53] 21道防溜器通信超时
[2025-06-23 15:52:53] 22道第1台停车器通信超时
[2025-06-23 15:52:53] 22道第2台停车器通信超时
[2025-06-23 15:52:53] 22道第3台停车器通信超时
[2025-06-23 15:52:53] 22道防溜器通信超时
[2025-06-23 15:52:53] 23道第1台停车器通信超时
[2025-06-23 15:52:53] 23道第2台停车器通信超时
[2025-06-23 15:52:53] 23道第3台停车器通信超时
[2025-06-23 15:52:53] 23道防溜器通信超时
[2025-06-23 15:52:53] 24道第1台停车器通信超时
[2025-06-23 15:52:53] 24道第2台停车器通信超时
[2025-06-23 15:52:53] 24道第3台停车器通信超时
[2025-06-23 15:52:53] 24道防溜器通信超时
[2025-06-23 15:52:55] 用户取消了集控模式切换
[2025-06-23 15:52:59] 用户取消了集控模式切换
[2025-06-23 15:53:01] 用户取消了场控模式切换
[2025-06-23 15:55:46] A机进入主用状态
[2025-06-23 15:55:46] A机在线
[2025-06-23 15:55:46] B机进入备用状态
[2025-06-23 15:55:46] B机离线
[2025-06-23 15:55:51] 2道第1台停车器通信超时
[2025-06-23 15:55:51] 2道第2台停车器通信超时
[2025-06-23 15:55:51] 2道第3台停车器通信超时
[2025-06-23 15:55:51] 2道防溜器通信超时
[2025-06-23 15:55:51] 3道第1台停车器通信超时
[2025-06-23 15:55:51] 3道第2台停车器通信超时
[2025-06-23 15:55:51] 3道第3台停车器通信超时
[2025-06-23 15:55:51] 3道防溜器通信超时
[2025-06-23 15:55:51] 4道第1台停车器通信超时
[2025-06-23 15:55:51] 4道第2台停车器通信超时
[2025-06-23 15:55:51] 4道第3台停车器通信超时
[2025-06-23 15:55:51] 4道防溜器通信超时
[2025-06-23 15:55:51] 5道第1台停车器通信超时
[2025-06-23 15:55:51] 5道第2台停车器通信超时
[2025-06-23 15:55:51] 5道第3台停车器通信超时
[2025-06-23 15:55:51] 5道防溜器通信超时
[2025-06-23 15:55:51] 6道第1台停车器通信超时
[2025-06-23 15:55:51] 6道第2台停车器通信超时
[2025-06-23 15:55:51] 6道第3台停车器通信超时
[2025-06-23 15:55:51] 6道防溜器通信超时
[2025-06-23 15:55:51] 7道第1台停车器通信超时
[2025-06-23 15:55:51] 7道第2台停车器通信超时
[2025-06-23 15:55:51] 7道第3台停车器通信超时
[2025-06-23 15:55:51] 7道防溜器通信超时
[2025-06-23 15:55:51] 8道第1台停车器通信超时
[2025-06-23 15:55:51] 8道第2台停车器通信超时
[2025-06-23 15:55:51] 8道第3台停车器通信超时
[2025-06-23 15:55:51] 8道防溜器通信超时
[2025-06-23 15:55:51] 9道第1台停车器通信超时
[2025-06-23 15:55:51] 9道第2台停车器通信超时
[2025-06-23 15:55:51] 9道第3台停车器通信超时
[2025-06-23 15:55:51] 9道防溜器通信超时
[2025-06-23 15:55:51] 10道第1台停车器通信超时
[2025-06-23 15:55:51] 10道第2台停车器通信超时
[2025-06-23 15:55:51] 10道第3台停车器通信超时
[2025-06-23 15:55:51] 10道防溜器通信超时
[2025-06-23 15:55:51] 11道第1台停车器通信超时
[2025-06-23 15:55:51] 11道第2台停车器通信超时
[2025-06-23 15:55:51] 11道第3台停车器通信超时
[2025-06-23 15:55:51] 11道防溜器通信超时
[2025-06-23 15:55:51] 12道第1台停车器通信超时
[2025-06-23 15:55:51] 12道第2台停车器通信超时
[2025-06-23 15:55:51] 12道第3台停车器通信超时
[2025-06-23 15:55:51] 12道防溜器通信超时
[2025-06-23 15:55:51] 13道第1台停车器通信超时
[2025-06-23 15:55:51] 13道第2台停车器通信超时
[2025-06-23 15:55:51] 13道第3台停车器通信超时
[2025-06-23 15:55:51] 13道防溜器通信超时
[2025-06-23 15:55:51] 14道第1台停车器通信超时
[2025-06-23 15:55:51] 14道第2台停车器通信超时
[2025-06-23 15:55:51] 14道第3台停车器通信超时
[2025-06-23 15:55:51] 14道防溜器通信超时
[2025-06-23 15:55:51] 15道第1台停车器通信超时
[2025-06-23 15:55:51] 15道第2台停车器通信超时
[2025-06-23 15:55:51] 15道第3台停车器通信超时
[2025-06-23 15:55:51] 15道防溜器通信超时
[2025-06-23 15:55:51] 16道第1台停车器通信超时
[2025-06-23 15:55:51] 16道第2台停车器通信超时
[2025-06-23 15:55:51] 16道第3台停车器通信超时
[2025-06-23 15:55:51] 16道防溜器通信超时
[2025-06-23 15:55:51] 17道第1台停车器通信超时
[2025-06-23 15:55:51] 17道第2台停车器通信超时
[2025-06-23 15:55:51] 17道第3台停车器通信超时
[2025-06-23 15:55:51] 17道防溜器通信超时
[2025-06-23 15:55:51] 18道第1台停车器通信超时
[2025-06-23 15:55:51] 18道第2台停车器通信超时
[2025-06-23 15:55:51] 18道第3台停车器通信超时
[2025-06-23 15:55:51] 18道防溜器通信超时
[2025-06-23 15:55:51] 19道第1台停车器通信超时
[2025-06-23 15:55:51] 19道第2台停车器通信超时
[2025-06-23 15:55:51] 19道第3台停车器通信超时
[2025-06-23 15:55:51] 19道防溜器通信超时
[2025-06-23 15:55:51] 20道第1台停车器通信超时
[2025-06-23 15:55:51] 20道第2台停车器通信超时
[2025-06-23 15:55:51] 20道第3台停车器通信超时
[2025-06-23 15:55:51] 20道防溜器通信超时
[2025-06-23 15:55:51] 21道第1台停车器通信超时
[2025-06-23 15:55:51] 21道第2台停车器通信超时
[2025-06-23 15:55:51] 21道第3台停车器通信超时
[2025-06-23 15:55:51] 21道防溜器通信超时
[2025-06-23 15:55:51] 22道第1台停车器通信超时
[2025-06-23 15:55:51] 22道第2台停车器通信超时
[2025-06-23 15:55:51] 22道第3台停车器通信超时
[2025-06-23 15:55:51] 22道防溜器通信超时
[2025-06-23 15:55:51] 23道第1台停车器通信超时
[2025-06-23 15:55:51] 23道第2台停车器通信超时
[2025-06-23 15:55:51] 23道第3台停车器通信超时
[2025-06-23 15:55:51] 23道防溜器通信超时
[2025-06-23 15:55:51] 24道第1台停车器通信超时
[2025-06-23 15:55:51] 24道第2台停车器通信超时
[2025-06-23 15:55:51] 24道第3台停车器通信超时
[2025-06-23 15:55:51] 24道防溜器通信超时
[2025-06-23 16:12:31] A机进入主用状态
[2025-06-23 16:12:31] A机在线
[2025-06-23 16:12:31] B机进入备用状态
[2025-06-23 16:12:31] B机离线
[2025-06-23 16:12:36] 2道第1台停车器通信超时
[2025-06-23 16:12:36] 2道第2台停车器通信超时
[2025-06-23 16:12:36] 2道第3台停车器通信超时
[2025-06-23 16:12:36] 2道防溜器通信超时
[2025-06-23 16:12:36] 3道第1台停车器通信超时
[2025-06-23 16:12:36] 3道第2台停车器通信超时
[2025-06-23 16:12:36] 3道第3台停车器通信超时
[2025-06-23 16:12:36] 3道防溜器通信超时
[2025-06-23 16:12:36] 4道第1台停车器通信超时
[2025-06-23 16:12:36] 4道第2台停车器通信超时
[2025-06-23 16:12:36] 4道第3台停车器通信超时
[2025-06-23 16:12:36] 4道防溜器通信超时
[2025-06-23 16:12:36] 5道第1台停车器通信超时
[2025-06-23 16:12:36] 5道第2台停车器通信超时
[2025-06-23 16:12:36] 5道第3台停车器通信超时
[2025-06-23 16:12:36] 5道防溜器通信超时
[2025-06-23 16:12:36] 6道第1台停车器通信超时
[2025-06-23 16:12:36] 6道第2台停车器通信超时
[2025-06-23 16:12:36] 6道第3台停车器通信超时
[2025-06-23 16:12:36] 6道防溜器通信超时
[2025-06-23 16:12:36] 7道第1台停车器通信超时
[2025-06-23 16:12:36] 7道第2台停车器通信超时
[2025-06-23 16:12:36] 7道第3台停车器通信超时
[2025-06-23 16:12:36] 7道防溜器通信超时
[2025-06-23 16:12:36] 8道第1台停车器通信超时
[2025-06-23 16:12:36] 8道第2台停车器通信超时
[2025-06-23 16:12:36] 8道第3台停车器通信超时
[2025-06-23 16:12:36] 8道防溜器通信超时
[2025-06-23 16:12:36] 9道第1台停车器通信超时
[2025-06-23 16:12:36] 9道第2台停车器通信超时
[2025-06-23 16:12:36] 9道第3台停车器通信超时
[2025-06-23 16:12:36] 9道防溜器通信超时
[2025-06-23 16:12:36] 10道第1台停车器通信超时
[2025-06-23 16:12:36] 10道第2台停车器通信超时
[2025-06-23 16:12:36] 10道第3台停车器通信超时
[2025-06-23 16:12:36] 10道防溜器通信超时
[2025-06-23 16:12:36] 11道第1台停车器通信超时
[2025-06-23 16:12:36] 11道第2台停车器通信超时
[2025-06-23 16:12:36] 11道第3台停车器通信超时
[2025-06-23 16:12:36] 11道防溜器通信超时
[2025-06-23 16:12:36] 12道第1台停车器通信超时
[2025-06-23 16:12:36] 12道第2台停车器通信超时
[2025-06-23 16:12:36] 12道第3台停车器通信超时
[2025-06-23 16:12:36] 12道防溜器通信超时
[2025-06-23 16:12:36] 13道第1台停车器通信超时
[2025-06-23 16:12:36] 13道第2台停车器通信超时
[2025-06-23 16:12:36] 13道第3台停车器通信超时
[2025-06-23 16:12:36] 13道防溜器通信超时
[2025-06-23 16:12:36] 14道第1台停车器通信超时
[2025-06-23 16:12:36] 14道第2台停车器通信超时
[2025-06-23 16:12:36] 14道第3台停车器通信超时
[2025-06-23 16:12:36] 14道防溜器通信超时
[2025-06-23 16:12:36] 15道第1台停车器通信超时
[2025-06-23 16:12:36] 15道第2台停车器通信超时
[2025-06-23 16:12:36] 15道第3台停车器通信超时
[2025-06-23 16:12:37] 15道防溜器通信超时
[2025-06-23 16:12:37] 16道第1台停车器通信超时
[2025-06-23 16:12:37] 16道第2台停车器通信超时
[2025-06-23 16:12:37] 16道第3台停车器通信超时
[2025-06-23 16:12:37] 16道防溜器通信超时
[2025-06-23 16:12:37] 17道第1台停车器通信超时
[2025-06-23 16:12:37] 17道第2台停车器通信超时
[2025-06-23 16:12:37] 17道第3台停车器通信超时
[2025-06-23 16:12:37] 17道防溜器通信超时
[2025-06-23 16:12:37] 18道第1台停车器通信超时
[2025-06-23 16:12:37] 18道第2台停车器通信超时
[2025-06-23 16:12:37] 18道第3台停车器通信超时
[2025-06-23 16:12:37] 18道防溜器通信超时
[2025-06-23 16:12:37] 19道第1台停车器通信超时
[2025-06-23 16:12:37] 19道第2台停车器通信超时
[2025-06-23 16:12:37] 19道第3台停车器通信超时
[2025-06-23 16:12:37] 19道防溜器通信超时
[2025-06-23 16:12:37] 20道第1台停车器通信超时
[2025-06-23 16:12:37] 20道第2台停车器通信超时
[2025-06-23 16:12:37] 20道第3台停车器通信超时
[2025-06-23 16:12:37] 20道防溜器通信超时
[2025-06-23 16:12:37] 21道第1台停车器通信超时
[2025-06-23 16:12:37] 21道第2台停车器通信超时
[2025-06-23 16:12:37] 21道第3台停车器通信超时
[2025-06-23 16:12:37] 21道防溜器通信超时
[2025-06-23 16:12:37] 22道第1台停车器通信超时
[2025-06-23 16:12:37] 22道第2台停车器通信超时
[2025-06-23 16:12:37] 22道第3台停车器通信超时
[2025-06-23 16:12:37] 22道防溜器通信超时
[2025-06-23 16:12:37] 23道第1台停车器通信超时
[2025-06-23 16:12:37] 23道第2台停车器通信超时
[2025-06-23 16:12:37] 23道第3台停车器通信超时
[2025-06-23 16:12:37] 23道防溜器通信超时
[2025-06-23 16:12:37] 24道第1台停车器通信超时
[2025-06-23 16:12:37] 24道第2台停车器通信超时
[2025-06-23 16:12:37] 24道第3台停车器通信超时
[2025-06-23 16:12:37] 24道防溜器通信超时
