[2025-06-27 16:39:19] A机进入主用状态
[2025-06-27 16:39:19] A机在线
[2025-06-27 16:39:19] B机进入备用状态
[2025-06-27 16:39:19] B机离线
[2025-06-27 16:39:20] 2道第1台停车器进入运行模式
[2025-06-27 16:39:20] 2道第1台停车器缓解到位
[2025-06-27 16:39:20] [警告] 收到非法设备编号：2（功能：STOPPER）
[2025-06-27 16:39:20] [警告] 收到非法设备编号：3（功能：STOPPER）
[2025-06-27 16:39:21] [警告] 收到非法设备编号：2（功能：STOPPER）
[2025-06-27 16:39:21] [警告] 收到非法设备编号：3（功能：STOPPER）
[2025-06-27 16:39:22] [警告] 收到非法设备编号：2（功能：STOPPER）
[2025-06-27 16:39:22] [警告] 收到非法设备编号：3（功能：STOPPER）
[2025-06-27 16:39:23] [警告] 收到非法设备编号：2（功能：STOPPER）
[2025-06-27 16:39:23] [警告] 收到非法设备编号：3（功能：STOPPER）
[2025-06-27 16:39:24] 2道第2台停车器通信超时
[2025-06-27 16:39:24] 2道第3台停车器通信超时
[2025-06-27 16:39:24] 2道防溜器通信超时
[2025-06-27 16:39:24] 3道第1台停车器通信超时
[2025-06-27 16:39:24] 3道第2台停车器通信超时
[2025-06-27 16:39:24] 3道第3台停车器通信超时
[2025-06-27 16:39:24] 3道防溜器通信超时
[2025-06-27 16:39:24] 4道第1台停车器通信超时
[2025-06-27 16:39:24] 4道第2台停车器通信超时
[2025-06-27 16:39:24] 4道第3台停车器通信超时
[2025-06-27 16:39:24] 4道防溜器通信超时
[2025-06-27 16:39:24] 5道第1台停车器通信超时
[2025-06-27 16:39:24] 5道第2台停车器通信超时
[2025-06-27 16:39:24] 5道第3台停车器通信超时
[2025-06-27 16:39:24] 5道防溜器通信超时
[2025-06-27 16:39:24] 6道第1台停车器通信超时
[2025-06-27 16:39:24] 6道第2台停车器通信超时
[2025-06-27 16:39:24] 6道第3台停车器通信超时
[2025-06-27 16:39:24] 6道防溜器通信超时
[2025-06-27 16:39:24] 7道第1台停车器通信超时
[2025-06-27 16:39:24] 7道第2台停车器通信超时
[2025-06-27 16:39:24] 7道第3台停车器通信超时
[2025-06-27 16:39:24] 7道防溜器通信超时
[2025-06-27 16:39:24] 8道第1台停车器通信超时
[2025-06-27 16:39:24] 8道第2台停车器通信超时
[2025-06-27 16:39:24] 8道第3台停车器通信超时
[2025-06-27 16:39:24] 8道防溜器通信超时
[2025-06-27 16:39:24] 9道第1台停车器通信超时
[2025-06-27 16:39:24] 9道第2台停车器通信超时
[2025-06-27 16:39:24] 9道第3台停车器通信超时
[2025-06-27 16:39:24] 9道防溜器通信超时
[2025-06-27 16:39:24] 10道第1台停车器通信超时
[2025-06-27 16:39:24] 10道第2台停车器通信超时
[2025-06-27 16:39:24] 10道第3台停车器通信超时
[2025-06-27 16:39:24] 10道防溜器通信超时
[2025-06-27 16:39:24] 11道第1台停车器通信超时
[2025-06-27 16:39:24] 11道第2台停车器通信超时
[2025-06-27 16:39:24] 11道第3台停车器通信超时
[2025-06-27 16:39:24] 11道防溜器通信超时
[2025-06-27 16:39:24] 12道第1台停车器通信超时
[2025-06-27 16:39:24] 12道第2台停车器通信超时
[2025-06-27 16:39:24] 12道第3台停车器通信超时
[2025-06-27 16:39:24] 12道防溜器通信超时
[2025-06-27 16:39:24] 13道第1台停车器通信超时
[2025-06-27 16:39:24] 13道第2台停车器通信超时
[2025-06-27 16:39:24] 13道第3台停车器通信超时
[2025-06-27 16:39:24] 13道防溜器通信超时
[2025-06-27 16:39:24] 14道第1台停车器通信超时
[2025-06-27 16:39:24] 14道第2台停车器通信超时
[2025-06-27 16:39:24] 14道第3台停车器通信超时
[2025-06-27 16:39:24] 14道防溜器通信超时
[2025-06-27 16:39:24] 15道第1台停车器通信超时
[2025-06-27 16:39:24] 15道第2台停车器通信超时
[2025-06-27 16:39:24] 15道第3台停车器通信超时
[2025-06-27 16:39:24] 15道防溜器通信超时
[2025-06-27 16:39:24] 16道第1台停车器通信超时
[2025-06-27 16:39:24] 16道第2台停车器通信超时
[2025-06-27 16:39:24] 16道第3台停车器通信超时
[2025-06-27 16:39:24] 16道防溜器通信超时
[2025-06-27 16:39:24] 17道第1台停车器通信超时
[2025-06-27 16:39:24] 17道第2台停车器通信超时
[2025-06-27 16:39:24] 17道第3台停车器通信超时
[2025-06-27 16:39:24] 17道防溜器通信超时
[2025-06-27 16:39:24] 18道第1台停车器通信超时
[2025-06-27 16:39:24] 18道第2台停车器通信超时
[2025-06-27 16:39:24] 18道第3台停车器通信超时
[2025-06-27 16:39:24] 18道防溜器通信超时
[2025-06-27 16:39:24] 19道第1台停车器通信超时
[2025-06-27 16:39:24] 19道第2台停车器通信超时
[2025-06-27 16:39:24] 19道第3台停车器通信超时
[2025-06-27 16:39:24] 19道防溜器通信超时
[2025-06-27 16:39:24] 20道第1台停车器通信超时
[2025-06-27 16:39:24] 20道第2台停车器通信超时
[2025-06-27 16:39:24] 20道第3台停车器通信超时
[2025-06-27 16:39:24] 20道防溜器通信超时
[2025-06-27 16:39:24] 21道第1台停车器通信超时
[2025-06-27 16:39:24] 21道第2台停车器通信超时
[2025-06-27 16:39:24] 21道第3台停车器通信超时
[2025-06-27 16:39:24] 21道防溜器通信超时
[2025-06-27 16:39:24] 22道第1台停车器通信超时
[2025-06-27 16:39:24] 22道第2台停车器通信超时
[2025-06-27 16:39:24] 22道第3台停车器通信超时
[2025-06-27 16:39:24] 22道防溜器通信超时
[2025-06-27 16:39:24] 23道第1台停车器通信超时
[2025-06-27 16:39:24] 23道第2台停车器通信超时
[2025-06-27 16:39:24] 23道第3台停车器通信超时
[2025-06-27 16:39:24] 23道防溜器通信超时
[2025-06-27 16:39:24] 24道第1台停车器通信超时
[2025-06-27 16:39:24] 24道第2台停车器通信超时
[2025-06-27 16:39:24] 24道第3台停车器通信超时
[2025-06-27 16:39:24] 24道防溜器通信超时
[2025-06-27 16:39:29] 2道第1台停车器通信超时
[2025-06-27 16:41:07] 2道第1台防溜器进入运行模式
[2025-06-27 16:41:07] 2道防溜器缓解到位（远程）
[2025-06-27 16:41:07] 21道第1台防溜器进入检修模式
[2025-06-27 16:41:07] 21道防溜器处于现场（检修）状态
[2025-06-27 16:41:07] 21道防溜器副鞋1走鞋
[2025-06-27 16:41:07] 21道防溜器副鞋2走鞋
[2025-06-27 16:41:08] [警告] 收到非法设备编号：2（功能：STOPPER）
[2025-06-27 16:41:08] 2道第1台停车器缓解到位
[2025-06-27 16:41:08] [警告] 收到非法设备编号：3（功能：STOPPER）
[2025-06-27 16:41:09] [警告] 收到非法设备编号：2（功能：STOPPER）
[2025-06-27 16:41:09] [警告] 收到非法设备编号：3（功能：STOPPER）
[2025-06-27 16:41:10] [警告] 收到非法设备编号：2（功能：STOPPER）
[2025-06-27 16:41:10] [警告] 收到非法设备编号：3（功能：STOPPER）
[2025-06-27 16:41:11] [警告] 收到非法设备编号：2（功能：STOPPER）
[2025-06-27 16:41:11] [警告] 收到非法设备编号：3（功能：STOPPER）
[2025-06-27 16:41:12] [警告] 收到非法设备编号：2（功能：STOPPER）
[2025-06-27 16:41:12] [警告] 收到非法设备编号：3（功能：STOPPER）
[2025-06-27 16:41:12] 2道防溜器故障：鞋位与电机位缓解表示不一致
[2025-06-27 16:41:13] [警告] 收到非法设备编号：2（功能：STOPPER）
[2025-06-27 16:41:13] [警告] 收到非法设备编号：3（功能：STOPPER）
[2025-06-27 16:41:14] [警告] 收到非法设备编号：2（功能：STOPPER）
[2025-06-27 16:41:14] [警告] 收到非法设备编号：3（功能：STOPPER）
[2025-06-27 16:41:15] [警告] 收到非法设备编号：2（功能：STOPPER）
[2025-06-27 16:41:15] [警告] 收到非法设备编号：3（功能：STOPPER）
[2025-06-27 16:41:16] [警告] 收到非法设备编号：2（功能：STOPPER）
[2025-06-27 16:41:16] [警告] 收到非法设备编号：3（功能：STOPPER）
[2025-06-27 16:41:17] [警告] 收到非法设备编号：2（功能：STOPPER）
[2025-06-27 16:41:17] [警告] 收到非法设备编号：3（功能：STOPPER）
[2025-06-27 16:41:18] [警告] 收到非法设备编号：2（功能：STOPPER）
[2025-06-27 16:41:18] [警告] 收到非法设备编号：3（功能：STOPPER）
[2025-06-27 16:41:19] [警告] 收到非法设备编号：3（功能：STOPPER）
[2025-06-27 16:41:19] [警告] 收到非法设备编号：2（功能：STOPPER）
[2025-06-27 16:41:20] [警告] 收到非法设备编号：3（功能：STOPPER）
[2025-06-27 16:41:20] [警告] 收到非法设备编号：2（功能：STOPPER）
[2025-06-27 16:41:21] [警告] 收到非法设备编号：2（功能：STOPPER）
[2025-06-27 16:41:21] [警告] 收到非法设备编号：3（功能：STOPPER）
[2025-06-27 16:41:22] [警告] 收到非法设备编号：2（功能：STOPPER）
[2025-06-27 16:41:22] [警告] 收到非法设备编号：3（功能：STOPPER）
[2025-06-27 16:41:23] [警告] 收到非法设备编号：3（功能：STOPPER）
[2025-06-27 16:41:23] [警告] 收到非法设备编号：2（功能：STOPPER）
[2025-06-27 16:41:24] [警告] 收到非法设备编号：2（功能：STOPPER）
[2025-06-27 16:41:24] [警告] 收到非法设备编号：3（功能：STOPPER）
[2025-06-27 16:41:25] [警告] 收到非法设备编号：2（功能：STOPPER）
[2025-06-27 16:41:25] [警告] 收到非法设备编号：3（功能：STOPPER）
[2025-06-27 16:41:26] [警告] 收到非法设备编号：2（功能：STOPPER）
[2025-06-27 16:41:26] [警告] 收到非法设备编号：3（功能：STOPPER）
[2025-06-27 16:41:27] [警告] 收到非法设备编号：3（功能：STOPPER）
[2025-06-27 16:41:27] [警告] 收到非法设备编号：2（功能：STOPPER）
[2025-06-27 16:41:28] [警告] 收到非法设备编号：2（功能：STOPPER）
[2025-06-27 16:41:28] [警告] 收到非法设备编号：3（功能：STOPPER）
[2025-06-27 16:41:29] [警告] 收到非法设备编号：2（功能：STOPPER）
[2025-06-27 16:41:29] [警告] 收到非法设备编号：3（功能：STOPPER）
[2025-06-27 16:41:30] [警告] 收到非法设备编号：2（功能：STOPPER）
[2025-06-27 16:41:30] [警告] 收到非法设备编号：3（功能：STOPPER）
[2025-06-27 16:41:31] [警告] 收到非法设备编号：3（功能：STOPPER）
[2025-06-27 16:41:31] [警告] 收到非法设备编号：2（功能：STOPPER）
[2025-06-27 16:41:32] [警告] 收到非法设备编号：3（功能：STOPPER）
[2025-06-27 16:41:32] [警告] 收到非法设备编号：2（功能：STOPPER）
[2025-06-27 16:41:33] [警告] 收到非法设备编号：3（功能：STOPPER）
[2025-06-27 16:41:33] [警告] 收到非法设备编号：2（功能：STOPPER）
[2025-06-27 16:41:34] [警告] 收到非法设备编号：2（功能：STOPPER）
[2025-06-27 16:41:34] [警告] 收到非法设备编号：3（功能：STOPPER）
[2025-06-27 16:41:35] [警告] 收到非法设备编号：2（功能：STOPPER）
[2025-06-27 16:41:35] [警告] 收到非法设备编号：3（功能：STOPPER）
[2025-06-27 16:41:36] [警告] 收到非法设备编号：3（功能：STOPPER）
[2025-06-27 16:41:36] [警告] 收到非法设备编号：2（功能：STOPPER）
[2025-06-27 16:41:37] [警告] 收到非法设备编号：2（功能：STOPPER）
[2025-06-27 16:41:37] [警告] 收到非法设备编号：3（功能：STOPPER）
[2025-06-27 16:41:38] [警告] 收到非法设备编号：3（功能：STOPPER）
[2025-06-27 16:41:38] [警告] 收到非法设备编号：2（功能：STOPPER）
[2025-06-27 16:41:39] [警告] 收到非法设备编号：2（功能：STOPPER）
[2025-06-27 16:41:39] [警告] 收到非法设备编号：3（功能：STOPPER）
[2025-06-27 16:41:40] [警告] 收到非法设备编号：2（功能：STOPPER）
[2025-06-27 16:41:40] [警告] 收到非法设备编号：3（功能：STOPPER）
[2025-06-27 16:41:41] [警告] 收到非法设备编号：2（功能：STOPPER）
[2025-06-27 16:41:41] [警告] 收到非法设备编号：3（功能：STOPPER）
[2025-06-27 16:41:42] [警告] 收到非法设备编号：2（功能：STOPPER）
[2025-06-27 16:41:42] [警告] 收到非法设备编号：3（功能：STOPPER）
[2025-06-27 16:41:43] [警告] 收到非法设备编号：2（功能：STOPPER）
[2025-06-27 16:41:43] [警告] 收到非法设备编号：3（功能：STOPPER）
[2025-06-27 16:41:44] [警告] 收到非法设备编号：2（功能：STOPPER）
[2025-06-27 16:41:44] [警告] 收到非法设备编号：3（功能：STOPPER）
[2025-06-27 16:41:45] [警告] 收到非法设备编号：2（功能：STOPPER）
[2025-06-27 16:41:45] [警告] 收到非法设备编号：3（功能：STOPPER）
[2025-06-27 16:41:46] [警告] 收到非法设备编号：2（功能：STOPPER）
[2025-06-27 16:41:46] [警告] 收到非法设备编号：3（功能：STOPPER）
[2025-06-27 16:41:46] 用户确认切换为集控模式，已发送 ACQ 指令
[2025-06-27 16:41:47] [警告] 收到非法设备编号：2（功能：STOPPER）
[2025-06-27 16:41:47] [警告] 收到非法设备编号：3（功能：STOPPER）
[2025-06-27 16:41:48] [警告] 收到非法设备编号：2（功能：STOPPER）
[2025-06-27 16:41:48] [警告] 收到非法设备编号：3（功能：STOPPER）
[2025-06-27 16:41:49] [警告] 收到非法设备编号：2（功能：STOPPER）
[2025-06-27 16:41:49] [警告] 收到非法设备编号：3（功能：STOPPER）
[2025-06-27 16:41:50] [警告] 收到非法设备编号：3（功能：STOPPER）
[2025-06-27 16:41:50] [警告] 收到非法设备编号：2（功能：STOPPER）
[2025-06-27 16:41:51] [警告] 收到非法设备编号：3（功能：STOPPER）
[2025-06-27 16:41:51] [警告] 收到非法设备编号：2（功能：STOPPER）
[2025-06-27 16:41:52] [警告] 收到非法设备编号：2（功能：STOPPER）
[2025-06-27 16:41:52] [警告] 收到非法设备编号：3（功能：STOPPER）
[2025-06-27 16:41:53] [警告] 收到非法设备编号：2（功能：STOPPER）
[2025-06-27 16:41:53] [警告] 收到非法设备编号：3（功能：STOPPER）
[2025-06-27 16:41:54] [警告] 收到非法设备编号：2（功能：STOPPER）
[2025-06-27 16:41:54] [警告] 收到非法设备编号：3（功能：STOPPER）
[2025-06-27 16:41:55] [警告] 收到非法设备编号：2（功能：STOPPER）
[2025-06-27 16:41:55] [警告] 收到非法设备编号：3（功能：STOPPER）
[2025-06-27 16:41:55] SAM控制（2道）停车器 制动
[2025-06-27 16:41:58] 2道第1台停车器制动到位
[2025-06-27 16:41:58] [警告] 收到非法设备编号：2（功能：STOPPER）
[2025-06-27 16:41:58] [警告] 收到非法设备编号：3（功能：STOPPER）
[2025-06-27 16:41:59] [警告] 收到非法设备编号：3（功能：STOPPER）
[2025-06-27 16:41:59] [警告] 收到非法设备编号：2（功能：STOPPER）
[2025-06-27 16:42:00] [警告] 收到非法设备编号：2（功能：STOPPER）
[2025-06-27 16:42:00] [警告] 收到非法设备编号：3（功能：STOPPER）
[2025-06-27 16:42:01] [警告] 收到非法设备编号：2（功能：STOPPER）
[2025-06-27 16:42:01] [警告] 收到非法设备编号：3（功能：STOPPER）
[2025-06-27 16:42:02] [警告] 收到非法设备编号：2（功能：STOPPER）
[2025-06-27 16:42:02] [警告] 收到非法设备编号：3（功能：STOPPER）
[2025-06-27 16:42:03] [警告] 收到非法设备编号：2（功能：STOPPER）
[2025-06-27 16:42:03] [警告] 收到非法设备编号：3（功能：STOPPER）
[2025-06-27 16:42:04] [警告] 收到非法设备编号：2（功能：STOPPER）
[2025-06-27 16:42:04] [警告] 收到非法设备编号：3（功能：STOPPER）
[2025-06-27 16:42:04] SAM控制（2道）停车器 缓解
[2025-06-27 16:42:07] 2道第1台停车器第1、4个电磁阀故障
[2025-06-27 16:42:07] [警告] 收到非法设备编号：2（功能：STOPPER）
[2025-06-27 16:42:07] [警告] 收到非法设备编号：3（功能：STOPPER）
[2025-06-27 16:42:08] [警告] 收到非法设备编号：2（功能：STOPPER）
[2025-06-27 16:42:08] [警告] 收到非法设备编号：3（功能：STOPPER）
[2025-06-27 16:42:09] [警告] 收到非法设备编号：3（功能：STOPPER）
[2025-06-27 16:42:09] [警告] 收到非法设备编号：2（功能：STOPPER）
[2025-06-27 16:42:10] [警告] 收到非法设备编号：3（功能：STOPPER）
[2025-06-27 16:42:10] [警告] 收到非法设备编号：2（功能：STOPPER）
[2025-06-27 16:42:11] [警告] 收到非法设备编号：2（功能：STOPPER）
[2025-06-27 16:42:11] [警告] 收到非法设备编号：3（功能：STOPPER）
[2025-06-27 16:42:12] [警告] 收到非法设备编号：2（功能：STOPPER）
[2025-06-27 16:42:12] [警告] 收到非法设备编号：3（功能：STOPPER）
[2025-06-27 16:42:13] [警告] 收到非法设备编号：2（功能：STOPPER）
[2025-06-27 16:42:13] [警告] 收到非法设备编号：3（功能：STOPPER）
[2025-06-27 16:42:14] [警告] 收到非法设备编号：2（功能：STOPPER）
[2025-06-27 16:42:14] [警告] 收到非法设备编号：3（功能：STOPPER）
[2025-06-27 16:42:15] [警告] 收到非法设备编号：2（功能：STOPPER）
[2025-06-27 16:42:15] [警告] 收到非法设备编号：3（功能：STOPPER）
[2025-06-27 16:42:16] [警告] 收到非法设备编号：2（功能：STOPPER）
[2025-06-27 16:42:16] [警告] 收到非法设备编号：3（功能：STOPPER）
[2025-06-27 16:42:17] [警告] 收到非法设备编号：2（功能：STOPPER）
[2025-06-27 16:42:17] [警告] 收到非法设备编号：3（功能：STOPPER）
[2025-06-27 16:42:18] [警告] 收到非法设备编号：3（功能：STOPPER）
[2025-06-27 16:42:18] [警告] 收到非法设备编号：2（功能：STOPPER）
[2025-06-27 16:42:19] [警告] 收到非法设备编号：2（功能：STOPPER）
[2025-06-27 16:42:19] [警告] 收到非法设备编号：3（功能：STOPPER）
[2025-06-27 16:42:20] [警告] 收到非法设备编号：2（功能：STOPPER）
[2025-06-27 16:42:20] [警告] 收到非法设备编号：3（功能：STOPPER）
[2025-06-27 16:42:21] 21道防溜器通信超时
[2025-06-27 16:42:21] [警告] 收到非法设备编号：3（功能：STOPPER）
[2025-06-27 16:42:21] [警告] 收到非法设备编号：2（功能：STOPPER）
[2025-06-27 16:42:22] [警告] 收到非法设备编号：2（功能：STOPPER）
[2025-06-27 16:42:22] [警告] 收到非法设备编号：3（功能：STOPPER）
[2025-06-27 16:42:23] [警告] 收到非法设备编号：2（功能：STOPPER）
[2025-06-27 16:42:23] [警告] 收到非法设备编号：3（功能：STOPPER）
[2025-06-27 16:42:28] 2道第1台停车器通信超时
[2025-06-27 16:43:20] [警告] 收到非法设备编号：2（功能：ANTI_SLIP）
[2025-06-27 16:43:21] [警告] 收到非法设备编号：2（功能：ANTI_SLIP）
[2025-06-27 16:43:22] [警告] 收到非法设备编号：2（功能：ANTI_SLIP）
[2025-06-27 16:43:23] [警告] 收到非法设备编号：2（功能：ANTI_SLIP）
[2025-06-27 16:43:24] [警告] 收到非法设备编号：2（功能：ANTI_SLIP）
[2025-06-27 16:43:25] [警告] 收到非法设备编号：2（功能：ANTI_SLIP）
[2025-06-27 16:43:26] [警告] 收到非法设备编号：2（功能：ANTI_SLIP）
[2025-06-27 16:43:27] [警告] 收到非法设备编号：2（功能：ANTI_SLIP）
[2025-06-27 16:43:28] [警告] 收到非法设备编号：2（功能：ANTI_SLIP）
[2025-06-27 16:43:29] [警告] 收到非法设备编号：2（功能：ANTI_SLIP）
[2025-06-27 16:43:30] [警告] 收到非法设备编号：2（功能：ANTI_SLIP）
[2025-06-27 16:43:31] [警告] 收到非法设备编号：2（功能：ANTI_SLIP）
[2025-06-27 16:43:32] [警告] 收到非法设备编号：2（功能：ANTI_SLIP）
[2025-06-27 16:43:33] [警告] 收到非法设备编号：2（功能：ANTI_SLIP）
[2025-06-27 16:43:34] [警告] 收到非法设备编号：2（功能：ANTI_SLIP）
[2025-06-27 16:43:35] [警告] 收到非法设备编号：2（功能：ANTI_SLIP）
[2025-06-27 16:43:36] [警告] 收到非法设备编号：2（功能：ANTI_SLIP）
[2025-06-27 16:43:37] [警告] 收到非法设备编号：2（功能：ANTI_SLIP）
[2025-06-27 16:43:38] [警告] 收到非法设备编号：2（功能：ANTI_SLIP）
[2025-06-27 16:43:39] [警告] 收到非法设备编号：2（功能：ANTI_SLIP）
[2025-06-27 16:43:40] [警告] 收到非法设备编号：2（功能：ANTI_SLIP）
[2025-06-27 16:43:41] [警告] 收到非法设备编号：2（功能：ANTI_SLIP）
[2025-06-27 16:43:42] [警告] 收到非法设备编号：2（功能：ANTI_SLIP）
[2025-06-27 16:43:43] [警告] 收到非法设备编号：2（功能：ANTI_SLIP）
[2025-06-27 16:43:44] [警告] 收到非法设备编号：2（功能：ANTI_SLIP）
[2025-06-27 16:43:45] [警告] 收到非法设备编号：2（功能：ANTI_SLIP）
[2025-06-27 16:43:46] [警告] 收到非法设备编号：2（功能：ANTI_SLIP）
[2025-06-27 16:43:47] [警告] 收到非法设备编号：2（功能：ANTI_SLIP）
[2025-06-27 16:43:48] [警告] 收到非法设备编号：2（功能：ANTI_SLIP）
[2025-06-27 16:43:49] [警告] 收到非法设备编号：2（功能：ANTI_SLIP）
[2025-06-27 16:43:50] [警告] 收到非法设备编号：2（功能：ANTI_SLIP）
[2025-06-27 16:43:51] [警告] 收到非法设备编号：2（功能：ANTI_SLIP）
[2025-06-27 16:43:52] [警告] 收到非法设备编号：2（功能：ANTI_SLIP）
[2025-06-27 16:43:53] [警告] 收到非法设备编号：2（功能：ANTI_SLIP）
[2025-06-27 16:43:54] [警告] 收到非法设备编号：2（功能：ANTI_SLIP）
[2025-06-27 16:43:55] [警告] 收到非法设备编号：2（功能：ANTI_SLIP）
[2025-06-27 16:43:56] [警告] 收到非法设备编号：2（功能：ANTI_SLIP）
[2025-06-27 16:43:57] [警告] 收到非法设备编号：2（功能：ANTI_SLIP）
[2025-06-27 16:43:58] [警告] 收到非法设备编号：2（功能：ANTI_SLIP）
[2025-06-27 16:43:59] [警告] 收到非法设备编号：2（功能：ANTI_SLIP）
[2025-06-27 16:44:00] [警告] 收到非法设备编号：2（功能：ANTI_SLIP）
[2025-06-27 16:44:01] [警告] 收到非法设备编号：2（功能：ANTI_SLIP）
[2025-06-27 16:44:02] [警告] 收到非法设备编号：2（功能：ANTI_SLIP）
[2025-06-27 16:44:03] [警告] 收到非法设备编号：2（功能：STOPPER）
[2025-06-27 16:44:03] 2道第1台停车器第2个电磁阀故障
[2025-06-27 16:44:03] [警告] 收到非法设备编号：3（功能：STOPPER）
[2025-06-27 16:44:03] [警告] 收到非法设备编号：2（功能：ANTI_SLIP）
[2025-06-27 16:44:04] [警告] 收到非法设备编号：3（功能：STOPPER）
[2025-06-27 16:44:04] [警告] 收到非法设备编号：2（功能：STOPPER）
[2025-06-27 16:44:04] [警告] 收到非法设备编号：2（功能：ANTI_SLIP）
[2025-06-27 16:44:05] [警告] 收到非法设备编号：2（功能：STOPPER）
[2025-06-27 16:44:05] [警告] 收到非法设备编号：3（功能：STOPPER）
[2025-06-27 16:44:05] [警告] 收到非法设备编号：2（功能：ANTI_SLIP）
[2025-06-27 16:44:06] [警告] 收到非法设备编号：2（功能：STOPPER）
[2025-06-27 16:44:06] [警告] 收到非法设备编号：3（功能：STOPPER）
[2025-06-27 16:44:06] [警告] 收到非法设备编号：2（功能：ANTI_SLIP）
[2025-06-27 16:44:07] [警告] 收到非法设备编号：3（功能：STOPPER）
[2025-06-27 16:44:07] [警告] 收到非法设备编号：2（功能：STOPPER）
[2025-06-27 16:44:07] [警告] 收到非法设备编号：2（功能：ANTI_SLIP）
[2025-06-27 16:44:08] [警告] 收到非法设备编号：2（功能：STOPPER）
[2025-06-27 16:44:08] [警告] 收到非法设备编号：3（功能：STOPPER）
[2025-06-27 16:44:08] [警告] 收到非法设备编号：2（功能：ANTI_SLIP）
[2025-06-27 16:44:09] [警告] 收到非法设备编号：2（功能：STOPPER）
[2025-06-27 16:44:09] [警告] 收到非法设备编号：3（功能：STOPPER）
[2025-06-27 16:44:09] [警告] 收到非法设备编号：2（功能：ANTI_SLIP）
[2025-06-27 16:44:10] [警告] 收到非法设备编号：3（功能：STOPPER）
[2025-06-27 16:44:10] [警告] 收到非法设备编号：2（功能：STOPPER）
[2025-06-27 16:44:10] [警告] 收到非法设备编号：2（功能：ANTI_SLIP）
[2025-06-27 16:44:11] [警告] 收到非法设备编号：2（功能：STOPPER）
[2025-06-27 16:44:11] [警告] 收到非法设备编号：3（功能：STOPPER）
[2025-06-27 16:44:11] [警告] 收到非法设备编号：2（功能：ANTI_SLIP）
[2025-06-27 16:44:12] [警告] 收到非法设备编号：3（功能：STOPPER）
[2025-06-27 16:44:12] [警告] 收到非法设备编号：2（功能：STOPPER）
[2025-06-27 16:44:12] [警告] 收到非法设备编号：2（功能：ANTI_SLIP）
[2025-06-27 16:44:13] [警告] 收到非法设备编号：2（功能：STOPPER）
[2025-06-27 16:44:13] [警告] 收到非法设备编号：3（功能：STOPPER）
[2025-06-27 16:44:13] [警告] 收到非法设备编号：2（功能：ANTI_SLIP）
[2025-06-27 16:44:14] [警告] 收到非法设备编号：2（功能：STOPPER）
[2025-06-27 16:44:14] [警告] 收到非法设备编号：3（功能：STOPPER）
[2025-06-27 16:44:14] [警告] 收到非法设备编号：2（功能：ANTI_SLIP）
[2025-06-27 16:44:15] [警告] 收到非法设备编号：2（功能：STOPPER）
[2025-06-27 16:44:15] [警告] 收到非法设备编号：3（功能：STOPPER）
[2025-06-27 16:44:15] [警告] 收到非法设备编号：2（功能：ANTI_SLIP）
[2025-06-27 16:44:16] [警告] 收到非法设备编号：2（功能：STOPPER）
[2025-06-27 16:44:16] [警告] 收到非法设备编号：3（功能：STOPPER）
[2025-06-27 16:44:16] [警告] 收到非法设备编号：2（功能：ANTI_SLIP）
[2025-06-27 16:44:17] [警告] 收到非法设备编号：2（功能：STOPPER）
[2025-06-27 16:44:17] [警告] 收到非法设备编号：3（功能：STOPPER）
[2025-06-27 16:44:17] [警告] 收到非法设备编号：2（功能：ANTI_SLIP）
[2025-06-27 16:44:18] [警告] 收到非法设备编号：2（功能：STOPPER）
[2025-06-27 16:44:18] [警告] 收到非法设备编号：3（功能：STOPPER）
[2025-06-27 16:44:18] [警告] 收到非法设备编号：2（功能：ANTI_SLIP）
[2025-06-27 16:44:19] [警告] 收到非法设备编号：3（功能：STOPPER）
[2025-06-27 16:44:19] [警告] 收到非法设备编号：2（功能：STOPPER）
[2025-06-27 16:44:19] [警告] 收到非法设备编号：2（功能：ANTI_SLIP）
[2025-06-27 16:44:20] [警告] 收到非法设备编号：2（功能：STOPPER）
[2025-06-27 16:44:20] [警告] 收到非法设备编号：3（功能：STOPPER）
[2025-06-27 16:44:20] [警告] 收到非法设备编号：2（功能：ANTI_SLIP）
[2025-06-27 16:44:21] [警告] 收到非法设备编号：2（功能：STOPPER）
[2025-06-27 16:44:21] [警告] 收到非法设备编号：3（功能：STOPPER）
[2025-06-27 16:44:21] [警告] 收到非法设备编号：2（功能：ANTI_SLIP）
[2025-06-27 16:44:22] [警告] 收到非法设备编号：2（功能：STOPPER）
[2025-06-27 16:44:22] [警告] 收到非法设备编号：3（功能：STOPPER）
[2025-06-27 16:44:22] [警告] 收到非法设备编号：2（功能：ANTI_SLIP）
[2025-06-27 16:44:23] [警告] 收到非法设备编号：2（功能：STOPPER）
[2025-06-27 16:44:23] [警告] 收到非法设备编号：3（功能：STOPPER）
[2025-06-27 16:44:23] [警告] 收到非法设备编号：2（功能：ANTI_SLIP）
[2025-06-27 16:44:24] [警告] 收到非法设备编号：2（功能：STOPPER）
[2025-06-27 16:44:24] [警告] 收到非法设备编号：3（功能：STOPPER）
[2025-06-27 16:44:24] [警告] 收到非法设备编号：2（功能：ANTI_SLIP）
[2025-06-27 16:44:25] [警告] 收到非法设备编号：2（功能：STOPPER）
[2025-06-27 16:44:25] [警告] 收到非法设备编号：3（功能：STOPPER）
[2025-06-27 16:44:25] [警告] 收到非法设备编号：2（功能：ANTI_SLIP）
[2025-06-27 16:44:26] [警告] 收到非法设备编号：2（功能：STOPPER）
[2025-06-27 16:44:26] [警告] 收到非法设备编号：3（功能：STOPPER）
[2025-06-27 16:44:26] [警告] 收到非法设备编号：2（功能：ANTI_SLIP）
[2025-06-27 16:44:27] [警告] 收到非法设备编号：2（功能：STOPPER）
[2025-06-27 16:44:27] [警告] 收到非法设备编号：3（功能：STOPPER）
[2025-06-27 16:44:27] [警告] 收到非法设备编号：2（功能：ANTI_SLIP）
[2025-06-27 16:44:28] [警告] 收到非法设备编号：3（功能：STOPPER）
[2025-06-27 16:44:28] [警告] 收到非法设备编号：2（功能：STOPPER）
[2025-06-27 16:44:28] [警告] 收到非法设备编号：2（功能：ANTI_SLIP）
[2025-06-27 16:44:29] [警告] 收到非法设备编号：2（功能：STOPPER）
[2025-06-27 16:44:29] [警告] 收到非法设备编号：3（功能：STOPPER）
[2025-06-27 16:44:29] [警告] 收到非法设备编号：2（功能：ANTI_SLIP）
[2025-06-27 16:44:30] [警告] 收到非法设备编号：2（功能：STOPPER）
[2025-06-27 16:44:30] [警告] 收到非法设备编号：3（功能：STOPPER）
[2025-06-27 16:44:30] [警告] 收到非法设备编号：2（功能：ANTI_SLIP）
[2025-06-27 16:44:31] [警告] 收到非法设备编号：2（功能：STOPPER）
[2025-06-27 16:44:31] [警告] 收到非法设备编号：3（功能：STOPPER）
[2025-06-27 16:44:31] [警告] 收到非法设备编号：2（功能：ANTI_SLIP）
[2025-06-27 16:44:32] [警告] 收到非法设备编号：2（功能：STOPPER）
[2025-06-27 16:44:32] [警告] 收到非法设备编号：3（功能：STOPPER）
[2025-06-27 16:44:32] [警告] 收到非法设备编号：2（功能：ANTI_SLIP）
[2025-06-27 16:44:33] [警告] 收到非法设备编号：2（功能：STOPPER）
[2025-06-27 16:44:33] [警告] 收到非法设备编号：3（功能：STOPPER）
[2025-06-27 16:44:33] [警告] 收到非法设备编号：2（功能：ANTI_SLIP）
[2025-06-27 16:44:34] [警告] 收到非法设备编号：2（功能：STOPPER）
[2025-06-27 16:44:34] [警告] 收到非法设备编号：3（功能：STOPPER）
[2025-06-27 16:44:34] [警告] 收到非法设备编号：2（功能：ANTI_SLIP）
[2025-06-27 16:44:35] [警告] 收到非法设备编号：2（功能：STOPPER）
[2025-06-27 16:44:35] [警告] 收到非法设备编号：3（功能：STOPPER）
[2025-06-27 16:44:35] [警告] 收到非法设备编号：2（功能：ANTI_SLIP）
[2025-06-27 16:44:36] [警告] 收到非法设备编号：2（功能：STOPPER）
[2025-06-27 16:44:36] [警告] 收到非法设备编号：3（功能：STOPPER）
[2025-06-27 16:44:36] [警告] 收到非法设备编号：2（功能：ANTI_SLIP）
[2025-06-27 16:44:37] [警告] 收到非法设备编号：2（功能：STOPPER）
[2025-06-27 16:44:37] [警告] 收到非法设备编号：3（功能：STOPPER）
[2025-06-27 16:44:37] [警告] 收到非法设备编号：2（功能：ANTI_SLIP）
[2025-06-27 16:44:50] A机进入主用状态
[2025-06-27 16:44:50] A机在线
[2025-06-27 16:44:50] B机进入备用状态
[2025-06-27 16:44:50] B机离线
[2025-06-27 16:44:51] 2道第1台停车器进入运行模式
[2025-06-27 16:44:51] 2道第1台停车器第2个电磁阀故障
[2025-06-27 16:44:51] [警告] 收到非法设备编号：2（功能：STOPPER）
[2025-06-27 16:44:51] [警告] 收到非法设备编号：3（功能：STOPPER）
[2025-06-27 16:44:51] 2道第1台防溜器进入运行模式
[2025-06-27 16:44:51] 2道防溜器故障：鞋位与电机位缓解表示不一致
[2025-06-27 16:44:51] [警告] 收到非法设备编号：2（功能：ANTI_SLIP）
[2025-06-27 16:44:52] [警告] 收到非法设备编号：2（功能：STOPPER）
[2025-06-27 16:44:52] [警告] 收到非法设备编号：3（功能：STOPPER）
[2025-06-27 16:44:52] [警告] 收到非法设备编号：2（功能：ANTI_SLIP）
[2025-06-27 16:44:53] [警告] 收到非法设备编号：2（功能：STOPPER）
[2025-06-27 16:44:53] [警告] 收到非法设备编号：3（功能：STOPPER）
[2025-06-27 16:44:53] [警告] 收到非法设备编号：2（功能：ANTI_SLIP）
[2025-06-27 16:44:54] [警告] 收到非法设备编号：2（功能：STOPPER）
[2025-06-27 16:44:54] [警告] 收到非法设备编号：3（功能：STOPPER）
[2025-06-27 16:44:55] [警告] 收到非法设备编号：3（功能：STOPPER）
[2025-06-27 16:44:55] [警告] 收到非法设备编号：2（功能：STOPPER）
[2025-06-27 16:44:56] 2道第2台停车器通信超时
[2025-06-27 16:44:56] 2道第3台停车器通信超时
[2025-06-27 16:44:56] 3道第1台停车器通信超时
[2025-06-27 16:44:56] 3道第2台停车器通信超时
[2025-06-27 16:44:56] 3道第3台停车器通信超时
[2025-06-27 16:44:56] 3道防溜器通信超时
[2025-06-27 16:44:56] 4道第1台停车器通信超时
[2025-06-27 16:44:56] 4道第2台停车器通信超时
[2025-06-27 16:44:56] 4道第3台停车器通信超时
[2025-06-27 16:44:56] 4道防溜器通信超时
[2025-06-27 16:44:56] 5道第1台停车器通信超时
[2025-06-27 16:44:56] 5道第2台停车器通信超时
[2025-06-27 16:44:56] 5道第3台停车器通信超时
[2025-06-27 16:44:56] 5道防溜器通信超时
[2025-06-27 16:44:56] 6道第1台停车器通信超时
[2025-06-27 16:44:56] 6道第2台停车器通信超时
[2025-06-27 16:44:56] 6道第3台停车器通信超时
[2025-06-27 16:44:56] 6道防溜器通信超时
[2025-06-27 16:44:56] 7道第1台停车器通信超时
[2025-06-27 16:44:56] 7道第2台停车器通信超时
[2025-06-27 16:44:56] 7道第3台停车器通信超时
[2025-06-27 16:44:56] 7道防溜器通信超时
[2025-06-27 16:44:56] 8道第1台停车器通信超时
[2025-06-27 16:44:56] 8道第2台停车器通信超时
[2025-06-27 16:44:56] 8道第3台停车器通信超时
[2025-06-27 16:44:56] 8道防溜器通信超时
[2025-06-27 16:44:56] 9道第1台停车器通信超时
[2025-06-27 16:44:56] 9道第2台停车器通信超时
[2025-06-27 16:44:56] 9道第3台停车器通信超时
[2025-06-27 16:44:56] 9道防溜器通信超时
[2025-06-27 16:44:56] 10道第1台停车器通信超时
[2025-06-27 16:44:56] 10道第2台停车器通信超时
[2025-06-27 16:44:56] 10道第3台停车器通信超时
[2025-06-27 16:44:56] 10道防溜器通信超时
[2025-06-27 16:44:56] 11道第1台停车器通信超时
[2025-06-27 16:44:56] 11道第2台停车器通信超时
[2025-06-27 16:44:56] 11道第3台停车器通信超时
[2025-06-27 16:44:56] 11道防溜器通信超时
[2025-06-27 16:44:56] 12道第1台停车器通信超时
[2025-06-27 16:44:56] 12道第2台停车器通信超时
[2025-06-27 16:44:56] 12道第3台停车器通信超时
[2025-06-27 16:44:56] 12道防溜器通信超时
[2025-06-27 16:44:56] 13道第1台停车器通信超时
[2025-06-27 16:44:56] 13道第2台停车器通信超时
[2025-06-27 16:44:56] 13道第3台停车器通信超时
[2025-06-27 16:44:56] 13道防溜器通信超时
[2025-06-27 16:44:56] 14道第1台停车器通信超时
[2025-06-27 16:44:56] 14道第2台停车器通信超时
[2025-06-27 16:44:56] 14道第3台停车器通信超时
[2025-06-27 16:44:56] 14道防溜器通信超时
[2025-06-27 16:44:56] 15道第1台停车器通信超时
[2025-06-27 16:44:56] 15道第2台停车器通信超时
[2025-06-27 16:44:56] 15道第3台停车器通信超时
[2025-06-27 16:44:56] 15道防溜器通信超时
[2025-06-27 16:44:56] 16道第1台停车器通信超时
[2025-06-27 16:44:56] 16道第2台停车器通信超时
[2025-06-27 16:44:56] 16道第3台停车器通信超时
[2025-06-27 16:44:56] 16道防溜器通信超时
[2025-06-27 16:44:56] 17道第1台停车器通信超时
[2025-06-27 16:44:56] 17道第2台停车器通信超时
[2025-06-27 16:44:56] 17道第3台停车器通信超时
[2025-06-27 16:44:56] 17道防溜器通信超时
[2025-06-27 16:44:56] 18道第1台停车器通信超时
[2025-06-27 16:44:56] 18道第2台停车器通信超时
[2025-06-27 16:44:56] 18道第3台停车器通信超时
[2025-06-27 16:44:56] 18道防溜器通信超时
[2025-06-27 16:44:56] 19道第1台停车器通信超时
[2025-06-27 16:44:56] 19道第2台停车器通信超时
[2025-06-27 16:44:56] 19道第3台停车器通信超时
[2025-06-27 16:44:56] 19道防溜器通信超时
[2025-06-27 16:44:56] 20道第1台停车器通信超时
[2025-06-27 16:44:56] 20道第2台停车器通信超时
[2025-06-27 16:44:56] 20道第3台停车器通信超时
[2025-06-27 16:44:56] 20道防溜器通信超时
[2025-06-27 16:44:56] 21道第1台停车器通信超时
[2025-06-27 16:44:56] 21道第2台停车器通信超时
[2025-06-27 16:44:56] 21道第3台停车器通信超时
[2025-06-27 16:44:56] 21道防溜器通信超时
[2025-06-27 16:44:56] 22道第1台停车器通信超时
[2025-06-27 16:44:56] 22道第2台停车器通信超时
[2025-06-27 16:44:56] 22道第3台停车器通信超时
[2025-06-27 16:44:56] 22道防溜器通信超时
[2025-06-27 16:44:56] 23道第1台停车器通信超时
[2025-06-27 16:44:56] 23道第2台停车器通信超时
[2025-06-27 16:44:56] 23道第3台停车器通信超时
[2025-06-27 16:44:56] 23道防溜器通信超时
[2025-06-27 16:44:56] 24道第1台停车器通信超时
[2025-06-27 16:44:56] 24道第2台停车器通信超时
[2025-06-27 16:44:56] 24道第3台停车器通信超时
[2025-06-27 16:44:56] 24道防溜器通信超时
[2025-06-27 16:44:56] [警告] 收到非法设备编号：2（功能：STOPPER）
[2025-06-27 16:44:56] [警告] 收到非法设备编号：3（功能：STOPPER）
[2025-06-27 16:44:57] [警告] 收到非法设备编号：2（功能：STOPPER）
[2025-06-27 16:44:57] [警告] 收到非法设备编号：3（功能：STOPPER）
[2025-06-27 16:44:58] [警告] 收到非法设备编号：2（功能：STOPPER）
[2025-06-27 16:44:58] [警告] 收到非法设备编号：3（功能：STOPPER）
[2025-06-27 16:44:59] [警告] 收到非法设备编号：2（功能：STOPPER）
[2025-06-27 16:44:59] [警告] 收到非法设备编号：3（功能：STOPPER）
[2025-06-27 16:45:00] [警告] 收到非法设备编号：3（功能：STOPPER）
[2025-06-27 16:45:00] [警告] 收到非法设备编号：2（功能：STOPPER）
[2025-06-27 16:45:01] [警告] 收到非法设备编号：2（功能：STOPPER）
[2025-06-27 16:45:01] [警告] 收到非法设备编号：3（功能：STOPPER）
[2025-06-27 16:45:02] [警告] 收到非法设备编号：3（功能：STOPPER）
[2025-06-27 16:45:02] [警告] 收到非法设备编号：2（功能：STOPPER）
[2025-06-27 16:45:03] [警告] 收到非法设备编号：2（功能：STOPPER）
[2025-06-27 16:45:03] [警告] 收到非法设备编号：3（功能：STOPPER）
[2025-06-27 16:45:04] [警告] 收到非法设备编号：2（功能：STOPPER）
[2025-06-27 16:45:04] [警告] 收到非法设备编号：3（功能：STOPPER）
[2025-06-27 16:45:05] [警告] 收到非法设备编号：2（功能：STOPPER）
[2025-06-27 16:45:05] [警告] 收到非法设备编号：3（功能：STOPPER）
[2025-06-27 16:45:06] [警告] 收到非法设备编号：3（功能：STOPPER）
[2025-06-27 16:45:06] [警告] 收到非法设备编号：2（功能：STOPPER）
[2025-06-27 16:45:07] [警告] 收到非法设备编号：2（功能：STOPPER）
[2025-06-27 16:45:07] [警告] 收到非法设备编号：3（功能：STOPPER）
[2025-06-27 16:45:08] [警告] 收到非法设备编号：3（功能：STOPPER）
[2025-06-27 16:45:08] [警告] 收到非法设备编号：2（功能：STOPPER）
[2025-06-27 16:45:09] [警告] 收到非法设备编号：2（功能：STOPPER）
[2025-06-27 16:45:09] [警告] 收到非法设备编号：3（功能：STOPPER）
[2025-06-27 16:45:10] [警告] 收到非法设备编号：2（功能：STOPPER）
[2025-06-27 16:45:10] [警告] 收到非法设备编号：3（功能：STOPPER）
[2025-06-27 16:45:11] [警告] 收到非法设备编号：2（功能：STOPPER）
[2025-06-27 16:45:11] [警告] 收到非法设备编号：3（功能：STOPPER）
[2025-06-27 16:45:12] [警告] 收到非法设备编号：2（功能：STOPPER）
[2025-06-27 16:45:12] [警告] 收到非法设备编号：3（功能：STOPPER）
[2025-06-27 16:45:13] [警告] 收到非法设备编号：2（功能：STOPPER）
[2025-06-27 16:45:13] [警告] 收到非法设备编号：3（功能：STOPPER）
[2025-06-27 16:45:14] [警告] 收到非法设备编号：2（功能：STOPPER）
[2025-06-27 16:45:14] [警告] 收到非法设备编号：3（功能：STOPPER）
[2025-06-27 16:45:15] [警告] 收到非法设备编号：2（功能：STOPPER）
[2025-06-27 16:45:15] [警告] 收到非法设备编号：3（功能：STOPPER）
[2025-06-27 16:45:16] [警告] 收到非法设备编号：2（功能：STOPPER）
[2025-06-27 16:45:16] [警告] 收到非法设备编号：3（功能：STOPPER）
[2025-06-27 16:45:17] [警告] 收到非法设备编号：2（功能：STOPPER）
[2025-06-27 16:45:17] [警告] 收到非法设备编号：3（功能：STOPPER）
[2025-06-27 16:45:18] [警告] 收到非法设备编号：2（功能：STOPPER）
[2025-06-27 16:45:18] [警告] 收到非法设备编号：3（功能：STOPPER）
[2025-06-27 16:45:19] [警告] 收到非法设备编号：2（功能：STOPPER）
[2025-06-27 16:45:19] [警告] 收到非法设备编号：3（功能：STOPPER）
[2025-06-27 16:45:20] [警告] 收到非法设备编号：2（功能：STOPPER）
[2025-06-27 16:45:20] [警告] 收到非法设备编号：3（功能：STOPPER）
[2025-06-27 16:45:21] [警告] 收到非法设备编号：2（功能：STOPPER）
[2025-06-27 16:45:21] [警告] 收到非法设备编号：3（功能：STOPPER）
[2025-06-27 16:45:22] [警告] 收到非法设备编号：2（功能：STOPPER）
[2025-06-27 16:45:22] [警告] 收到非法设备编号：3（功能：STOPPER）
[2025-06-27 16:45:23] [警告] 收到非法设备编号：3（功能：STOPPER）
[2025-06-27 16:45:23] [警告] 收到非法设备编号：2（功能：STOPPER）
[2025-06-27 16:45:24] [警告] 收到非法设备编号：2（功能：STOPPER）
[2025-06-27 16:45:24] [警告] 收到非法设备编号：3（功能：STOPPER）
[2025-06-27 16:45:25] [警告] 收到非法设备编号：2（功能：STOPPER）
[2025-06-27 16:45:25] [警告] 收到非法设备编号：3（功能：STOPPER）
[2025-06-27 16:45:26] [警告] 收到非法设备编号：2（功能：STOPPER）
[2025-06-27 16:45:26] [警告] 收到非法设备编号：3（功能：STOPPER）
[2025-06-27 16:45:27] [警告] 收到非法设备编号：2（功能：STOPPER）
[2025-06-27 16:45:27] [警告] 收到非法设备编号：3（功能：STOPPER）
[2025-06-27 16:45:28] [警告] 收到非法设备编号：2（功能：STOPPER）
[2025-06-27 16:45:28] [警告] 收到非法设备编号：3（功能：STOPPER）
[2025-06-27 16:45:29] [警告] 收到非法设备编号：2（功能：STOPPER）
[2025-06-27 16:45:29] [警告] 收到非法设备编号：3（功能：STOPPER）
[2025-06-27 16:45:30] [警告] 收到非法设备编号：2（功能：STOPPER）
[2025-06-27 16:45:30] [警告] 收到非法设备编号：3（功能：STOPPER）
[2025-06-27 16:45:31] [警告] 收到非法设备编号：3（功能：STOPPER）
[2025-06-27 16:45:31] [警告] 收到非法设备编号：2（功能：STOPPER）
[2025-06-27 16:45:32] [警告] 收到非法设备编号：2（功能：STOPPER）
[2025-06-27 16:45:32] [警告] 收到非法设备编号：3（功能：STOPPER）
[2025-06-27 16:45:33] [警告] 收到非法设备编号：2（功能：STOPPER）
[2025-06-27 16:45:33] [警告] 收到非法设备编号：3（功能：STOPPER）
[2025-06-27 16:45:34] [警告] 收到非法设备编号：2（功能：STOPPER）
[2025-06-27 16:45:34] [警告] 收到非法设备编号：3（功能：STOPPER）
[2025-06-27 16:45:35] 2道第1台停车器进入检修模式
[2025-06-27 16:45:35] 2道第1台停车器处于检修状态
[2025-06-27 16:45:35] [警告] 收到非法设备编号：3（功能：STOPPER）
[2025-06-27 16:45:35] [警告] 收到非法设备编号：2（功能：STOPPER）
[2025-06-27 16:45:36] 2道第1台停车器进入运行模式
[2025-06-27 16:45:36] 2道第1台停车器制动到位
[2025-06-27 16:45:36] [警告] 收到非法设备编号：2（功能：STOPPER）
[2025-06-27 16:45:36] [警告] 收到非法设备编号：3（功能：STOPPER）
[2025-06-27 16:45:37] 2道第1台停车器进入检修模式
[2025-06-27 16:45:37] 2道第1台停车器处于检修状态
[2025-06-27 16:45:37] [警告] 收到非法设备编号：2（功能：STOPPER）
[2025-06-27 16:45:37] [警告] 收到非法设备编号：3（功能：STOPPER）
[2025-06-27 16:45:38] [警告] 收到非法设备编号：3（功能：STOPPER）
[2025-06-27 16:45:38] [警告] 收到非法设备编号：2（功能：STOPPER）
[2025-06-27 16:45:39] [警告] 收到非法设备编号：2（功能：STOPPER）
[2025-06-27 16:45:39] [警告] 收到非法设备编号：3（功能：STOPPER）
[2025-06-27 16:45:40] [警告] 收到非法设备编号：3（功能：STOPPER）
[2025-06-27 16:45:40] [警告] 收到非法设备编号：2（功能：STOPPER）
[2025-06-27 16:45:41] [警告] 收到非法设备编号：3（功能：STOPPER）
[2025-06-27 16:45:41] [警告] 收到非法设备编号：2（功能：STOPPER）
[2025-06-27 16:45:42] [警告] 收到非法设备编号：2（功能：STOPPER）
[2025-06-27 16:45:42] [警告] 收到非法设备编号：3（功能：STOPPER）
[2025-06-27 16:45:43] [警告] 收到非法设备编号：3（功能：STOPPER）
[2025-06-27 16:45:43] [警告] 收到非法设备编号：2（功能：STOPPER）
[2025-06-27 16:45:44] [警告] 收到非法设备编号：3（功能：STOPPER）
[2025-06-27 16:45:44] [警告] 收到非法设备编号：2（功能：STOPPER）
[2025-06-27 16:45:45] [警告] 收到非法设备编号：2（功能：STOPPER）
[2025-06-27 16:45:45] [警告] 收到非法设备编号：3（功能：STOPPER）
[2025-06-27 16:45:46] [警告] 收到非法设备编号：2（功能：STOPPER）
[2025-06-27 16:45:46] [警告] 收到非法设备编号：3（功能：STOPPER）
[2025-06-27 16:45:47] [警告] 收到非法设备编号：3（功能：STOPPER）
[2025-06-27 16:45:47] [警告] 收到非法设备编号：2（功能：STOPPER）
[2025-06-27 16:45:48] [警告] 收到非法设备编号：2（功能：STOPPER）
[2025-06-27 16:45:48] [警告] 收到非法设备编号：3（功能：STOPPER）
[2025-06-27 16:45:49] [警告] 收到非法设备编号：2（功能：STOPPER）
[2025-06-27 16:45:49] [警告] 收到非法设备编号：3（功能：STOPPER）
[2025-06-27 16:45:50] [警告] 收到非法设备编号：2（功能：STOPPER）
[2025-06-27 16:45:50] [警告] 收到非法设备编号：3（功能：STOPPER）
[2025-06-27 16:45:51] [警告] 收到非法设备编号：2（功能：STOPPER）
[2025-06-27 16:45:51] [警告] 收到非法设备编号：3（功能：STOPPER）
[2025-06-27 16:45:52] [警告] 收到非法设备编号：2（功能：STOPPER）
[2025-06-27 16:45:52] [警告] 收到非法设备编号：3（功能：STOPPER）
[2025-06-27 16:45:53] [警告] 收到非法设备编号：3（功能：STOPPER）
[2025-06-27 16:45:53] [警告] 收到非法设备编号：2（功能：STOPPER）
[2025-06-27 16:45:54] [警告] 收到非法设备编号：2（功能：STOPPER）
[2025-06-27 16:45:54] [警告] 收到非法设备编号：3（功能：STOPPER）
[2025-06-27 16:45:55] [警告] 收到非法设备编号：2（功能：STOPPER）
[2025-06-27 16:45:55] [警告] 收到非法设备编号：3（功能：STOPPER）
[2025-06-27 16:45:56] [警告] 收到非法设备编号：2（功能：STOPPER）
[2025-06-27 16:45:56] [警告] 收到非法设备编号：3（功能：STOPPER）
[2025-06-27 16:45:57] [警告] 收到非法设备编号：2（功能：STOPPER）
[2025-06-27 16:45:57] [警告] 收到非法设备编号：3（功能：STOPPER）
[2025-06-27 16:45:58] [警告] 收到非法设备编号：3（功能：STOPPER）
[2025-06-27 16:45:58] [警告] 收到非法设备编号：2（功能：STOPPER）
[2025-06-27 16:45:59] [警告] 收到非法设备编号：2（功能：STOPPER）
[2025-06-27 16:45:59] [警告] 收到非法设备编号：3（功能：STOPPER）
[2025-06-27 16:46:00] [警告] 收到非法设备编号：2（功能：STOPPER）
[2025-06-27 16:46:00] [警告] 收到非法设备编号：3（功能：STOPPER）
[2025-06-27 16:46:01] [警告] 收到非法设备编号：3（功能：STOPPER）
[2025-06-27 16:46:01] [警告] 收到非法设备编号：2（功能：STOPPER）
[2025-06-27 16:46:02] [警告] 收到非法设备编号：2（功能：STOPPER）
[2025-06-27 16:46:02] [警告] 收到非法设备编号：3（功能：STOPPER）
[2025-06-27 16:46:04] [警告] 收到非法设备编号：2（功能：STOPPER）
[2025-06-27 16:46:04] [警告] 收到非法设备编号：3（功能：STOPPER）
[2025-06-27 16:46:05] [警告] 收到非法设备编号：3（功能：STOPPER）
[2025-06-27 16:46:05] [警告] 收到非法设备编号：2（功能：STOPPER）
[2025-06-27 16:46:06] [警告] 收到非法设备编号：3（功能：STOPPER）
[2025-06-27 16:46:06] [警告] 收到非法设备编号：2（功能：STOPPER）
[2025-06-27 16:46:07] [警告] 收到非法设备编号：3（功能：STOPPER）
[2025-06-27 16:46:07] [警告] 收到非法设备编号：2（功能：STOPPER）
[2025-06-27 16:46:08] [警告] 收到非法设备编号：3（功能：STOPPER）
[2025-06-27 16:46:08] [警告] 收到非法设备编号：2（功能：STOPPER）
[2025-06-27 16:46:09] 2道第1台停车器进入运行模式
[2025-06-27 16:46:09] 2道第1台停车器制动到位
[2025-06-27 16:46:09] [警告] 收到非法设备编号：2（功能：STOPPER）
[2025-06-27 16:46:09] [警告] 收到非法设备编号：3（功能：STOPPER）
[2025-06-27 16:46:10] 2道第1台停车器进入检修模式
[2025-06-27 16:46:10] 2道第1台停车器处于检修状态
[2025-06-27 16:46:10] [警告] 收到非法设备编号：2（功能：STOPPER）
[2025-06-27 16:46:10] [警告] 收到非法设备编号：3（功能：STOPPER）
[2025-06-27 16:46:11] [警告] 收到非法设备编号：2（功能：STOPPER）
[2025-06-27 16:46:11] [警告] 收到非法设备编号：3（功能：STOPPER）
[2025-06-27 16:46:12] [警告] 收到非法设备编号：2（功能：STOPPER）
[2025-06-27 16:46:12] [警告] 收到非法设备编号：3（功能：STOPPER）
[2025-06-27 16:46:13] [警告] 收到非法设备编号：3（功能：STOPPER）
[2025-06-27 16:46:13] [警告] 收到非法设备编号：2（功能：STOPPER）
[2025-06-27 16:46:14] [警告] 收到非法设备编号：2（功能：STOPPER）
[2025-06-27 16:46:14] [警告] 收到非法设备编号：3（功能：STOPPER）
[2025-06-27 16:46:15] [警告] 收到非法设备编号：3（功能：STOPPER）
[2025-06-27 16:46:15] [警告] 收到非法设备编号：2（功能：STOPPER）
[2025-06-27 16:46:16] [警告] 收到非法设备编号：3（功能：STOPPER）
[2025-06-27 16:46:16] [警告] 收到非法设备编号：2（功能：STOPPER）
[2025-06-27 16:46:17] [警告] 收到非法设备编号：2（功能：STOPPER）
[2025-06-27 16:46:17] 2道第1台停车器进入运行模式
[2025-06-27 16:46:17] 2道第1台停车器制动到位
[2025-06-27 16:46:17] [警告] 收到非法设备编号：3（功能：STOPPER）
[2025-06-27 16:46:18] [警告] 收到非法设备编号：2（功能：STOPPER）
[2025-06-27 16:46:18] [警告] 收到非法设备编号：3（功能：STOPPER）
[2025-06-27 16:46:19] [警告] 收到非法设备编号：2（功能：STOPPER）
[2025-06-27 16:46:19] [警告] 收到非法设备编号：3（功能：STOPPER）
[2025-06-27 16:46:20] [警告] 收到非法设备编号：2（功能：STOPPER）
[2025-06-27 16:46:20] [警告] 收到非法设备编号：3（功能：STOPPER）
[2025-06-27 16:46:21] 2道第1台停车器第2个电磁阀故障
[2025-06-27 16:46:21] [警告] 收到非法设备编号：2（功能：STOPPER）
[2025-06-27 16:46:21] [警告] 收到非法设备编号：3（功能：STOPPER）
[2025-06-27 16:46:22] [警告] 收到非法设备编号：2（功能：STOPPER）
[2025-06-27 16:46:22] [警告] 收到非法设备编号：3（功能：STOPPER）
[2025-06-27 16:46:23] [警告] 收到非法设备编号：2（功能：STOPPER）
[2025-06-27 16:46:23] [警告] 收到非法设备编号：3（功能：STOPPER）
[2025-06-27 16:46:24] [警告] 收到非法设备编号：2（功能：STOPPER）
[2025-06-27 16:46:24] [警告] 收到非法设备编号：3（功能：STOPPER）
[2025-06-27 16:46:25] [警告] 收到非法设备编号：3（功能：STOPPER）
[2025-06-27 16:46:25] [警告] 收到非法设备编号：2（功能：STOPPER）
[2025-06-27 16:46:26] [警告] 收到非法设备编号：2（功能：STOPPER）
[2025-06-27 16:46:26] [警告] 收到非法设备编号：3（功能：STOPPER）
[2025-06-27 16:46:27] [警告] 收到非法设备编号：2（功能：STOPPER）
[2025-06-27 16:46:27] [警告] 收到非法设备编号：3（功能：STOPPER）
[2025-06-27 16:46:28] [警告] 收到非法设备编号：2（功能：STOPPER）
[2025-06-27 16:46:28] [警告] 收到非法设备编号：3（功能：STOPPER）
[2025-06-27 16:46:29] [警告] 收到非法设备编号：2（功能：STOPPER）
[2025-06-27 16:46:29] [警告] 收到非法设备编号：3（功能：STOPPER）
[2025-06-27 16:46:30] [警告] 收到非法设备编号：2（功能：STOPPER）
[2025-06-27 16:46:30] [警告] 收到非法设备编号：3（功能：STOPPER）
[2025-06-27 16:46:31] [警告] 收到非法设备编号：2（功能：STOPPER）
[2025-06-27 16:46:31] [警告] 收到非法设备编号：3（功能：STOPPER）
[2025-06-27 16:46:32] [警告] 收到非法设备编号：2（功能：STOPPER）
[2025-06-27 16:46:32] [警告] 收到非法设备编号：3（功能：STOPPER）
[2025-06-27 16:46:33] [警告] 收到非法设备编号：3（功能：STOPPER）
[2025-06-27 16:46:33] [警告] 收到非法设备编号：2（功能：STOPPER）
[2025-06-27 16:46:34] [警告] 收到非法设备编号：2（功能：STOPPER）
[2025-06-27 16:46:34] [警告] 收到非法设备编号：3（功能：STOPPER）
[2025-06-27 16:46:35] [警告] 收到非法设备编号：2（功能：STOPPER）
[2025-06-27 16:46:35] [警告] 收到非法设备编号：3（功能：STOPPER）
[2025-06-27 16:46:36] [警告] 收到非法设备编号：2（功能：STOPPER）
[2025-06-27 16:46:36] [警告] 收到非法设备编号：3（功能：STOPPER）
[2025-06-27 16:46:37] [警告] 收到非法设备编号：3（功能：STOPPER）
[2025-06-27 16:46:37] [警告] 收到非法设备编号：2（功能：STOPPER）
[2025-06-27 16:46:38] [警告] 收到非法设备编号：2（功能：STOPPER）
[2025-06-27 16:46:38] [警告] 收到非法设备编号：3（功能：STOPPER）
[2025-06-27 16:46:39] [警告] 收到非法设备编号：2（功能：STOPPER）
[2025-06-27 16:46:39] [警告] 收到非法设备编号：3（功能：STOPPER）
[2025-06-27 16:46:40] [警告] 收到非法设备编号：2（功能：STOPPER）
[2025-06-27 16:46:40] [警告] 收到非法设备编号：3（功能：STOPPER）
[2025-06-27 16:46:41] [警告] 收到非法设备编号：2（功能：STOPPER）
[2025-06-27 16:46:41] [警告] 收到非法设备编号：3（功能：STOPPER）
[2025-06-27 16:46:42] [警告] 收到非法设备编号：2（功能：STOPPER）
[2025-06-27 16:46:42] [警告] 收到非法设备编号：3（功能：STOPPER）
[2025-06-27 16:46:43] [警告] 收到非法设备编号：2（功能：STOPPER）
[2025-06-27 16:46:43] [警告] 收到非法设备编号：3（功能：STOPPER）
[2025-06-27 16:46:44] [警告] 收到非法设备编号：2（功能：STOPPER）
[2025-06-27 16:46:44] [警告] 收到非法设备编号：3（功能：STOPPER）
[2025-06-27 16:46:45] [警告] 收到非法设备编号：2（功能：STOPPER）
[2025-06-27 16:46:45] [警告] 收到非法设备编号：3（功能：STOPPER）
[2025-06-27 16:46:46] [警告] 收到非法设备编号：2（功能：STOPPER）
[2025-06-27 16:46:46] [警告] 收到非法设备编号：3（功能：STOPPER）
[2025-06-27 16:46:47] [警告] 收到非法设备编号：3（功能：STOPPER）
[2025-06-27 16:46:47] [警告] 收到非法设备编号：2（功能：STOPPER）
[2025-06-27 16:46:48] [警告] 收到非法设备编号：2（功能：STOPPER）
[2025-06-27 16:46:48] [警告] 收到非法设备编号：3（功能：STOPPER）
[2025-06-27 16:46:49] [警告] 收到非法设备编号：2（功能：STOPPER）
[2025-06-27 16:46:50] [警告] 收到非法设备编号：2（功能：STOPPER）
[2025-06-27 16:46:51] [警告] 收到非法设备编号：2（功能：STOPPER）
[2025-06-27 16:46:51] [警告] 收到非法设备编号：3（功能：STOPPER）
[2025-06-27 16:46:52] [警告] 收到非法设备编号：2（功能：STOPPER）
[2025-06-27 16:46:52] [警告] 收到非法设备编号：3（功能：STOPPER）
[2025-06-27 16:46:53] [警告] 收到非法设备编号：2（功能：STOPPER）
[2025-06-27 16:46:53] [警告] 收到非法设备编号：3（功能：STOPPER）
[2025-06-27 16:46:54] [警告] 收到非法设备编号：2（功能：STOPPER）
[2025-06-27 16:46:54] [警告] 收到非法设备编号：3（功能：STOPPER）
[2025-06-27 16:46:55] [警告] 收到非法设备编号：2（功能：STOPPER）
[2025-06-27 16:46:55] [警告] 收到非法设备编号：3（功能：STOPPER）
[2025-06-27 16:46:56] [警告] 收到非法设备编号：2（功能：STOPPER）
[2025-06-27 16:46:56] [警告] 收到非法设备编号：3（功能：STOPPER）
[2025-06-27 16:46:57] [警告] 收到非法设备编号：3（功能：STOPPER）
[2025-06-27 16:46:57] [警告] 收到非法设备编号：2（功能：STOPPER）
[2025-06-27 16:46:58] [警告] 收到非法设备编号：3（功能：STOPPER）
[2025-06-27 16:46:58] [警告] 收到非法设备编号：2（功能：STOPPER）
[2025-06-27 16:46:59] [警告] 收到非法设备编号：2（功能：STOPPER）
[2025-06-27 16:46:59] [警告] 收到非法设备编号：3（功能：STOPPER）
[2025-06-27 16:47:00] [警告] 收到非法设备编号：2（功能：STOPPER）
[2025-06-27 16:47:00] [警告] 收到非法设备编号：3（功能：STOPPER）
[2025-06-27 16:47:01] [警告] 收到非法设备编号：2（功能：STOPPER）
[2025-06-27 16:47:01] [警告] 收到非法设备编号：3（功能：STOPPER）
[2025-06-27 16:47:02] [警告] 收到非法设备编号：2（功能：STOPPER）
[2025-06-27 16:47:02] [警告] 收到非法设备编号：3（功能：STOPPER）
[2025-06-27 16:47:03] [警告] 收到非法设备编号：2（功能：STOPPER）
[2025-06-27 16:47:03] [警告] 收到非法设备编号：3（功能：STOPPER）
[2025-06-27 16:47:04] [警告] 收到非法设备编号：2（功能：STOPPER）
[2025-06-27 16:47:04] [警告] 收到非法设备编号：3（功能：STOPPER）
[2025-06-27 16:47:05] [警告] 收到非法设备编号：2（功能：STOPPER）
[2025-06-27 16:47:05] [警告] 收到非法设备编号：3（功能：STOPPER）
[2025-06-27 16:47:06] [警告] 收到非法设备编号：2（功能：STOPPER）
[2025-06-27 16:47:06] [警告] 收到非法设备编号：3（功能：STOPPER）
[2025-06-27 16:47:07] [警告] 收到非法设备编号：3（功能：STOPPER）
[2025-06-27 16:47:07] [警告] 收到非法设备编号：2（功能：STOPPER）
[2025-06-27 16:47:08] [警告] 收到非法设备编号：3（功能：STOPPER）
[2025-06-27 16:47:08] [警告] 收到非法设备编号：2（功能：STOPPER）
[2025-06-27 16:47:09] [警告] 收到非法设备编号：2（功能：STOPPER）
[2025-06-27 16:47:09] [警告] 收到非法设备编号：3（功能：STOPPER）
[2025-06-27 16:47:10] [警告] 收到非法设备编号：3（功能：STOPPER）
[2025-06-27 16:47:10] [警告] 收到非法设备编号：2（功能：STOPPER）
[2025-06-27 16:47:11] [警告] 收到非法设备编号：2（功能：STOPPER）
[2025-06-27 16:47:11] [警告] 收到非法设备编号：3（功能：STOPPER）
[2025-06-27 16:47:12] [警告] 收到非法设备编号：3（功能：STOPPER）
[2025-06-27 16:47:13] [警告] 收到非法设备编号：3（功能：STOPPER）
[2025-06-27 16:47:14] [警告] 收到非法设备编号：2（功能：STOPPER）
[2025-06-27 16:47:14] [警告] 收到非法设备编号：3（功能：STOPPER）
[2025-06-27 16:47:15] [警告] 收到非法设备编号：2（功能：STOPPER）
[2025-06-27 16:47:15] [警告] 收到非法设备编号：3（功能：STOPPER）
[2025-06-27 16:47:16] [警告] 收到非法设备编号：2（功能：STOPPER）
[2025-06-27 16:47:16] [警告] 收到非法设备编号：3（功能：STOPPER）
[2025-06-27 16:47:17] [警告] 收到非法设备编号：2（功能：STOPPER）
[2025-06-27 16:47:17] [警告] 收到非法设备编号：3（功能：STOPPER）
[2025-06-27 16:47:18] [警告] 收到非法设备编号：3（功能：STOPPER）
[2025-06-27 16:47:18] [警告] 收到非法设备编号：2（功能：STOPPER）
[2025-06-27 16:47:19] [警告] 收到非法设备编号：2（功能：STOPPER）
[2025-06-27 16:47:19] [警告] 收到非法设备编号：3（功能：STOPPER）
[2025-06-27 16:47:20] [警告] 收到非法设备编号：2（功能：STOPPER）
[2025-06-27 16:47:20] [警告] 收到非法设备编号：3（功能：STOPPER）
[2025-06-27 16:47:21] [警告] 收到非法设备编号：2（功能：STOPPER）
[2025-06-27 16:47:21] [警告] 收到非法设备编号：3（功能：STOPPER）
[2025-06-27 16:47:22] [警告] 收到非法设备编号：2（功能：STOPPER）
[2025-06-27 16:47:22] [警告] 收到非法设备编号：3（功能：STOPPER）
[2025-06-27 16:47:23] [警告] 收到非法设备编号：3（功能：STOPPER）
[2025-06-27 16:47:23] [警告] 收到非法设备编号：2（功能：STOPPER）
[2025-06-27 16:47:24] [警告] 收到非法设备编号：2（功能：STOPPER）
[2025-06-27 16:47:24] [警告] 收到非法设备编号：3（功能：STOPPER）
[2025-06-27 16:47:25] [警告] 收到非法设备编号：3（功能：STOPPER）
[2025-06-27 16:47:25] [警告] 收到非法设备编号：2（功能：STOPPER）
[2025-06-27 16:47:26] [警告] 收到非法设备编号：3（功能：STOPPER）
[2025-06-27 16:47:26] [警告] 收到非法设备编号：2（功能：STOPPER）
[2025-06-27 16:47:31] 2道第1台停车器通信超时
[2025-06-27 16:47:55] 2道第1台防溜器进入检修模式
[2025-06-27 16:47:55] 2道防溜器处于现场（检修）状态
[2025-06-27 16:47:56] 2道第1台防溜器进入运行模式
[2025-06-27 16:47:56] 2道防溜器缓解到位（远程）
[2025-06-27 16:48:01] 2道防溜器故障：鞋位与电机位缓解表示不一致
[2025-06-27 16:48:32] 2道第1台停车器制动到位
[2025-06-27 16:48:32] [警告] 收到非法设备编号：2（功能：STOPPER）
[2025-06-27 16:48:32] [警告] 收到非法设备编号：3（功能：STOPPER）
[2025-06-27 16:48:33] [警告] 收到非法设备编号：2（功能：STOPPER）
[2025-06-27 16:48:33] [警告] 收到非法设备编号：3（功能：STOPPER）
[2025-06-27 16:48:34] [警告] 收到非法设备编号：2（功能：STOPPER）
[2025-06-27 16:48:34] [警告] 收到非法设备编号：3（功能：STOPPER）
[2025-06-27 16:48:35] [警告] 收到非法设备编号：2（功能：STOPPER）
[2025-06-27 16:48:35] [警告] 收到非法设备编号：3（功能：STOPPER）
[2025-06-27 16:48:36] [警告] 收到非法设备编号：2（功能：STOPPER）
[2025-06-27 16:48:36] 2道第1台停车器进入检修模式
[2025-06-27 16:48:36] 2道第1台停车器处于检修状态
[2025-06-27 16:48:36] [警告] 收到非法设备编号：3（功能：STOPPER）
[2025-06-27 16:48:37] [警告] 收到非法设备编号：2（功能：STOPPER）
[2025-06-27 16:48:37] [警告] 收到非法设备编号：3（功能：STOPPER）
[2025-06-27 16:48:38] [警告] 收到非法设备编号：2（功能：STOPPER）
[2025-06-27 16:48:38] [警告] 收到非法设备编号：3（功能：STOPPER）
[2025-06-27 16:48:39] [警告] 收到非法设备编号：2（功能：STOPPER）
[2025-06-27 16:48:39] [警告] 收到非法设备编号：3（功能：STOPPER）
[2025-06-27 16:48:40] [警告] 收到非法设备编号：2（功能：STOPPER）
[2025-06-27 16:48:40] [警告] 收到非法设备编号：3（功能：STOPPER）
[2025-06-27 16:48:41] [警告] 收到非法设备编号：2（功能：STOPPER）
[2025-06-27 16:48:41] [警告] 收到非法设备编号：3（功能：STOPPER）
[2025-06-27 16:48:41] 用户确认切换为集控模式，已发送 ACQ 指令
[2025-06-27 16:48:42] [警告] 收到非法设备编号：2（功能：STOPPER）
[2025-06-27 16:48:42] [警告] 收到非法设备编号：3（功能：STOPPER）
[2025-06-27 16:48:43] [警告] 收到非法设备编号：2（功能：STOPPER）
[2025-06-27 16:48:43] [警告] 收到非法设备编号：3（功能：STOPPER）
[2025-06-27 16:48:44] [警告] 收到非法设备编号：2（功能：STOPPER）
[2025-06-27 16:48:44] [警告] 收到非法设备编号：3（功能：STOPPER）
[2025-06-27 16:48:45] [警告] 收到非法设备编号：2（功能：STOPPER）
[2025-06-27 16:48:45] [警告] 收到非法设备编号：3（功能：STOPPER）
[2025-06-27 16:48:46] [警告] 收到非法设备编号：2（功能：STOPPER）
[2025-06-27 16:48:46] [警告] 收到非法设备编号：3（功能：STOPPER）
[2025-06-27 16:48:47] [警告] 收到非法设备编号：2（功能：STOPPER）
[2025-06-27 16:48:47] [警告] 收到非法设备编号：3（功能：STOPPER）
[2025-06-27 16:48:48] [警告] 收到非法设备编号：2（功能：STOPPER）
[2025-06-27 16:48:48] [警告] 收到非法设备编号：3（功能：STOPPER）
[2025-06-27 16:48:49] [警告] 收到非法设备编号：2（功能：STOPPER）
[2025-06-27 16:48:49] [警告] 收到非法设备编号：3（功能：STOPPER）
[2025-06-27 16:48:50] [警告] 收到非法设备编号：2（功能：STOPPER）
[2025-06-27 16:48:50] [警告] 收到非法设备编号：3（功能：STOPPER）
[2025-06-27 16:48:51] [警告] 收到非法设备编号：2（功能：STOPPER）
[2025-06-27 16:48:51] [警告] 收到非法设备编号：3（功能：STOPPER）
[2025-06-27 16:48:52] [警告] 收到非法设备编号：2（功能：STOPPER）
[2025-06-27 16:48:52] [警告] 收到非法设备编号：3（功能：STOPPER）
[2025-06-27 16:48:53] [警告] 收到非法设备编号：2（功能：STOPPER）
[2025-06-27 16:48:53] [警告] 收到非法设备编号：3（功能：STOPPER）
[2025-06-27 16:48:54] [警告] 收到非法设备编号：2（功能：STOPPER）
[2025-06-27 16:48:54] [警告] 收到非法设备编号：3（功能：STOPPER）
[2025-06-27 16:48:55] [警告] 收到非法设备编号：3（功能：STOPPER）
[2025-06-27 16:48:55] [警告] 收到非法设备编号：2（功能：STOPPER）
[2025-06-27 16:48:56] [警告] 收到非法设备编号：3（功能：STOPPER）
[2025-06-27 16:48:56] [警告] 收到非法设备编号：2（功能：STOPPER）
[2025-06-27 16:48:57] [警告] 收到非法设备编号：3（功能：STOPPER）
[2025-06-27 16:48:57] [警告] 收到非法设备编号：2（功能：STOPPER）
[2025-06-27 16:48:58] [警告] 收到非法设备编号：3（功能：STOPPER）
[2025-06-27 16:48:58] [警告] 收到非法设备编号：2（功能：STOPPER）
[2025-06-27 16:48:59] [警告] 收到非法设备编号：3（功能：STOPPER）
[2025-06-27 16:48:59] [警告] 收到非法设备编号：2（功能：STOPPER）
[2025-06-27 16:49:00] [警告] 收到非法设备编号：2（功能：STOPPER）
[2025-06-27 16:49:01] [警告] 收到非法设备编号：2（功能：STOPPER）
[2025-06-27 16:49:02] [警告] 收到非法设备编号：3（功能：STOPPER）
[2025-06-27 16:49:02] [警告] 收到非法设备编号：2（功能：STOPPER）
[2025-06-27 16:49:03] [警告] 收到非法设备编号：3（功能：STOPPER）
[2025-06-27 16:49:03] [警告] 收到非法设备编号：2（功能：STOPPER）
[2025-06-27 16:49:04] [警告] 收到非法设备编号：2（功能：STOPPER）
[2025-06-27 16:49:04] [警告] 收到非法设备编号：3（功能：STOPPER）
[2025-06-27 16:49:05] [警告] 收到非法设备编号：2（功能：STOPPER）
[2025-06-27 16:49:05] [警告] 收到非法设备编号：3（功能：STOPPER）
[2025-06-27 16:49:06] [警告] 收到非法设备编号：2（功能：STOPPER）
[2025-06-27 16:49:06] [警告] 收到非法设备编号：3（功能：STOPPER）
[2025-06-27 16:49:07] [警告] 收到非法设备编号：2（功能：STOPPER）
[2025-06-27 16:49:07] [警告] 收到非法设备编号：3（功能：STOPPER）
[2025-06-27 16:49:08] [警告] 收到非法设备编号：2（功能：STOPPER）
[2025-06-27 16:49:08] [警告] 收到非法设备编号：3（功能：STOPPER）
[2025-06-27 16:49:09] [警告] 收到非法设备编号：2（功能：STOPPER）
[2025-06-27 16:49:09] [警告] 收到非法设备编号：3（功能：STOPPER）
[2025-06-27 16:49:10] [警告] 收到非法设备编号：2（功能：STOPPER）
[2025-06-27 16:49:10] [警告] 收到非法设备编号：3（功能：STOPPER）
[2025-06-27 16:49:11] [警告] 收到非法设备编号：3（功能：STOPPER）
[2025-06-27 16:49:11] [警告] 收到非法设备编号：2（功能：STOPPER）
[2025-06-27 16:49:12] [警告] 收到非法设备编号：2（功能：STOPPER）
[2025-06-27 16:49:12] [警告] 收到非法设备编号：3（功能：STOPPER）
[2025-06-27 16:49:13] [警告] 收到非法设备编号：3（功能：STOPPER）
[2025-06-27 16:49:13] [警告] 收到非法设备编号：2（功能：STOPPER）
[2025-06-27 16:49:14] [警告] 收到非法设备编号：2（功能：STOPPER）
[2025-06-27 16:49:14] [警告] 收到非法设备编号：3（功能：STOPPER）
[2025-06-27 16:49:15] [警告] 收到非法设备编号：3（功能：STOPPER）
[2025-06-27 16:49:16] [警告] 收到非法设备编号：3（功能：STOPPER）
[2025-06-27 16:49:17] [警告] 收到非法设备编号：3（功能：STOPPER）
[2025-06-27 16:49:17] [警告] 收到非法设备编号：2（功能：STOPPER）
[2025-06-27 16:49:18] [警告] 收到非法设备编号：2（功能：STOPPER）
[2025-06-27 16:49:18] [警告] 收到非法设备编号：3（功能：STOPPER）
[2025-06-27 16:49:19] [警告] 收到非法设备编号：2（功能：STOPPER）
[2025-06-27 16:49:19] [警告] 收到非法设备编号：3（功能：STOPPER）
[2025-06-27 16:49:20] [警告] 收到非法设备编号：3（功能：STOPPER）
[2025-06-27 16:49:20] [警告] 收到非法设备编号：2（功能：STOPPER）
[2025-06-27 16:49:21] [警告] 收到非法设备编号：3（功能：STOPPER）
[2025-06-27 16:49:21] [警告] 收到非法设备编号：2（功能：STOPPER）
[2025-06-27 16:49:22] [警告] 收到非法设备编号：3（功能：STOPPER）
[2025-06-27 16:49:22] [警告] 收到非法设备编号：2（功能：STOPPER）
[2025-06-27 16:49:23] [警告] 收到非法设备编号：2（功能：STOPPER）
[2025-06-27 16:49:23] [警告] 收到非法设备编号：3（功能：STOPPER）
[2025-06-27 16:49:24] [警告] 收到非法设备编号：2（功能：STOPPER）
[2025-06-27 16:49:24] [警告] 收到非法设备编号：3（功能：STOPPER）
[2025-06-27 16:49:25] [警告] 收到非法设备编号：2（功能：STOPPER）
[2025-06-27 16:49:25] [警告] 收到非法设备编号：3（功能：STOPPER）
[2025-06-27 16:49:26] [警告] 收到非法设备编号：2（功能：STOPPER）
[2025-06-27 16:49:26] [警告] 收到非法设备编号：3（功能：STOPPER）
[2025-06-27 16:49:27] [警告] 收到非法设备编号：3（功能：STOPPER）
[2025-06-27 16:49:27] [警告] 收到非法设备编号：2（功能：STOPPER）
[2025-06-27 16:49:28] [警告] 收到非法设备编号：2（功能：STOPPER）
[2025-06-27 16:49:28] [警告] 收到非法设备编号：3（功能：STOPPER）
[2025-06-27 16:49:29] [警告] 收到非法设备编号：2（功能：STOPPER）
[2025-06-27 16:49:29] [警告] 收到非法设备编号：3（功能：STOPPER）
[2025-06-27 16:49:30] [警告] 收到非法设备编号：3（功能：STOPPER）
[2025-06-27 16:49:30] [警告] 收到非法设备编号：2（功能：STOPPER）
[2025-06-27 16:49:31] [警告] 收到非法设备编号：3（功能：STOPPER）
[2025-06-27 16:49:31] [警告] 收到非法设备编号：2（功能：STOPPER）
[2025-06-27 16:49:36] 2道第1台停车器通信超时
[2025-06-27 16:50:26] 2道第1台停车器处于检修状态
[2025-06-27 16:50:26] [警告] 收到非法设备编号：2（功能：STOPPER）
[2025-06-27 16:50:26] [警告] 收到非法设备编号：3（功能：STOPPER）
[2025-06-27 16:50:27] [警告] 收到非法设备编号：3（功能：STOPPER）
[2025-06-27 16:50:27] [警告] 收到非法设备编号：2（功能：STOPPER）
[2025-06-27 16:50:28] [警告] 收到非法设备编号：2（功能：STOPPER）
[2025-06-27 16:50:28] [警告] 收到非法设备编号：3（功能：STOPPER）
[2025-06-27 16:50:29] [警告] 收到非法设备编号：3（功能：STOPPER）
[2025-06-27 16:50:29] [警告] 收到非法设备编号：2（功能：STOPPER）
[2025-06-27 16:50:30] [警告] 收到非法设备编号：2（功能：STOPPER）
[2025-06-27 16:50:30] [警告] 收到非法设备编号：3（功能：STOPPER）
[2025-06-27 16:50:31] [警告] 收到非法设备编号：2（功能：STOPPER）
[2025-06-27 16:50:31] [警告] 收到非法设备编号：3（功能：STOPPER）
[2025-06-27 16:50:32] [警告] 收到非法设备编号：3（功能：STOPPER）
[2025-06-27 16:50:32] [警告] 收到非法设备编号：2（功能：STOPPER）
[2025-06-27 16:50:33] [警告] 收到非法设备编号：2（功能：STOPPER）
[2025-06-27 16:50:33] [警告] 收到非法设备编号：3（功能：STOPPER）
[2025-06-27 16:50:34] [警告] 收到非法设备编号：2（功能：STOPPER）
[2025-06-27 16:50:34] [警告] 收到非法设备编号：3（功能：STOPPER）
[2025-06-27 16:50:35] [警告] 收到非法设备编号：2（功能：STOPPER）
[2025-06-27 16:50:35] [警告] 收到非法设备编号：3（功能：STOPPER）
[2025-06-27 16:50:36] [警告] 收到非法设备编号：2（功能：STOPPER）
[2025-06-27 16:50:36] [警告] 收到非法设备编号：3（功能：STOPPER）
[2025-06-27 16:50:37] [警告] 收到非法设备编号：2（功能：STOPPER）
[2025-06-27 16:50:37] [警告] 收到非法设备编号：3（功能：STOPPER）
[2025-06-27 16:50:38] [警告] 收到非法设备编号：3（功能：STOPPER）
[2025-06-27 16:50:38] [警告] 收到非法设备编号：2（功能：STOPPER）
[2025-06-27 16:50:39] [警告] 收到非法设备编号：3（功能：STOPPER）
[2025-06-27 16:50:39] [警告] 收到非法设备编号：2（功能：STOPPER）
[2025-06-27 16:50:40] [警告] 收到非法设备编号：3（功能：STOPPER）
[2025-06-27 16:50:40] [警告] 收到非法设备编号：2（功能：STOPPER）
[2025-06-27 16:50:41] [警告] 收到非法设备编号：2（功能：STOPPER）
[2025-06-27 16:50:41] 2道第1台停车器进入运行模式
[2025-06-27 16:50:41] 2道第1台停车器制动到位
[2025-06-27 16:50:41] [警告] 收到非法设备编号：3（功能：STOPPER）
[2025-06-27 16:50:42] [警告] 收到非法设备编号：2（功能：STOPPER）
[2025-06-27 16:50:42] [警告] 收到非法设备编号：3（功能：STOPPER）
[2025-06-27 16:50:43] [警告] 收到非法设备编号：2（功能：STOPPER）
[2025-06-27 16:50:43] [警告] 收到非法设备编号：3（功能：STOPPER）
[2025-06-27 16:50:44] [警告] 收到非法设备编号：2（功能：STOPPER）
[2025-06-27 16:50:44] [警告] 收到非法设备编号：3（功能：STOPPER）
[2025-06-27 16:50:45] [警告] 收到非法设备编号：2（功能：STOPPER）
[2025-06-27 16:50:45] [警告] 收到非法设备编号：3（功能：STOPPER）
[2025-06-27 16:50:46] [警告] 收到非法设备编号：2（功能：STOPPER）
[2025-06-27 16:50:46] [警告] 收到非法设备编号：3（功能：STOPPER）
[2025-06-27 16:50:47] [警告] 收到非法设备编号：2（功能：STOPPER）
[2025-06-27 16:50:47] [警告] 收到非法设备编号：3（功能：STOPPER）
[2025-06-27 16:50:48] [警告] 收到非法设备编号：2（功能：STOPPER）
[2025-06-27 16:50:48] [警告] 收到非法设备编号：3（功能：STOPPER）
[2025-06-27 16:50:49] [警告] 收到非法设备编号：3（功能：STOPPER）
[2025-06-27 16:50:49] [警告] 收到非法设备编号：2（功能：STOPPER）
[2025-06-27 16:50:50] [警告] 收到非法设备编号：2（功能：STOPPER）
[2025-06-27 16:50:50] [警告] 收到非法设备编号：3（功能：STOPPER）
[2025-06-27 16:50:51] [警告] 收到非法设备编号：2（功能：STOPPER）
[2025-06-27 16:50:51] [警告] 收到非法设备编号：3（功能：STOPPER）
[2025-06-27 16:50:52] [警告] 收到非法设备编号：2（功能：STOPPER）
[2025-06-27 16:50:52] [警告] 收到非法设备编号：3（功能：STOPPER）
[2025-06-27 16:50:53] [警告] 收到非法设备编号：2（功能：STOPPER）
[2025-06-27 16:50:53] [警告] 收到非法设备编号：3（功能：STOPPER）
[2025-06-27 16:50:53] 上位机发送缓解指令到2道第1台停车器
[2025-06-27 16:50:54] [警告] 收到非法设备编号：2（功能：STOPPER）
[2025-06-27 16:50:54] [警告] 收到非法设备编号：3（功能：STOPPER）
[2025-06-27 16:50:55] [警告] 收到非法设备编号：2（功能：STOPPER）
[2025-06-27 16:50:55] [警告] 收到非法设备编号：3（功能：STOPPER）
[2025-06-27 16:50:56] 2道第1台停车器第1、4个电磁阀故障
[2025-06-27 16:50:56] [警告] 收到非法设备编号：2（功能：STOPPER）
[2025-06-27 16:50:56] [警告] 收到非法设备编号：3（功能：STOPPER）
[2025-06-27 16:50:57] [警告] 收到非法设备编号：2（功能：STOPPER）
[2025-06-27 16:50:57] [警告] 收到非法设备编号：3（功能：STOPPER）
[2025-06-27 16:50:58] [警告] 收到非法设备编号：2（功能：STOPPER）
[2025-06-27 16:50:58] [警告] 收到非法设备编号：3（功能：STOPPER）
[2025-06-27 16:50:59] [警告] 收到非法设备编号：2（功能：STOPPER）
[2025-06-27 16:50:59] [警告] 收到非法设备编号：3（功能：STOPPER）
[2025-06-27 16:51:00] [警告] 收到非法设备编号：2（功能：STOPPER）
[2025-06-27 16:51:00] [警告] 收到非法设备编号：3（功能：STOPPER）
[2025-06-27 16:51:01] [警告] 收到非法设备编号：2（功能：STOPPER）
[2025-06-27 16:51:01] [警告] 收到非法设备编号：3（功能：STOPPER）
[2025-06-27 16:51:02] [警告] 收到非法设备编号：2（功能：STOPPER）
[2025-06-27 16:51:02] [警告] 收到非法设备编号：3（功能：STOPPER）
[2025-06-27 16:51:03] [警告] 收到非法设备编号：2（功能：STOPPER）
[2025-06-27 16:51:03] [警告] 收到非法设备编号：3（功能：STOPPER）
[2025-06-27 16:51:04] [警告] 收到非法设备编号：3（功能：STOPPER）
[2025-06-27 16:51:04] [警告] 收到非法设备编号：2（功能：STOPPER）
[2025-06-27 16:51:05] [警告] 收到非法设备编号：2（功能：STOPPER）
[2025-06-27 16:51:05] [警告] 收到非法设备编号：3（功能：STOPPER）
[2025-06-27 16:51:06] [警告] 收到非法设备编号：2（功能：STOPPER）
[2025-06-27 16:51:06] [警告] 收到非法设备编号：3（功能：STOPPER）
[2025-06-27 16:51:07] [警告] 收到非法设备编号：2（功能：STOPPER）
[2025-06-27 16:51:07] [警告] 收到非法设备编号：3（功能：STOPPER）
[2025-06-27 16:51:08] [警告] 收到非法设备编号：2（功能：STOPPER）
[2025-06-27 16:51:08] [警告] 收到非法设备编号：3（功能：STOPPER）
[2025-06-27 16:51:09] [警告] 收到非法设备编号：2（功能：STOPPER）
[2025-06-27 16:51:09] [警告] 收到非法设备编号：3（功能：STOPPER）
[2025-06-27 16:51:10] [警告] 收到非法设备编号：2（功能：STOPPER）
[2025-06-27 16:51:10] [警告] 收到非法设备编号：3（功能：STOPPER）
[2025-06-27 16:51:11] [警告] 收到非法设备编号：2（功能：STOPPER）
[2025-06-27 16:51:11] [警告] 收到非法设备编号：3（功能：STOPPER）
[2025-06-27 16:51:12] [警告] 收到非法设备编号：2（功能：STOPPER）
[2025-06-27 16:51:12] [警告] 收到非法设备编号：3（功能：STOPPER）
[2025-06-27 16:51:13] [警告] 收到非法设备编号：2（功能：STOPPER）
[2025-06-27 16:51:13] [警告] 收到非法设备编号：3（功能：STOPPER）
[2025-06-27 16:51:14] [警告] 收到非法设备编号：2（功能：STOPPER）
[2025-06-27 16:51:14] [警告] 收到非法设备编号：3（功能：STOPPER）
[2025-06-27 16:51:15] [警告] 收到非法设备编号：2（功能：STOPPER）
[2025-06-27 16:51:15] [警告] 收到非法设备编号：3（功能：STOPPER）
[2025-06-27 16:51:16] [警告] 收到非法设备编号：2（功能：STOPPER）
[2025-06-27 16:51:16] [警告] 收到非法设备编号：3（功能：STOPPER）
[2025-06-27 16:51:17] [警告] 收到非法设备编号：3（功能：STOPPER）
[2025-06-27 16:51:17] [警告] 收到非法设备编号：2（功能：STOPPER）
[2025-06-27 16:51:18] [警告] 收到非法设备编号：2（功能：STOPPER）
[2025-06-27 16:51:18] [警告] 收到非法设备编号：3（功能：STOPPER）
[2025-06-27 16:51:19] [警告] 收到非法设备编号：2（功能：STOPPER）
[2025-06-27 16:51:19] [警告] 收到非法设备编号：3（功能：STOPPER）
[2025-06-27 16:51:20] [警告] 收到非法设备编号：2（功能：STOPPER）
[2025-06-27 16:51:20] [警告] 收到非法设备编号：3（功能：STOPPER）
[2025-06-27 16:51:21] [警告] 收到非法设备编号：2（功能：STOPPER）
[2025-06-27 16:51:21] [警告] 收到非法设备编号：3（功能：STOPPER）
[2025-06-27 16:51:22] [警告] 收到非法设备编号：2（功能：STOPPER）
[2025-06-27 16:51:22] [警告] 收到非法设备编号：3（功能：STOPPER）
[2025-06-27 16:51:23] [警告] 收到非法设备编号：2（功能：STOPPER）
[2025-06-27 16:51:23] [警告] 收到非法设备编号：3（功能：STOPPER）
[2025-06-27 16:51:24] [警告] 收到非法设备编号：2（功能：STOPPER）
[2025-06-27 16:51:24] [警告] 收到非法设备编号：3（功能：STOPPER）
[2025-06-27 16:51:25] [警告] 收到非法设备编号：2（功能：STOPPER）
[2025-06-27 16:51:25] [警告] 收到非法设备编号：3（功能：STOPPER）
[2025-06-27 16:51:26] [警告] 收到非法设备编号：3（功能：STOPPER）
[2025-06-27 16:51:26] [警告] 收到非法设备编号：2（功能：STOPPER）
[2025-06-27 16:51:27] [警告] 收到非法设备编号：2（功能：STOPPER）
[2025-06-27 16:51:27] [警告] 收到非法设备编号：3（功能：STOPPER）
[2025-06-27 16:51:28] [警告] 收到非法设备编号：2（功能：STOPPER）
[2025-06-27 16:51:28] [警告] 收到非法设备编号：3（功能：STOPPER）
[2025-06-27 16:51:29] [警告] 收到非法设备编号：2（功能：STOPPER）
[2025-06-27 16:51:29] [警告] 收到非法设备编号：3（功能：STOPPER）
[2025-06-27 16:51:30] [警告] 收到非法设备编号：2（功能：STOPPER）
[2025-06-27 16:51:30] [警告] 收到非法设备编号：3（功能：STOPPER）
[2025-06-27 16:51:31] [警告] 收到非法设备编号：2（功能：STOPPER）
[2025-06-27 16:51:31] [警告] 收到非法设备编号：3（功能：STOPPER）
[2025-06-27 16:51:32] [警告] 收到非法设备编号：2（功能：STOPPER）
[2025-06-27 16:51:32] [警告] 收到非法设备编号：3（功能：STOPPER）
[2025-06-27 16:51:33] [警告] 收到非法设备编号：2（功能：STOPPER）
[2025-06-27 16:51:33] [警告] 收到非法设备编号：3（功能：STOPPER）
[2025-06-27 16:51:34] [警告] 收到非法设备编号：2（功能：STOPPER）
[2025-06-27 16:51:34] [警告] 收到非法设备编号：3（功能：STOPPER）
[2025-06-27 16:51:35] [警告] 收到非法设备编号：2（功能：STOPPER）
[2025-06-27 16:51:35] [警告] 收到非法设备编号：3（功能：STOPPER）
[2025-06-27 16:51:36] [警告] 收到非法设备编号：2（功能：STOPPER）
[2025-06-27 16:51:36] [警告] 收到非法设备编号：3（功能：STOPPER）
[2025-06-27 16:51:37] [警告] 收到非法设备编号：2（功能：STOPPER）
[2025-06-27 16:51:37] [警告] 收到非法设备编号：3（功能：STOPPER）
[2025-06-27 16:51:38] [警告] 收到非法设备编号：2（功能：STOPPER）
[2025-06-27 16:51:38] [警告] 收到非法设备编号：3（功能：STOPPER）
[2025-06-27 16:51:39] [警告] 收到非法设备编号：3（功能：STOPPER）
[2025-06-27 16:51:39] [警告] 收到非法设备编号：2（功能：STOPPER）
[2025-06-27 16:51:40] [警告] 收到非法设备编号：3（功能：STOPPER）
[2025-06-27 16:51:40] [警告] 收到非法设备编号：2（功能：STOPPER）
[2025-06-27 16:51:41] [警告] 收到非法设备编号：2（功能：STOPPER）
[2025-06-27 16:51:41] [警告] 收到非法设备编号：3（功能：STOPPER）
[2025-06-27 16:51:42] [警告] 收到非法设备编号：3（功能：STOPPER）
[2025-06-27 16:51:42] [警告] 收到非法设备编号：2（功能：STOPPER）
[2025-06-27 16:51:43] [警告] 收到非法设备编号：2（功能：STOPPER）
[2025-06-27 16:51:43] [警告] 收到非法设备编号：3（功能：STOPPER）
[2025-06-27 16:51:44] [警告] 收到非法设备编号：3（功能：STOPPER）
[2025-06-27 16:51:44] [警告] 收到非法设备编号：2（功能：STOPPER）
[2025-06-27 16:51:45] [警告] 收到非法设备编号：3（功能：STOPPER）
[2025-06-27 16:51:45] [警告] 收到非法设备编号：2（功能：STOPPER）
[2025-06-27 16:51:46] [警告] 收到非法设备编号：2（功能：STOPPER）
[2025-06-27 16:51:46] [警告] 收到非法设备编号：3（功能：STOPPER）
[2025-06-27 16:51:47] [警告] 收到非法设备编号：2（功能：STOPPER）
[2025-06-27 16:51:47] [警告] 收到非法设备编号：3（功能：STOPPER）
[2025-06-27 16:51:48] [警告] 收到非法设备编号：2（功能：STOPPER）
[2025-06-27 16:51:48] [警告] 收到非法设备编号：3（功能：STOPPER）
[2025-06-27 16:51:49] [警告] 收到非法设备编号：2（功能：STOPPER）
[2025-06-27 16:51:49] [警告] 收到非法设备编号：3（功能：STOPPER）
[2025-06-27 16:51:54] 2道第1台停车器通信超时
[2025-06-27 16:56:56] [警告] 收到非法设备编号：3（功能：STOPPER）
[2025-06-27 16:56:56] [警告] 收到非法设备编号：2（功能：STOPPER）
[2025-06-27 16:56:56] 2道第1台停车器进入检修模式
[2025-06-27 16:56:56] 2道第1台停车器处于检修状态
[2025-06-27 16:56:57] [警告] 收到非法设备编号：3（功能：STOPPER）
[2025-06-27 16:56:57] [警告] 收到非法设备编号：2（功能：STOPPER）
[2025-06-27 16:56:58] [警告] 收到非法设备编号：2（功能：STOPPER）
[2025-06-27 16:56:58] [警告] 收到非法设备编号：3（功能：STOPPER）
[2025-06-27 16:56:59] [警告] 收到非法设备编号：2（功能：STOPPER）
[2025-06-27 16:56:59] [警告] 收到非法设备编号：3（功能：STOPPER）
[2025-06-27 16:57:00] [警告] 收到非法设备编号：3（功能：STOPPER）
[2025-06-27 16:57:00] [警告] 收到非法设备编号：2（功能：STOPPER）
[2025-06-27 16:57:01] [警告] 收到非法设备编号：2（功能：STOPPER）
[2025-06-27 16:57:01] [警告] 收到非法设备编号：3（功能：STOPPER）
[2025-06-27 16:57:02] [警告] 收到非法设备编号：2（功能：STOPPER）
[2025-06-27 16:57:02] [警告] 收到非法设备编号：3（功能：STOPPER）
[2025-06-27 16:57:03] [警告] 收到非法设备编号：2（功能：STOPPER）
[2025-06-27 16:57:03] [警告] 收到非法设备编号：3（功能：STOPPER）
[2025-06-27 16:57:04] [警告] 收到非法设备编号：2（功能：STOPPER）
[2025-06-27 16:57:04] [警告] 收到非法设备编号：3（功能：STOPPER）
[2025-06-27 16:57:05] [警告] 收到非法设备编号：3（功能：STOPPER）
[2025-06-27 16:57:05] [警告] 收到非法设备编号：2（功能：STOPPER）
[2025-06-27 16:57:06] [警告] 收到非法设备编号：2（功能：STOPPER）
[2025-06-27 16:57:06] [警告] 收到非法设备编号：3（功能：STOPPER）
[2025-06-27 16:57:07] [警告] 收到非法设备编号：2（功能：STOPPER）
[2025-06-27 16:57:07] [警告] 收到非法设备编号：3（功能：STOPPER）
[2025-06-27 16:57:08] [警告] 收到非法设备编号：2（功能：STOPPER）
[2025-06-27 16:57:08] [警告] 收到非法设备编号：3（功能：STOPPER）
[2025-06-27 16:57:09] [警告] 收到非法设备编号：3（功能：STOPPER）
[2025-06-27 16:57:09] [警告] 收到非法设备编号：2（功能：STOPPER）
[2025-06-27 16:57:10] [警告] 收到非法设备编号：3（功能：STOPPER）
[2025-06-27 16:57:10] [警告] 收到非法设备编号：2（功能：STOPPER）
[2025-06-27 16:57:11] [警告] 收到非法设备编号：3（功能：STOPPER）
[2025-06-27 16:57:11] [警告] 收到非法设备编号：2（功能：STOPPER）
[2025-06-27 16:57:12] [警告] 收到非法设备编号：2（功能：STOPPER）
[2025-06-27 16:57:12] [警告] 收到非法设备编号：3（功能：STOPPER）
[2025-06-27 16:57:13] [警告] 收到非法设备编号：2（功能：STOPPER）
[2025-06-27 16:57:13] [警告] 收到非法设备编号：3（功能：STOPPER）
[2025-06-27 16:57:14] [警告] 收到非法设备编号：2（功能：STOPPER）
[2025-06-27 16:57:14] [警告] 收到非法设备编号：3（功能：STOPPER）
[2025-06-27 16:57:15] [警告] 收到非法设备编号：3（功能：STOPPER）
[2025-06-27 16:57:15] [警告] 收到非法设备编号：2（功能：STOPPER）
[2025-06-27 16:57:16] [警告] 收到非法设备编号：2（功能：STOPPER）
[2025-06-27 16:57:16] [警告] 收到非法设备编号：3（功能：STOPPER）
[2025-06-27 16:57:17] [警告] 收到非法设备编号：3（功能：STOPPER）
[2025-06-27 16:57:17] [警告] 收到非法设备编号：2（功能：STOPPER）
[2025-06-27 16:57:18] [警告] 收到非法设备编号：3（功能：STOPPER）
[2025-06-27 16:57:18] [警告] 收到非法设备编号：2（功能：STOPPER）
[2025-06-27 16:57:19] [警告] 收到非法设备编号：2（功能：STOPPER）
[2025-06-27 16:57:19] [警告] 收到非法设备编号：3（功能：STOPPER）
[2025-06-27 16:57:20] [警告] 收到非法设备编号：2（功能：STOPPER）
[2025-06-27 16:57:20] [警告] 收到非法设备编号：3（功能：STOPPER）
[2025-06-27 16:57:21] [警告] 收到非法设备编号：2（功能：STOPPER）
[2025-06-27 16:57:21] [警告] 收到非法设备编号：3（功能：STOPPER）
[2025-06-27 16:57:22] [警告] 收到非法设备编号：2（功能：STOPPER）
[2025-06-27 16:57:22] [警告] 收到非法设备编号：3（功能：STOPPER）
[2025-06-27 16:57:27] 2道第1台停车器通信超时
[2025-06-27 16:58:21] 2道第1台防溜器进入检修模式
[2025-06-27 16:58:21] 2道防溜器处于现场（检修）状态
[2025-06-27 16:58:25] 2道防溜器制动中（检修）
[2025-06-27 16:58:27] 2道防溜器处于现场（检修）状态
[2025-06-27 16:58:56] 2道防溜器制动中（检修）
[2025-06-27 16:59:02] 2道防溜器处于现场（检修）状态
[2025-06-27 16:59:06] 2道防溜器缓解中（检修）
[2025-06-27 16:59:10] 2道防溜器处于现场（检修）状态
[2025-06-27 16:59:12] 2道防溜器制动中（检修）
[2025-06-27 16:59:16] 2道防溜器处于现场（检修）状态
[2025-06-27 16:59:19] 2道防溜器缓解中（检修）
[2025-06-27 16:59:22] 2道防溜器处于现场（检修）状态
[2025-06-27 16:59:24] 2道防溜器制动中（检修）
[2025-06-27 16:59:28] 2道防溜器处于现场（检修）状态
[2025-06-27 16:59:30] 2道第1台防溜器进入运行模式
[2025-06-27 16:59:30] 2道防溜器制动到位（远程）
[2025-06-27 16:59:38] 2道防溜器故障：鞋位与电机位制动表示不一致
[2025-06-27 17:00:25] 2道防溜器通信超时
[2025-06-27 17:01:44] 2道防溜器制动到位（远程）
[2025-06-27 17:01:52] 2道防溜器故障：鞋位与电机位制动表示不一致
[2025-06-27 17:03:38] 2道防溜器通信超时
[2025-06-27 17:04:24] 21道第1台防溜器进入运行模式
[2025-06-27 17:04:24] 21道防溜器制动到位（远程）
[2025-06-27 17:04:32] 21道防溜器故障：鞋位与电机位制动表示不一致
[2025-06-27 17:04:43] 21道第1台防溜器进入检修模式
[2025-06-27 17:04:43] 21道防溜器处于现场（检修）状态
[2025-06-27 17:04:45] 21道第1台防溜器进入运行模式
[2025-06-27 17:04:45] 21道防溜器制动到位（远程）
[2025-06-27 17:04:52] 21道防溜器故障：鞋位与电机位制动表示不一致
[2025-06-27 17:05:18] 21道第1台防溜器进入检修模式
[2025-06-27 17:05:18] 21道防溜器处于现场（检修）状态
[2025-06-27 17:05:20] 21道第1台防溜器进入运行模式
[2025-06-27 17:05:20] 21道防溜器制动到位（远程）
[2025-06-27 17:05:55] SAM控制（21道）防溜器 缓解
[2025-06-27 17:05:56] 21道防溜器缓解中（远程）
[2025-06-27 17:05:58] 21道防溜器缓解到位（远程）
[2025-06-27 17:06:07] SAM控制（21道）防溜器 制动
[2025-06-27 17:06:08] 21道防溜器制动中（远程）
[2025-06-27 17:06:10] 21道防溜器制动到位（远程）
[2025-06-27 17:06:17] SAM控制（21道）防溜器 缓解
[2025-06-27 17:06:17] 21道防溜器缓解中（远程）
[2025-06-27 17:06:20] 21道防溜器缓解到位（远程）
[2025-06-27 17:06:28] SAM控制（21道）防溜器 制动
[2025-06-27 17:06:28] 21道防溜器制动中（远程）
[2025-06-27 17:06:31] 21道防溜器制动到位（远程）
[2025-06-27 17:06:56] SAM控制（21道）防溜器 缓解
[2025-06-27 17:06:56] 21道防溜器缓解中（远程）
[2025-06-27 17:06:58] 21道防溜器缓解到位（远程）
[2025-06-27 17:08:30] 21道防溜器通信超时
[2025-06-27 17:08:35] 21道防溜器缓解到位（远程）
[2025-06-27 17:08:54] 21道防溜器通信超时
[2025-06-27 17:09:06] 2道防溜器缓解到位（远程）
[2025-06-27 17:12:42] A机进入主用状态
[2025-06-27 17:12:42] A机在线
[2025-06-27 17:18:42] A机进入主用状态
[2025-06-27 17:18:42] A机在线
[2025-06-27 17:18:42] B机进入备用状态
[2025-06-27 17:18:42] B机离线
[2025-06-27 17:18:43] [警告] 收到非法设备编号：2（功能：STOPPER）
[2025-06-27 17:18:43] 2道第1台防溜器进入运行模式
[2025-06-27 17:18:43] 2道防溜器缓解到位（远程）
[2025-06-27 17:18:44] [警告] 收到非法设备编号：2（功能：STOPPER）
[2025-06-27 17:18:45] [警告] 收到非法设备编号：2（功能：STOPPER）
[2025-06-27 17:18:46] [警告] 收到非法设备编号：2（功能：STOPPER）
[2025-06-27 17:18:47] 2道第1台停车器通信超时
[2025-06-27 17:18:47] 2道第2台停车器通信超时
[2025-06-27 17:18:47] 2道第3台停车器通信超时
[2025-06-27 17:18:47] 3道第1台停车器通信超时
[2025-06-27 17:18:47] 3道第2台停车器通信超时
[2025-06-27 17:18:47] 3道第3台停车器通信超时
[2025-06-27 17:18:47] 3道防溜器通信超时
[2025-06-27 17:18:47] 4道第1台停车器通信超时
[2025-06-27 17:18:47] 4道第2台停车器通信超时
[2025-06-27 17:18:47] 4道第3台停车器通信超时
[2025-06-27 17:18:47] 4道防溜器通信超时
[2025-06-27 17:18:47] 5道第1台停车器通信超时
[2025-06-27 17:18:47] 5道第2台停车器通信超时
[2025-06-27 17:18:47] 5道第3台停车器通信超时
[2025-06-27 17:18:47] 5道防溜器通信超时
[2025-06-27 17:18:47] 6道第1台停车器通信超时
[2025-06-27 17:18:47] 6道第2台停车器通信超时
[2025-06-27 17:18:47] 6道第3台停车器通信超时
[2025-06-27 17:18:47] 6道防溜器通信超时
[2025-06-27 17:18:47] 7道第1台停车器通信超时
[2025-06-27 17:18:47] 7道第2台停车器通信超时
[2025-06-27 17:18:47] 7道第3台停车器通信超时
[2025-06-27 17:18:47] 7道防溜器通信超时
[2025-06-27 17:18:47] 8道第1台停车器通信超时
[2025-06-27 17:18:47] 8道第2台停车器通信超时
[2025-06-27 17:18:47] 8道第3台停车器通信超时
[2025-06-27 17:18:47] 8道防溜器通信超时
[2025-06-27 17:18:47] 9道第1台停车器通信超时
[2025-06-27 17:18:47] 9道第2台停车器通信超时
[2025-06-27 17:18:47] 9道第3台停车器通信超时
[2025-06-27 17:18:47] 9道防溜器通信超时
[2025-06-27 17:18:47] 10道第1台停车器通信超时
[2025-06-27 17:18:47] 10道第2台停车器通信超时
[2025-06-27 17:18:47] 10道第3台停车器通信超时
[2025-06-27 17:18:47] 10道防溜器通信超时
[2025-06-27 17:18:47] 11道第1台停车器通信超时
[2025-06-27 17:18:47] 11道第2台停车器通信超时
[2025-06-27 17:18:47] 11道第3台停车器通信超时
[2025-06-27 17:18:47] 11道防溜器通信超时
[2025-06-27 17:18:47] 12道第1台停车器通信超时
[2025-06-27 17:18:47] 12道第2台停车器通信超时
[2025-06-27 17:18:47] 12道第3台停车器通信超时
[2025-06-27 17:18:47] 12道防溜器通信超时
[2025-06-27 17:18:47] 13道第1台停车器通信超时
[2025-06-27 17:18:47] 13道第2台停车器通信超时
[2025-06-27 17:18:47] 13道第3台停车器通信超时
[2025-06-27 17:18:47] 13道防溜器通信超时
[2025-06-27 17:18:47] 14道第1台停车器通信超时
[2025-06-27 17:18:47] 14道第2台停车器通信超时
[2025-06-27 17:18:47] 14道第3台停车器通信超时
[2025-06-27 17:18:47] 14道防溜器通信超时
[2025-06-27 17:18:47] 15道第1台停车器通信超时
[2025-06-27 17:18:47] 15道第2台停车器通信超时
[2025-06-27 17:18:47] 15道第3台停车器通信超时
[2025-06-27 17:18:47] 15道防溜器通信超时
[2025-06-27 17:18:47] 16道第1台停车器通信超时
[2025-06-27 17:18:47] 16道第2台停车器通信超时
[2025-06-27 17:18:47] 16道第3台停车器通信超时
[2025-06-27 17:18:47] 16道防溜器通信超时
[2025-06-27 17:18:47] 17道第1台停车器通信超时
[2025-06-27 17:18:47] 17道第2台停车器通信超时
[2025-06-27 17:18:47] 17道第3台停车器通信超时
[2025-06-27 17:18:47] 17道防溜器通信超时
[2025-06-27 17:18:47] 18道第1台停车器通信超时
[2025-06-27 17:18:47] 18道第2台停车器通信超时
[2025-06-27 17:18:47] 18道第3台停车器通信超时
[2025-06-27 17:18:47] 18道防溜器通信超时
[2025-06-27 17:18:47] 19道第1台停车器通信超时
[2025-06-27 17:18:47] 19道第2台停车器通信超时
[2025-06-27 17:18:47] 19道第3台停车器通信超时
[2025-06-27 17:18:47] 19道防溜器通信超时
[2025-06-27 17:18:47] 20道第1台停车器通信超时
[2025-06-27 17:18:47] 20道第2台停车器通信超时
[2025-06-27 17:18:47] 20道第3台停车器通信超时
[2025-06-27 17:18:47] 20道防溜器通信超时
[2025-06-27 17:18:47] 21道第1台停车器通信超时
[2025-06-27 17:18:47] 21道第2台停车器通信超时
[2025-06-27 17:18:47] 21道第3台停车器通信超时
[2025-06-27 17:18:47] 21道防溜器通信超时
[2025-06-27 17:18:47] 22道第1台停车器通信超时
[2025-06-27 17:18:47] 22道第2台停车器通信超时
[2025-06-27 17:18:47] 22道第3台停车器通信超时
[2025-06-27 17:18:47] 22道防溜器通信超时
[2025-06-27 17:18:47] 23道第1台停车器通信超时
[2025-06-27 17:18:47] 23道第2台停车器通信超时
[2025-06-27 17:18:47] 23道第3台停车器通信超时
[2025-06-27 17:18:47] 23道防溜器通信超时
[2025-06-27 17:18:47] 24道第1台停车器通信超时
[2025-06-27 17:18:47] 24道第2台停车器通信超时
[2025-06-27 17:18:47] 24道第3台停车器通信超时
[2025-06-27 17:18:47] 24道防溜器通信超时
[2025-06-27 17:18:47] [警告] 收到非法设备编号：2（功能：STOPPER）
[2025-06-27 17:18:48] [警告] 收到非法设备编号：2（功能：STOPPER）
[2025-06-27 17:18:49] [警告] 收到非法设备编号：2（功能：STOPPER）
[2025-06-27 17:18:50] [警告] 收到非法设备编号：2（功能：STOPPER）
[2025-06-27 17:18:51] [警告] 收到非法设备编号：2（功能：STOPPER）
[2025-06-27 17:18:52] [警告] 收到非法设备编号：2（功能：STOPPER）
[2025-06-27 17:18:53] [警告] 收到非法设备编号：2（功能：STOPPER）
[2025-06-27 17:18:54] [警告] 收到非法设备编号：2（功能：STOPPER）
[2025-06-27 17:18:55] [警告] 收到非法设备编号：2（功能：STOPPER）
[2025-06-27 17:18:56] [警告] 收到非法设备编号：2（功能：STOPPER）
[2025-06-27 17:18:57] [警告] 收到非法设备编号：2（功能：STOPPER）
[2025-06-27 17:18:58] [警告] 收到非法设备编号：2（功能：STOPPER）
[2025-06-27 17:18:59] [警告] 收到非法设备编号：2（功能：STOPPER）
[2025-06-27 17:19:00] [警告] 收到非法设备编号：2（功能：STOPPER）
[2025-06-27 17:19:01] [警告] 收到非法设备编号：2（功能：STOPPER）
[2025-06-27 17:19:02] [警告] 收到非法设备编号：2（功能：STOPPER）
[2025-06-27 17:19:03] [警告] 收到非法设备编号：2（功能：STOPPER）
[2025-06-27 17:19:04] [警告] 收到非法设备编号：2（功能：STOPPER）
[2025-06-27 17:19:05] [警告] 收到非法设备编号：2（功能：STOPPER）
[2025-06-27 17:19:06] [警告] 收到非法设备编号：2（功能：STOPPER）
[2025-06-27 17:19:07] [警告] 收到非法设备编号：2（功能：STOPPER）
[2025-06-27 17:19:08] [警告] 收到非法设备编号：2（功能：STOPPER）
[2025-06-27 17:19:09] [警告] 收到非法设备编号：2（功能：STOPPER）
[2025-06-27 17:19:10] [警告] 收到非法设备编号：2（功能：STOPPER）
[2025-06-27 17:19:11] [警告] 收到非法设备编号：2（功能：STOPPER）
[2025-06-27 17:19:12] [警告] 收到非法设备编号：2（功能：STOPPER）
[2025-06-27 17:19:15] [警告] 收到非法设备编号：2（功能：STOPPER）
[2025-06-27 17:19:16] [警告] 收到非法设备编号：2（功能：STOPPER）
[2025-06-27 17:19:17] [警告] 收到非法设备编号：2（功能：STOPPER）
[2025-06-27 17:19:18] [警告] 收到非法设备编号：2（功能：STOPPER）
[2025-06-27 17:19:19] [警告] 收到非法设备编号：2（功能：STOPPER）
[2025-06-27 17:19:20] [警告] 收到非法设备编号：2（功能：STOPPER）
[2025-06-27 17:19:21] [警告] 收到非法设备编号：2（功能：STOPPER）
[2025-06-27 17:19:22] [警告] 收到非法设备编号：2（功能：STOPPER）
[2025-06-27 17:19:23] [警告] 收到非法设备编号：2（功能：STOPPER）
[2025-06-27 17:19:24] [警告] 收到非法设备编号：2（功能：STOPPER）
[2025-06-27 17:19:25] [警告] 收到非法设备编号：2（功能：STOPPER）
[2025-06-27 17:19:26] [警告] 收到非法设备编号：2（功能：STOPPER）
[2025-06-27 17:19:27] [警告] 收到非法设备编号：2（功能：STOPPER）
[2025-06-27 17:19:28] [警告] 收到非法设备编号：2（功能：STOPPER）
[2025-06-27 17:19:29] [警告] 收到非法设备编号：2（功能：STOPPER）
[2025-06-27 17:19:30] [警告] 收到非法设备编号：2（功能：STOPPER）
[2025-06-27 17:19:31] [警告] 收到非法设备编号：2（功能：STOPPER）
[2025-06-27 17:19:32] [警告] 收到非法设备编号：2（功能：STOPPER）
[2025-06-27 17:19:33] [警告] 收到非法设备编号：2（功能：STOPPER）
[2025-06-27 17:19:36] [警告] 收到非法设备编号：2（功能：STOPPER）
[2025-06-27 17:19:37] [警告] 收到非法设备编号：2（功能：STOPPER）
[2025-06-27 17:19:38] [警告] 收到非法设备编号：2（功能：STOPPER）
[2025-06-27 17:19:39] [警告] 收到非法设备编号：2（功能：STOPPER）
[2025-06-27 17:19:40] [警告] 收到非法设备编号：2（功能：STOPPER）
[2025-06-27 17:19:41] [警告] 收到非法设备编号：2（功能：STOPPER）
[2025-06-27 17:19:42] [警告] 收到非法设备编号：2（功能：STOPPER）
[2025-06-27 17:19:43] [警告] 收到非法设备编号：2（功能：STOPPER）
[2025-06-27 17:19:44] [警告] 收到非法设备编号：2（功能：STOPPER）
[2025-06-27 17:19:45] [警告] 收到非法设备编号：2（功能：STOPPER）
[2025-06-27 17:19:46] [警告] 收到非法设备编号：2（功能：STOPPER）
[2025-06-27 17:19:47] [警告] 收到非法设备编号：2（功能：STOPPER）
[2025-06-27 17:19:48] [警告] 收到非法设备编号：2（功能：STOPPER）
[2025-06-27 17:19:49] [警告] 收到非法设备编号：2（功能：STOPPER）
[2025-06-27 17:19:50] [警告] 收到非法设备编号：2（功能：STOPPER）
[2025-06-27 17:19:51] [警告] 收到非法设备编号：2（功能：STOPPER）
[2025-06-27 17:19:52] [警告] 收到非法设备编号：2（功能：STOPPER）
[2025-06-27 17:19:53] [警告] 收到非法设备编号：2（功能：STOPPER）
[2025-06-27 17:19:54] [警告] 收到非法设备编号：2（功能：STOPPER）
[2025-06-27 17:19:55] [警告] 收到非法设备编号：2（功能：STOPPER）
[2025-06-27 17:19:56] [警告] 收到非法设备编号：2（功能：STOPPER）
[2025-06-27 17:19:59] [警告] 收到非法设备编号：2（功能：STOPPER）
[2025-06-27 17:20:00] [警告] 收到非法设备编号：2（功能：STOPPER）
[2025-06-27 17:20:01] [警告] 收到非法设备编号：2（功能：STOPPER）
[2025-06-27 17:20:02] [警告] 收到非法设备编号：2（功能：STOPPER）
[2025-06-27 17:28:49] 2道第1台停车器进入检修模式
[2025-06-27 17:28:49] 2道第1台停车器处于检修状态
[2025-06-27 17:29:04] 2道第1台停车器进入运行模式
[2025-06-27 17:29:04] 2道第1台停车器缓解到位
[2025-06-27 17:29:45] 用户确认切换为集控模式，已发送 ACQ 指令
[2025-06-27 17:30:16] SAM控制（2道）停车器 制动
[2025-06-27 17:30:51] SAM控制（2道）停车器 制动
[2025-06-27 17:31:20] 2道第1台停车器进入检修模式
[2025-06-27 17:31:20] 2道第1台停车器处于检修状态
[2025-06-27 17:31:25] 2道第1台停车器进入运行模式
[2025-06-27 17:31:25] 2道第1台停车器制动到位
[2025-06-27 17:31:36] SAM控制（2道）停车器 缓解
[2025-06-27 17:31:39] 2道第1台停车器第3个电磁阀故障
[2025-06-27 17:31:55] 2道第1台停车器进入检修模式
[2025-06-27 17:31:55] 2道第1台停车器处于检修状态
[2025-06-27 17:32:13] 2道第1台停车器进入运行模式
[2025-06-27 17:32:13] 2道第1台停车器缓解到位
[2025-06-27 17:32:43] 上位机发送制动指令到2道第1台停车器
[2025-06-27 17:33:29] SAM控制（2道）停车器 制动
[2025-06-27 17:33:57] SAM控制（2道）停车器 制动
[2025-06-27 17:34:28] SAM控制（2道）停车器 制动
[2025-06-27 17:35:02] 2道第1台停车器通信超时
[2025-06-27 17:35:15] [警告] 收到非法设备编号：2（功能：STOPPER）
[2025-06-27 17:35:16] [警告] 收到非法设备编号：2（功能：STOPPER）
[2025-06-27 17:35:17] [警告] 收到非法设备编号：2（功能：STOPPER）
[2025-06-27 17:35:18] [警告] 收到非法设备编号：2（功能：STOPPER）
[2025-06-27 17:35:19] [警告] 收到非法设备编号：2（功能：STOPPER）
[2025-06-27 17:35:20] [警告] 收到非法设备编号：2（功能：STOPPER）
[2025-06-27 17:35:21] [警告] 收到非法设备编号：2（功能：STOPPER）
[2025-06-27 17:35:22] [警告] 收到非法设备编号：2（功能：STOPPER）
[2025-06-27 17:35:25] [警告] 收到非法设备编号：2（功能：STOPPER）
[2025-06-27 17:35:26] [警告] 收到非法设备编号：2（功能：STOPPER）
[2025-06-27 17:35:27] [警告] 收到非法设备编号：2（功能：STOPPER）
[2025-06-27 17:35:28] [警告] 收到非法设备编号：2（功能：STOPPER）
[2025-06-27 17:35:29] [警告] 收到非法设备编号：2（功能：STOPPER）
[2025-06-27 17:35:32] [警告] 收到非法设备编号：2（功能：STOPPER）
[2025-06-27 17:35:33] [警告] 收到非法设备编号：2（功能：STOPPER）
[2025-06-27 17:35:34] [警告] 收到非法设备编号：2（功能：STOPPER）
[2025-06-27 17:35:35] [警告] 收到非法设备编号：2（功能：STOPPER）
[2025-06-27 17:35:36] [警告] 收到非法设备编号：2（功能：STOPPER）
[2025-06-27 17:35:37] [警告] 收到非法设备编号：2（功能：STOPPER）
[2025-06-27 17:35:38] [警告] 收到非法设备编号：2（功能：STOPPER）
[2025-06-27 17:35:39] [警告] 收到非法设备编号：2（功能：STOPPER）
[2025-06-27 17:35:40] [警告] 收到非法设备编号：2（功能：STOPPER）
[2025-06-27 17:35:41] [警告] 收到非法设备编号：2（功能：STOPPER）
[2025-06-27 17:35:42] [警告] 收到非法设备编号：2（功能：STOPPER）
[2025-06-27 17:35:43] [警告] 收到非法设备编号：2（功能：STOPPER）
[2025-06-27 17:35:44] [警告] 收到非法设备编号：2（功能：STOPPER）
[2025-06-27 17:35:45] [警告] 收到非法设备编号：2（功能：STOPPER）
[2025-06-27 17:35:46] [警告] 收到非法设备编号：2（功能：STOPPER）
[2025-06-27 17:35:47] [警告] 收到非法设备编号：2（功能：STOPPER）
[2025-06-27 17:35:48] [警告] 收到非法设备编号：2（功能：STOPPER）
[2025-06-27 17:35:49] [警告] 收到非法设备编号：2（功能：STOPPER）
[2025-06-27 17:35:50] [警告] 收到非法设备编号：2（功能：STOPPER）
[2025-06-27 17:35:51] [警告] 收到非法设备编号：2（功能：STOPPER）
[2025-06-27 17:35:52] [警告] 收到非法设备编号：2（功能：STOPPER）
[2025-06-27 17:35:53] [警告] 收到非法设备编号：2（功能：STOPPER）
[2025-06-27 17:36:05] [警告] 收到非法设备编号：2（功能：STOPPER）
[2025-06-27 17:36:06] [警告] 收到非法设备编号：2（功能：STOPPER）
[2025-06-27 17:36:07] [警告] 收到非法设备编号：2（功能：STOPPER）
[2025-06-27 17:36:08] [警告] 收到非法设备编号：2（功能：STOPPER）
[2025-06-27 17:36:09] [警告] 收到非法设备编号：2（功能：STOPPER）
[2025-06-27 17:36:10] [警告] 收到非法设备编号：2（功能：STOPPER）
[2025-06-27 17:36:11] [警告] 收到非法设备编号：2（功能：STOPPER）
[2025-06-27 17:36:12] [警告] 收到非法设备编号：2（功能：STOPPER）
[2025-06-27 17:36:13] [警告] 收到非法设备编号：2（功能：STOPPER）
[2025-06-27 17:36:14] [警告] 收到非法设备编号：2（功能：STOPPER）
[2025-06-27 17:36:15] [警告] 收到非法设备编号：2（功能：STOPPER）
[2025-06-27 17:36:16] [警告] 收到非法设备编号：2（功能：STOPPER）
[2025-06-27 17:36:17] [警告] 收到非法设备编号：2（功能：STOPPER）
[2025-06-27 17:36:18] [警告] 收到非法设备编号：2（功能：STOPPER）
[2025-06-27 17:36:19] [警告] 收到非法设备编号：2（功能：STOPPER）
[2025-06-27 17:36:20] [警告] 收到非法设备编号：2（功能：STOPPER）
[2025-06-27 17:36:21] [警告] 收到非法设备编号：2（功能：STOPPER）
[2025-06-27 17:36:22] [警告] 收到非法设备编号：2（功能：STOPPER）
[2025-06-27 17:36:23] [警告] 收到非法设备编号：2（功能：STOPPER）
[2025-06-27 17:36:24] [警告] 收到非法设备编号：2（功能：STOPPER）
[2025-06-27 17:36:25] [警告] 收到非法设备编号：2（功能：STOPPER）
[2025-06-27 17:36:26] [警告] 收到非法设备编号：2（功能：STOPPER）
[2025-06-27 17:36:27] [警告] 收到非法设备编号：2（功能：STOPPER）
[2025-06-27 17:36:28] [警告] 收到非法设备编号：2（功能：STOPPER）
[2025-06-27 17:36:29] [警告] 收到非法设备编号：2（功能：STOPPER）
[2025-06-27 17:36:30] [警告] 收到非法设备编号：2（功能：STOPPER）
[2025-06-27 17:36:31] [警告] 收到非法设备编号：2（功能：STOPPER）
[2025-06-27 17:36:32] [警告] 收到非法设备编号：2（功能：STOPPER）
[2025-06-27 17:36:33] [警告] 收到非法设备编号：2（功能：STOPPER）
[2025-06-27 17:36:34] [警告] 收到非法设备编号：2（功能：STOPPER）
[2025-06-27 17:36:35] [警告] 收到非法设备编号：2（功能：STOPPER）
[2025-06-27 17:36:36] [警告] 收到非法设备编号：2（功能：STOPPER）
[2025-06-27 17:36:37] [警告] 收到非法设备编号：2（功能：STOPPER）
[2025-06-27 17:36:38] [警告] 收到非法设备编号：2（功能：STOPPER）
[2025-06-27 17:36:39] [警告] 收到非法设备编号：2（功能：STOPPER）
[2025-06-27 17:36:40] [警告] 收到非法设备编号：2（功能：STOPPER）
[2025-06-27 17:36:41] [警告] 收到非法设备编号：2（功能：STOPPER）
[2025-06-27 17:36:42] [警告] 收到非法设备编号：2（功能：STOPPER）
[2025-06-27 17:36:43] [警告] 收到非法设备编号：2（功能：STOPPER）
[2025-06-27 17:36:44] [警告] 收到非法设备编号：2（功能：STOPPER）
[2025-06-27 17:36:45] [警告] 收到非法设备编号：2（功能：STOPPER）
[2025-06-27 17:36:46] [警告] 收到非法设备编号：2（功能：STOPPER）
[2025-06-27 17:36:47] [警告] 收到非法设备编号：2（功能：STOPPER）
[2025-06-27 17:36:48] [警告] 收到非法设备编号：2（功能：STOPPER）
[2025-06-27 17:36:49] [警告] 收到非法设备编号：2（功能：STOPPER）
[2025-06-27 17:36:50] [警告] 收到非法设备编号：2（功能：STOPPER）
[2025-06-27 17:36:51] [警告] 收到非法设备编号：2（功能：STOPPER）
[2025-06-27 17:37:06] 2道第1台停车器缓解到位
[2025-06-27 17:37:22] [警告] 收到非法设备编号：2（功能：STOPPER）
[2025-06-27 17:37:23] [警告] 收到非法设备编号：2（功能：STOPPER）
[2025-06-27 17:37:24] [警告] 收到非法设备编号：2（功能：STOPPER）
[2025-06-27 17:37:25] [警告] 收到非法设备编号：2（功能：STOPPER）
[2025-06-27 17:37:26] [警告] 收到非法设备编号：2（功能：STOPPER）
[2025-06-27 17:37:27] [警告] 收到非法设备编号：2（功能：STOPPER）
[2025-06-27 17:37:28] [警告] 收到非法设备编号：2（功能：STOPPER）
[2025-06-27 17:37:29] [警告] 收到非法设备编号：2（功能：STOPPER）
[2025-06-27 17:37:30] [警告] 收到非法设备编号：2（功能：STOPPER）
[2025-06-27 17:37:31] [警告] 收到非法设备编号：2（功能：STOPPER）
[2025-06-27 17:37:32] [警告] 收到非法设备编号：2（功能：STOPPER）
[2025-06-27 17:37:33] [警告] 收到非法设备编号：2（功能：STOPPER）
[2025-06-27 17:37:34] [警告] 收到非法设备编号：2（功能：STOPPER）
[2025-06-27 17:37:35] [警告] 收到非法设备编号：2（功能：STOPPER）
[2025-06-27 17:37:36] [警告] 收到非法设备编号：2（功能：STOPPER）
[2025-06-27 17:37:37] [警告] 收到非法设备编号：2（功能：STOPPER）
[2025-06-27 17:37:38] [警告] 收到非法设备编号：2（功能：STOPPER）
[2025-06-27 17:37:39] [警告] 收到非法设备编号：2（功能：STOPPER）
[2025-06-27 17:37:40] [警告] 收到非法设备编号：2（功能：STOPPER）
[2025-06-27 17:37:41] [警告] 收到非法设备编号：2（功能：STOPPER）
[2025-06-27 17:37:42] [警告] 收到非法设备编号：2（功能：STOPPER）
[2025-06-27 17:37:43] [警告] 收到非法设备编号：2（功能：STOPPER）
[2025-06-27 17:37:44] [警告] 收到非法设备编号：2（功能：STOPPER）
[2025-06-27 17:37:45] [警告] 收到非法设备编号：2（功能：STOPPER）
[2025-06-27 17:37:46] [警告] 收到非法设备编号：2（功能：STOPPER）
[2025-06-27 17:37:47] [警告] 收到非法设备编号：2（功能：STOPPER）
[2025-06-27 17:37:48] [警告] 收到非法设备编号：2（功能：STOPPER）
[2025-06-27 17:37:49] [警告] 收到非法设备编号：2（功能：STOPPER）
[2025-06-27 17:37:50] [警告] 收到非法设备编号：2（功能：STOPPER）
[2025-06-27 17:37:56] 2道第1台停车器通信超时
[2025-06-27 17:37:58] 2道第1台停车器制动到位
[2025-06-27 17:38:21] [警告] 收到非法设备编号：2（功能：STOPPER）
[2025-06-27 17:38:22] [警告] 收到非法设备编号：2（功能：STOPPER）
[2025-06-27 17:38:23] [警告] 收到非法设备编号：2（功能：STOPPER）
[2025-06-27 17:38:24] [警告] 收到非法设备编号：2（功能：STOPPER）
[2025-06-27 17:38:25] [警告] 收到非法设备编号：2（功能：STOPPER）
[2025-06-27 17:38:26] [警告] 收到非法设备编号：2（功能：STOPPER）
[2025-06-27 17:38:27] [警告] 收到非法设备编号：2（功能：STOPPER）
[2025-06-27 17:38:28] [警告] 收到非法设备编号：2（功能：STOPPER）
[2025-06-27 17:38:29] [警告] 收到非法设备编号：2（功能：STOPPER）
[2025-06-27 17:38:30] [警告] 收到非法设备编号：2（功能：STOPPER）
[2025-06-27 17:38:31] [警告] 收到非法设备编号：2（功能：STOPPER）
[2025-06-27 17:38:32] [警告] 收到非法设备编号：2（功能：STOPPER）
[2025-06-27 17:38:33] [警告] 收到非法设备编号：2（功能：STOPPER）
[2025-06-27 17:38:34] [警告] 收到非法设备编号：2（功能：STOPPER）
[2025-06-27 17:38:35] [警告] 收到非法设备编号：2（功能：STOPPER）
[2025-06-27 17:38:36] [警告] 收到非法设备编号：2（功能：STOPPER）
[2025-06-27 17:38:37] [警告] 收到非法设备编号：2（功能：STOPPER）
[2025-06-27 17:38:38] [警告] 收到非法设备编号：2（功能：STOPPER）
[2025-06-27 17:38:39] [警告] 收到非法设备编号：2（功能：STOPPER）
[2025-06-27 17:38:40] [警告] 收到非法设备编号：2（功能：STOPPER）
[2025-06-27 17:38:41] [警告] 收到非法设备编号：2（功能：STOPPER）
[2025-06-27 17:38:42] [警告] 收到非法设备编号：2（功能：STOPPER）
[2025-06-27 17:38:43] [警告] 收到非法设备编号：2（功能：STOPPER）
[2025-06-27 17:38:44] [警告] 收到非法设备编号：2（功能：STOPPER）
[2025-06-27 17:38:45] [警告] 收到非法设备编号：2（功能：STOPPER）
[2025-06-27 17:38:51] 2道第1台停车器通信超时
[2025-06-27 17:39:33] 2道第1台停车器制动到位
[2025-06-27 17:39:33] [警告] 收到非法设备编号：2（功能：STOPPER）
[2025-06-27 17:39:33] [警告] 收到非法设备编号：3（功能：STOPPER）
[2025-06-27 17:39:34] [警告] 收到非法设备编号：3（功能：STOPPER）
[2025-06-27 17:39:34] [警告] 收到非法设备编号：2（功能：STOPPER）
[2025-06-27 17:39:35] [警告] 收到非法设备编号：3（功能：STOPPER）
[2025-06-27 17:39:35] [警告] 收到非法设备编号：2（功能：STOPPER）
[2025-06-27 17:39:36] [警告] 收到非法设备编号：3（功能：STOPPER）
[2025-06-27 17:39:36] [警告] 收到非法设备编号：2（功能：STOPPER）
[2025-06-27 17:39:37] [警告] 收到非法设备编号：3（功能：STOPPER）
[2025-06-27 17:39:37] [警告] 收到非法设备编号：2（功能：STOPPER）
[2025-06-27 17:39:38] [警告] 收到非法设备编号：2（功能：STOPPER）
[2025-06-27 17:39:39] [警告] 收到非法设备编号：2（功能：STOPPER）
[2025-06-27 17:39:40] [警告] 收到非法设备编号：2（功能：STOPPER）
[2025-06-27 17:39:40] [警告] 收到非法设备编号：3（功能：STOPPER）
[2025-06-27 17:39:41] [警告] 收到非法设备编号：3（功能：STOPPER）
[2025-06-27 17:39:41] [警告] 收到非法设备编号：2（功能：STOPPER）
[2025-06-27 17:39:42] [警告] 收到非法设备编号：2（功能：STOPPER）
[2025-06-27 17:39:42] [警告] 收到非法设备编号：3（功能：STOPPER）
[2025-06-27 17:39:43] [警告] 收到非法设备编号：2（功能：STOPPER）
[2025-06-27 17:39:43] [警告] 收到非法设备编号：3（功能：STOPPER）
[2025-06-27 17:39:44] [警告] 收到非法设备编号：3（功能：STOPPER）
[2025-06-27 17:39:44] [警告] 收到非法设备编号：2（功能：STOPPER）
[2025-06-27 17:39:45] [警告] 收到非法设备编号：3（功能：STOPPER）
[2025-06-27 17:39:45] [警告] 收到非法设备编号：2（功能：STOPPER）
[2025-06-27 17:39:46] [警告] 收到非法设备编号：2（功能：STOPPER）
[2025-06-27 17:39:46] [警告] 收到非法设备编号：3（功能：STOPPER）
[2025-06-27 17:39:47] [警告] 收到非法设备编号：3（功能：STOPPER）
[2025-06-27 17:39:47] [警告] 收到非法设备编号：2（功能：STOPPER）
[2025-06-27 17:39:48] [警告] 收到非法设备编号：2（功能：STOPPER）
[2025-06-27 17:39:48] [警告] 收到非法设备编号：3（功能：STOPPER）
[2025-06-27 17:39:49] [警告] 收到非法设备编号：2（功能：STOPPER）
[2025-06-27 17:39:49] [警告] 收到非法设备编号：3（功能：STOPPER）
[2025-06-27 17:39:50] [警告] 收到非法设备编号：2（功能：STOPPER）
[2025-06-27 17:39:50] [警告] 收到非法设备编号：3（功能：STOPPER）
[2025-06-27 17:39:51] [警告] 收到非法设备编号：2（功能：STOPPER）
[2025-06-27 17:39:51] [警告] 收到非法设备编号：3（功能：STOPPER）
[2025-06-27 17:39:52] [警告] 收到非法设备编号：2（功能：STOPPER）
[2025-06-27 17:39:52] [警告] 收到非法设备编号：3（功能：STOPPER）
[2025-06-27 17:39:53] [警告] 收到非法设备编号：2（功能：STOPPER）
[2025-06-27 17:39:53] [警告] 收到非法设备编号：3（功能：STOPPER）
[2025-06-27 17:39:54] [警告] 收到非法设备编号：2（功能：STOPPER）
[2025-06-27 17:39:54] [警告] 收到非法设备编号：3（功能：STOPPER）
[2025-06-27 17:39:55] [警告] 收到非法设备编号：2（功能：STOPPER）
[2025-06-27 17:39:55] [警告] 收到非法设备编号：3（功能：STOPPER）
[2025-06-27 17:39:56] [警告] 收到非法设备编号：2（功能：STOPPER）
[2025-06-27 17:39:56] [警告] 收到非法设备编号：3（功能：STOPPER）
[2025-06-27 17:39:57] [警告] 收到非法设备编号：3（功能：STOPPER）
[2025-06-27 17:39:57] [警告] 收到非法设备编号：2（功能：STOPPER）
[2025-06-27 17:39:58] [警告] 收到非法设备编号：2（功能：STOPPER）
[2025-06-27 17:39:58] [警告] 收到非法设备编号：3（功能：STOPPER）
[2025-06-27 17:39:59] [警告] 收到非法设备编号：2（功能：STOPPER）
[2025-06-27 17:39:59] [警告] 收到非法设备编号：3（功能：STOPPER）
[2025-06-27 17:40:00] [警告] 收到非法设备编号：2（功能：STOPPER）
[2025-06-27 17:40:00] [警告] 收到非法设备编号：3（功能：STOPPER）
[2025-06-27 17:40:01] [警告] 收到非法设备编号：2（功能：STOPPER）
[2025-06-27 17:40:01] [警告] 收到非法设备编号：3（功能：STOPPER）
[2025-06-27 17:40:02] [警告] 收到非法设备编号：2（功能：STOPPER）
[2025-06-27 17:40:02] [警告] 收到非法设备编号：3（功能：STOPPER）
[2025-06-27 17:40:03] [警告] 收到非法设备编号：2（功能：STOPPER）
[2025-06-27 17:40:03] [警告] 收到非法设备编号：3（功能：STOPPER）
[2025-06-27 17:40:04] [警告] 收到非法设备编号：3（功能：STOPPER）
[2025-06-27 17:40:04] [警告] 收到非法设备编号：2（功能：STOPPER）
[2025-06-27 17:40:05] [警告] 收到非法设备编号：3（功能：STOPPER）
[2025-06-27 17:40:05] [警告] 收到非法设备编号：2（功能：STOPPER）
[2025-06-27 17:40:06] [警告] 收到非法设备编号：2（功能：STOPPER）
[2025-06-27 17:40:06] [警告] 收到非法设备编号：3（功能：STOPPER）
[2025-06-27 17:40:07] [警告] 收到非法设备编号：2（功能：STOPPER）
[2025-06-27 17:40:07] [警告] 收到非法设备编号：3（功能：STOPPER）
[2025-06-27 17:40:08] [警告] 收到非法设备编号：2（功能：STOPPER）
[2025-06-27 17:40:08] [警告] 收到非法设备编号：3（功能：STOPPER）
[2025-06-27 17:40:09] [警告] 收到非法设备编号：2（功能：STOPPER）
[2025-06-27 17:40:09] [警告] 收到非法设备编号：3（功能：STOPPER）
[2025-06-27 17:40:10] [警告] 收到非法设备编号：3（功能：STOPPER）
[2025-06-27 17:40:10] [警告] 收到非法设备编号：2（功能：STOPPER）
[2025-06-27 17:40:11] [警告] 收到非法设备编号：2（功能：STOPPER）
[2025-06-27 17:40:11] [警告] 收到非法设备编号：3（功能：STOPPER）
[2025-06-27 17:40:12] [警告] 收到非法设备编号：3（功能：STOPPER）
[2025-06-27 17:40:12] [警告] 收到非法设备编号：2（功能：STOPPER）
[2025-06-27 17:40:13] [警告] 收到非法设备编号：3（功能：STOPPER）
[2025-06-27 17:40:13] [警告] 收到非法设备编号：2（功能：STOPPER）
[2025-06-27 17:40:14] [警告] 收到非法设备编号：2（功能：STOPPER）
[2025-06-27 17:40:14] [警告] 收到非法设备编号：3（功能：STOPPER）
[2025-06-27 17:40:15] [警告] 收到非法设备编号：2（功能：STOPPER）
[2025-06-27 17:40:15] [警告] 收到非法设备编号：3（功能：STOPPER）
[2025-06-27 17:40:16] [警告] 收到非法设备编号：2（功能：STOPPER）
[2025-06-27 17:40:16] [警告] 收到非法设备编号：3（功能：STOPPER）
[2025-06-27 17:40:17] [警告] 收到非法设备编号：2（功能：STOPPER）
[2025-06-27 17:40:17] [警告] 收到非法设备编号：3（功能：STOPPER）
[2025-06-27 17:40:18] [警告] 收到非法设备编号：2（功能：STOPPER）
[2025-06-27 17:40:18] [警告] 收到非法设备编号：3（功能：STOPPER）
[2025-06-27 17:40:19] [警告] 收到非法设备编号：2（功能：STOPPER）
[2025-06-27 17:40:19] [警告] 收到非法设备编号：3（功能：STOPPER）
[2025-06-27 17:40:20] [警告] 收到非法设备编号：2（功能：STOPPER）
[2025-06-27 17:40:20] [警告] 收到非法设备编号：3（功能：STOPPER）
[2025-06-27 17:40:21] [警告] 收到非法设备编号：3（功能：STOPPER）
[2025-06-27 17:40:21] [警告] 收到非法设备编号：2（功能：STOPPER）
[2025-06-27 17:40:22] [警告] 收到非法设备编号：2（功能：STOPPER）
[2025-06-27 17:40:22] [警告] 收到非法设备编号：3（功能：STOPPER）
[2025-06-27 17:40:23] [警告] 收到非法设备编号：2（功能：STOPPER）
[2025-06-27 17:40:23] [警告] 收到非法设备编号：3（功能：STOPPER）
[2025-06-27 17:40:24] [警告] 收到非法设备编号：2（功能：STOPPER）
[2025-06-27 17:40:24] [警告] 收到非法设备编号：3（功能：STOPPER）
[2025-06-27 17:40:25] [警告] 收到非法设备编号：2（功能：STOPPER）
[2025-06-27 17:40:25] [警告] 收到非法设备编号：3（功能：STOPPER）
[2025-06-27 17:40:26] [警告] 收到非法设备编号：2（功能：STOPPER）
[2025-06-27 17:40:26] [警告] 收到非法设备编号：3（功能：STOPPER）
[2025-06-27 17:40:27] [警告] 收到非法设备编号：3（功能：STOPPER）
[2025-06-27 17:40:27] [警告] 收到非法设备编号：2（功能：STOPPER）
[2025-06-27 17:40:28] [警告] 收到非法设备编号：2（功能：STOPPER）
[2025-06-27 17:40:28] [警告] 收到非法设备编号：3（功能：STOPPER）
[2025-06-27 17:40:29] [警告] 收到非法设备编号：2（功能：STOPPER）
[2025-06-27 17:40:29] [警告] 收到非法设备编号：3（功能：STOPPER）
[2025-06-27 17:40:30] [警告] 收到非法设备编号：3（功能：STOPPER）
[2025-06-27 17:40:30] [警告] 收到非法设备编号：2（功能：STOPPER）
[2025-06-27 17:40:31] [警告] 收到非法设备编号：2（功能：STOPPER）
[2025-06-27 17:40:31] [警告] 收到非法设备编号：3（功能：STOPPER）
[2025-06-27 17:40:32] [警告] 收到非法设备编号：2（功能：STOPPER）
[2025-06-27 17:40:32] [警告] 收到非法设备编号：3（功能：STOPPER）
[2025-06-27 17:40:33] [警告] 收到非法设备编号：2（功能：STOPPER）
[2025-06-27 17:40:33] [警告] 收到非法设备编号：3（功能：STOPPER）
[2025-06-27 17:40:34] [警告] 收到非法设备编号：2（功能：STOPPER）
[2025-06-27 17:40:34] [警告] 收到非法设备编号：3（功能：STOPPER）
[2025-06-27 17:40:35] [警告] 收到非法设备编号：3（功能：STOPPER）
[2025-06-27 17:40:35] [警告] 收到非法设备编号：2（功能：STOPPER）
[2025-06-27 17:40:41] 2道第1台停车器通信超时
[2025-06-27 17:40:44] [警告] 收到非法设备编号：3（功能：STOPPER）
[2025-06-27 17:40:45] [警告] 收到非法设备编号：3（功能：STOPPER）
[2025-06-27 17:40:46] [警告] 收到非法设备编号：3（功能：STOPPER）
[2025-06-27 17:40:47] [警告] 收到非法设备编号：3（功能：STOPPER）
[2025-06-27 17:40:48] [警告] 收到非法设备编号：3（功能：STOPPER）
[2025-06-27 17:40:49] [警告] 收到非法设备编号：3（功能：STOPPER）
[2025-06-27 17:40:50] [警告] 收到非法设备编号：3（功能：STOPPER）
[2025-06-27 17:40:51] [警告] 收到非法设备编号：3（功能：STOPPER）
[2025-06-27 17:40:52] [警告] 收到非法设备编号：3（功能：STOPPER）
[2025-06-27 17:40:53] [警告] 收到非法设备编号：3（功能：STOPPER）
[2025-06-27 17:40:54] [警告] 收到非法设备编号：3（功能：STOPPER）
[2025-06-27 17:40:55] [警告] 收到非法设备编号：3（功能：STOPPER）
[2025-06-27 17:40:56] [警告] 收到非法设备编号：3（功能：STOPPER）
[2025-06-27 17:40:57] [警告] 收到非法设备编号：3（功能：STOPPER）
[2025-06-27 17:40:58] [警告] 收到非法设备编号：3（功能：STOPPER）
[2025-06-27 17:40:59] [警告] 收到非法设备编号：3（功能：STOPPER）
[2025-06-27 17:41:00] [警告] 收到非法设备编号：3（功能：STOPPER）
[2025-06-27 17:41:01] [警告] 收到非法设备编号：3（功能：STOPPER）
[2025-06-27 17:41:02] [警告] 收到非法设备编号：3（功能：STOPPER）
[2025-06-27 17:41:03] [警告] 收到非法设备编号：3（功能：STOPPER）
[2025-06-27 17:41:04] [警告] 收到非法设备编号：3（功能：STOPPER）
[2025-06-27 17:41:05] [警告] 收到非法设备编号：3（功能：STOPPER）
[2025-06-27 17:41:06] [警告] 收到非法设备编号：3（功能：STOPPER）
[2025-06-27 17:41:07] [警告] 收到非法设备编号：3（功能：STOPPER）
[2025-06-27 17:41:08] [警告] 收到非法设备编号：3（功能：STOPPER）
[2025-06-27 17:41:09] [警告] 收到非法设备编号：3（功能：STOPPER）
[2025-06-27 17:41:10] [警告] 收到非法设备编号：3（功能：STOPPER）
[2025-06-27 17:41:11] [警告] 收到非法设备编号：3（功能：STOPPER）
[2025-06-27 17:41:12] [警告] 收到非法设备编号：3（功能：STOPPER）
[2025-06-27 17:41:13] [警告] 收到非法设备编号：3（功能：STOPPER）
[2025-06-27 17:41:14] [警告] 收到非法设备编号：3（功能：STOPPER）
[2025-06-27 17:41:15] [警告] 收到非法设备编号：3（功能：STOPPER）
[2025-06-27 17:41:16] [警告] 收到非法设备编号：3（功能：STOPPER）
[2025-06-27 17:41:17] [警告] 收到非法设备编号：3（功能：STOPPER）
[2025-06-27 17:41:18] [警告] 收到非法设备编号：3（功能：STOPPER）
[2025-06-27 17:41:19] [警告] 收到非法设备编号：3（功能：STOPPER）
[2025-06-27 17:41:20] [警告] 收到非法设备编号：3（功能：STOPPER）
[2025-06-27 17:41:21] [警告] 收到非法设备编号：3（功能：STOPPER）
[2025-06-27 17:41:22] [警告] 收到非法设备编号：3（功能：STOPPER）
[2025-06-27 17:41:23] [警告] 收到非法设备编号：3（功能：STOPPER）
[2025-06-27 17:41:24] [警告] 收到非法设备编号：3（功能：STOPPER）
[2025-06-27 17:41:25] [警告] 收到非法设备编号：3（功能：STOPPER）
[2025-06-27 17:41:26] [警告] 收到非法设备编号：3（功能：STOPPER）
[2025-06-27 17:41:27] [警告] 收到非法设备编号：3（功能：STOPPER）
[2025-06-27 17:41:28] [警告] 收到非法设备编号：3（功能：STOPPER）
[2025-06-27 17:41:29] [警告] 收到非法设备编号：3（功能：STOPPER）
[2025-06-27 17:41:30] [警告] 收到非法设备编号：3（功能：STOPPER）
[2025-06-27 17:41:31] [警告] 收到非法设备编号：3（功能：STOPPER）
[2025-06-27 17:41:32] [警告] 收到非法设备编号：3（功能：STOPPER）
[2025-06-27 17:41:33] [警告] 收到非法设备编号：3（功能：STOPPER）
[2025-06-27 17:41:34] [警告] 收到非法设备编号：3（功能：STOPPER）
[2025-06-27 17:41:35] [警告] 收到非法设备编号：3（功能：STOPPER）
[2025-06-27 17:41:36] [警告] 收到非法设备编号：3（功能：STOPPER）
[2025-06-27 17:41:37] [警告] 收到非法设备编号：3（功能：STOPPER）
[2025-06-27 17:41:38] [警告] 收到非法设备编号：3（功能：STOPPER）
[2025-06-27 17:41:39] [警告] 收到非法设备编号：3（功能：STOPPER）
[2025-06-27 17:41:40] [警告] 收到非法设备编号：3（功能：STOPPER）
[2025-06-27 17:41:41] [警告] 收到非法设备编号：3（功能：STOPPER）
[2025-06-27 17:41:42] [警告] 收到非法设备编号：3（功能：STOPPER）
[2025-06-27 17:41:43] [警告] 收到非法设备编号：3（功能：STOPPER）
[2025-06-27 17:41:44] [警告] 收到非法设备编号：3（功能：STOPPER）
[2025-06-27 17:41:45] [警告] 收到非法设备编号：3（功能：STOPPER）
[2025-06-27 17:41:46] [警告] 收到非法设备编号：3（功能：STOPPER）
[2025-06-27 17:41:47] [警告] 收到非法设备编号：3（功能：STOPPER）
[2025-06-27 17:41:48] [警告] 收到非法设备编号：3（功能：STOPPER）
[2025-06-27 17:41:49] [警告] 收到非法设备编号：3（功能：STOPPER）
[2025-06-27 17:41:50] [警告] 收到非法设备编号：3（功能：STOPPER）
[2025-06-27 17:41:51] [警告] 收到非法设备编号：3（功能：STOPPER）
[2025-06-27 17:41:52] [警告] 收到非法设备编号：3（功能：STOPPER）
[2025-06-27 17:41:53] [警告] 收到非法设备编号：3（功能：STOPPER）
[2025-06-27 17:41:54] [警告] 收到非法设备编号：3（功能：STOPPER）
[2025-06-27 17:41:55] [警告] 收到非法设备编号：3（功能：STOPPER）
[2025-06-27 17:41:56] [警告] 收到非法设备编号：3（功能：STOPPER）
[2025-06-27 17:41:57] [警告] 收到非法设备编号：3（功能：STOPPER）
[2025-06-27 17:41:58] [警告] 收到非法设备编号：3（功能：STOPPER）
[2025-06-27 17:41:59] [警告] 收到非法设备编号：3（功能：STOPPER）
[2025-06-27 17:42:00] [警告] 收到非法设备编号：3（功能：STOPPER）
[2025-06-27 17:42:01] [警告] 收到非法设备编号：3（功能：STOPPER）
[2025-06-27 17:42:02] [警告] 收到非法设备编号：3（功能：STOPPER）
[2025-06-27 17:42:03] [警告] 收到非法设备编号：3（功能：STOPPER）
[2025-06-27 17:42:04] [警告] 收到非法设备编号：3（功能：STOPPER）
[2025-06-27 17:42:05] [警告] 收到非法设备编号：3（功能：STOPPER）
[2025-06-27 17:42:06] [警告] 收到非法设备编号：3（功能：STOPPER）
[2025-06-27 17:42:07] [警告] 收到非法设备编号：3（功能：STOPPER）
[2025-06-27 17:42:08] [警告] 收到非法设备编号：3（功能：STOPPER）
[2025-06-27 17:42:09] [警告] 收到非法设备编号：3（功能：STOPPER）
[2025-06-27 17:42:10] [警告] 收到非法设备编号：3（功能：STOPPER）
[2025-06-27 17:42:11] [警告] 收到非法设备编号：3（功能：STOPPER）
[2025-06-27 17:42:12] [警告] 收到非法设备编号：3（功能：STOPPER）
[2025-06-27 17:42:13] [警告] 收到非法设备编号：3（功能：STOPPER）
[2025-06-27 17:42:14] [警告] 收到非法设备编号：3（功能：STOPPER）
[2025-06-27 17:42:15] [警告] 收到非法设备编号：3（功能：STOPPER）
[2025-06-27 17:42:16] [警告] 收到非法设备编号：3（功能：STOPPER）
[2025-06-27 17:42:17] [警告] 收到非法设备编号：3（功能：STOPPER）
[2025-06-27 17:42:18] [警告] 收到非法设备编号：3（功能：STOPPER）
[2025-06-27 17:42:19] [警告] 收到非法设备编号：3（功能：STOPPER）
[2025-06-27 17:42:20] [警告] 收到非法设备编号：3（功能：STOPPER）
[2025-06-27 17:42:21] [警告] 收到非法设备编号：3（功能：STOPPER）
[2025-06-27 17:42:22] [警告] 收到非法设备编号：3（功能：STOPPER）
[2025-06-27 17:42:23] [警告] 收到非法设备编号：3（功能：STOPPER）
[2025-06-27 17:42:24] [警告] 收到非法设备编号：3（功能：STOPPER）
[2025-06-27 17:42:25] [警告] 收到非法设备编号：3（功能：STOPPER）
[2025-06-27 17:42:26] [警告] 收到非法设备编号：3（功能：STOPPER）
[2025-06-27 17:42:27] [警告] 收到非法设备编号：3（功能：STOPPER）
[2025-06-27 17:42:30] [警告] 收到非法设备编号：3（功能：STOPPER）
[2025-06-27 17:42:31] [警告] 收到非法设备编号：3（功能：STOPPER）
[2025-06-27 17:42:32] [警告] 收到非法设备编号：3（功能：STOPPER）
[2025-06-27 17:42:33] [警告] 收到非法设备编号：3（功能：STOPPER）
[2025-06-27 17:42:34] [警告] 收到非法设备编号：3（功能：STOPPER）
[2025-06-27 17:42:35] [警告] 收到非法设备编号：3（功能：STOPPER）
[2025-06-27 17:42:36] [警告] 收到非法设备编号：3（功能：STOPPER）
[2025-06-27 17:42:37] [警告] 收到非法设备编号：3（功能：STOPPER）
[2025-06-27 17:42:38] [警告] 收到非法设备编号：3（功能：STOPPER）
[2025-06-27 17:42:39] [警告] 收到非法设备编号：3（功能：STOPPER）
[2025-06-27 17:43:00] [警告] 收到非法设备编号：3（功能：STOPPER）
[2025-06-27 17:43:01] [警告] 收到非法设备编号：3（功能：STOPPER）
[2025-06-27 17:43:02] [警告] 收到非法设备编号：3（功能：STOPPER）
[2025-06-27 17:43:03] [警告] 收到非法设备编号：3（功能：STOPPER）
[2025-06-27 17:43:04] [警告] 收到非法设备编号：3（功能：STOPPER）
[2025-06-27 17:43:07] [警告] 收到非法设备编号：3（功能：STOPPER）
[2025-06-27 17:43:08] [警告] 收到非法设备编号：3（功能：STOPPER）
[2025-06-27 17:43:09] [警告] 收到非法设备编号：3（功能：STOPPER）
[2025-06-27 17:43:10] [警告] 收到非法设备编号：3（功能：STOPPER）
[2025-06-27 17:43:13] [警告] 收到非法设备编号：3（功能：STOPPER）
[2025-06-27 17:43:14] [警告] 收到非法设备编号：3（功能：STOPPER）
[2025-06-27 17:43:15] [警告] 收到非法设备编号：3（功能：STOPPER）
[2025-06-27 17:43:16] [警告] 收到非法设备编号：3（功能：STOPPER）
[2025-06-27 17:43:17] [警告] 收到非法设备编号：3（功能：STOPPER）
[2025-06-27 17:43:18] [警告] 收到非法设备编号：3（功能：STOPPER）
[2025-06-27 17:43:19] [警告] 收到非法设备编号：3（功能：STOPPER）
[2025-06-27 17:43:20] [警告] 收到非法设备编号：3（功能：STOPPER）
[2025-06-27 17:43:21] [警告] 收到非法设备编号：3（功能：STOPPER）
[2025-06-27 17:43:22] [警告] 收到非法设备编号：3（功能：STOPPER）
[2025-06-27 17:43:23] [警告] 收到非法设备编号：3（功能：STOPPER）
[2025-06-27 17:43:24] [警告] 收到非法设备编号：3（功能：STOPPER）
[2025-06-27 17:43:33] 2道第1台停车器制动到位
[2025-06-27 17:43:34] 2道第1台停车器进入检修模式
[2025-06-27 17:43:34] 2道第1台停车器处于检修状态
[2025-06-27 17:43:44] 2道第1台停车器进入运行模式
[2025-06-27 17:43:44] 2道第1台停车器缓解到位
[2025-06-27 17:43:53] 2道第1台停车器进入检修模式
[2025-06-27 17:43:53] 2道第1台停车器处于检修状态
[2025-06-27 17:43:59] 2道第1台停车器进入运行模式
[2025-06-27 17:43:59] 2道第1台停车器制动到位
[2025-06-27 17:44:15] 2道第1台停车器通信超时
[2025-06-27 17:44:21] [警告] 收到非法设备编号：2（功能：STOPPER）
[2025-06-27 17:44:22] [警告] 收到非法设备编号：2（功能：STOPPER）
[2025-06-27 17:44:23] [警告] 收到非法设备编号：2（功能：STOPPER）
[2025-06-27 17:44:27] [警告] 收到非法设备编号：2（功能：STOPPER）
[2025-06-27 17:44:28] [警告] 收到非法设备编号：2（功能：STOPPER）
[2025-06-27 17:44:29] [警告] 收到非法设备编号：2（功能：STOPPER）
[2025-06-27 17:44:30] [警告] 收到非法设备编号：2（功能：STOPPER）
[2025-06-27 17:44:33] [警告] 收到非法设备编号：2（功能：STOPPER）
[2025-06-27 17:44:34] [警告] 收到非法设备编号：2（功能：STOPPER）
[2025-06-27 17:44:35] [警告] 收到非法设备编号：2（功能：STOPPER）
[2025-06-27 17:44:36] [警告] 收到非法设备编号：2（功能：STOPPER）
[2025-06-27 17:44:37] [警告] 收到非法设备编号：2（功能：STOPPER）
[2025-06-27 17:44:38] [警告] 收到非法设备编号：2（功能：STOPPER）
[2025-06-27 17:44:39] [警告] 收到非法设备编号：2（功能：STOPPER）
[2025-06-27 17:44:40] [警告] 收到非法设备编号：2（功能：STOPPER）
[2025-06-27 17:44:41] [警告] 收到非法设备编号：2（功能：STOPPER）
[2025-06-27 17:44:42] [警告] 收到非法设备编号：2（功能：STOPPER）
[2025-06-27 17:44:43] [警告] 收到非法设备编号：2（功能：STOPPER）
[2025-06-27 17:44:44] [警告] 收到非法设备编号：2（功能：STOPPER）
[2025-06-27 17:44:45] [警告] 收到非法设备编号：2（功能：STOPPER）
[2025-06-27 17:44:46] [警告] 收到非法设备编号：2（功能：STOPPER）
[2025-06-27 17:44:47] [警告] 收到非法设备编号：2（功能：STOPPER）
[2025-06-27 17:44:48] [警告] 收到非法设备编号：2（功能：STOPPER）
[2025-06-27 17:44:49] [警告] 收到非法设备编号：2（功能：STOPPER）
[2025-06-27 17:44:50] [警告] 收到非法设备编号：2（功能：STOPPER）
[2025-06-27 17:44:51] [警告] 收到非法设备编号：2（功能：STOPPER）
[2025-06-27 17:44:52] [警告] 收到非法设备编号：2（功能：STOPPER）
[2025-06-27 17:44:53] [警告] 收到非法设备编号：2（功能：STOPPER）
[2025-06-27 17:44:54] [警告] 收到非法设备编号：2（功能：STOPPER）
[2025-06-27 17:44:55] [警告] 收到非法设备编号：2（功能：STOPPER）
[2025-06-27 17:44:56] [警告] 收到非法设备编号：2（功能：STOPPER）
[2025-06-27 17:44:57] [警告] 收到非法设备编号：2（功能：STOPPER）
[2025-06-27 17:44:58] [警告] 收到非法设备编号：2（功能：STOPPER）
[2025-06-27 17:44:59] [警告] 收到非法设备编号：2（功能：STOPPER）
[2025-06-27 17:45:00] [警告] 收到非法设备编号：2（功能：STOPPER）
[2025-06-27 17:45:01] [警告] 收到非法设备编号：2（功能：STOPPER）
[2025-06-27 17:45:02] [警告] 收到非法设备编号：2（功能：STOPPER）
[2025-06-27 17:45:03] [警告] 收到非法设备编号：2（功能：STOPPER）
[2025-06-27 17:45:04] [警告] 收到非法设备编号：2（功能：STOPPER）
[2025-06-27 17:45:05] [警告] 收到非法设备编号：2（功能：STOPPER）
[2025-06-27 17:45:06] [警告] 收到非法设备编号：2（功能：STOPPER）
[2025-06-27 17:45:07] [警告] 收到非法设备编号：2（功能：STOPPER）
[2025-06-27 17:45:08] [警告] 收到非法设备编号：2（功能：STOPPER）
[2025-06-27 17:45:09] [警告] 收到非法设备编号：2（功能：STOPPER）
[2025-06-27 17:45:10] [警告] 收到非法设备编号：2（功能：STOPPER）
[2025-06-27 17:45:11] [警告] 收到非法设备编号：2（功能：STOPPER）
[2025-06-27 17:45:12] [警告] 收到非法设备编号：2（功能：STOPPER）
[2025-06-27 17:45:13] [警告] 收到非法设备编号：2（功能：STOPPER）
[2025-06-27 17:45:14] [警告] 收到非法设备编号：2（功能：STOPPER）
[2025-06-27 17:45:15] [警告] 收到非法设备编号：2（功能：STOPPER）
[2025-06-27 17:45:16] [警告] 收到非法设备编号：2（功能：STOPPER）
[2025-06-27 17:45:17] [警告] 收到非法设备编号：2（功能：STOPPER）
[2025-06-27 17:45:37] 2道第1台停车器制动到位
[2025-06-27 17:45:37] 2道第1台停车器缓解到位
[2025-06-27 17:45:38] 2道第1台停车器制动到位
[2025-06-27 17:45:38] 2道第1台停车器缓解到位
[2025-06-27 17:45:39] 2道第1台停车器制动到位
[2025-06-27 17:45:39] 2道第1台停车器缓解到位
[2025-06-27 17:45:40] 2道第1台停车器制动到位
[2025-06-27 17:45:40] 2道第1台停车器缓解到位
[2025-06-27 17:45:41] 2道第1台停车器制动到位
[2025-06-27 17:45:41] 2道第1台停车器缓解到位
[2025-06-27 17:45:42] 2道第1台停车器制动到位
[2025-06-27 17:45:43] 2道第1台停车器缓解到位
[2025-06-27 17:45:44] 2道第1台停车器制动到位
[2025-06-27 17:45:44] 2道第1台停车器缓解到位
[2025-06-27 17:45:45] 2道第1台停车器制动到位
[2025-06-27 17:45:45] 2道第1台停车器缓解到位
[2025-06-27 17:45:46] 2道第1台停车器制动到位
[2025-06-27 17:45:46] 2道第1台停车器缓解到位
[2025-06-27 17:45:47] 2道第1台停车器制动到位
[2025-06-27 17:45:48] 2道第1台停车器缓解到位
[2025-06-27 17:45:48] 2道第1台停车器制动到位
[2025-06-27 17:45:49] 2道第1台停车器缓解到位
[2025-06-27 17:45:50] 2道第1台停车器制动到位
[2025-06-27 17:45:50] 2道第1台停车器缓解到位
[2025-06-27 17:45:51] 2道第1台停车器制动到位
[2025-06-27 17:45:51] 2道第1台停车器缓解到位
[2025-06-27 17:45:52] 2道第1台停车器制动到位
[2025-06-27 17:45:52] 2道第1台停车器缓解到位
[2025-06-27 17:45:53] 2道第1台停车器制动到位
[2025-06-27 17:45:53] 2道第1台停车器缓解到位
[2025-06-27 17:45:54] 2道第1台停车器制动到位
[2025-06-27 17:45:54] 2道第1台停车器缓解到位
[2025-06-27 17:45:55] 2道第1台停车器制动到位
[2025-06-27 17:45:55] 2道第1台停车器缓解到位
[2025-06-27 17:45:56] 2道第1台停车器制动到位
[2025-06-27 17:45:56] 2道第1台停车器缓解到位
[2025-06-27 17:45:57] 2道第1台停车器制动到位
[2025-06-27 17:45:57] 2道第1台停车器缓解到位
[2025-06-27 17:45:57] 2道第1台停车器制动到位
[2025-06-27 17:45:58] 2道第1台停车器缓解到位
[2025-06-27 17:45:58] 2道第1台停车器制动到位
[2025-06-27 17:45:59] 2道第1台停车器缓解到位
[2025-06-27 17:46:05] 2道第1台停车器通信超时
[2025-06-27 17:46:11] 2道第1台停车器制动到位
[2025-06-27 17:46:26] 2道第1台停车器通信超时
[2025-06-27 17:46:29] [警告] 收到非法设备编号：2（功能：STOPPER）
[2025-06-27 17:46:30] [警告] 收到非法设备编号：2（功能：STOPPER）
[2025-06-27 17:46:31] [警告] 收到非法设备编号：2（功能：STOPPER）
[2025-06-27 17:46:32] [警告] 收到非法设备编号：2（功能：STOPPER）
[2025-06-27 17:46:33] [警告] 收到非法设备编号：2（功能：STOPPER）
[2025-06-27 17:46:34] [警告] 收到非法设备编号：2（功能：STOPPER）
[2025-06-27 17:46:35] [警告] 收到非法设备编号：2（功能：STOPPER）
[2025-06-27 17:46:36] [警告] 收到非法设备编号：2（功能：STOPPER）
[2025-06-27 17:46:37] [警告] 收到非法设备编号：2（功能：STOPPER）
[2025-06-27 17:46:38] [警告] 收到非法设备编号：2（功能：STOPPER）
[2025-06-27 17:46:39] [警告] 收到非法设备编号：2（功能：STOPPER）
[2025-06-27 17:46:40] [警告] 收到非法设备编号：2（功能：STOPPER）
[2025-06-27 17:46:41] [警告] 收到非法设备编号：2（功能：STOPPER）
[2025-06-27 17:46:42] [警告] 收到非法设备编号：2（功能：STOPPER）
[2025-06-27 17:46:43] [警告] 收到非法设备编号：2（功能：STOPPER）
[2025-06-27 17:46:44] [警告] 收到非法设备编号：2（功能：STOPPER）
[2025-06-27 17:46:45] [警告] 收到非法设备编号：2（功能：STOPPER）
[2025-06-27 17:46:46] [警告] 收到非法设备编号：2（功能：STOPPER）
[2025-06-27 17:46:47] [警告] 收到非法设备编号：2（功能：STOPPER）
[2025-06-27 17:46:48] [警告] 收到非法设备编号：2（功能：STOPPER）
[2025-06-27 17:46:49] [警告] 收到非法设备编号：2（功能：STOPPER）
[2025-06-27 17:46:50] [警告] 收到非法设备编号：2（功能：STOPPER）
[2025-06-27 17:46:51] [警告] 收到非法设备编号：2（功能：STOPPER）
[2025-06-27 17:46:52] [警告] 收到非法设备编号：2（功能：STOPPER）
[2025-06-27 17:46:53] [警告] 收到非法设备编号：2（功能：STOPPER）
[2025-06-27 17:46:54] [警告] 收到非法设备编号：2（功能：STOPPER）
[2025-06-27 17:46:55] [警告] 收到非法设备编号：2（功能：STOPPER）
[2025-06-27 17:46:56] [警告] 收到非法设备编号：2（功能：STOPPER）
[2025-06-27 17:46:57] [警告] 收到非法设备编号：2（功能：STOPPER）
[2025-06-27 17:46:58] [警告] 收到非法设备编号：2（功能：STOPPER）
[2025-06-27 17:46:59] [警告] 收到非法设备编号：2（功能：STOPPER）
[2025-06-27 17:47:00] [警告] 收到非法设备编号：2（功能：STOPPER）
[2025-06-27 17:47:01] [警告] 收到非法设备编号：2（功能：STOPPER）
[2025-06-27 17:47:02] [警告] 收到非法设备编号：2（功能：STOPPER）
[2025-06-27 17:47:03] [警告] 收到非法设备编号：2（功能：STOPPER）
[2025-06-27 17:47:04] [警告] 收到非法设备编号：2（功能：STOPPER）
[2025-06-27 17:47:05] [警告] 收到非法设备编号：2（功能：STOPPER）
[2025-06-27 17:47:06] [警告] 收到非法设备编号：2（功能：STOPPER）
[2025-06-27 17:47:07] [警告] 收到非法设备编号：2（功能：STOPPER）
[2025-06-27 17:47:24] 3道第1台停车器进入运行模式
[2025-06-27 17:47:24] 3道第1台停车器制动到位
[2025-06-27 17:47:42] 3道第1台停车器通信超时
[2025-06-27 17:47:49] 2道第1台停车器制动到位
[2025-06-27 17:47:49] [警告] 收到非法设备编号：2（功能：STOPPER）
[2025-06-27 17:47:50] [警告] 收到非法设备编号：2（功能：STOPPER）
[2025-06-27 17:47:51] [警告] 收到非法设备编号：2（功能：STOPPER）
[2025-06-27 17:47:52] [警告] 收到非法设备编号：2（功能：STOPPER）
[2025-06-27 17:47:53] [警告] 收到非法设备编号：2（功能：STOPPER）
[2025-06-27 17:47:54] [警告] 收到非法设备编号：2（功能：STOPPER）
[2025-06-27 17:47:55] [警告] 收到非法设备编号：2（功能：STOPPER）
[2025-06-27 17:47:56] [警告] 收到非法设备编号：2（功能：STOPPER）
[2025-06-27 17:47:57] [警告] 收到非法设备编号：2（功能：STOPPER）
[2025-06-27 17:47:58] [警告] 收到非法设备编号：2（功能：STOPPER）
[2025-06-27 17:47:59] [警告] 收到非法设备编号：2（功能：STOPPER）
[2025-06-27 17:48:00] [警告] 收到非法设备编号：2（功能：STOPPER）
[2025-06-27 17:48:01] [警告] 收到非法设备编号：2（功能：STOPPER）
[2025-06-27 17:48:07] 2道第1台停车器通信超时
[2025-06-27 17:48:09] 3道第1台停车器制动到位
[2025-06-27 17:48:09] 2道第1台停车器制动到位
[2025-06-27 17:48:29] 2道第1台停车器通信超时
[2025-06-27 17:48:29] 3道第1台停车器通信超时
[2025-06-27 17:48:30] [警告] 收到非法设备编号：3（功能：STOPPER）
[2025-06-27 17:48:30] 2道第1台停车器制动到位
[2025-06-27 17:48:31] [警告] 收到非法设备编号：3（功能：STOPPER）
[2025-06-27 17:48:32] [警告] 收到非法设备编号：3（功能：STOPPER）
[2025-06-27 17:48:33] [警告] 收到非法设备编号：3（功能：STOPPER）
[2025-06-27 17:48:34] [警告] 收到非法设备编号：3（功能：STOPPER）
[2025-06-27 17:48:35] [警告] 收到非法设备编号：3（功能：STOPPER）
[2025-06-27 17:48:36] [警告] 收到非法设备编号：3（功能：STOPPER）
[2025-06-27 17:48:37] [警告] 收到非法设备编号：3（功能：STOPPER）
[2025-06-27 17:48:38] [警告] 收到非法设备编号：3（功能：STOPPER）
[2025-06-27 17:48:39] [警告] 收到非法设备编号：3（功能：STOPPER）
[2025-06-27 17:48:40] [警告] 收到非法设备编号：3（功能：STOPPER）
[2025-06-27 17:48:41] [警告] 收到非法设备编号：3（功能：STOPPER）
[2025-06-27 17:48:42] [警告] 收到非法设备编号：3（功能：STOPPER）
[2025-06-27 17:48:43] [警告] 收到非法设备编号：3（功能：STOPPER）
[2025-06-27 17:48:49] 2道第1台停车器通信超时
