[2025-07-01 13:54:41] A机进入主用状态
[2025-07-01 13:54:41] A机在线
[2025-07-01 13:54:41] B机进入备用状态
[2025-07-01 13:54:41] B机离线
[2025-07-01 13:54:43] A机进入主用状态
[2025-07-01 13:54:43] A机在线
[2025-07-01 14:08:08] A机进入主用状态
[2025-07-01 14:08:08] A机在线
[2025-07-01 14:08:08] B机进入备用状态
[2025-07-01 14:08:08] B机离线
[2025-07-01 14:08:14] 2道第1台停车器通信超时
[2025-07-01 14:08:14] 2道第2台停车器通信超时
[2025-07-01 14:08:14] 2道第3台停车器通信超时
[2025-07-01 14:08:14] 2道防溜器通信超时
[2025-07-01 14:08:14] 3道第1台停车器通信超时
[2025-07-01 14:08:14] 3道第2台停车器通信超时
[2025-07-01 14:08:14] 3道第3台停车器通信超时
[2025-07-01 14:08:14] 3道防溜器通信超时
[2025-07-01 14:08:14] 4道第1台停车器通信超时
[2025-07-01 14:08:14] 4道第2台停车器通信超时
[2025-07-01 14:08:14] 4道第3台停车器通信超时
[2025-07-01 14:08:14] 4道防溜器通信超时
[2025-07-01 14:08:14] 5道第1台停车器通信超时
[2025-07-01 14:08:14] 5道第2台停车器通信超时
[2025-07-01 14:08:14] 5道第3台停车器通信超时
[2025-07-01 14:08:14] 5道防溜器通信超时
[2025-07-01 14:08:14] 6道第1台停车器通信超时
[2025-07-01 14:08:14] 6道第2台停车器通信超时
[2025-07-01 14:08:14] 6道第3台停车器通信超时
[2025-07-01 14:08:14] 6道防溜器通信超时
[2025-07-01 14:08:14] 7道第1台停车器通信超时
[2025-07-01 14:08:14] 7道第2台停车器通信超时
[2025-07-01 14:08:14] 7道第3台停车器通信超时
[2025-07-01 14:08:14] 7道防溜器通信超时
[2025-07-01 14:08:14] 8道第1台停车器通信超时
[2025-07-01 14:08:14] 8道第2台停车器通信超时
[2025-07-01 14:08:14] 8道第3台停车器通信超时
[2025-07-01 14:08:14] 8道防溜器通信超时
[2025-07-01 14:08:14] 9道第1台停车器通信超时
[2025-07-01 14:08:14] 9道第2台停车器通信超时
[2025-07-01 14:08:14] 9道第3台停车器通信超时
[2025-07-01 14:08:14] 9道防溜器通信超时
[2025-07-01 14:08:14] 10道第1台停车器通信超时
[2025-07-01 14:08:14] 10道第2台停车器通信超时
[2025-07-01 14:08:14] 10道第3台停车器通信超时
[2025-07-01 14:08:14] 10道防溜器通信超时
[2025-07-01 14:08:14] 11道第1台停车器通信超时
[2025-07-01 14:08:14] 11道第2台停车器通信超时
[2025-07-01 14:08:14] 11道第3台停车器通信超时
[2025-07-01 14:08:14] 11道防溜器通信超时
[2025-07-01 14:08:14] 12道第1台停车器通信超时
[2025-07-01 14:08:14] 12道第2台停车器通信超时
[2025-07-01 14:08:14] 12道第3台停车器通信超时
[2025-07-01 14:08:14] 12道防溜器通信超时
[2025-07-01 14:08:14] 13道第1台停车器通信超时
[2025-07-01 14:08:14] 13道第2台停车器通信超时
[2025-07-01 14:08:14] 13道第3台停车器通信超时
[2025-07-01 14:08:14] 13道防溜器通信超时
[2025-07-01 14:08:14] 14道第1台停车器通信超时
[2025-07-01 14:08:14] 14道第2台停车器通信超时
[2025-07-01 14:08:14] 14道第3台停车器通信超时
[2025-07-01 14:08:14] 14道防溜器通信超时
[2025-07-01 14:08:14] 15道第1台停车器通信超时
[2025-07-01 14:08:14] 15道第2台停车器通信超时
[2025-07-01 14:08:14] 15道第3台停车器通信超时
[2025-07-01 14:08:14] 15道防溜器通信超时
[2025-07-01 14:08:14] 16道第1台停车器通信超时
[2025-07-01 14:08:14] 16道第2台停车器通信超时
[2025-07-01 14:08:14] 16道第3台停车器通信超时
[2025-07-01 14:08:14] 16道防溜器通信超时
[2025-07-01 14:08:14] 17道第1台停车器通信超时
[2025-07-01 14:08:14] 17道第2台停车器通信超时
[2025-07-01 14:08:14] 17道第3台停车器通信超时
[2025-07-01 14:08:14] 17道防溜器通信超时
[2025-07-01 14:08:14] 18道第1台停车器通信超时
[2025-07-01 14:08:14] 18道第2台停车器通信超时
[2025-07-01 14:08:14] 18道第3台停车器通信超时
[2025-07-01 14:08:14] 18道防溜器通信超时
[2025-07-01 14:08:14] 19道第1台停车器通信超时
[2025-07-01 14:08:14] 19道第2台停车器通信超时
[2025-07-01 14:08:14] 19道第3台停车器通信超时
[2025-07-01 14:08:14] 19道防溜器通信超时
[2025-07-01 14:08:14] 20道第1台停车器通信超时
[2025-07-01 14:08:14] 20道第2台停车器通信超时
[2025-07-01 14:08:14] 20道第3台停车器通信超时
[2025-07-01 14:08:14] 20道防溜器通信超时
[2025-07-01 14:08:14] 21道第1台停车器通信超时
[2025-07-01 14:08:14] 21道第2台停车器通信超时
[2025-07-01 14:08:14] 21道第3台停车器通信超时
[2025-07-01 14:08:14] 21道防溜器通信超时
[2025-07-01 14:08:14] 22道第1台停车器通信超时
[2025-07-01 14:08:14] 22道第2台停车器通信超时
[2025-07-01 14:08:14] 22道第3台停车器通信超时
[2025-07-01 14:08:14] 22道防溜器通信超时
[2025-07-01 14:08:14] 23道第1台停车器通信超时
[2025-07-01 14:08:14] 23道第2台停车器通信超时
[2025-07-01 14:08:14] 23道第3台停车器通信超时
[2025-07-01 14:08:14] 23道防溜器通信超时
[2025-07-01 14:08:14] 24道第1台停车器通信超时
[2025-07-01 14:08:14] 24道第2台停车器通信超时
[2025-07-01 14:08:14] 24道第3台停车器通信超时
[2025-07-01 14:08:14] 24道防溜器通信超时
[2025-07-01 14:09:13] A机进入主用状态
[2025-07-01 14:09:13] A机在线
[2025-07-01 14:09:13] B机进入备用状态
[2025-07-01 14:09:13] B机离线
[2025-07-01 14:09:19] 2道第1台停车器通信超时
[2025-07-01 14:09:19] 2道第2台停车器通信超时
[2025-07-01 14:09:19] 2道第3台停车器通信超时
[2025-07-01 14:09:19] 2道防溜器通信超时
[2025-07-01 14:09:19] 3道第1台停车器通信超时
[2025-07-01 14:09:19] 3道第2台停车器通信超时
[2025-07-01 14:09:19] 3道第3台停车器通信超时
[2025-07-01 14:09:19] 3道防溜器通信超时
[2025-07-01 14:09:19] 4道第1台停车器通信超时
[2025-07-01 14:09:19] 4道第2台停车器通信超时
[2025-07-01 14:09:19] 4道第3台停车器通信超时
[2025-07-01 14:09:19] 4道防溜器通信超时
[2025-07-01 14:09:19] 5道第1台停车器通信超时
[2025-07-01 14:09:19] 5道第2台停车器通信超时
[2025-07-01 14:09:19] 5道第3台停车器通信超时
[2025-07-01 14:09:19] 5道防溜器通信超时
[2025-07-01 14:09:19] 6道第1台停车器通信超时
[2025-07-01 14:09:19] 6道第2台停车器通信超时
[2025-07-01 14:09:19] 6道第3台停车器通信超时
[2025-07-01 14:09:19] 6道防溜器通信超时
[2025-07-01 14:09:19] 7道第1台停车器通信超时
[2025-07-01 14:09:19] 7道第2台停车器通信超时
[2025-07-01 14:09:19] 7道第3台停车器通信超时
[2025-07-01 14:09:19] 7道防溜器通信超时
[2025-07-01 14:09:19] 8道第1台停车器通信超时
[2025-07-01 14:09:19] 8道第2台停车器通信超时
[2025-07-01 14:09:19] 8道第3台停车器通信超时
[2025-07-01 14:09:19] 8道防溜器通信超时
[2025-07-01 14:09:19] 9道第1台停车器通信超时
[2025-07-01 14:09:19] 9道第2台停车器通信超时
[2025-07-01 14:09:19] 9道第3台停车器通信超时
[2025-07-01 14:09:19] 9道防溜器通信超时
[2025-07-01 14:09:19] 10道第1台停车器通信超时
[2025-07-01 14:09:19] 10道第2台停车器通信超时
[2025-07-01 14:09:19] 10道第3台停车器通信超时
[2025-07-01 14:09:19] 10道防溜器通信超时
[2025-07-01 14:09:19] 11道第1台停车器通信超时
[2025-07-01 14:09:19] 11道第2台停车器通信超时
[2025-07-01 14:09:19] 11道第3台停车器通信超时
[2025-07-01 14:09:20] 11道防溜器通信超时
[2025-07-01 14:09:20] 12道第1台停车器通信超时
[2025-07-01 14:09:20] 12道第2台停车器通信超时
[2025-07-01 14:09:20] 12道第3台停车器通信超时
[2025-07-01 14:09:20] 12道防溜器通信超时
[2025-07-01 14:09:20] 13道第1台停车器通信超时
[2025-07-01 14:09:20] 13道第2台停车器通信超时
[2025-07-01 14:09:20] 13道第3台停车器通信超时
[2025-07-01 14:09:20] 13道防溜器通信超时
[2025-07-01 14:09:20] 14道第1台停车器通信超时
[2025-07-01 14:09:20] 14道第2台停车器通信超时
[2025-07-01 14:09:20] 14道第3台停车器通信超时
[2025-07-01 14:09:20] 14道防溜器通信超时
[2025-07-01 14:09:20] 15道第1台停车器通信超时
[2025-07-01 14:09:20] 15道第2台停车器通信超时
[2025-07-01 14:09:20] 15道第3台停车器通信超时
[2025-07-01 14:09:20] 15道防溜器通信超时
[2025-07-01 14:09:20] 16道第1台停车器通信超时
[2025-07-01 14:09:20] 16道第2台停车器通信超时
[2025-07-01 14:09:20] 16道第3台停车器通信超时
[2025-07-01 14:09:20] 16道防溜器通信超时
[2025-07-01 14:09:20] 17道第1台停车器通信超时
[2025-07-01 14:09:20] 17道第2台停车器通信超时
[2025-07-01 14:09:20] 17道第3台停车器通信超时
[2025-07-01 14:09:20] 17道防溜器通信超时
[2025-07-01 14:09:20] 18道第1台停车器通信超时
[2025-07-01 14:09:20] 18道第2台停车器通信超时
[2025-07-01 14:09:20] 18道第3台停车器通信超时
[2025-07-01 14:09:20] 18道防溜器通信超时
[2025-07-01 14:09:20] 19道第1台停车器通信超时
[2025-07-01 14:09:20] 19道第2台停车器通信超时
[2025-07-01 14:09:20] 19道第3台停车器通信超时
[2025-07-01 14:09:20] 19道防溜器通信超时
[2025-07-01 14:09:20] 20道第1台停车器通信超时
[2025-07-01 14:09:20] 20道第2台停车器通信超时
[2025-07-01 14:09:20] 20道第3台停车器通信超时
[2025-07-01 14:09:20] 20道防溜器通信超时
[2025-07-01 14:09:20] 21道第1台停车器通信超时
[2025-07-01 14:09:20] 21道第2台停车器通信超时
[2025-07-01 14:09:20] 21道第3台停车器通信超时
[2025-07-01 14:09:20] 21道防溜器通信超时
[2025-07-01 14:09:20] 22道第1台停车器通信超时
[2025-07-01 14:09:20] 22道第2台停车器通信超时
[2025-07-01 14:09:20] 22道第3台停车器通信超时
[2025-07-01 14:09:20] 22道防溜器通信超时
[2025-07-01 14:09:20] 23道第1台停车器通信超时
[2025-07-01 14:09:20] 23道第2台停车器通信超时
[2025-07-01 14:09:20] 23道第3台停车器通信超时
[2025-07-01 14:09:20] 23道防溜器通信超时
[2025-07-01 14:09:20] 24道第1台停车器通信超时
[2025-07-01 14:09:20] 24道第2台停车器通信超时
[2025-07-01 14:09:20] 24道第3台停车器通信超时
[2025-07-01 14:09:20] 24道防溜器通信超时
[2025-07-01 14:17:28] B机进入主用状态
[2025-07-01 14:17:28] B机在线
[2025-07-01 14:17:28] A机进入备用状态
[2025-07-01 14:17:28] A机离线
