[2025-06-28 10:54:26] A机进入主用状态
[2025-06-28 10:54:26] A机在线
[2025-06-28 10:54:26] B机进入备用状态
[2025-06-28 10:54:26] B机离线
[2025-06-28 10:54:27] 2道第1台停车器进入运行模式
[2025-06-28 10:54:27] 2道第1台停车器制动到位
[2025-06-28 10:54:27] 2道第3台停车器进入运行模式
[2025-06-28 10:54:27] 2道第3台停车器制动到位
[2025-06-28 10:54:27] 2道第2台停车器进入运行模式
[2025-06-28 10:54:27] 2道第2台停车器制动到位
[2025-06-28 10:54:27] 2道第1台防溜器进入运行模式
[2025-06-28 10:54:27] 2道防溜器制动到位（远程）
[2025-06-28 10:54:32] 3道第1台停车器通信超时
[2025-06-28 10:54:32] 3道第2台停车器通信超时
[2025-06-28 10:54:32] 3道第3台停车器通信超时
[2025-06-28 10:54:32] 3道防溜器通信超时
[2025-06-28 10:54:32] 4道第1台停车器通信超时
[2025-06-28 10:54:32] 4道第2台停车器通信超时
[2025-06-28 10:54:32] 4道第3台停车器通信超时
[2025-06-28 10:54:32] 4道防溜器通信超时
[2025-06-28 10:54:32] 5道第1台停车器通信超时
[2025-06-28 10:54:32] 5道第2台停车器通信超时
[2025-06-28 10:54:32] 5道第3台停车器通信超时
[2025-06-28 10:54:32] 5道防溜器通信超时
[2025-06-28 10:54:32] 6道第1台停车器通信超时
[2025-06-28 10:54:32] 6道第2台停车器通信超时
[2025-06-28 10:54:32] 6道第3台停车器通信超时
[2025-06-28 10:54:32] 6道防溜器通信超时
[2025-06-28 10:54:32] 7道第1台停车器通信超时
[2025-06-28 10:54:32] 7道第2台停车器通信超时
[2025-06-28 10:54:32] 7道第3台停车器通信超时
[2025-06-28 10:54:32] 7道防溜器通信超时
[2025-06-28 10:54:32] 8道第1台停车器通信超时
[2025-06-28 10:54:32] 8道第2台停车器通信超时
[2025-06-28 10:54:32] 8道第3台停车器通信超时
[2025-06-28 10:54:32] 8道防溜器通信超时
[2025-06-28 10:54:32] 9道第1台停车器通信超时
[2025-06-28 10:54:32] 9道第2台停车器通信超时
[2025-06-28 10:54:32] 9道第3台停车器通信超时
[2025-06-28 10:54:32] 9道防溜器通信超时
[2025-06-28 10:54:32] 10道第1台停车器通信超时
[2025-06-28 10:54:32] 10道第2台停车器通信超时
[2025-06-28 10:54:32] 10道第3台停车器通信超时
[2025-06-28 10:54:32] 10道防溜器通信超时
[2025-06-28 10:54:32] 11道第1台停车器通信超时
[2025-06-28 10:54:32] 11道第2台停车器通信超时
[2025-06-28 10:54:32] 11道第3台停车器通信超时
[2025-06-28 10:54:32] 11道防溜器通信超时
[2025-06-28 10:54:32] 12道第1台停车器通信超时
[2025-06-28 10:54:32] 12道第2台停车器通信超时
[2025-06-28 10:54:32] 12道第3台停车器通信超时
[2025-06-28 10:54:32] 12道防溜器通信超时
[2025-06-28 10:54:32] 13道第1台停车器通信超时
[2025-06-28 10:54:32] 13道第2台停车器通信超时
[2025-06-28 10:54:32] 13道第3台停车器通信超时
[2025-06-28 10:54:32] 13道防溜器通信超时
[2025-06-28 10:54:32] 14道第1台停车器通信超时
[2025-06-28 10:54:32] 14道第2台停车器通信超时
[2025-06-28 10:54:32] 14道第3台停车器通信超时
[2025-06-28 10:54:32] 14道防溜器通信超时
[2025-06-28 10:54:32] 15道第1台停车器通信超时
[2025-06-28 10:54:32] 15道第2台停车器通信超时
[2025-06-28 10:54:32] 15道第3台停车器通信超时
[2025-06-28 10:54:32] 15道防溜器通信超时
[2025-06-28 10:54:32] 16道第1台停车器通信超时
[2025-06-28 10:54:32] 16道第2台停车器通信超时
[2025-06-28 10:54:32] 16道第3台停车器通信超时
[2025-06-28 10:54:32] 16道防溜器通信超时
[2025-06-28 10:54:33] 17道第1台停车器通信超时
[2025-06-28 10:54:33] 17道第2台停车器通信超时
[2025-06-28 10:54:33] 17道第3台停车器通信超时
[2025-06-28 10:54:33] 17道防溜器通信超时
[2025-06-28 10:54:33] 18道第1台停车器通信超时
[2025-06-28 10:54:33] 18道第2台停车器通信超时
[2025-06-28 10:54:33] 18道第3台停车器通信超时
[2025-06-28 10:54:33] 18道防溜器通信超时
[2025-06-28 10:54:33] 19道第1台停车器通信超时
[2025-06-28 10:54:33] 19道第2台停车器通信超时
[2025-06-28 10:54:33] 19道第3台停车器通信超时
[2025-06-28 10:54:33] 19道防溜器通信超时
[2025-06-28 10:54:33] 20道第1台停车器通信超时
[2025-06-28 10:54:33] 20道第2台停车器通信超时
[2025-06-28 10:54:33] 20道第3台停车器通信超时
[2025-06-28 10:54:33] 20道防溜器通信超时
[2025-06-28 10:54:33] 21道第1台停车器通信超时
[2025-06-28 10:54:33] 21道第2台停车器通信超时
[2025-06-28 10:54:33] 21道第3台停车器通信超时
[2025-06-28 10:54:33] 21道防溜器通信超时
[2025-06-28 10:54:33] 22道第1台停车器通信超时
[2025-06-28 10:54:33] 22道第2台停车器通信超时
[2025-06-28 10:54:33] 22道第3台停车器通信超时
[2025-06-28 10:54:33] 22道防溜器通信超时
[2025-06-28 10:54:33] 23道第1台停车器通信超时
[2025-06-28 10:54:33] 23道第2台停车器通信超时
[2025-06-28 10:54:33] 23道第3台停车器通信超时
[2025-06-28 10:54:33] 23道防溜器通信超时
[2025-06-28 10:54:33] 24道第1台停车器通信超时
[2025-06-28 10:54:33] 24道第2台停车器通信超时
[2025-06-28 10:54:33] 24道第3台停车器通信超时
[2025-06-28 10:54:33] 24道防溜器通信超时
[2025-06-28 10:54:36] 上位机发送缓解指令到2道第3台停车器
[2025-06-28 10:54:36] 上位机发送缓解指令到2道第1台停车器
[2025-06-28 10:54:36] 上位机发送缓解指令到2道防溜器
[2025-06-28 10:54:36] 上位机发送缓解指令到2道第2台停车器
[2025-06-28 10:54:36] 2道防溜器缓解中（远程）
[2025-06-28 10:54:38] 2道第1台停车器缓解到位
[2025-06-28 10:54:38] 2道第2台停车器缓解到位
[2025-06-28 10:54:38] 2道第3台停车器缓解到位
[2025-06-28 10:54:41] 2道防溜器故障：错误出现制动表示
[2025-06-28 10:54:42] 上位机发送制动指令到2道第3台停车器
[2025-06-28 10:54:42] 上位机发送制动指令到2道防溜器
[2025-06-28 10:54:42] 上位机发送制动指令到2道第1台停车器
[2025-06-28 10:54:42] 上位机发送制动指令到2道第2台停车器
[2025-06-28 10:54:45] 2道第1台停车器制动到位
[2025-06-28 10:54:45] 2道第2台停车器制动到位
[2025-06-28 10:54:45] 2道第3台停车器制动到位
[2025-06-28 10:54:55] 2道第1台防溜器进入检修模式
[2025-06-28 10:54:55] 2道防溜器处于现场（检修）状态
[2025-06-28 10:54:56] 2道第1台防溜器进入运行模式
[2025-06-28 10:54:56] 2道防溜器制动到位（远程）
[2025-06-28 10:55:00] 上位机发送缓解指令到2道第3台停车器
[2025-06-28 10:55:00] 上位机发送缓解指令到2道第1台停车器
[2025-06-28 10:55:00] 上位机发送缓解指令到2道防溜器
[2025-06-28 10:55:00] 上位机发送缓解指令到2道第2台停车器
[2025-06-28 10:55:00] 2道防溜器缓解中（远程）
[2025-06-28 10:55:02] 2道第1台停车器缓解到位
[2025-06-28 10:55:02] 2道第2台停车器缓解到位
[2025-06-28 10:55:02] 2道第3台停车器缓解到位
[2025-06-28 10:55:05] 2道防溜器故障：错误出现制动表示
[2025-06-28 10:55:14] 2道第1台防溜器进入检修模式
[2025-06-28 10:55:14] 2道防溜器处于现场（检修）状态
[2025-06-28 10:55:16] 2道第1台防溜器进入运行模式
[2025-06-28 10:55:17] 2道防溜器制动到位（远程）
[2025-06-28 10:55:32] 上位机发送缓解指令到2道防溜器
[2025-06-28 10:55:32] 2道防溜器缓解中（远程）
[2025-06-28 10:55:37] 2道防溜器故障：错误出现制动表示
[2025-06-28 10:55:41] 2道第1台防溜器进入检修模式
[2025-06-28 10:55:41] 2道防溜器处于现场（检修）状态
[2025-06-28 10:55:45] 2道防溜器缓解中（检修）
[2025-06-28 10:55:48] 2道防溜器处于现场（检修）状态
[2025-06-28 10:56:06] 2道第1台防溜器进入运行模式
[2025-06-28 10:56:07] 2道防溜器制动到位（远程）
[2025-06-28 10:56:12] 上位机发送缓解指令到2道防溜器
[2025-06-28 10:56:12] 2道防溜器缓解中（远程）
[2025-06-28 10:56:14] 2道防溜器缓解到位（远程）
[2025-06-28 10:56:19] 上位机发送制动指令到2道第3台停车器
[2025-06-28 10:56:19] 上位机发送制动指令到2道防溜器
[2025-06-28 10:56:19] 上位机发送制动指令到2道第1台停车器
[2025-06-28 10:56:19] 上位机发送制动指令到2道第2台停车器
[2025-06-28 10:56:19] 2道防溜器制动中（远程）
[2025-06-28 10:56:21] 2道第2台停车器制动到位
[2025-06-28 10:56:21] 2道第3台停车器制动到位
[2025-06-28 10:56:21] 2道第1台停车器制动到位
[2025-06-28 10:56:21] 2道防溜器制动到位（远程）
[2025-06-28 10:56:25] 上位机发送缓解指令到2道第3台停车器
[2025-06-28 10:56:25] 上位机发送缓解指令到2道防溜器
[2025-06-28 10:56:25] 上位机发送缓解指令到2道第1台停车器
[2025-06-28 10:56:25] 上位机发送缓解指令到2道第2台停车器
[2025-06-28 10:56:25] 2道防溜器缓解中（远程）
[2025-06-28 10:56:27] 2道第1台停车器缓解到位
[2025-06-28 10:56:27] 2道第2台停车器缓解到位
[2025-06-28 10:56:27] 2道第3台停车器缓解到位
[2025-06-28 10:56:27] 2道防溜器缓解到位（远程）
[2025-06-28 10:57:27] 2道第1台防溜器进入检修模式
[2025-06-28 10:57:27] 2道防溜器处于现场（检修）状态
[2025-06-28 10:57:45] 2道第1台防溜器进入运行模式
[2025-06-28 10:57:45] 2道防溜器缓解到位（远程）
[2025-06-28 11:00:15] A机进入主用状态
[2025-06-28 11:00:15] A机在线
[2025-06-28 11:00:15] B机进入备用状态
[2025-06-28 11:00:15] B机离线
[2025-06-28 11:00:16] 2道第2台停车器进入运行模式
[2025-06-28 11:00:16] 2道第2台停车器缓解到位
[2025-06-28 11:00:16] 2道第1台停车器进入运行模式
[2025-06-28 11:00:16] 2道第1台停车器缓解到位
[2025-06-28 11:00:16] 2道第3台停车器进入运行模式
[2025-06-28 11:00:16] 2道第3台停车器缓解到位
[2025-06-28 11:00:16] 2道第1台防溜器进入运行模式
[2025-06-28 11:00:16] 2道防溜器缓解到位（远程）
[2025-06-28 11:00:20] 3道第1台停车器通信超时
[2025-06-28 11:00:20] 3道第2台停车器通信超时
[2025-06-28 11:00:20] 3道第3台停车器通信超时
[2025-06-28 11:00:20] 3道防溜器通信超时
[2025-06-28 11:00:20] 4道第1台停车器通信超时
[2025-06-28 11:00:20] 4道第2台停车器通信超时
[2025-06-28 11:00:20] 4道第3台停车器通信超时
[2025-06-28 11:00:20] 4道防溜器通信超时
[2025-06-28 11:00:20] 5道第1台停车器通信超时
[2025-06-28 11:00:20] 5道第2台停车器通信超时
[2025-06-28 11:00:20] 5道第3台停车器通信超时
[2025-06-28 11:00:20] 5道防溜器通信超时
[2025-06-28 11:00:20] 6道第1台停车器通信超时
[2025-06-28 11:00:20] 6道第2台停车器通信超时
[2025-06-28 11:00:20] 6道第3台停车器通信超时
[2025-06-28 11:00:20] 6道防溜器通信超时
[2025-06-28 11:00:20] 7道第1台停车器通信超时
[2025-06-28 11:00:20] 7道第2台停车器通信超时
[2025-06-28 11:00:20] 7道第3台停车器通信超时
[2025-06-28 11:00:20] 7道防溜器通信超时
[2025-06-28 11:00:20] 8道第1台停车器通信超时
[2025-06-28 11:00:20] 8道第2台停车器通信超时
[2025-06-28 11:00:20] 8道第3台停车器通信超时
[2025-06-28 11:00:20] 8道防溜器通信超时
[2025-06-28 11:00:20] 9道第1台停车器通信超时
[2025-06-28 11:00:20] 9道第2台停车器通信超时
[2025-06-28 11:00:20] 9道第3台停车器通信超时
[2025-06-28 11:00:20] 9道防溜器通信超时
[2025-06-28 11:00:20] 10道第1台停车器通信超时
[2025-06-28 11:00:20] 10道第2台停车器通信超时
[2025-06-28 11:00:20] 10道第3台停车器通信超时
[2025-06-28 11:00:20] 10道防溜器通信超时
[2025-06-28 11:00:20] 11道第1台停车器通信超时
[2025-06-28 11:00:20] 11道第2台停车器通信超时
[2025-06-28 11:00:20] 11道第3台停车器通信超时
[2025-06-28 11:00:20] 11道防溜器通信超时
[2025-06-28 11:00:20] 12道第1台停车器通信超时
[2025-06-28 11:00:20] 12道第2台停车器通信超时
[2025-06-28 11:00:20] 12道第3台停车器通信超时
[2025-06-28 11:00:20] 12道防溜器通信超时
[2025-06-28 11:00:20] 13道第1台停车器通信超时
[2025-06-28 11:00:20] 13道第2台停车器通信超时
[2025-06-28 11:00:20] 13道第3台停车器通信超时
[2025-06-28 11:00:20] 13道防溜器通信超时
[2025-06-28 11:00:20] 14道第1台停车器通信超时
[2025-06-28 11:00:20] 14道第2台停车器通信超时
[2025-06-28 11:00:20] 14道第3台停车器通信超时
[2025-06-28 11:00:20] 14道防溜器通信超时
[2025-06-28 11:00:20] 15道第1台停车器通信超时
[2025-06-28 11:00:20] 15道第2台停车器通信超时
[2025-06-28 11:00:20] 15道第3台停车器通信超时
[2025-06-28 11:00:20] 15道防溜器通信超时
[2025-06-28 11:00:20] 16道第1台停车器通信超时
[2025-06-28 11:00:20] 16道第2台停车器通信超时
[2025-06-28 11:00:20] 16道第3台停车器通信超时
[2025-06-28 11:00:20] 16道防溜器通信超时
[2025-06-28 11:00:20] 17道第1台停车器通信超时
[2025-06-28 11:00:20] 17道第2台停车器通信超时
[2025-06-28 11:00:20] 17道第3台停车器通信超时
[2025-06-28 11:00:20] 17道防溜器通信超时
[2025-06-28 11:00:20] 18道第1台停车器通信超时
[2025-06-28 11:00:20] 18道第2台停车器通信超时
[2025-06-28 11:00:20] 18道第3台停车器通信超时
[2025-06-28 11:00:20] 18道防溜器通信超时
[2025-06-28 11:00:20] 19道第1台停车器通信超时
[2025-06-28 11:00:20] 19道第2台停车器通信超时
[2025-06-28 11:00:20] 19道第3台停车器通信超时
[2025-06-28 11:00:20] 19道防溜器通信超时
[2025-06-28 11:00:20] 20道第1台停车器通信超时
[2025-06-28 11:00:20] 20道第2台停车器通信超时
[2025-06-28 11:00:20] 20道第3台停车器通信超时
[2025-06-28 11:00:20] 20道防溜器通信超时
[2025-06-28 11:00:20] 21道第1台停车器通信超时
[2025-06-28 11:00:20] 21道第2台停车器通信超时
[2025-06-28 11:00:20] 21道第3台停车器通信超时
[2025-06-28 11:00:20] 21道防溜器通信超时
[2025-06-28 11:00:20] 22道第1台停车器通信超时
[2025-06-28 11:00:20] 22道第2台停车器通信超时
[2025-06-28 11:00:20] 22道第3台停车器通信超时
[2025-06-28 11:00:20] 22道防溜器通信超时
[2025-06-28 11:00:20] 23道第1台停车器通信超时
[2025-06-28 11:00:20] 23道第2台停车器通信超时
[2025-06-28 11:00:20] 23道第3台停车器通信超时
[2025-06-28 11:00:20] 23道防溜器通信超时
[2025-06-28 11:00:20] 24道第1台停车器通信超时
[2025-06-28 11:00:20] 24道第2台停车器通信超时
[2025-06-28 11:00:20] 24道第3台停车器通信超时
[2025-06-28 11:00:20] 24道防溜器通信超时
[2025-06-28 11:00:20] 上位机发送制动指令到2道防溜器
[2025-06-28 11:00:20] 上位机发送制动指令到2道第1台停车器
[2025-06-28 11:00:20] 上位机发送制动指令到2道第2台停车器
[2025-06-28 11:00:20] 上位机发送制动指令到2道第3台停车器
[2025-06-28 11:00:21] 2道防溜器制动中（远程）
[2025-06-28 11:00:23] 2道第2台停车器制动到位
[2025-06-28 11:00:23] 2道第1台停车器制动到位
[2025-06-28 11:00:23] 2道第3台停车器制动到位
[2025-06-28 11:00:23] 2道防溜器制动到位（远程）
[2025-06-28 11:00:28] 上位机发送缓解指令到2道防溜器
[2025-06-28 11:00:28] 上位机发送缓解指令到2道第1台停车器
[2025-06-28 11:00:28] 上位机发送缓解指令到2道第2台停车器
[2025-06-28 11:00:28] 上位机发送缓解指令到2道第3台停车器
[2025-06-28 11:00:29] 2道防溜器缓解中（远程）
[2025-06-28 11:00:31] 2道第2台停车器缓解到位
[2025-06-28 11:00:31] 2道第1台停车器缓解到位
[2025-06-28 11:00:31] 2道第3台停车器缓解到位
[2025-06-28 11:00:31] 2道防溜器缓解到位（远程）
[2025-06-28 11:00:32] A机进入主用状态
[2025-06-28 11:00:32] A机在线
[2025-06-28 12:51:16] B机进入主用状态
[2025-06-28 12:51:16] B机在线
[2025-06-28 12:51:16] A机进入备用状态
[2025-06-28 12:51:16] A机离线
[2025-06-28 12:51:21] 2道第1台停车器通信超时
[2025-06-28 12:51:21] 2道第2台停车器通信超时
[2025-06-28 12:51:21] 2道第3台停车器通信超时
[2025-06-28 12:51:21] 2道防溜器通信超时
[2025-06-28 12:51:21] 3道第1台停车器通信超时
[2025-06-28 12:51:21] 3道第2台停车器通信超时
[2025-06-28 12:51:21] 3道第3台停车器通信超时
[2025-06-28 12:51:21] 3道防溜器通信超时
[2025-06-28 12:51:21] 4道第1台停车器通信超时
[2025-06-28 12:51:21] 4道第2台停车器通信超时
[2025-06-28 12:51:21] 4道第3台停车器通信超时
[2025-06-28 12:51:21] 4道防溜器通信超时
[2025-06-28 12:51:21] 5道第1台停车器通信超时
[2025-06-28 12:51:21] 5道第2台停车器通信超时
[2025-06-28 12:51:21] 5道第3台停车器通信超时
[2025-06-28 12:51:21] 5道防溜器通信超时
[2025-06-28 12:51:21] 6道第1台停车器通信超时
[2025-06-28 12:51:21] 6道第2台停车器通信超时
[2025-06-28 12:51:21] 6道第3台停车器通信超时
[2025-06-28 12:51:21] 6道防溜器通信超时
[2025-06-28 12:51:21] 7道第1台停车器通信超时
[2025-06-28 12:51:21] 7道第2台停车器通信超时
[2025-06-28 12:51:21] 7道第3台停车器通信超时
[2025-06-28 12:51:21] 7道防溜器通信超时
[2025-06-28 12:51:21] 8道第1台停车器通信超时
[2025-06-28 12:51:21] 8道第2台停车器通信超时
[2025-06-28 12:51:21] 8道第3台停车器通信超时
[2025-06-28 12:51:21] 8道防溜器通信超时
[2025-06-28 12:51:21] 9道第1台停车器通信超时
[2025-06-28 12:51:21] 9道第2台停车器通信超时
[2025-06-28 12:51:21] 9道第3台停车器通信超时
[2025-06-28 12:51:21] 9道防溜器通信超时
[2025-06-28 12:51:21] 10道第1台停车器通信超时
[2025-06-28 12:51:21] 10道第2台停车器通信超时
[2025-06-28 12:51:21] 10道第3台停车器通信超时
[2025-06-28 12:51:21] 10道防溜器通信超时
[2025-06-28 12:51:21] 11道第1台停车器通信超时
[2025-06-28 12:51:21] 11道第2台停车器通信超时
[2025-06-28 12:51:21] 11道第3台停车器通信超时
[2025-06-28 12:51:21] 11道防溜器通信超时
[2025-06-28 12:51:21] 12道第1台停车器通信超时
[2025-06-28 12:51:21] 12道第2台停车器通信超时
[2025-06-28 12:51:21] 12道第3台停车器通信超时
[2025-06-28 12:51:21] 12道防溜器通信超时
[2025-06-28 12:51:21] 13道第1台停车器通信超时
[2025-06-28 12:51:21] 13道第2台停车器通信超时
[2025-06-28 12:51:21] 13道第3台停车器通信超时
[2025-06-28 12:51:21] 13道防溜器通信超时
[2025-06-28 12:51:21] 14道第1台停车器通信超时
[2025-06-28 12:51:21] 14道第2台停车器通信超时
[2025-06-28 12:51:21] 14道第3台停车器通信超时
[2025-06-28 12:51:21] 14道防溜器通信超时
[2025-06-28 12:51:21] 15道第1台停车器通信超时
[2025-06-28 12:51:21] 15道第2台停车器通信超时
[2025-06-28 12:51:21] 15道第3台停车器通信超时
[2025-06-28 12:51:21] 15道防溜器通信超时
[2025-06-28 12:51:21] 16道第1台停车器通信超时
[2025-06-28 12:51:21] 16道第2台停车器通信超时
[2025-06-28 12:51:21] 16道第3台停车器通信超时
[2025-06-28 12:51:21] 16道防溜器通信超时
[2025-06-28 12:51:21] 17道第1台停车器通信超时
[2025-06-28 12:51:21] 17道第2台停车器通信超时
[2025-06-28 12:51:21] 17道第3台停车器通信超时
[2025-06-28 12:51:21] 17道防溜器通信超时
[2025-06-28 12:51:21] 18道第1台停车器通信超时
[2025-06-28 12:51:21] 18道第2台停车器通信超时
[2025-06-28 12:51:21] 18道第3台停车器通信超时
[2025-06-28 12:51:21] 18道防溜器通信超时
[2025-06-28 12:51:21] 19道第1台停车器通信超时
[2025-06-28 12:51:21] 19道第2台停车器通信超时
[2025-06-28 12:51:21] 19道第3台停车器通信超时
[2025-06-28 12:51:21] 19道防溜器通信超时
[2025-06-28 12:51:21] 20道第1台停车器通信超时
[2025-06-28 12:51:21] 20道第2台停车器通信超时
[2025-06-28 12:51:21] 20道第3台停车器通信超时
[2025-06-28 12:51:21] 20道防溜器通信超时
[2025-06-28 12:51:22] 21道第1台停车器通信超时
[2025-06-28 12:51:22] 21道第2台停车器通信超时
[2025-06-28 12:51:22] 21道第3台停车器通信超时
[2025-06-28 12:51:22] 21道防溜器通信超时
[2025-06-28 12:51:22] 22道第1台停车器通信超时
[2025-06-28 12:51:22] 22道第2台停车器通信超时
[2025-06-28 12:51:22] 22道第3台停车器通信超时
[2025-06-28 12:51:22] 22道防溜器通信超时
[2025-06-28 12:51:22] 23道第1台停车器通信超时
[2025-06-28 12:51:22] 23道第2台停车器通信超时
[2025-06-28 12:51:22] 23道第3台停车器通信超时
[2025-06-28 12:51:22] 23道防溜器通信超时
[2025-06-28 12:51:22] 24道第1台停车器通信超时
[2025-06-28 12:51:22] 24道第2台停车器通信超时
[2025-06-28 12:51:22] 24道第3台停车器通信超时
[2025-06-28 12:51:22] 24道防溜器通信超时
[2025-06-28 12:53:13] B机进入主用状态
[2025-06-28 12:53:13] B机在线
[2025-06-28 12:53:13] A机进入备用状态
[2025-06-28 12:53:13] A机离线
[2025-06-28 12:53:15] 用户确认切换为集控模式，已发送 ACQ 指令
[2025-06-28 12:53:17] 用户确认切换为场控模式
[2025-06-28 12:53:19] 2道第1台停车器通信超时
[2025-06-28 12:53:19] 2道第2台停车器通信超时
[2025-06-28 12:53:19] 2道第3台停车器通信超时
[2025-06-28 12:53:19] 2道防溜器通信超时
[2025-06-28 12:53:19] 3道第1台停车器通信超时
[2025-06-28 12:53:19] 3道第2台停车器通信超时
[2025-06-28 12:53:19] 3道第3台停车器通信超时
[2025-06-28 12:53:19] 3道防溜器通信超时
[2025-06-28 12:53:19] 4道第1台停车器通信超时
[2025-06-28 12:53:19] 4道第2台停车器通信超时
[2025-06-28 12:53:19] 4道第3台停车器通信超时
[2025-06-28 12:53:19] 4道防溜器通信超时
[2025-06-28 12:53:19] 5道第1台停车器通信超时
[2025-06-28 12:53:19] 5道第2台停车器通信超时
[2025-06-28 12:53:19] 5道第3台停车器通信超时
[2025-06-28 12:53:19] 5道防溜器通信超时
[2025-06-28 12:53:19] 6道第1台停车器通信超时
[2025-06-28 12:53:19] 6道第2台停车器通信超时
[2025-06-28 12:53:19] 6道第3台停车器通信超时
[2025-06-28 12:53:19] 6道防溜器通信超时
[2025-06-28 12:53:19] 7道第1台停车器通信超时
[2025-06-28 12:53:19] 7道第2台停车器通信超时
[2025-06-28 12:53:19] 7道第3台停车器通信超时
[2025-06-28 12:53:19] 7道防溜器通信超时
[2025-06-28 12:53:19] 8道第1台停车器通信超时
[2025-06-28 12:53:19] 8道第2台停车器通信超时
[2025-06-28 12:53:19] 8道第3台停车器通信超时
[2025-06-28 12:53:19] 8道防溜器通信超时
[2025-06-28 12:53:19] 9道第1台停车器通信超时
[2025-06-28 12:53:19] 9道第2台停车器通信超时
[2025-06-28 12:53:19] 9道第3台停车器通信超时
[2025-06-28 12:53:19] 9道防溜器通信超时
[2025-06-28 12:53:19] 10道第1台停车器通信超时
[2025-06-28 12:53:19] 10道第2台停车器通信超时
[2025-06-28 12:53:19] 10道第3台停车器通信超时
[2025-06-28 12:53:19] 10道防溜器通信超时
[2025-06-28 12:53:19] 11道第1台停车器通信超时
[2025-06-28 12:53:19] 11道第2台停车器通信超时
[2025-06-28 12:53:19] 11道第3台停车器通信超时
[2025-06-28 12:53:19] 11道防溜器通信超时
[2025-06-28 12:53:19] 12道第1台停车器通信超时
[2025-06-28 12:53:19] 12道第2台停车器通信超时
[2025-06-28 12:53:19] 12道第3台停车器通信超时
[2025-06-28 12:53:19] 12道防溜器通信超时
[2025-06-28 12:53:19] 13道第1台停车器通信超时
[2025-06-28 12:53:19] 13道第2台停车器通信超时
[2025-06-28 12:53:19] 13道第3台停车器通信超时
[2025-06-28 12:53:19] 13道防溜器通信超时
[2025-06-28 12:53:19] 14道第1台停车器通信超时
[2025-06-28 12:53:19] 14道第2台停车器通信超时
[2025-06-28 12:53:19] 14道第3台停车器通信超时
[2025-06-28 12:53:19] 14道防溜器通信超时
[2025-06-28 12:53:19] 15道第1台停车器通信超时
[2025-06-28 12:53:19] 15道第2台停车器通信超时
[2025-06-28 12:53:19] 15道第3台停车器通信超时
[2025-06-28 12:53:19] 15道防溜器通信超时
[2025-06-28 12:53:19] 16道第1台停车器通信超时
[2025-06-28 12:53:19] 16道第2台停车器通信超时
[2025-06-28 12:53:19] 16道第3台停车器通信超时
[2025-06-28 12:53:19] 16道防溜器通信超时
[2025-06-28 12:53:19] 17道第1台停车器通信超时
[2025-06-28 12:53:19] 17道第2台停车器通信超时
[2025-06-28 12:53:19] 17道第3台停车器通信超时
[2025-06-28 12:53:19] 17道防溜器通信超时
[2025-06-28 12:53:19] 18道第1台停车器通信超时
[2025-06-28 12:53:19] 18道第2台停车器通信超时
[2025-06-28 12:53:19] 18道第3台停车器通信超时
[2025-06-28 12:53:19] 18道防溜器通信超时
[2025-06-28 12:53:19] 19道第1台停车器通信超时
[2025-06-28 12:53:19] 19道第2台停车器通信超时
[2025-06-28 12:53:19] 19道第3台停车器通信超时
[2025-06-28 12:53:19] 19道防溜器通信超时
[2025-06-28 12:53:19] 20道第1台停车器通信超时
[2025-06-28 12:53:19] 20道第2台停车器通信超时
[2025-06-28 12:53:19] 20道第3台停车器通信超时
[2025-06-28 12:53:19] 20道防溜器通信超时
[2025-06-28 12:53:19] 21道第1台停车器通信超时
[2025-06-28 12:53:19] 21道第2台停车器通信超时
[2025-06-28 12:53:19] 21道第3台停车器通信超时
[2025-06-28 12:53:19] 21道防溜器通信超时
[2025-06-28 12:53:19] 22道第1台停车器通信超时
[2025-06-28 12:53:19] 22道第2台停车器通信超时
[2025-06-28 12:53:19] 22道第3台停车器通信超时
[2025-06-28 12:53:19] 22道防溜器通信超时
[2025-06-28 12:53:19] 23道第1台停车器通信超时
[2025-06-28 12:53:19] 23道第2台停车器通信超时
[2025-06-28 12:53:19] 23道第3台停车器通信超时
[2025-06-28 12:53:19] 23道防溜器通信超时
[2025-06-28 12:53:19] 24道第1台停车器通信超时
[2025-06-28 12:53:19] 24道第2台停车器通信超时
[2025-06-28 12:53:19] 24道第3台停车器通信超时
[2025-06-28 12:53:19] 24道防溜器通信超时
[2025-06-28 13:58:39] B机进入主用状态
[2025-06-28 13:58:39] B机在线
[2025-06-28 13:58:39] A机进入备用状态
[2025-06-28 13:58:39] A机离线
[2025-06-28 13:58:44] 2道第1台停车器通信超时
[2025-06-28 13:58:44] 2道第2台停车器通信超时
[2025-06-28 13:58:44] 2道第3台停车器通信超时
[2025-06-28 13:58:44] 2道防溜器通信超时
[2025-06-28 13:58:44] 3道第1台停车器通信超时
[2025-06-28 13:58:44] 3道第2台停车器通信超时
[2025-06-28 13:58:44] 3道第3台停车器通信超时
[2025-06-28 13:58:44] 3道防溜器通信超时
[2025-06-28 13:58:44] 4道第1台停车器通信超时
[2025-06-28 13:58:44] 4道第2台停车器通信超时
[2025-06-28 13:58:44] 4道第3台停车器通信超时
[2025-06-28 13:58:44] 4道防溜器通信超时
[2025-06-28 13:58:44] 5道第1台停车器通信超时
[2025-06-28 13:58:44] 5道第2台停车器通信超时
[2025-06-28 13:58:44] 5道第3台停车器通信超时
[2025-06-28 13:58:44] 5道防溜器通信超时
[2025-06-28 13:58:44] 6道第1台停车器通信超时
[2025-06-28 13:58:44] 6道第2台停车器通信超时
[2025-06-28 13:58:44] 6道第3台停车器通信超时
[2025-06-28 13:58:44] 6道防溜器通信超时
[2025-06-28 13:58:44] 7道第1台停车器通信超时
[2025-06-28 13:58:44] 7道第2台停车器通信超时
[2025-06-28 13:58:44] 7道第3台停车器通信超时
[2025-06-28 13:58:44] 7道防溜器通信超时
[2025-06-28 13:58:44] 8道第1台停车器通信超时
[2025-06-28 13:58:44] 8道第2台停车器通信超时
[2025-06-28 13:58:44] 8道第3台停车器通信超时
[2025-06-28 13:58:44] 8道防溜器通信超时
[2025-06-28 13:58:44] 9道第1台停车器通信超时
[2025-06-28 13:58:44] 9道第2台停车器通信超时
[2025-06-28 13:58:44] 9道第3台停车器通信超时
[2025-06-28 13:58:44] 9道防溜器通信超时
[2025-06-28 13:58:44] 10道第1台停车器通信超时
[2025-06-28 13:58:44] 10道第2台停车器通信超时
[2025-06-28 13:58:44] 10道第3台停车器通信超时
[2025-06-28 13:58:44] 10道防溜器通信超时
[2025-06-28 13:58:44] 11道第1台停车器通信超时
[2025-06-28 13:58:44] 11道第2台停车器通信超时
[2025-06-28 13:58:44] 11道第3台停车器通信超时
[2025-06-28 13:58:44] 11道防溜器通信超时
[2025-06-28 13:58:44] 12道第1台停车器通信超时
[2025-06-28 13:58:44] 12道第2台停车器通信超时
[2025-06-28 13:58:44] 12道第3台停车器通信超时
[2025-06-28 13:58:44] 12道防溜器通信超时
[2025-06-28 13:58:44] 13道第1台停车器通信超时
[2025-06-28 13:58:44] 13道第2台停车器通信超时
[2025-06-28 13:58:44] 13道第3台停车器通信超时
[2025-06-28 13:58:44] 13道防溜器通信超时
[2025-06-28 13:58:44] 14道第1台停车器通信超时
[2025-06-28 13:58:44] 14道第2台停车器通信超时
[2025-06-28 13:58:44] 14道第3台停车器通信超时
[2025-06-28 13:58:44] 14道防溜器通信超时
[2025-06-28 13:58:44] 15道第1台停车器通信超时
[2025-06-28 13:58:44] 15道第2台停车器通信超时
[2025-06-28 13:58:44] 15道第3台停车器通信超时
[2025-06-28 13:58:44] 15道防溜器通信超时
[2025-06-28 13:58:44] 16道第1台停车器通信超时
[2025-06-28 13:58:44] 16道第2台停车器通信超时
[2025-06-28 13:58:44] 16道第3台停车器通信超时
[2025-06-28 13:58:44] 16道防溜器通信超时
[2025-06-28 13:58:44] 17道第1台停车器通信超时
[2025-06-28 13:58:44] 17道第2台停车器通信超时
[2025-06-28 13:58:44] 17道第3台停车器通信超时
[2025-06-28 13:58:44] 17道防溜器通信超时
[2025-06-28 13:58:44] 18道第1台停车器通信超时
[2025-06-28 13:58:44] 18道第2台停车器通信超时
[2025-06-28 13:58:44] 18道第3台停车器通信超时
[2025-06-28 13:58:44] 18道防溜器通信超时
[2025-06-28 13:58:44] 19道第1台停车器通信超时
[2025-06-28 13:58:44] 19道第2台停车器通信超时
[2025-06-28 13:58:44] 19道第3台停车器通信超时
[2025-06-28 13:58:44] 19道防溜器通信超时
[2025-06-28 13:58:44] 20道第1台停车器通信超时
[2025-06-28 13:58:44] 20道第2台停车器通信超时
[2025-06-28 13:58:44] 20道第3台停车器通信超时
[2025-06-28 13:58:44] 20道防溜器通信超时
[2025-06-28 13:58:44] 21道第1台停车器通信超时
[2025-06-28 13:58:44] 21道第2台停车器通信超时
[2025-06-28 13:58:44] 21道第3台停车器通信超时
[2025-06-28 13:58:44] 21道防溜器通信超时
[2025-06-28 13:58:44] 22道第1台停车器通信超时
[2025-06-28 13:58:44] 22道第2台停车器通信超时
[2025-06-28 13:58:44] 22道第3台停车器通信超时
[2025-06-28 13:58:44] 22道防溜器通信超时
[2025-06-28 13:58:44] 23道第1台停车器通信超时
[2025-06-28 13:58:44] 23道第2台停车器通信超时
[2025-06-28 13:58:44] 23道第3台停车器通信超时
[2025-06-28 13:58:44] 23道防溜器通信超时
[2025-06-28 13:58:44] 24道第1台停车器通信超时
[2025-06-28 13:58:44] 24道第2台停车器通信超时
[2025-06-28 13:58:44] 24道第3台停车器通信超时
[2025-06-28 13:58:44] 24道防溜器通信超时
[2025-06-28 14:01:49] B机进入主用状态
[2025-06-28 14:01:49] B机在线
[2025-06-28 14:02:12] B机进入主用状态
[2025-06-28 14:02:12] B机在线
[2025-06-28 14:02:12] A机进入备用状态
[2025-06-28 14:02:12] A机离线
[2025-06-28 14:02:12] 2道第1台停车器进入运行模式
[2025-06-28 14:02:12] 2道第1台停车器缓解到位
[2025-06-28 14:02:12] 2道第2台停车器进入运行模式
[2025-06-28 14:02:12] 2道第2台停车器缓解到位
[2025-06-28 14:02:12] 2道第3台停车器进入运行模式
[2025-06-28 14:02:12] 2道第3台停车器缓解到位
[2025-06-28 14:02:12] A机进入主用状态
[2025-06-28 14:02:12] A机在线
[2025-06-28 14:02:12] 2道第1台防溜器进入运行模式
[2025-06-28 14:02:12] 2道防溜器缓解到位（远程）
[2025-06-28 14:02:55] B机进入主用状态
[2025-06-28 14:02:55] B机在线
[2025-06-28 14:02:55] A机进入备用状态
[2025-06-28 14:02:56] A机离线
[2025-06-28 14:02:56] A机进入主用状态
[2025-06-28 14:02:56] A机在线
[2025-06-28 14:02:56] 2道第1台停车器进入运行模式
[2025-06-28 14:02:56] 2道第1台停车器缓解到位
[2025-06-28 14:02:56] 2道第2台停车器进入运行模式
[2025-06-28 14:02:56] 2道第2台停车器缓解到位
[2025-06-28 14:02:56] 2道第3台停车器进入运行模式
[2025-06-28 14:02:56] 2道第3台停车器缓解到位
[2025-06-28 14:02:56] 2道第1台防溜器进入运行模式
[2025-06-28 14:02:56] 2道防溜器缓解到位（远程）
[2025-06-28 14:03:45] B机进入主用状态
[2025-06-28 14:03:45] B机在线
[2025-06-28 14:03:45] A机进入备用状态
[2025-06-28 14:03:45] A机离线
[2025-06-28 14:03:45] A机进入主用状态
[2025-06-28 14:03:45] A机在线
[2025-06-28 14:03:58] B机进入主用状态
[2025-06-28 14:03:58] B机在线
[2025-06-28 14:03:58] A机进入备用状态
[2025-06-28 14:03:58] A机离线
[2025-06-28 14:03:58] A机进入主用状态
[2025-06-28 14:03:58] A机在线
[2025-06-28 14:03:59] 2道第3台停车器进入运行模式
[2025-06-28 14:03:59] 2道第3台停车器缓解到位
[2025-06-28 14:03:59] 2道第1台停车器进入运行模式
[2025-06-28 14:03:59] 2道第1台停车器缓解到位
[2025-06-28 14:03:59] 2道第2台停车器进入运行模式
[2025-06-28 14:03:59] 2道第2台停车器缓解到位
[2025-06-28 14:03:59] 2道第1台防溜器进入运行模式
[2025-06-28 14:03:59] 2道防溜器缓解到位（远程）
[2025-06-28 14:04:41] A机进入主用状态
[2025-06-28 14:04:41] A机在线
[2025-06-28 14:04:41] B机进入备用状态
[2025-06-28 14:04:41] B机离线
[2025-06-28 14:04:41] B机进入主用状态
[2025-06-28 14:04:41] B机在线
[2025-06-28 14:04:42] 2道第1台停车器进入运行模式
[2025-06-28 14:04:42] 2道第1台停车器缓解到位
[2025-06-28 14:04:42] 2道第2台停车器进入运行模式
[2025-06-28 14:04:42] 2道第2台停车器缓解到位
[2025-06-28 14:04:42] 2道第3台停车器进入运行模式
[2025-06-28 14:04:42] 2道第3台停车器缓解到位
[2025-06-28 14:04:42] 2道第1台防溜器进入运行模式
[2025-06-28 14:04:42] 2道防溜器缓解到位（远程）
[2025-06-28 14:05:37] A机进入主用状态
[2025-06-28 14:05:37] A机在线
[2025-06-28 14:05:37] B机进入备用状态
[2025-06-28 14:05:37] B机离线
[2025-06-28 14:05:37] B机进入主用状态
[2025-06-28 14:05:37] B机在线
[2025-06-28 14:05:37] 2道第2台停车器进入运行模式
[2025-06-28 14:05:37] 2道第2台停车器缓解到位
[2025-06-28 14:05:37] 2道第1台停车器进入运行模式
[2025-06-28 14:05:37] 2道第1台停车器缓解到位
[2025-06-28 14:05:37] 2道第3台停车器进入运行模式
[2025-06-28 14:05:37] 2道第3台停车器缓解到位
[2025-06-28 14:05:37] 2道第1台防溜器进入运行模式
[2025-06-28 14:05:37] 2道防溜器缓解到位（远程）
[2025-06-28 14:06:25] A机进入主用状态
[2025-06-28 14:06:25] A机在线
[2025-06-28 14:06:25] B机进入备用状态
[2025-06-28 14:06:25] B机离线
[2025-06-28 14:06:26] B机进入主用状态
[2025-06-28 14:06:26] B机在线
[2025-06-28 14:06:26] 2道第1台停车器进入运行模式
[2025-06-28 14:06:26] 2道第1台停车器缓解到位
[2025-06-28 14:06:26] 2道第3台停车器进入运行模式
[2025-06-28 14:06:26] 2道第3台停车器缓解到位
[2025-06-28 14:06:26] 2道第2台停车器进入运行模式
[2025-06-28 14:06:26] 2道第2台停车器缓解到位
[2025-06-28 14:06:26] 2道第1台防溜器进入运行模式
[2025-06-28 14:06:26] 2道防溜器缓解到位（远程）
[2025-06-28 14:06:53] A机进入主用状态
[2025-06-28 14:06:53] A机在线
[2025-06-28 14:06:53] B机进入备用状态
[2025-06-28 14:06:53] B机离线
[2025-06-28 14:06:53] 2道第2台停车器进入运行模式
[2025-06-28 14:06:53] 2道第2台停车器缓解到位
[2025-06-28 14:06:53] 2道第1台停车器进入运行模式
[2025-06-28 14:06:53] 2道第1台停车器缓解到位
[2025-06-28 14:06:53] 2道第3台停车器进入运行模式
[2025-06-28 14:06:53] 2道第3台停车器缓解到位
[2025-06-28 14:06:53] 2道第1台防溜器进入运行模式
[2025-06-28 14:06:53] 2道防溜器缓解到位（远程）
[2025-06-28 14:06:53] B机进入主用状态
[2025-06-28 14:06:53] B机在线
[2025-06-28 14:17:04] A机进入主用状态
[2025-06-28 14:17:04] A机在线
[2025-06-28 14:17:04] B机进入备用状态
[2025-06-28 14:17:04] B机离线
[2025-06-28 14:17:04] 2道第2台停车器进入运行模式
[2025-06-28 14:17:04] 2道第2台停车器缓解到位
[2025-06-28 14:17:04] 2道第1台停车器进入运行模式
[2025-06-28 14:17:04] 2道第1台停车器缓解到位
[2025-06-28 14:17:04] 2道第3台停车器进入运行模式
[2025-06-28 14:17:04] 2道第3台停车器缓解到位
[2025-06-28 14:17:04] 2道第1台防溜器进入运行模式
[2025-06-28 14:17:04] 2道防溜器缓解到位（远程）
[2025-06-28 14:17:04] B机进入主用状态
[2025-06-28 14:17:04] B机在线
[2025-06-28 14:17:33] A机进入主用状态
[2025-06-28 14:17:33] A机在线
[2025-06-28 14:17:33] B机进入备用状态
[2025-06-28 14:17:33] B机离线
[2025-06-28 15:35:40] A机进入主用状态
[2025-06-28 15:35:40] A机在线
[2025-06-28 15:35:40] B机进入备用状态
[2025-06-28 15:35:40] B机离线
[2025-06-28 15:35:40] 2道第1台停车器进入运行模式
[2025-06-28 15:35:40] 2道第1台停车器制动到位
[2025-06-28 15:35:40] 2道第3台停车器进入运行模式
[2025-06-28 15:35:40] 2道第3台停车器制动到位
[2025-06-28 15:35:40] 2道第2台停车器进入运行模式
[2025-06-28 15:35:40] 2道第2台停车器制动到位
[2025-06-28 15:35:40] 2道第1台防溜器进入运行模式
[2025-06-28 15:35:40] 2道防溜器制动到位（远程）
[2025-06-28 15:35:46] 3道第1台停车器通信超时
[2025-06-28 15:35:46] 3道第2台停车器通信超时
[2025-06-28 15:35:46] 3道第3台停车器通信超时
[2025-06-28 15:35:46] 3道防溜器通信超时
[2025-06-28 15:35:46] 4道第1台停车器通信超时
[2025-06-28 15:35:46] 4道第2台停车器通信超时
[2025-06-28 15:35:46] 4道第3台停车器通信超时
[2025-06-28 15:35:46] 4道防溜器通信超时
[2025-06-28 15:35:46] 5道第1台停车器通信超时
[2025-06-28 15:35:46] 5道第2台停车器通信超时
[2025-06-28 15:35:46] 5道第3台停车器通信超时
[2025-06-28 15:35:46] 5道防溜器通信超时
[2025-06-28 15:35:46] 6道第1台停车器通信超时
[2025-06-28 15:35:46] 6道第2台停车器通信超时
[2025-06-28 15:35:46] 6道第3台停车器通信超时
[2025-06-28 15:35:46] 6道防溜器通信超时
[2025-06-28 15:35:46] 7道第1台停车器通信超时
[2025-06-28 15:35:46] 7道第2台停车器通信超时
[2025-06-28 15:35:46] 7道第3台停车器通信超时
[2025-06-28 15:35:46] 7道防溜器通信超时
[2025-06-28 15:35:46] 8道第1台停车器通信超时
[2025-06-28 15:35:46] 8道第2台停车器通信超时
[2025-06-28 15:35:46] 8道第3台停车器通信超时
[2025-06-28 15:35:46] 8道防溜器通信超时
[2025-06-28 15:35:46] 9道第1台停车器通信超时
[2025-06-28 15:35:46] 9道第2台停车器通信超时
[2025-06-28 15:35:46] 9道第3台停车器通信超时
[2025-06-28 15:35:46] 9道防溜器通信超时
[2025-06-28 15:35:46] 10道第1台停车器通信超时
[2025-06-28 15:35:46] 10道第2台停车器通信超时
[2025-06-28 15:35:46] 10道第3台停车器通信超时
[2025-06-28 15:35:46] 10道防溜器通信超时
[2025-06-28 15:35:46] 11道第1台停车器通信超时
[2025-06-28 15:35:46] 11道第2台停车器通信超时
[2025-06-28 15:35:46] 11道第3台停车器通信超时
[2025-06-28 15:35:46] 11道防溜器通信超时
[2025-06-28 15:35:46] 12道第1台停车器通信超时
[2025-06-28 15:35:46] 12道第2台停车器通信超时
[2025-06-28 15:35:46] 12道第3台停车器通信超时
[2025-06-28 15:35:46] 12道防溜器通信超时
[2025-06-28 15:35:46] 13道第1台停车器通信超时
[2025-06-28 15:35:46] 13道第2台停车器通信超时
[2025-06-28 15:35:46] 13道第3台停车器通信超时
[2025-06-28 15:35:46] 13道防溜器通信超时
[2025-06-28 15:35:46] 14道第1台停车器通信超时
[2025-06-28 15:35:46] 14道第2台停车器通信超时
[2025-06-28 15:35:46] 14道第3台停车器通信超时
[2025-06-28 15:35:46] 14道防溜器通信超时
[2025-06-28 15:35:46] 15道第1台停车器通信超时
[2025-06-28 15:35:46] 15道第2台停车器通信超时
[2025-06-28 15:35:46] 15道第3台停车器通信超时
[2025-06-28 15:35:46] 15道防溜器通信超时
[2025-06-28 15:35:46] 16道第1台停车器通信超时
[2025-06-28 15:35:46] 16道第2台停车器通信超时
[2025-06-28 15:35:46] 16道第3台停车器通信超时
[2025-06-28 15:35:46] 16道防溜器通信超时
[2025-06-28 15:35:46] 17道第1台停车器通信超时
[2025-06-28 15:35:46] 17道第2台停车器通信超时
[2025-06-28 15:35:46] 17道第3台停车器通信超时
[2025-06-28 15:35:46] 17道防溜器通信超时
[2025-06-28 15:35:46] 18道第1台停车器通信超时
[2025-06-28 15:35:46] 18道第2台停车器通信超时
[2025-06-28 15:35:46] 18道第3台停车器通信超时
[2025-06-28 15:35:46] 18道防溜器通信超时
[2025-06-28 15:35:46] 19道第1台停车器通信超时
[2025-06-28 15:35:46] 19道第2台停车器通信超时
[2025-06-28 15:35:46] 19道第3台停车器通信超时
[2025-06-28 15:35:46] 19道防溜器通信超时
[2025-06-28 15:35:46] 20道第1台停车器通信超时
[2025-06-28 15:35:46] 20道第2台停车器通信超时
[2025-06-28 15:35:46] 20道第3台停车器通信超时
[2025-06-28 15:35:46] 20道防溜器通信超时
[2025-06-28 15:35:46] 21道第1台停车器通信超时
[2025-06-28 15:35:46] 21道第2台停车器通信超时
[2025-06-28 15:35:46] 21道第3台停车器通信超时
[2025-06-28 15:35:46] 21道防溜器通信超时
[2025-06-28 15:35:46] 22道第1台停车器通信超时
[2025-06-28 15:35:46] 22道第2台停车器通信超时
[2025-06-28 15:35:46] 22道第3台停车器通信超时
[2025-06-28 15:35:46] 22道防溜器通信超时
[2025-06-28 15:35:46] 23道第1台停车器通信超时
[2025-06-28 15:35:46] 23道第2台停车器通信超时
[2025-06-28 15:35:46] 23道第3台停车器通信超时
[2025-06-28 15:35:46] 23道防溜器通信超时
[2025-06-28 15:35:46] 24道第1台停车器通信超时
[2025-06-28 15:35:46] 24道第2台停车器通信超时
[2025-06-28 15:35:46] 24道第3台停车器通信超时
[2025-06-28 15:35:46] 24道防溜器通信超时
[2025-06-28 15:41:01] A机进入主用状态
[2025-06-28 15:41:01] A机在线
[2025-06-28 15:41:01] B机进入备用状态
[2025-06-28 15:41:01] B机离线
[2025-06-28 15:41:07] 2道第1台停车器通信超时
[2025-06-28 15:41:07] 2道第2台停车器通信超时
[2025-06-28 15:41:07] 2道第3台停车器通信超时
[2025-06-28 15:41:07] 2道防溜器通信超时
[2025-06-28 15:41:07] 3道第1台停车器通信超时
[2025-06-28 15:41:07] 3道第2台停车器通信超时
[2025-06-28 15:41:07] 3道第3台停车器通信超时
[2025-06-28 15:41:07] 3道防溜器通信超时
[2025-06-28 15:41:07] 4道第1台停车器通信超时
[2025-06-28 15:41:07] 4道第2台停车器通信超时
[2025-06-28 15:41:07] 4道第3台停车器通信超时
[2025-06-28 15:41:07] 4道防溜器通信超时
[2025-06-28 15:41:07] 5道第1台停车器通信超时
[2025-06-28 15:41:07] 5道第2台停车器通信超时
[2025-06-28 15:41:07] 5道第3台停车器通信超时
[2025-06-28 15:41:07] 5道防溜器通信超时
[2025-06-28 15:41:07] 6道第1台停车器通信超时
[2025-06-28 15:41:07] 6道第2台停车器通信超时
[2025-06-28 15:41:07] 6道第3台停车器通信超时
[2025-06-28 15:41:07] 6道防溜器通信超时
[2025-06-28 15:41:07] 7道第1台停车器通信超时
[2025-06-28 15:41:07] 7道第2台停车器通信超时
[2025-06-28 15:41:07] 7道第3台停车器通信超时
[2025-06-28 15:41:07] 7道防溜器通信超时
[2025-06-28 15:41:07] 8道第1台停车器通信超时
[2025-06-28 15:41:07] 8道第2台停车器通信超时
[2025-06-28 15:41:07] 8道第3台停车器通信超时
[2025-06-28 15:41:07] 8道防溜器通信超时
[2025-06-28 15:41:07] 9道第1台停车器通信超时
[2025-06-28 15:41:07] 9道第2台停车器通信超时
[2025-06-28 15:41:07] 9道第3台停车器通信超时
[2025-06-28 15:41:07] 9道防溜器通信超时
[2025-06-28 15:41:07] 10道第1台停车器通信超时
[2025-06-28 15:41:07] 10道第2台停车器通信超时
[2025-06-28 15:41:07] 10道第3台停车器通信超时
[2025-06-28 15:41:07] 10道防溜器通信超时
[2025-06-28 15:41:07] 11道第1台停车器通信超时
[2025-06-28 15:41:07] 11道第2台停车器通信超时
[2025-06-28 15:41:07] 11道第3台停车器通信超时
[2025-06-28 15:41:07] 11道防溜器通信超时
[2025-06-28 15:41:07] 12道第1台停车器通信超时
[2025-06-28 15:41:07] 12道第2台停车器通信超时
[2025-06-28 15:41:07] 12道第3台停车器通信超时
[2025-06-28 15:41:07] 12道防溜器通信超时
[2025-06-28 15:41:07] 13道第1台停车器通信超时
[2025-06-28 15:41:07] 13道第2台停车器通信超时
[2025-06-28 15:41:07] 13道第3台停车器通信超时
[2025-06-28 15:41:07] 13道防溜器通信超时
[2025-06-28 15:41:07] 14道第1台停车器通信超时
[2025-06-28 15:41:07] 14道第2台停车器通信超时
[2025-06-28 15:41:07] 14道第3台停车器通信超时
[2025-06-28 15:41:07] 14道防溜器通信超时
[2025-06-28 15:41:07] 15道第1台停车器通信超时
[2025-06-28 15:41:07] 15道第2台停车器通信超时
[2025-06-28 15:41:07] 15道第3台停车器通信超时
[2025-06-28 15:41:07] 15道防溜器通信超时
[2025-06-28 15:41:07] 16道第1台停车器通信超时
[2025-06-28 15:41:07] 16道第2台停车器通信超时
[2025-06-28 15:41:07] 16道第3台停车器通信超时
[2025-06-28 15:41:07] 16道防溜器通信超时
[2025-06-28 15:41:07] 17道第1台停车器通信超时
[2025-06-28 15:41:07] 17道第2台停车器通信超时
[2025-06-28 15:41:07] 17道第3台停车器通信超时
[2025-06-28 15:41:07] 17道防溜器通信超时
[2025-06-28 15:41:07] 18道第1台停车器通信超时
[2025-06-28 15:41:07] 18道第2台停车器通信超时
[2025-06-28 15:41:07] 18道第3台停车器通信超时
[2025-06-28 15:41:07] 18道防溜器通信超时
[2025-06-28 15:41:07] 19道第1台停车器通信超时
[2025-06-28 15:41:07] 19道第2台停车器通信超时
[2025-06-28 15:41:07] 19道第3台停车器通信超时
[2025-06-28 15:41:07] 19道防溜器通信超时
[2025-06-28 15:41:07] 20道第1台停车器通信超时
[2025-06-28 15:41:07] 20道第2台停车器通信超时
[2025-06-28 15:41:07] 20道第3台停车器通信超时
[2025-06-28 15:41:07] 20道防溜器通信超时
[2025-06-28 15:41:07] 21道第1台停车器通信超时
[2025-06-28 15:41:07] 21道第2台停车器通信超时
[2025-06-28 15:41:07] 21道第3台停车器通信超时
[2025-06-28 15:41:07] 21道防溜器通信超时
[2025-06-28 15:41:07] 22道第1台停车器通信超时
[2025-06-28 15:41:07] 22道第2台停车器通信超时
[2025-06-28 15:41:07] 22道第3台停车器通信超时
[2025-06-28 15:41:07] 22道防溜器通信超时
[2025-06-28 15:41:07] 23道第1台停车器通信超时
[2025-06-28 15:41:07] 23道第2台停车器通信超时
[2025-06-28 15:41:07] 23道第3台停车器通信超时
[2025-06-28 15:41:08] 23道防溜器通信超时
[2025-06-28 15:41:08] 24道第1台停车器通信超时
[2025-06-28 15:41:08] 24道第2台停车器通信超时
[2025-06-28 15:41:08] 24道第3台停车器通信超时
[2025-06-28 15:41:08] 24道防溜器通信超时
[2025-06-28 15:41:29] A机进入主用状态
[2025-06-28 15:41:29] A机在线
[2025-06-28 15:41:29] B机进入备用状态
[2025-06-28 15:41:29] B机离线
[2025-06-28 15:41:29] 2道第1台停车器进入运行模式
[2025-06-28 15:41:29] 2道第1台停车器制动到位
[2025-06-28 15:41:29] 2道第2台停车器进入运行模式
[2025-06-28 15:41:29] 2道第2台停车器制动到位
[2025-06-28 15:41:29] 2道第3台停车器进入运行模式
[2025-06-28 15:41:29] 2道第3台停车器制动到位
[2025-06-28 15:41:29] 2道第1台防溜器进入运行模式
[2025-06-28 15:41:29] 2道防溜器制动到位（远程）
[2025-06-28 15:41:34] 3道第1台停车器通信超时
[2025-06-28 15:41:34] 3道第2台停车器通信超时
[2025-06-28 15:41:34] 3道第3台停车器通信超时
[2025-06-28 15:41:34] 3道防溜器通信超时
[2025-06-28 15:41:34] 4道第1台停车器通信超时
[2025-06-28 15:41:34] 4道第2台停车器通信超时
[2025-06-28 15:41:34] 4道第3台停车器通信超时
[2025-06-28 15:41:34] 4道防溜器通信超时
[2025-06-28 15:41:34] 5道第1台停车器通信超时
[2025-06-28 15:41:34] 5道第2台停车器通信超时
[2025-06-28 15:41:34] 5道第3台停车器通信超时
[2025-06-28 15:41:34] 5道防溜器通信超时
[2025-06-28 15:41:34] 6道第1台停车器通信超时
[2025-06-28 15:41:34] 6道第2台停车器通信超时
[2025-06-28 15:41:34] 6道第3台停车器通信超时
[2025-06-28 15:41:34] 6道防溜器通信超时
[2025-06-28 15:41:34] 7道第1台停车器通信超时
[2025-06-28 15:41:34] 7道第2台停车器通信超时
[2025-06-28 15:41:34] 7道第3台停车器通信超时
[2025-06-28 15:41:34] 7道防溜器通信超时
[2025-06-28 15:41:34] 8道第1台停车器通信超时
[2025-06-28 15:41:34] 8道第2台停车器通信超时
[2025-06-28 15:41:34] 8道第3台停车器通信超时
[2025-06-28 15:41:34] 8道防溜器通信超时
[2025-06-28 15:41:34] 9道第1台停车器通信超时
[2025-06-28 15:41:34] 9道第2台停车器通信超时
[2025-06-28 15:41:34] 9道第3台停车器通信超时
[2025-06-28 15:41:34] 9道防溜器通信超时
[2025-06-28 15:41:34] 10道第1台停车器通信超时
[2025-06-28 15:41:34] 10道第2台停车器通信超时
[2025-06-28 15:41:34] 10道第3台停车器通信超时
[2025-06-28 15:41:34] 10道防溜器通信超时
[2025-06-28 15:41:34] 11道第1台停车器通信超时
[2025-06-28 15:41:34] 11道第2台停车器通信超时
[2025-06-28 15:41:34] 11道第3台停车器通信超时
[2025-06-28 15:41:34] 11道防溜器通信超时
[2025-06-28 15:41:34] 12道第1台停车器通信超时
[2025-06-28 15:41:34] 12道第2台停车器通信超时
[2025-06-28 15:41:34] 12道第3台停车器通信超时
[2025-06-28 15:41:34] 12道防溜器通信超时
[2025-06-28 15:41:34] 13道第1台停车器通信超时
[2025-06-28 15:41:34] 13道第2台停车器通信超时
[2025-06-28 15:41:34] 13道第3台停车器通信超时
[2025-06-28 15:41:34] 13道防溜器通信超时
[2025-06-28 15:41:34] 14道第1台停车器通信超时
[2025-06-28 15:41:34] 14道第2台停车器通信超时
[2025-06-28 15:41:34] 14道第3台停车器通信超时
[2025-06-28 15:41:34] 14道防溜器通信超时
[2025-06-28 15:41:34] 15道第1台停车器通信超时
[2025-06-28 15:41:34] 15道第2台停车器通信超时
[2025-06-28 15:41:34] 15道第3台停车器通信超时
[2025-06-28 15:41:34] 15道防溜器通信超时
[2025-06-28 15:41:34] 16道第1台停车器通信超时
[2025-06-28 15:41:34] 16道第2台停车器通信超时
[2025-06-28 15:41:34] 16道第3台停车器通信超时
[2025-06-28 15:41:34] 16道防溜器通信超时
[2025-06-28 15:41:34] 17道第1台停车器通信超时
[2025-06-28 15:41:34] 17道第2台停车器通信超时
[2025-06-28 15:41:34] 17道第3台停车器通信超时
[2025-06-28 15:41:34] 17道防溜器通信超时
[2025-06-28 15:41:34] 18道第1台停车器通信超时
[2025-06-28 15:41:34] 18道第2台停车器通信超时
[2025-06-28 15:41:34] 18道第3台停车器通信超时
[2025-06-28 15:41:34] 18道防溜器通信超时
[2025-06-28 15:41:34] 19道第1台停车器通信超时
[2025-06-28 15:41:34] 19道第2台停车器通信超时
[2025-06-28 15:41:34] 19道第3台停车器通信超时
[2025-06-28 15:41:34] 19道防溜器通信超时
[2025-06-28 15:41:34] 20道第1台停车器通信超时
[2025-06-28 15:41:34] 20道第2台停车器通信超时
[2025-06-28 15:41:34] 20道第3台停车器通信超时
[2025-06-28 15:41:34] 20道防溜器通信超时
[2025-06-28 15:41:34] 21道第1台停车器通信超时
[2025-06-28 15:41:34] 21道第2台停车器通信超时
[2025-06-28 15:41:34] 21道第3台停车器通信超时
[2025-06-28 15:41:34] 21道防溜器通信超时
[2025-06-28 15:41:34] 22道第1台停车器通信超时
[2025-06-28 15:41:34] 22道第2台停车器通信超时
[2025-06-28 15:41:34] 22道第3台停车器通信超时
[2025-06-28 15:41:34] 22道防溜器通信超时
[2025-06-28 15:41:34] 23道第1台停车器通信超时
[2025-06-28 15:41:34] 23道第2台停车器通信超时
[2025-06-28 15:41:34] 23道第3台停车器通信超时
[2025-06-28 15:41:34] 23道防溜器通信超时
[2025-06-28 15:41:34] 24道第1台停车器通信超时
[2025-06-28 15:41:34] 24道第2台停车器通信超时
[2025-06-28 15:41:34] 24道第3台停车器通信超时
[2025-06-28 15:41:34] 24道防溜器通信超时
[2025-06-28 15:43:11] A机进入主用状态
[2025-06-28 15:43:11] A机在线
[2025-06-28 15:43:11] B机进入备用状态
[2025-06-28 15:43:11] B机离线
[2025-06-28 15:43:17] 3道第1台停车器通信超时
[2025-06-28 15:43:17] 3道第2台停车器通信超时
[2025-06-28 15:43:17] 3道第3台停车器通信超时
[2025-06-28 15:43:17] 3道防溜器通信超时
[2025-06-28 15:43:17] 4道第1台停车器通信超时
[2025-06-28 15:43:17] 4道第2台停车器通信超时
[2025-06-28 15:43:17] 4道第3台停车器通信超时
[2025-06-28 15:43:17] 4道防溜器通信超时
[2025-06-28 15:43:17] 5道第1台停车器通信超时
[2025-06-28 15:43:17] 5道第2台停车器通信超时
[2025-06-28 15:43:17] 5道第3台停车器通信超时
[2025-06-28 15:43:17] 5道防溜器通信超时
[2025-06-28 15:43:17] 6道第1台停车器通信超时
[2025-06-28 15:43:17] 6道第2台停车器通信超时
[2025-06-28 15:43:17] 6道第3台停车器通信超时
[2025-06-28 15:43:17] 6道防溜器通信超时
[2025-06-28 15:43:17] 7道第1台停车器通信超时
[2025-06-28 15:43:17] 7道第2台停车器通信超时
[2025-06-28 15:43:17] 7道第3台停车器通信超时
[2025-06-28 15:43:17] 7道防溜器通信超时
[2025-06-28 15:43:17] 8道第1台停车器通信超时
[2025-06-28 15:43:17] 8道第2台停车器通信超时
[2025-06-28 15:43:17] 8道第3台停车器通信超时
[2025-06-28 15:43:17] 8道防溜器通信超时
[2025-06-28 15:43:17] 9道第1台停车器通信超时
[2025-06-28 15:43:17] 9道第2台停车器通信超时
[2025-06-28 15:43:17] 9道第3台停车器通信超时
[2025-06-28 15:43:17] 9道防溜器通信超时
[2025-06-28 15:43:17] 10道第1台停车器通信超时
[2025-06-28 15:43:17] 10道第2台停车器通信超时
[2025-06-28 15:43:17] 10道第3台停车器通信超时
[2025-06-28 15:43:17] 10道防溜器通信超时
[2025-06-28 15:43:17] 11道第1台停车器通信超时
[2025-06-28 15:43:17] 11道第2台停车器通信超时
[2025-06-28 15:43:17] 11道第3台停车器通信超时
[2025-06-28 15:43:17] 11道防溜器通信超时
[2025-06-28 15:43:17] 12道第1台停车器通信超时
[2025-06-28 15:43:17] 12道第2台停车器通信超时
[2025-06-28 15:43:17] 12道第3台停车器通信超时
[2025-06-28 15:43:17] 12道防溜器通信超时
[2025-06-28 15:43:17] 13道第1台停车器通信超时
[2025-06-28 15:43:17] 13道第2台停车器通信超时
[2025-06-28 15:43:17] 13道第3台停车器通信超时
[2025-06-28 15:43:17] 13道防溜器通信超时
[2025-06-28 15:43:17] 14道第1台停车器通信超时
[2025-06-28 15:43:17] 14道第2台停车器通信超时
[2025-06-28 15:43:17] 14道第3台停车器通信超时
[2025-06-28 15:43:17] 14道防溜器通信超时
[2025-06-28 15:43:17] 15道第1台停车器通信超时
[2025-06-28 15:43:17] 15道第2台停车器通信超时
[2025-06-28 15:43:17] 15道第3台停车器通信超时
[2025-06-28 15:43:17] 15道防溜器通信超时
[2025-06-28 15:43:17] 16道第1台停车器通信超时
[2025-06-28 15:43:17] 16道第2台停车器通信超时
[2025-06-28 15:43:17] 16道第3台停车器通信超时
[2025-06-28 15:43:17] 16道防溜器通信超时
[2025-06-28 15:43:17] 17道第1台停车器通信超时
[2025-06-28 15:43:17] 17道第2台停车器通信超时
[2025-06-28 15:43:17] 17道第3台停车器通信超时
[2025-06-28 15:43:17] 17道防溜器通信超时
[2025-06-28 15:43:17] 18道第1台停车器通信超时
[2025-06-28 15:43:17] 18道第2台停车器通信超时
[2025-06-28 15:43:17] 18道第3台停车器通信超时
[2025-06-28 15:43:17] 18道防溜器通信超时
[2025-06-28 15:43:17] 19道第1台停车器通信超时
[2025-06-28 15:43:17] 19道第2台停车器通信超时
[2025-06-28 15:43:17] 19道第3台停车器通信超时
[2025-06-28 15:43:17] 19道防溜器通信超时
[2025-06-28 15:43:17] 20道第1台停车器通信超时
[2025-06-28 15:43:17] 20道第2台停车器通信超时
[2025-06-28 15:43:17] 20道第3台停车器通信超时
[2025-06-28 15:43:17] 20道防溜器通信超时
[2025-06-28 15:43:17] 21道第1台停车器通信超时
[2025-06-28 15:43:17] 21道第2台停车器通信超时
[2025-06-28 15:43:17] 21道第3台停车器通信超时
[2025-06-28 15:43:17] 21道防溜器通信超时
[2025-06-28 15:43:17] 22道第1台停车器通信超时
[2025-06-28 15:43:17] 22道第2台停车器通信超时
[2025-06-28 15:43:17] 22道第3台停车器通信超时
[2025-06-28 15:43:17] 22道防溜器通信超时
[2025-06-28 15:43:17] 23道第1台停车器通信超时
[2025-06-28 15:43:17] 23道第2台停车器通信超时
[2025-06-28 15:43:17] 23道第3台停车器通信超时
[2025-06-28 15:43:17] 23道防溜器通信超时
[2025-06-28 15:43:17] 24道第1台停车器通信超时
[2025-06-28 15:43:17] 24道第2台停车器通信超时
[2025-06-28 15:43:17] 24道第3台停车器通信超时
[2025-06-28 15:43:17] 24道防溜器通信超时
[2025-06-28 15:46:04] A机进入主用状态
[2025-06-28 15:46:04] A机在线
[2025-06-28 15:46:04] B机进入备用状态
[2025-06-28 15:46:04] B机离线
[2025-06-28 15:46:04] 2道第1台停车器进入运行模式
[2025-06-28 15:46:04] 2道第1台停车器制动到位
[2025-06-28 15:46:04] 2道第3台停车器进入运行模式
[2025-06-28 15:46:04] 2道第3台停车器制动到位
[2025-06-28 15:46:04] 2道第2台停车器进入运行模式
[2025-06-28 15:46:04] 2道第2台停车器制动到位
[2025-06-28 15:46:04] 2道第1台防溜器进入运行模式
[2025-06-28 15:46:04] 2道防溜器制动到位（远程）
[2025-06-28 15:46:10] 3道第1台停车器通信超时
[2025-06-28 15:46:10] 3道第2台停车器通信超时
[2025-06-28 15:46:10] 3道第3台停车器通信超时
[2025-06-28 15:46:10] 3道防溜器通信超时
[2025-06-28 15:46:10] 4道第1台停车器通信超时
[2025-06-28 15:46:10] 4道第2台停车器通信超时
[2025-06-28 15:46:10] 4道第3台停车器通信超时
[2025-06-28 15:46:10] 4道防溜器通信超时
[2025-06-28 15:46:10] 5道第1台停车器通信超时
[2025-06-28 15:46:10] 5道第2台停车器通信超时
[2025-06-28 15:46:10] 5道第3台停车器通信超时
[2025-06-28 15:46:10] 5道防溜器通信超时
[2025-06-28 15:46:10] 6道第1台停车器通信超时
[2025-06-28 15:46:10] 6道第2台停车器通信超时
[2025-06-28 15:46:10] 6道第3台停车器通信超时
[2025-06-28 15:46:10] 6道防溜器通信超时
[2025-06-28 15:46:10] 7道第1台停车器通信超时
[2025-06-28 15:46:10] 7道第2台停车器通信超时
[2025-06-28 15:46:10] 7道第3台停车器通信超时
[2025-06-28 15:46:10] 7道防溜器通信超时
[2025-06-28 15:46:10] 8道第1台停车器通信超时
[2025-06-28 15:46:10] 8道第2台停车器通信超时
[2025-06-28 15:46:10] 8道第3台停车器通信超时
[2025-06-28 15:46:10] 8道防溜器通信超时
[2025-06-28 15:46:10] 9道第1台停车器通信超时
[2025-06-28 15:46:10] 9道第2台停车器通信超时
[2025-06-28 15:46:10] 9道第3台停车器通信超时
[2025-06-28 15:46:10] 9道防溜器通信超时
[2025-06-28 15:46:10] 10道第1台停车器通信超时
[2025-06-28 15:46:10] 10道第2台停车器通信超时
[2025-06-28 15:46:10] 10道第3台停车器通信超时
[2025-06-28 15:46:10] 10道防溜器通信超时
[2025-06-28 15:46:10] 11道第1台停车器通信超时
[2025-06-28 15:46:10] 11道第2台停车器通信超时
[2025-06-28 15:46:10] 11道第3台停车器通信超时
[2025-06-28 15:46:10] 11道防溜器通信超时
[2025-06-28 15:46:10] 12道第1台停车器通信超时
[2025-06-28 15:46:10] 12道第2台停车器通信超时
[2025-06-28 15:46:10] 12道第3台停车器通信超时
[2025-06-28 15:46:10] 12道防溜器通信超时
[2025-06-28 15:46:10] 13道第1台停车器通信超时
[2025-06-28 15:46:10] 13道第2台停车器通信超时
[2025-06-28 15:46:10] 13道第3台停车器通信超时
[2025-06-28 15:46:10] 13道防溜器通信超时
[2025-06-28 15:46:10] 14道第1台停车器通信超时
[2025-06-28 15:46:10] 14道第2台停车器通信超时
[2025-06-28 15:46:10] 14道第3台停车器通信超时
[2025-06-28 15:46:10] 14道防溜器通信超时
[2025-06-28 15:46:10] 15道第1台停车器通信超时
[2025-06-28 15:46:10] 15道第2台停车器通信超时
[2025-06-28 15:46:10] 15道第3台停车器通信超时
[2025-06-28 15:46:10] 15道防溜器通信超时
[2025-06-28 15:46:10] 16道第1台停车器通信超时
[2025-06-28 15:46:10] 16道第2台停车器通信超时
[2025-06-28 15:46:10] 16道第3台停车器通信超时
[2025-06-28 15:46:10] 16道防溜器通信超时
[2025-06-28 15:46:10] 17道第1台停车器通信超时
[2025-06-28 15:46:10] 17道第2台停车器通信超时
[2025-06-28 15:46:10] 17道第3台停车器通信超时
[2025-06-28 15:46:10] 17道防溜器通信超时
[2025-06-28 15:46:10] 18道第1台停车器通信超时
[2025-06-28 15:46:10] 18道第2台停车器通信超时
[2025-06-28 15:46:10] 18道第3台停车器通信超时
[2025-06-28 15:46:10] 18道防溜器通信超时
[2025-06-28 15:46:10] 19道第1台停车器通信超时
[2025-06-28 15:46:10] 19道第2台停车器通信超时
[2025-06-28 15:46:10] 19道第3台停车器通信超时
[2025-06-28 15:46:10] 19道防溜器通信超时
[2025-06-28 15:46:10] 20道第1台停车器通信超时
[2025-06-28 15:46:10] 20道第2台停车器通信超时
[2025-06-28 15:46:10] 20道第3台停车器通信超时
[2025-06-28 15:46:10] 20道防溜器通信超时
[2025-06-28 15:46:10] 21道第1台停车器通信超时
[2025-06-28 15:46:10] 21道第2台停车器通信超时
[2025-06-28 15:46:10] 21道第3台停车器通信超时
[2025-06-28 15:46:10] 21道防溜器通信超时
[2025-06-28 15:46:10] 22道第1台停车器通信超时
[2025-06-28 15:46:10] 22道第2台停车器通信超时
[2025-06-28 15:46:10] 22道第3台停车器通信超时
[2025-06-28 15:46:10] 22道防溜器通信超时
[2025-06-28 15:46:10] 23道第1台停车器通信超时
[2025-06-28 15:46:10] 23道第2台停车器通信超时
[2025-06-28 15:46:10] 23道第3台停车器通信超时
[2025-06-28 15:46:10] 23道防溜器通信超时
[2025-06-28 15:46:10] 24道第1台停车器通信超时
[2025-06-28 15:46:10] 24道第2台停车器通信超时
[2025-06-28 15:46:10] 24道第3台停车器通信超时
[2025-06-28 15:46:10] 24道防溜器通信超时
[2025-06-28 15:49:27] A机进入主用状态
[2025-06-28 15:49:27] A机在线
[2025-06-28 15:49:27] B机进入备用状态
[2025-06-28 15:49:27] B机离线
[2025-06-28 15:49:28] 2道第2台停车器进入运行模式
[2025-06-28 15:49:28] 2道第2台停车器制动到位
[2025-06-28 15:49:28] 2道第1台停车器进入运行模式
[2025-06-28 15:49:28] 2道第1台停车器制动到位
[2025-06-28 15:49:28] 2道第3台停车器进入运行模式
[2025-06-28 15:49:28] 2道第3台停车器制动到位
[2025-06-28 15:49:28] 2道第1台防溜器进入运行模式
[2025-06-28 15:49:28] 2道防溜器制动到位（远程）
[2025-06-28 15:49:32] 3道第1台停车器通信超时
[2025-06-28 15:49:32] 3道第2台停车器通信超时
[2025-06-28 15:49:32] 3道第3台停车器通信超时
[2025-06-28 15:49:32] 3道防溜器通信超时
[2025-06-28 15:49:32] 4道第1台停车器通信超时
[2025-06-28 15:49:32] 4道第2台停车器通信超时
[2025-06-28 15:49:32] 4道第3台停车器通信超时
[2025-06-28 15:49:32] 4道防溜器通信超时
[2025-06-28 15:49:32] 5道第1台停车器通信超时
[2025-06-28 15:49:32] 5道第2台停车器通信超时
[2025-06-28 15:49:32] 5道第3台停车器通信超时
[2025-06-28 15:49:32] 5道防溜器通信超时
[2025-06-28 15:49:32] 6道第1台停车器通信超时
[2025-06-28 15:49:32] 6道第2台停车器通信超时
[2025-06-28 15:49:32] 6道第3台停车器通信超时
[2025-06-28 15:49:32] 6道防溜器通信超时
[2025-06-28 15:49:32] 7道第1台停车器通信超时
[2025-06-28 15:49:32] 7道第2台停车器通信超时
[2025-06-28 15:49:32] 7道第3台停车器通信超时
[2025-06-28 15:49:32] 7道防溜器通信超时
[2025-06-28 15:49:32] 8道第1台停车器通信超时
[2025-06-28 15:49:32] 8道第2台停车器通信超时
[2025-06-28 15:49:32] 8道第3台停车器通信超时
[2025-06-28 15:49:32] 8道防溜器通信超时
[2025-06-28 15:49:32] 9道第1台停车器通信超时
[2025-06-28 15:49:32] 9道第2台停车器通信超时
[2025-06-28 15:49:32] 9道第3台停车器通信超时
[2025-06-28 15:49:32] 9道防溜器通信超时
[2025-06-28 15:49:32] 10道第1台停车器通信超时
[2025-06-28 15:49:32] 10道第2台停车器通信超时
[2025-06-28 15:49:32] 10道第3台停车器通信超时
[2025-06-28 15:49:32] 10道防溜器通信超时
[2025-06-28 15:49:32] 11道第1台停车器通信超时
[2025-06-28 15:49:32] 11道第2台停车器通信超时
[2025-06-28 15:49:32] 11道第3台停车器通信超时
[2025-06-28 15:49:32] 11道防溜器通信超时
[2025-06-28 15:49:32] 12道第1台停车器通信超时
[2025-06-28 15:49:32] 12道第2台停车器通信超时
[2025-06-28 15:49:32] 12道第3台停车器通信超时
[2025-06-28 15:49:32] 12道防溜器通信超时
[2025-06-28 15:49:32] 13道第1台停车器通信超时
[2025-06-28 15:49:32] 13道第2台停车器通信超时
[2025-06-28 15:49:32] 13道第3台停车器通信超时
[2025-06-28 15:49:32] 13道防溜器通信超时
[2025-06-28 15:49:32] 14道第1台停车器通信超时
[2025-06-28 15:49:32] 14道第2台停车器通信超时
[2025-06-28 15:49:32] 14道第3台停车器通信超时
[2025-06-28 15:49:32] 14道防溜器通信超时
[2025-06-28 15:49:32] 15道第1台停车器通信超时
[2025-06-28 15:49:32] 15道第2台停车器通信超时
[2025-06-28 15:49:32] 15道第3台停车器通信超时
[2025-06-28 15:49:32] 15道防溜器通信超时
[2025-06-28 15:49:32] 16道第1台停车器通信超时
[2025-06-28 15:49:32] 16道第2台停车器通信超时
[2025-06-28 15:49:32] 16道第3台停车器通信超时
[2025-06-28 15:49:32] 16道防溜器通信超时
[2025-06-28 15:49:32] 17道第1台停车器通信超时
[2025-06-28 15:49:32] 17道第2台停车器通信超时
[2025-06-28 15:49:32] 17道第3台停车器通信超时
[2025-06-28 15:49:32] 17道防溜器通信超时
[2025-06-28 15:49:32] 18道第1台停车器通信超时
[2025-06-28 15:49:32] 18道第2台停车器通信超时
[2025-06-28 15:49:32] 18道第3台停车器通信超时
[2025-06-28 15:49:32] 18道防溜器通信超时
[2025-06-28 15:49:32] 19道第1台停车器通信超时
[2025-06-28 15:49:32] 19道第2台停车器通信超时
[2025-06-28 15:49:32] 19道第3台停车器通信超时
[2025-06-28 15:49:32] 19道防溜器通信超时
[2025-06-28 15:49:32] 20道第1台停车器通信超时
[2025-06-28 15:49:32] 20道第2台停车器通信超时
[2025-06-28 15:49:32] 20道第3台停车器通信超时
[2025-06-28 15:49:32] 20道防溜器通信超时
[2025-06-28 15:49:32] 21道第1台停车器通信超时
[2025-06-28 15:49:32] 21道第2台停车器通信超时
[2025-06-28 15:49:32] 21道第3台停车器通信超时
[2025-06-28 15:49:32] 21道防溜器通信超时
[2025-06-28 15:49:32] 22道第1台停车器通信超时
[2025-06-28 15:49:32] 22道第2台停车器通信超时
[2025-06-28 15:49:32] 22道第3台停车器通信超时
[2025-06-28 15:49:32] 22道防溜器通信超时
[2025-06-28 15:49:32] 23道第1台停车器通信超时
[2025-06-28 15:49:32] 23道第2台停车器通信超时
[2025-06-28 15:49:32] 23道第3台停车器通信超时
[2025-06-28 15:49:32] 23道防溜器通信超时
[2025-06-28 15:49:32] 24道第1台停车器通信超时
[2025-06-28 15:49:32] 24道第2台停车器通信超时
[2025-06-28 15:49:32] 24道第3台停车器通信超时
[2025-06-28 15:49:32] 24道防溜器通信超时
[2025-06-28 15:50:10] 用户确认切换为集控模式，已发送 ACQ 指令
[2025-06-28 15:51:06] SAM控制（2道）停车器 缓解
[2025-06-28 15:51:09] 2道第1台停车器缓解到位
[2025-06-28 15:51:09] 2道第2台停车器缓解到位
[2025-06-28 15:51:09] 2道第3台停车器缓解到位
[2025-06-28 15:51:24] SAM控制（2道）防溜器 缓解
[2025-06-28 15:51:25] 2道防溜器缓解中（远程）
[2025-06-28 15:51:27] 2道防溜器缓解到位（远程）
[2025-06-28 15:52:02] 用户确认切换为场控模式
[2025-06-28 15:54:05] A机进入主用状态
[2025-06-28 15:54:05] A机在线
[2025-06-28 15:54:05] B机进入备用状态
[2025-06-28 15:54:05] B机离线
[2025-06-28 15:54:06] 2道第2台停车器进入运行模式
[2025-06-28 15:54:06] 2道第2台停车器缓解到位
[2025-06-28 15:54:06] 2道第1台停车器进入运行模式
[2025-06-28 15:54:06] 2道第1台停车器缓解到位
[2025-06-28 15:54:06] 2道第3台停车器进入运行模式
[2025-06-28 15:54:06] 2道第3台停车器缓解到位
[2025-06-28 15:54:06] 2道第1台防溜器进入运行模式
[2025-06-28 15:54:06] 2道防溜器缓解到位（远程）
[2025-06-28 15:54:11] 3道第1台停车器通信超时
[2025-06-28 15:54:11] 3道第2台停车器通信超时
[2025-06-28 15:54:11] 3道第3台停车器通信超时
[2025-06-28 15:54:11] 3道防溜器通信超时
[2025-06-28 15:54:11] 4道第1台停车器通信超时
[2025-06-28 15:54:11] 4道第2台停车器通信超时
[2025-06-28 15:54:11] 4道第3台停车器通信超时
[2025-06-28 15:54:11] 4道防溜器通信超时
[2025-06-28 15:54:11] 5道第1台停车器通信超时
[2025-06-28 15:54:11] 5道第2台停车器通信超时
[2025-06-28 15:54:11] 5道第3台停车器通信超时
[2025-06-28 15:54:11] 5道防溜器通信超时
[2025-06-28 15:54:11] 6道第1台停车器通信超时
[2025-06-28 15:54:11] 6道第2台停车器通信超时
[2025-06-28 15:54:11] 6道第3台停车器通信超时
[2025-06-28 15:54:11] 6道防溜器通信超时
[2025-06-28 15:54:11] 7道第1台停车器通信超时
[2025-06-28 15:54:11] 7道第2台停车器通信超时
[2025-06-28 15:54:11] 7道第3台停车器通信超时
[2025-06-28 15:54:11] 7道防溜器通信超时
[2025-06-28 15:54:11] 8道第1台停车器通信超时
[2025-06-28 15:54:11] 8道第2台停车器通信超时
[2025-06-28 15:54:11] 8道第3台停车器通信超时
[2025-06-28 15:54:11] 8道防溜器通信超时
[2025-06-28 15:54:11] 9道第1台停车器通信超时
[2025-06-28 15:54:11] 9道第2台停车器通信超时
[2025-06-28 15:54:11] 9道第3台停车器通信超时
[2025-06-28 15:54:11] 9道防溜器通信超时
[2025-06-28 15:54:11] 10道第1台停车器通信超时
[2025-06-28 15:54:11] 10道第2台停车器通信超时
[2025-06-28 15:54:11] 10道第3台停车器通信超时
[2025-06-28 15:54:11] 10道防溜器通信超时
[2025-06-28 15:54:11] 11道第1台停车器通信超时
[2025-06-28 15:54:11] 11道第2台停车器通信超时
[2025-06-28 15:54:11] 11道第3台停车器通信超时
[2025-06-28 15:54:11] 11道防溜器通信超时
[2025-06-28 15:54:11] 12道第1台停车器通信超时
[2025-06-28 15:54:11] 12道第2台停车器通信超时
[2025-06-28 15:54:11] 12道第3台停车器通信超时
[2025-06-28 15:54:11] 12道防溜器通信超时
[2025-06-28 15:54:11] 13道第1台停车器通信超时
[2025-06-28 15:54:11] 13道第2台停车器通信超时
[2025-06-28 15:54:11] 13道第3台停车器通信超时
[2025-06-28 15:54:11] 13道防溜器通信超时
[2025-06-28 15:54:11] 14道第1台停车器通信超时
[2025-06-28 15:54:11] 14道第2台停车器通信超时
[2025-06-28 15:54:11] 14道第3台停车器通信超时
[2025-06-28 15:54:11] 14道防溜器通信超时
[2025-06-28 15:54:11] 15道第1台停车器通信超时
[2025-06-28 15:54:11] 15道第2台停车器通信超时
[2025-06-28 15:54:11] 15道第3台停车器通信超时
[2025-06-28 15:54:11] 15道防溜器通信超时
[2025-06-28 15:54:11] 16道第1台停车器通信超时
[2025-06-28 15:54:11] 16道第2台停车器通信超时
[2025-06-28 15:54:11] 16道第3台停车器通信超时
[2025-06-28 15:54:11] 16道防溜器通信超时
[2025-06-28 15:54:11] 17道第1台停车器通信超时
[2025-06-28 15:54:11] 17道第2台停车器通信超时
[2025-06-28 15:54:11] 17道第3台停车器通信超时
[2025-06-28 15:54:11] 17道防溜器通信超时
[2025-06-28 15:54:11] 18道第1台停车器通信超时
[2025-06-28 15:54:11] 18道第2台停车器通信超时
[2025-06-28 15:54:11] 18道第3台停车器通信超时
[2025-06-28 15:54:11] 18道防溜器通信超时
[2025-06-28 15:54:11] 19道第1台停车器通信超时
[2025-06-28 15:54:11] 19道第2台停车器通信超时
[2025-06-28 15:54:11] 19道第3台停车器通信超时
[2025-06-28 15:54:11] 19道防溜器通信超时
[2025-06-28 15:54:11] 20道第1台停车器通信超时
[2025-06-28 15:54:11] 20道第2台停车器通信超时
[2025-06-28 15:54:11] 20道第3台停车器通信超时
[2025-06-28 15:54:11] 20道防溜器通信超时
[2025-06-28 15:54:11] 21道第1台停车器通信超时
[2025-06-28 15:54:11] 21道第2台停车器通信超时
[2025-06-28 15:54:11] 21道第3台停车器通信超时
[2025-06-28 15:54:11] 21道防溜器通信超时
[2025-06-28 15:54:11] 22道第1台停车器通信超时
[2025-06-28 15:54:11] 22道第2台停车器通信超时
[2025-06-28 15:54:11] 22道第3台停车器通信超时
[2025-06-28 15:54:11] 22道防溜器通信超时
[2025-06-28 15:54:11] 23道第1台停车器通信超时
[2025-06-28 15:54:11] 23道第2台停车器通信超时
[2025-06-28 15:54:11] 23道第3台停车器通信超时
[2025-06-28 15:54:11] 23道防溜器通信超时
[2025-06-28 15:54:11] 24道第1台停车器通信超时
[2025-06-28 15:54:11] 24道第2台停车器通信超时
[2025-06-28 15:54:11] 24道第3台停车器通信超时
[2025-06-28 15:54:11] 24道防溜器通信超时
[2025-06-28 15:55:55] B机进入主用状态
[2025-06-28 15:55:55] B机在线
[2025-06-28 15:55:55] A机进入备用状态
[2025-06-28 15:55:55] A机离线
[2025-06-28 15:55:56] 2道第3台停车器进入运行模式
[2025-06-28 15:55:56] 2道第3台停车器缓解到位
[2025-06-28 15:55:56] 2道第1台停车器进入运行模式
[2025-06-28 15:55:56] 2道第1台停车器缓解到位
[2025-06-28 15:55:56] 2道第2台停车器进入运行模式
[2025-06-28 15:55:56] 2道第2台停车器缓解到位
[2025-06-28 15:55:56] 2道第1台防溜器进入运行模式
[2025-06-28 15:55:56] 2道防溜器缓解到位（远程）
[2025-06-28 15:56:01] 3道第1台停车器通信超时
[2025-06-28 15:56:01] 3道第2台停车器通信超时
[2025-06-28 15:56:01] 3道第3台停车器通信超时
[2025-06-28 15:56:01] 3道防溜器通信超时
[2025-06-28 15:56:01] 4道第1台停车器通信超时
[2025-06-28 15:56:01] 4道第2台停车器通信超时
[2025-06-28 15:56:01] 4道第3台停车器通信超时
[2025-06-28 15:56:01] 4道防溜器通信超时
[2025-06-28 15:56:01] 5道第1台停车器通信超时
[2025-06-28 15:56:01] 5道第2台停车器通信超时
[2025-06-28 15:56:01] 5道第3台停车器通信超时
[2025-06-28 15:56:01] 5道防溜器通信超时
[2025-06-28 15:56:01] 6道第1台停车器通信超时
[2025-06-28 15:56:01] 6道第2台停车器通信超时
[2025-06-28 15:56:01] 6道第3台停车器通信超时
[2025-06-28 15:56:01] 6道防溜器通信超时
[2025-06-28 15:56:01] 7道第1台停车器通信超时
[2025-06-28 15:56:01] 7道第2台停车器通信超时
[2025-06-28 15:56:01] 7道第3台停车器通信超时
[2025-06-28 15:56:01] 7道防溜器通信超时
[2025-06-28 15:56:01] 8道第1台停车器通信超时
[2025-06-28 15:56:01] 8道第2台停车器通信超时
[2025-06-28 15:56:01] 8道第3台停车器通信超时
[2025-06-28 15:56:01] 8道防溜器通信超时
[2025-06-28 15:56:01] 9道第1台停车器通信超时
[2025-06-28 15:56:01] 9道第2台停车器通信超时
[2025-06-28 15:56:01] 9道第3台停车器通信超时
[2025-06-28 15:56:01] 9道防溜器通信超时
[2025-06-28 15:56:01] 10道第1台停车器通信超时
[2025-06-28 15:56:01] 10道第2台停车器通信超时
[2025-06-28 15:56:01] 10道第3台停车器通信超时
[2025-06-28 15:56:01] 10道防溜器通信超时
[2025-06-28 15:56:01] 11道第1台停车器通信超时
[2025-06-28 15:56:01] 11道第2台停车器通信超时
[2025-06-28 15:56:01] 11道第3台停车器通信超时
[2025-06-28 15:56:01] 11道防溜器通信超时
[2025-06-28 15:56:01] 12道第1台停车器通信超时
[2025-06-28 15:56:01] 12道第2台停车器通信超时
[2025-06-28 15:56:01] 12道第3台停车器通信超时
[2025-06-28 15:56:01] 12道防溜器通信超时
[2025-06-28 15:56:01] 13道第1台停车器通信超时
[2025-06-28 15:56:01] 13道第2台停车器通信超时
[2025-06-28 15:56:01] 13道第3台停车器通信超时
[2025-06-28 15:56:01] 13道防溜器通信超时
[2025-06-28 15:56:01] 14道第1台停车器通信超时
[2025-06-28 15:56:01] 14道第2台停车器通信超时
[2025-06-28 15:56:01] 14道第3台停车器通信超时
[2025-06-28 15:56:01] 14道防溜器通信超时
[2025-06-28 15:56:01] 15道第1台停车器通信超时
[2025-06-28 15:56:01] 15道第2台停车器通信超时
[2025-06-28 15:56:01] 15道第3台停车器通信超时
[2025-06-28 15:56:01] 15道防溜器通信超时
[2025-06-28 15:56:01] 16道第1台停车器通信超时
[2025-06-28 15:56:01] 16道第2台停车器通信超时
[2025-06-28 15:56:01] 16道第3台停车器通信超时
[2025-06-28 15:56:01] 16道防溜器通信超时
[2025-06-28 15:56:01] 17道第1台停车器通信超时
[2025-06-28 15:56:01] 17道第2台停车器通信超时
[2025-06-28 15:56:01] 17道第3台停车器通信超时
[2025-06-28 15:56:01] 17道防溜器通信超时
[2025-06-28 15:56:01] 18道第1台停车器通信超时
[2025-06-28 15:56:01] 18道第2台停车器通信超时
[2025-06-28 15:56:01] 18道第3台停车器通信超时
[2025-06-28 15:56:01] 18道防溜器通信超时
[2025-06-28 15:56:01] 19道第1台停车器通信超时
[2025-06-28 15:56:01] 19道第2台停车器通信超时
[2025-06-28 15:56:01] 19道第3台停车器通信超时
[2025-06-28 15:56:01] 19道防溜器通信超时
[2025-06-28 15:56:01] 20道第1台停车器通信超时
[2025-06-28 15:56:01] 20道第2台停车器通信超时
[2025-06-28 15:56:01] 20道第3台停车器通信超时
[2025-06-28 15:56:01] 20道防溜器通信超时
[2025-06-28 15:56:01] 21道第1台停车器通信超时
[2025-06-28 15:56:01] 21道第2台停车器通信超时
[2025-06-28 15:56:01] 21道第3台停车器通信超时
[2025-06-28 15:56:01] 21道防溜器通信超时
[2025-06-28 15:56:01] 22道第1台停车器通信超时
[2025-06-28 15:56:01] 22道第2台停车器通信超时
[2025-06-28 15:56:01] 22道第3台停车器通信超时
[2025-06-28 15:56:01] 22道防溜器通信超时
[2025-06-28 15:56:01] 23道第1台停车器通信超时
[2025-06-28 15:56:01] 23道第2台停车器通信超时
[2025-06-28 15:56:01] 23道第3台停车器通信超时
[2025-06-28 15:56:01] 23道防溜器通信超时
[2025-06-28 15:56:01] 24道第1台停车器通信超时
[2025-06-28 15:56:01] 24道第2台停车器通信超时
[2025-06-28 15:56:01] 24道第3台停车器通信超时
[2025-06-28 15:56:01] 24道防溜器通信超时
[2025-06-28 15:56:02] 用户取消了场控模式切换
[2025-06-28 15:56:07] 用户取消了集控模式切换
[2025-06-28 16:05:50] B机进入主用状态
[2025-06-28 16:05:50] B机在线
[2025-06-28 16:05:50] A机进入备用状态
[2025-06-28 16:05:50] A机离线
[2025-06-28 16:05:55] 2道第1台停车器通信超时
[2025-06-28 16:05:55] 2道第2台停车器通信超时
[2025-06-28 16:05:55] 2道第3台停车器通信超时
[2025-06-28 16:05:55] 2道防溜器通信超时
[2025-06-28 16:05:55] 3道第1台停车器通信超时
[2025-06-28 16:05:55] 3道第2台停车器通信超时
[2025-06-28 16:05:55] 3道第3台停车器通信超时
[2025-06-28 16:05:55] 3道防溜器通信超时
[2025-06-28 16:05:55] 4道第1台停车器通信超时
[2025-06-28 16:05:55] 4道第2台停车器通信超时
[2025-06-28 16:05:55] 4道第3台停车器通信超时
[2025-06-28 16:05:55] 4道防溜器通信超时
[2025-06-28 16:05:55] 5道第1台停车器通信超时
[2025-06-28 16:05:55] 5道第2台停车器通信超时
[2025-06-28 16:05:55] 5道第3台停车器通信超时
[2025-06-28 16:05:55] 5道防溜器通信超时
[2025-06-28 16:05:55] 6道第1台停车器通信超时
[2025-06-28 16:05:55] 6道第2台停车器通信超时
[2025-06-28 16:05:55] 6道第3台停车器通信超时
[2025-06-28 16:05:55] 6道防溜器通信超时
[2025-06-28 16:05:55] 7道第1台停车器通信超时
[2025-06-28 16:05:55] 7道第2台停车器通信超时
[2025-06-28 16:05:55] 7道第3台停车器通信超时
[2025-06-28 16:05:55] 7道防溜器通信超时
[2025-06-28 16:05:55] 8道第1台停车器通信超时
[2025-06-28 16:05:56] 8道第2台停车器通信超时
[2025-06-28 16:05:56] 8道第3台停车器通信超时
[2025-06-28 16:05:56] 8道防溜器通信超时
[2025-06-28 16:05:56] 9道第1台停车器通信超时
[2025-06-28 16:05:56] 9道第2台停车器通信超时
[2025-06-28 16:05:56] 9道第3台停车器通信超时
[2025-06-28 16:05:56] 9道防溜器通信超时
[2025-06-28 16:05:56] 10道第1台停车器通信超时
[2025-06-28 16:05:56] 10道第2台停车器通信超时
[2025-06-28 16:05:56] 10道第3台停车器通信超时
[2025-06-28 16:05:56] 10道防溜器通信超时
[2025-06-28 16:05:56] 11道第1台停车器通信超时
[2025-06-28 16:05:56] 11道第2台停车器通信超时
[2025-06-28 16:05:56] 11道第3台停车器通信超时
[2025-06-28 16:05:56] 11道防溜器通信超时
[2025-06-28 16:05:56] 12道第1台停车器通信超时
[2025-06-28 16:05:56] 12道第2台停车器通信超时
[2025-06-28 16:05:56] 12道第3台停车器通信超时
[2025-06-28 16:05:56] 12道防溜器通信超时
[2025-06-28 16:05:56] 13道第1台停车器通信超时
[2025-06-28 16:05:56] 13道第2台停车器通信超时
[2025-06-28 16:05:56] 13道第3台停车器通信超时
[2025-06-28 16:05:56] 13道防溜器通信超时
[2025-06-28 16:05:56] 14道第1台停车器通信超时
[2025-06-28 16:05:56] 14道第2台停车器通信超时
[2025-06-28 16:05:56] 14道第3台停车器通信超时
[2025-06-28 16:05:56] 14道防溜器通信超时
[2025-06-28 16:05:56] 15道第1台停车器通信超时
[2025-06-28 16:05:56] 15道第2台停车器通信超时
[2025-06-28 16:05:56] 15道第3台停车器通信超时
[2025-06-28 16:05:56] 15道防溜器通信超时
[2025-06-28 16:05:56] 16道第1台停车器通信超时
[2025-06-28 16:05:56] 16道第2台停车器通信超时
[2025-06-28 16:05:56] 16道第3台停车器通信超时
[2025-06-28 16:05:56] 16道防溜器通信超时
[2025-06-28 16:05:56] 17道第1台停车器通信超时
[2025-06-28 16:05:56] 17道第2台停车器通信超时
[2025-06-28 16:05:56] 17道第3台停车器通信超时
[2025-06-28 16:05:56] 17道防溜器通信超时
[2025-06-28 16:05:56] 18道第1台停车器通信超时
[2025-06-28 16:05:56] 18道第2台停车器通信超时
[2025-06-28 16:05:56] 18道第3台停车器通信超时
[2025-06-28 16:05:56] 18道防溜器通信超时
[2025-06-28 16:05:56] 19道第1台停车器通信超时
[2025-06-28 16:05:56] 19道第2台停车器通信超时
[2025-06-28 16:05:56] 19道第3台停车器通信超时
[2025-06-28 16:05:56] 19道防溜器通信超时
[2025-06-28 16:05:56] 20道第1台停车器通信超时
[2025-06-28 16:05:56] 20道第2台停车器通信超时
[2025-06-28 16:05:56] 20道第3台停车器通信超时
[2025-06-28 16:05:56] 20道防溜器通信超时
[2025-06-28 16:05:56] 21道第1台停车器通信超时
[2025-06-28 16:05:56] 21道第2台停车器通信超时
[2025-06-28 16:05:56] 21道第3台停车器通信超时
[2025-06-28 16:05:56] 21道防溜器通信超时
[2025-06-28 16:05:56] 22道第1台停车器通信超时
[2025-06-28 16:05:56] 22道第2台停车器通信超时
[2025-06-28 16:05:56] 22道第3台停车器通信超时
[2025-06-28 16:05:56] 22道防溜器通信超时
[2025-06-28 16:05:56] 23道第1台停车器通信超时
[2025-06-28 16:05:56] 23道第2台停车器通信超时
[2025-06-28 16:05:56] 23道第3台停车器通信超时
[2025-06-28 16:05:56] 23道防溜器通信超时
[2025-06-28 16:05:56] 24道第1台停车器通信超时
[2025-06-28 16:05:56] 24道第2台停车器通信超时
[2025-06-28 16:05:56] 24道第3台停车器通信超时
[2025-06-28 16:05:56] 24道防溜器通信超时
[2025-06-28 23:18:11] B机进入主用状态
[2025-06-28 23:18:11] B机在线
[2025-06-28 23:18:11] A机进入备用状态
[2025-06-28 23:18:11] A机离线
[2025-06-28 23:18:11] A机在线
[2025-06-28 23:18:11] A机进入主用状态
[2025-06-28 23:18:17] 2道第1台停车器通信超时
[2025-06-28 23:18:17] 2道第2台停车器通信超时
[2025-06-28 23:18:17] 2道第3台停车器通信超时
[2025-06-28 23:18:17] 2道防溜器通信超时
[2025-06-28 23:18:17] 3道第1台停车器通信超时
[2025-06-28 23:18:17] 3道第2台停车器通信超时
[2025-06-28 23:18:17] 3道第3台停车器通信超时
[2025-06-28 23:18:17] 3道防溜器通信超时
[2025-06-28 23:18:17] 4道第1台停车器通信超时
[2025-06-28 23:18:17] 4道第2台停车器通信超时
[2025-06-28 23:18:17] 4道第3台停车器通信超时
[2025-06-28 23:18:17] 4道防溜器通信超时
[2025-06-28 23:18:17] 5道第1台停车器通信超时
[2025-06-28 23:18:17] 5道第2台停车器通信超时
[2025-06-28 23:18:17] 5道第3台停车器通信超时
[2025-06-28 23:18:17] 5道防溜器通信超时
[2025-06-28 23:18:17] 6道第1台停车器通信超时
[2025-06-28 23:18:17] 6道第2台停车器通信超时
[2025-06-28 23:18:17] 6道第3台停车器通信超时
[2025-06-28 23:18:17] 6道防溜器通信超时
[2025-06-28 23:18:17] 7道第1台停车器通信超时
[2025-06-28 23:18:17] 7道第2台停车器通信超时
[2025-06-28 23:18:17] 7道第3台停车器通信超时
[2025-06-28 23:18:17] 7道防溜器通信超时
[2025-06-28 23:18:17] 8道第1台停车器通信超时
[2025-06-28 23:18:17] 8道第2台停车器通信超时
[2025-06-28 23:18:17] 8道第3台停车器通信超时
[2025-06-28 23:18:17] 8道防溜器通信超时
[2025-06-28 23:18:17] 9道第1台停车器通信超时
[2025-06-28 23:18:17] 9道第2台停车器通信超时
[2025-06-28 23:18:17] 9道第3台停车器通信超时
[2025-06-28 23:18:17] 9道防溜器通信超时
[2025-06-28 23:18:17] 10道第1台停车器通信超时
[2025-06-28 23:18:17] 10道第2台停车器通信超时
[2025-06-28 23:18:17] 10道第3台停车器通信超时
[2025-06-28 23:18:17] 10道防溜器通信超时
[2025-06-28 23:18:17] 11道第1台停车器通信超时
[2025-06-28 23:18:17] 11道第2台停车器通信超时
[2025-06-28 23:18:17] 11道第3台停车器通信超时
[2025-06-28 23:18:17] 11道防溜器通信超时
[2025-06-28 23:18:17] 12道第1台停车器通信超时
[2025-06-28 23:18:17] 12道第2台停车器通信超时
[2025-06-28 23:18:17] 12道第3台停车器通信超时
[2025-06-28 23:18:17] 12道防溜器通信超时
[2025-06-28 23:18:17] 13道第1台停车器通信超时
[2025-06-28 23:18:17] 13道第2台停车器通信超时
[2025-06-28 23:18:17] 13道第3台停车器通信超时
[2025-06-28 23:18:17] 13道防溜器通信超时
[2025-06-28 23:18:17] 14道第1台停车器通信超时
[2025-06-28 23:18:17] 14道第2台停车器通信超时
[2025-06-28 23:18:17] 14道第3台停车器通信超时
[2025-06-28 23:18:17] 14道防溜器通信超时
[2025-06-28 23:18:17] 15道第1台停车器通信超时
[2025-06-28 23:18:17] 15道第2台停车器通信超时
[2025-06-28 23:18:17] 15道第3台停车器通信超时
[2025-06-28 23:18:17] 15道防溜器通信超时
[2025-06-28 23:18:17] 16道第1台停车器通信超时
[2025-06-28 23:18:17] 16道第2台停车器通信超时
[2025-06-28 23:18:17] 16道第3台停车器通信超时
[2025-06-28 23:18:17] 16道防溜器通信超时
[2025-06-28 23:18:17] 17道第1台停车器通信超时
[2025-06-28 23:18:17] 17道第2台停车器通信超时
[2025-06-28 23:18:17] 17道第3台停车器通信超时
[2025-06-28 23:18:17] 17道防溜器通信超时
[2025-06-28 23:18:17] 18道第1台停车器通信超时
[2025-06-28 23:18:17] 18道第2台停车器通信超时
[2025-06-28 23:18:17] 18道第3台停车器通信超时
[2025-06-28 23:18:17] 18道防溜器通信超时
[2025-06-28 23:18:17] 19道第1台停车器通信超时
[2025-06-28 23:18:17] 19道第2台停车器通信超时
[2025-06-28 23:18:17] 19道第3台停车器通信超时
[2025-06-28 23:18:17] 19道防溜器通信超时
[2025-06-28 23:18:17] 20道第1台停车器通信超时
[2025-06-28 23:18:17] 20道第2台停车器通信超时
[2025-06-28 23:18:17] 20道第3台停车器通信超时
[2025-06-28 23:18:17] 20道防溜器通信超时
[2025-06-28 23:18:17] 21道第1台停车器通信超时
[2025-06-28 23:18:17] 21道第2台停车器通信超时
[2025-06-28 23:18:17] 21道第3台停车器通信超时
[2025-06-28 23:18:17] 21道防溜器通信超时
[2025-06-28 23:18:17] 22道第1台停车器通信超时
[2025-06-28 23:18:17] 22道第2台停车器通信超时
[2025-06-28 23:18:17] 22道第3台停车器通信超时
[2025-06-28 23:18:17] 22道防溜器通信超时
[2025-06-28 23:18:17] 23道第1台停车器通信超时
[2025-06-28 23:18:17] 23道第2台停车器通信超时
[2025-06-28 23:18:17] 23道第3台停车器通信超时
[2025-06-28 23:18:17] 23道防溜器通信超时
[2025-06-28 23:18:17] 24道第1台停车器通信超时
[2025-06-28 23:18:17] 24道第2台停车器通信超时
[2025-06-28 23:18:17] 24道第3台停车器通信超时
[2025-06-28 23:18:17] 24道防溜器通信超时
