[2025-06-26 11:01:01] A机进入主用状态
[2025-06-26 11:01:01] A机在线
[2025-06-26 11:01:01] B机进入备用状态
[2025-06-26 11:01:01] B机离线
[2025-06-26 11:01:02] 21道第1台防溜器进入运行模式
[2025-06-26 11:01:02] 21道防溜器制动到位（远程）
[2025-06-26 11:01:06] 2道第1台停车器通信超时
[2025-06-26 11:01:06] 2道第2台停车器通信超时
[2025-06-26 11:01:06] 2道第3台停车器通信超时
[2025-06-26 11:01:06] 2道防溜器通信超时
[2025-06-26 11:01:06] 3道第1台停车器通信超时
[2025-06-26 11:01:06] 3道第2台停车器通信超时
[2025-06-26 11:01:06] 3道第3台停车器通信超时
[2025-06-26 11:01:06] 3道防溜器通信超时
[2025-06-26 11:01:06] 4道第1台停车器通信超时
[2025-06-26 11:01:06] 4道第2台停车器通信超时
[2025-06-26 11:01:06] 4道第3台停车器通信超时
[2025-06-26 11:01:06] 4道防溜器通信超时
[2025-06-26 11:01:06] 5道第1台停车器通信超时
[2025-06-26 11:01:06] 5道第2台停车器通信超时
[2025-06-26 11:01:06] 5道第3台停车器通信超时
[2025-06-26 11:01:06] 5道防溜器通信超时
[2025-06-26 11:01:06] 6道第1台停车器通信超时
[2025-06-26 11:01:06] 6道第2台停车器通信超时
[2025-06-26 11:01:06] 6道第3台停车器通信超时
[2025-06-26 11:01:06] 6道防溜器通信超时
[2025-06-26 11:01:06] 7道第1台停车器通信超时
[2025-06-26 11:01:06] 7道第2台停车器通信超时
[2025-06-26 11:01:06] 7道第3台停车器通信超时
[2025-06-26 11:01:06] 7道防溜器通信超时
[2025-06-26 11:01:06] 8道第1台停车器通信超时
[2025-06-26 11:01:06] 8道第2台停车器通信超时
[2025-06-26 11:01:06] 8道第3台停车器通信超时
[2025-06-26 11:01:06] 8道防溜器通信超时
[2025-06-26 11:01:06] 9道第1台停车器通信超时
[2025-06-26 11:01:06] 9道第2台停车器通信超时
[2025-06-26 11:01:06] 9道第3台停车器通信超时
[2025-06-26 11:01:06] 9道防溜器通信超时
[2025-06-26 11:01:06] 10道第1台停车器通信超时
[2025-06-26 11:01:06] 10道第2台停车器通信超时
[2025-06-26 11:01:06] 10道第3台停车器通信超时
[2025-06-26 11:01:06] 10道防溜器通信超时
[2025-06-26 11:01:06] 11道第1台停车器通信超时
[2025-06-26 11:01:06] 11道第2台停车器通信超时
[2025-06-26 11:01:06] 11道第3台停车器通信超时
[2025-06-26 11:01:06] 11道防溜器通信超时
[2025-06-26 11:01:06] 12道第1台停车器通信超时
[2025-06-26 11:01:06] 12道第2台停车器通信超时
[2025-06-26 11:01:06] 12道第3台停车器通信超时
[2025-06-26 11:01:06] 12道防溜器通信超时
[2025-06-26 11:01:06] 13道第1台停车器通信超时
[2025-06-26 11:01:06] 13道第2台停车器通信超时
[2025-06-26 11:01:06] 13道第3台停车器通信超时
[2025-06-26 11:01:06] 13道防溜器通信超时
[2025-06-26 11:01:06] 14道第1台停车器通信超时
[2025-06-26 11:01:06] 14道第2台停车器通信超时
[2025-06-26 11:01:06] 14道第3台停车器通信超时
[2025-06-26 11:01:06] 14道防溜器通信超时
[2025-06-26 11:01:06] 15道第1台停车器通信超时
[2025-06-26 11:01:06] 15道第2台停车器通信超时
[2025-06-26 11:01:06] 15道第3台停车器通信超时
[2025-06-26 11:01:06] 15道防溜器通信超时
[2025-06-26 11:01:06] 16道第1台停车器通信超时
[2025-06-26 11:01:06] 16道第2台停车器通信超时
[2025-06-26 11:01:06] 16道第3台停车器通信超时
[2025-06-26 11:01:06] 16道防溜器通信超时
[2025-06-26 11:01:06] 17道第1台停车器通信超时
[2025-06-26 11:01:06] 17道第2台停车器通信超时
[2025-06-26 11:01:06] 17道第3台停车器通信超时
[2025-06-26 11:01:06] 17道防溜器通信超时
[2025-06-26 11:01:06] 18道第1台停车器通信超时
[2025-06-26 11:01:06] 18道第2台停车器通信超时
[2025-06-26 11:01:06] 18道第3台停车器通信超时
[2025-06-26 11:01:06] 18道防溜器通信超时
[2025-06-26 11:01:06] 19道第1台停车器通信超时
[2025-06-26 11:01:06] 19道第2台停车器通信超时
[2025-06-26 11:01:06] 19道第3台停车器通信超时
[2025-06-26 11:01:06] 19道防溜器通信超时
[2025-06-26 11:01:06] 20道第1台停车器通信超时
[2025-06-26 11:01:06] 20道第2台停车器通信超时
[2025-06-26 11:01:06] 20道第3台停车器通信超时
[2025-06-26 11:01:06] 20道防溜器通信超时
[2025-06-26 11:01:06] 21道第1台停车器通信超时
[2025-06-26 11:01:06] 21道第2台停车器通信超时
[2025-06-26 11:01:06] 21道第3台停车器通信超时
[2025-06-26 11:01:06] 22道第1台停车器通信超时
[2025-06-26 11:01:06] 22道第2台停车器通信超时
[2025-06-26 11:01:06] 22道第3台停车器通信超时
[2025-06-26 11:01:06] 22道防溜器通信超时
[2025-06-26 11:01:06] 23道第1台停车器通信超时
[2025-06-26 11:01:06] 23道第2台停车器通信超时
[2025-06-26 11:01:06] 23道第3台停车器通信超时
[2025-06-26 11:01:06] 23道防溜器通信超时
[2025-06-26 11:01:06] 24道第1台停车器通信超时
[2025-06-26 11:01:06] 24道第2台停车器通信超时
[2025-06-26 11:01:06] 24道第3台停车器通信超时
[2025-06-26 11:01:06] 24道防溜器通信超时
[2025-06-26 11:03:50] A机进入主用状态
[2025-06-26 11:03:50] A机在线
[2025-06-26 11:03:51] B机进入备用状态
[2025-06-26 11:03:51] B机离线
[2025-06-26 11:03:52] 21道第1台防溜器进入运行模式
[2025-06-26 11:03:52] 21道防溜器制动到位（远程）
[2025-06-26 11:03:56] 2道第1台停车器通信超时
[2025-06-26 11:03:56] 2道第2台停车器通信超时
[2025-06-26 11:03:56] 2道第3台停车器通信超时
[2025-06-26 11:03:56] 2道防溜器通信超时
[2025-06-26 11:03:56] 3道第1台停车器通信超时
[2025-06-26 11:03:57] 3道第2台停车器通信超时
[2025-06-26 11:03:57] 3道第3台停车器通信超时
[2025-06-26 11:03:57] 3道防溜器通信超时
[2025-06-26 11:03:57] 4道第1台停车器通信超时
[2025-06-26 11:03:57] 4道第2台停车器通信超时
[2025-06-26 11:03:57] 4道第3台停车器通信超时
[2025-06-26 11:03:57] 4道防溜器通信超时
[2025-06-26 11:03:57] 5道第1台停车器通信超时
[2025-06-26 11:03:57] 5道第2台停车器通信超时
[2025-06-26 11:03:57] 5道第3台停车器通信超时
[2025-06-26 11:03:57] 5道防溜器通信超时
[2025-06-26 11:03:57] 6道第1台停车器通信超时
[2025-06-26 11:03:57] 6道第2台停车器通信超时
[2025-06-26 11:03:57] 6道第3台停车器通信超时
[2025-06-26 11:03:57] 6道防溜器通信超时
[2025-06-26 11:03:57] 7道第1台停车器通信超时
[2025-06-26 11:03:57] 7道第2台停车器通信超时
[2025-06-26 11:03:57] 7道第3台停车器通信超时
[2025-06-26 11:03:57] 7道防溜器通信超时
[2025-06-26 11:03:57] 8道第1台停车器通信超时
[2025-06-26 11:03:57] 8道第2台停车器通信超时
[2025-06-26 11:03:57] 8道第3台停车器通信超时
[2025-06-26 11:03:57] 8道防溜器通信超时
[2025-06-26 11:03:57] 9道第1台停车器通信超时
[2025-06-26 11:03:57] 9道第2台停车器通信超时
[2025-06-26 11:03:57] 9道第3台停车器通信超时
[2025-06-26 11:03:57] 9道防溜器通信超时
[2025-06-26 11:03:57] 10道第1台停车器通信超时
[2025-06-26 11:03:57] 10道第2台停车器通信超时
[2025-06-26 11:03:57] 10道第3台停车器通信超时
[2025-06-26 11:03:57] 10道防溜器通信超时
[2025-06-26 11:03:57] 11道第1台停车器通信超时
[2025-06-26 11:03:57] 11道第2台停车器通信超时
[2025-06-26 11:03:57] 11道第3台停车器通信超时
[2025-06-26 11:03:57] 11道防溜器通信超时
[2025-06-26 11:03:57] 12道第1台停车器通信超时
[2025-06-26 11:03:57] 12道第2台停车器通信超时
[2025-06-26 11:03:57] 12道第3台停车器通信超时
[2025-06-26 11:03:57] 12道防溜器通信超时
[2025-06-26 11:03:57] 13道第1台停车器通信超时
[2025-06-26 11:03:57] 13道第2台停车器通信超时
[2025-06-26 11:03:57] 13道第3台停车器通信超时
[2025-06-26 11:03:57] 13道防溜器通信超时
[2025-06-26 11:03:57] 14道第1台停车器通信超时
[2025-06-26 11:03:57] 14道第2台停车器通信超时
[2025-06-26 11:03:57] 14道第3台停车器通信超时
[2025-06-26 11:03:57] 14道防溜器通信超时
[2025-06-26 11:03:57] 15道第1台停车器通信超时
[2025-06-26 11:03:57] 15道第2台停车器通信超时
[2025-06-26 11:03:57] 15道第3台停车器通信超时
[2025-06-26 11:03:57] 15道防溜器通信超时
[2025-06-26 11:03:57] 16道第1台停车器通信超时
[2025-06-26 11:03:57] 16道第2台停车器通信超时
[2025-06-26 11:03:57] 16道第3台停车器通信超时
[2025-06-26 11:03:57] 16道防溜器通信超时
[2025-06-26 11:03:57] 17道第1台停车器通信超时
[2025-06-26 11:03:57] 17道第2台停车器通信超时
[2025-06-26 11:03:57] 17道第3台停车器通信超时
[2025-06-26 11:03:57] 17道防溜器通信超时
[2025-06-26 11:03:57] 18道第1台停车器通信超时
[2025-06-26 11:03:57] 18道第2台停车器通信超时
[2025-06-26 11:03:57] 18道第3台停车器通信超时
[2025-06-26 11:03:57] 18道防溜器通信超时
[2025-06-26 11:03:57] 19道第1台停车器通信超时
[2025-06-26 11:03:57] 19道第2台停车器通信超时
[2025-06-26 11:03:57] 19道第3台停车器通信超时
[2025-06-26 11:03:57] 19道防溜器通信超时
[2025-06-26 11:03:57] 20道第1台停车器通信超时
[2025-06-26 11:03:57] 20道第2台停车器通信超时
[2025-06-26 11:03:57] 20道第3台停车器通信超时
[2025-06-26 11:03:57] 20道防溜器通信超时
[2025-06-26 11:03:57] 21道第1台停车器通信超时
[2025-06-26 11:03:57] 21道第2台停车器通信超时
[2025-06-26 11:03:57] 21道第3台停车器通信超时
[2025-06-26 11:03:57] 22道第1台停车器通信超时
[2025-06-26 11:03:57] 22道第2台停车器通信超时
[2025-06-26 11:03:57] 22道第3台停车器通信超时
[2025-06-26 11:03:57] 22道防溜器通信超时
[2025-06-26 11:03:57] 23道第1台停车器通信超时
[2025-06-26 11:03:57] 23道第2台停车器通信超时
[2025-06-26 11:03:57] 23道第3台停车器通信超时
[2025-06-26 11:03:57] 23道防溜器通信超时
[2025-06-26 11:03:57] 24道第1台停车器通信超时
[2025-06-26 11:03:57] 24道第2台停车器通信超时
[2025-06-26 11:03:57] 24道第3台停车器通信超时
[2025-06-26 11:03:57] 24道防溜器通信超时
[2025-06-26 11:05:05] A机进入主用状态
[2025-06-26 11:05:05] A机在线
[2025-06-26 11:05:05] B机进入备用状态
[2025-06-26 11:05:05] B机离线
[2025-06-26 11:05:06] 21道第1台防溜器进入运行模式
[2025-06-26 11:05:06] 21道防溜器制动到位（远程）
[2025-06-26 11:05:10] 2道第1台停车器通信超时
[2025-06-26 11:05:10] 2道第2台停车器通信超时
[2025-06-26 11:05:10] 2道第3台停车器通信超时
[2025-06-26 11:05:10] 2道防溜器通信超时
[2025-06-26 11:05:10] 3道第1台停车器通信超时
[2025-06-26 11:05:10] 3道第2台停车器通信超时
[2025-06-26 11:05:10] 3道第3台停车器通信超时
[2025-06-26 11:05:10] 3道防溜器通信超时
[2025-06-26 11:05:10] 4道第1台停车器通信超时
[2025-06-26 11:05:10] 4道第2台停车器通信超时
[2025-06-26 11:05:10] 4道第3台停车器通信超时
[2025-06-26 11:05:10] 4道防溜器通信超时
[2025-06-26 11:05:10] 5道第1台停车器通信超时
[2025-06-26 11:05:10] 5道第2台停车器通信超时
[2025-06-26 11:05:10] 5道第3台停车器通信超时
[2025-06-26 11:05:10] 5道防溜器通信超时
[2025-06-26 11:05:10] 6道第1台停车器通信超时
[2025-06-26 11:05:10] 6道第2台停车器通信超时
[2025-06-26 11:05:10] 6道第3台停车器通信超时
[2025-06-26 11:05:10] 6道防溜器通信超时
[2025-06-26 11:05:10] 7道第1台停车器通信超时
[2025-06-26 11:05:10] 7道第2台停车器通信超时
[2025-06-26 11:05:10] 7道第3台停车器通信超时
[2025-06-26 11:05:10] 7道防溜器通信超时
[2025-06-26 11:05:10] 8道第1台停车器通信超时
[2025-06-26 11:05:10] 8道第2台停车器通信超时
[2025-06-26 11:05:10] 8道第3台停车器通信超时
[2025-06-26 11:05:10] 8道防溜器通信超时
[2025-06-26 11:05:10] 9道第1台停车器通信超时
[2025-06-26 11:05:10] 9道第2台停车器通信超时
[2025-06-26 11:05:10] 9道第3台停车器通信超时
[2025-06-26 11:05:10] 9道防溜器通信超时
[2025-06-26 11:05:10] 10道第1台停车器通信超时
[2025-06-26 11:05:10] 10道第2台停车器通信超时
[2025-06-26 11:05:10] 10道第3台停车器通信超时
[2025-06-26 11:05:10] 10道防溜器通信超时
[2025-06-26 11:05:10] 11道第1台停车器通信超时
[2025-06-26 11:05:10] 11道第2台停车器通信超时
[2025-06-26 11:05:10] 11道第3台停车器通信超时
[2025-06-26 11:05:10] 11道防溜器通信超时
[2025-06-26 11:05:10] 12道第1台停车器通信超时
[2025-06-26 11:05:10] 12道第2台停车器通信超时
[2025-06-26 11:05:10] 12道第3台停车器通信超时
[2025-06-26 11:05:10] 12道防溜器通信超时
[2025-06-26 11:05:10] 13道第1台停车器通信超时
[2025-06-26 11:05:10] 13道第2台停车器通信超时
[2025-06-26 11:05:10] 13道第3台停车器通信超时
[2025-06-26 11:05:10] 13道防溜器通信超时
[2025-06-26 11:05:10] 14道第1台停车器通信超时
[2025-06-26 11:05:10] 14道第2台停车器通信超时
[2025-06-26 11:05:10] 14道第3台停车器通信超时
[2025-06-26 11:05:10] 14道防溜器通信超时
[2025-06-26 11:05:10] 15道第1台停车器通信超时
[2025-06-26 11:05:10] 15道第2台停车器通信超时
[2025-06-26 11:05:10] 15道第3台停车器通信超时
[2025-06-26 11:05:10] 15道防溜器通信超时
[2025-06-26 11:05:10] 16道第1台停车器通信超时
[2025-06-26 11:05:10] 16道第2台停车器通信超时
[2025-06-26 11:05:10] 16道第3台停车器通信超时
[2025-06-26 11:05:10] 16道防溜器通信超时
[2025-06-26 11:05:10] 17道第1台停车器通信超时
[2025-06-26 11:05:10] 17道第2台停车器通信超时
[2025-06-26 11:05:10] 17道第3台停车器通信超时
[2025-06-26 11:05:10] 17道防溜器通信超时
[2025-06-26 11:05:10] 18道第1台停车器通信超时
[2025-06-26 11:05:10] 18道第2台停车器通信超时
[2025-06-26 11:05:10] 18道第3台停车器通信超时
[2025-06-26 11:05:10] 18道防溜器通信超时
[2025-06-26 11:05:10] 19道第1台停车器通信超时
[2025-06-26 11:05:10] 19道第2台停车器通信超时
[2025-06-26 11:05:10] 19道第3台停车器通信超时
[2025-06-26 11:05:10] 19道防溜器通信超时
[2025-06-26 11:05:10] 20道第1台停车器通信超时
[2025-06-26 11:05:10] 20道第2台停车器通信超时
[2025-06-26 11:05:10] 20道第3台停车器通信超时
[2025-06-26 11:05:10] 20道防溜器通信超时
[2025-06-26 11:05:10] 21道第1台停车器通信超时
[2025-06-26 11:05:10] 21道第2台停车器通信超时
[2025-06-26 11:05:10] 21道第3台停车器通信超时
[2025-06-26 11:05:10] 22道第1台停车器通信超时
[2025-06-26 11:05:10] 22道第2台停车器通信超时
[2025-06-26 11:05:10] 22道第3台停车器通信超时
[2025-06-26 11:05:10] 22道防溜器通信超时
[2025-06-26 11:05:10] 23道第1台停车器通信超时
[2025-06-26 11:05:10] 23道第2台停车器通信超时
[2025-06-26 11:05:10] 23道第3台停车器通信超时
[2025-06-26 11:05:10] 23道防溜器通信超时
[2025-06-26 11:05:10] 24道第1台停车器通信超时
[2025-06-26 11:05:10] 24道第2台停车器通信超时
[2025-06-26 11:05:10] 24道第3台停车器通信超时
[2025-06-26 11:05:10] 24道防溜器通信超时
[2025-06-26 11:05:22] A机进入主用状态
[2025-06-26 11:05:22] A机在线
[2025-06-26 11:05:48] A机进入主用状态
[2025-06-26 11:05:48] A机在线
[2025-06-26 11:05:48] B机进入备用状态
[2025-06-26 11:05:48] B机离线
[2025-06-26 11:05:49] 21道第1台防溜器进入运行模式
[2025-06-26 11:05:49] 21道防溜器制动到位（远程）
[2025-06-26 11:05:54] 2道第1台停车器通信超时
[2025-06-26 11:05:54] 2道第2台停车器通信超时
[2025-06-26 11:05:54] 2道第3台停车器通信超时
[2025-06-26 11:05:54] 2道防溜器通信超时
[2025-06-26 11:05:54] 3道第1台停车器通信超时
[2025-06-26 11:05:54] 3道第2台停车器通信超时
[2025-06-26 11:05:54] 3道第3台停车器通信超时
[2025-06-26 11:05:54] 3道防溜器通信超时
[2025-06-26 11:05:54] 4道第1台停车器通信超时
[2025-06-26 11:05:54] 4道第2台停车器通信超时
[2025-06-26 11:05:54] 4道第3台停车器通信超时
[2025-06-26 11:05:54] 4道防溜器通信超时
[2025-06-26 11:05:54] 5道第1台停车器通信超时
[2025-06-26 11:05:54] 5道第2台停车器通信超时
[2025-06-26 11:05:54] 5道第3台停车器通信超时
[2025-06-26 11:05:54] 5道防溜器通信超时
[2025-06-26 11:05:54] 6道第1台停车器通信超时
[2025-06-26 11:05:54] 6道第2台停车器通信超时
[2025-06-26 11:05:54] 6道第3台停车器通信超时
[2025-06-26 11:05:54] 6道防溜器通信超时
[2025-06-26 11:05:54] 7道第1台停车器通信超时
[2025-06-26 11:05:54] 7道第2台停车器通信超时
[2025-06-26 11:05:54] 7道第3台停车器通信超时
[2025-06-26 11:05:54] 7道防溜器通信超时
[2025-06-26 11:05:54] 8道第1台停车器通信超时
[2025-06-26 11:05:54] 8道第2台停车器通信超时
[2025-06-26 11:05:54] 8道第3台停车器通信超时
[2025-06-26 11:05:54] 8道防溜器通信超时
[2025-06-26 11:05:54] 9道第1台停车器通信超时
[2025-06-26 11:05:54] 9道第2台停车器通信超时
[2025-06-26 11:05:54] 9道第3台停车器通信超时
[2025-06-26 11:05:54] 9道防溜器通信超时
[2025-06-26 11:05:54] 10道第1台停车器通信超时
[2025-06-26 11:05:54] 10道第2台停车器通信超时
[2025-06-26 11:05:54] 10道第3台停车器通信超时
[2025-06-26 11:05:54] 10道防溜器通信超时
[2025-06-26 11:05:54] 11道第1台停车器通信超时
[2025-06-26 11:05:54] 11道第2台停车器通信超时
[2025-06-26 11:05:54] 11道第3台停车器通信超时
[2025-06-26 11:05:54] 11道防溜器通信超时
[2025-06-26 11:05:54] 12道第1台停车器通信超时
[2025-06-26 11:05:54] 12道第2台停车器通信超时
[2025-06-26 11:05:54] 12道第3台停车器通信超时
[2025-06-26 11:05:54] 12道防溜器通信超时
[2025-06-26 11:05:54] 13道第1台停车器通信超时
[2025-06-26 11:05:54] 13道第2台停车器通信超时
[2025-06-26 11:05:54] 13道第3台停车器通信超时
[2025-06-26 11:05:54] 13道防溜器通信超时
[2025-06-26 11:05:54] 14道第1台停车器通信超时
[2025-06-26 11:05:54] 14道第2台停车器通信超时
[2025-06-26 11:05:54] 14道第3台停车器通信超时
[2025-06-26 11:05:54] 14道防溜器通信超时
[2025-06-26 11:05:54] 15道第1台停车器通信超时
[2025-06-26 11:05:54] 15道第2台停车器通信超时
[2025-06-26 11:05:54] 15道第3台停车器通信超时
[2025-06-26 11:05:54] 15道防溜器通信超时
[2025-06-26 11:05:54] 16道第1台停车器通信超时
[2025-06-26 11:05:54] 16道第2台停车器通信超时
[2025-06-26 11:05:54] 16道第3台停车器通信超时
[2025-06-26 11:05:54] 16道防溜器通信超时
[2025-06-26 11:05:54] 17道第1台停车器通信超时
[2025-06-26 11:05:54] 17道第2台停车器通信超时
[2025-06-26 11:05:54] 17道第3台停车器通信超时
[2025-06-26 11:05:54] 17道防溜器通信超时
[2025-06-26 11:05:54] 18道第1台停车器通信超时
[2025-06-26 11:05:54] 18道第2台停车器通信超时
[2025-06-26 11:05:54] 18道第3台停车器通信超时
[2025-06-26 11:05:54] 18道防溜器通信超时
[2025-06-26 11:05:54] 19道第1台停车器通信超时
[2025-06-26 11:05:54] 19道第2台停车器通信超时
[2025-06-26 11:05:54] 19道第3台停车器通信超时
[2025-06-26 11:05:54] 19道防溜器通信超时
[2025-06-26 11:05:54] 20道第1台停车器通信超时
[2025-06-26 11:05:54] 20道第2台停车器通信超时
[2025-06-26 11:05:54] 20道第3台停车器通信超时
[2025-06-26 11:05:54] 20道防溜器通信超时
[2025-06-26 11:05:54] 21道第1台停车器通信超时
[2025-06-26 11:05:54] 21道第2台停车器通信超时
[2025-06-26 11:05:54] 21道第3台停车器通信超时
[2025-06-26 11:05:54] 22道第1台停车器通信超时
[2025-06-26 11:05:54] 22道第2台停车器通信超时
[2025-06-26 11:05:54] 22道第3台停车器通信超时
[2025-06-26 11:05:54] 22道防溜器通信超时
[2025-06-26 11:05:54] 23道第1台停车器通信超时
[2025-06-26 11:05:54] 23道第2台停车器通信超时
[2025-06-26 11:05:54] 23道第3台停车器通信超时
[2025-06-26 11:05:54] 23道防溜器通信超时
[2025-06-26 11:05:54] 24道第1台停车器通信超时
[2025-06-26 11:05:55] 24道第2台停车器通信超时
[2025-06-26 11:05:55] 24道第3台停车器通信超时
[2025-06-26 11:05:55] 24道防溜器通信超时
[2025-06-26 11:06:19] A机进入主用状态
[2025-06-26 11:06:19] A机在线
[2025-06-26 11:10:41] A机进入主用状态
[2025-06-26 11:10:41] A机在线
[2025-06-26 11:10:41] B机进入备用状态
[2025-06-26 11:10:41] B机离线
[2025-06-26 11:10:42] 21道第1台防溜器进入运行模式
[2025-06-26 11:10:42] 21道防溜器制动到位（远程）
[2025-06-26 11:10:47] 2道第1台停车器通信超时
[2025-06-26 11:10:47] 2道第2台停车器通信超时
[2025-06-26 11:10:47] 2道第3台停车器通信超时
[2025-06-26 11:10:47] 2道防溜器通信超时
[2025-06-26 11:10:47] 3道第1台停车器通信超时
[2025-06-26 11:10:47] 3道第2台停车器通信超时
[2025-06-26 11:10:47] 3道第3台停车器通信超时
[2025-06-26 11:10:47] 3道防溜器通信超时
[2025-06-26 11:10:47] 4道第1台停车器通信超时
[2025-06-26 11:10:47] 4道第2台停车器通信超时
[2025-06-26 11:10:47] 4道第3台停车器通信超时
[2025-06-26 11:10:47] 4道防溜器通信超时
[2025-06-26 11:10:47] 5道第1台停车器通信超时
[2025-06-26 11:10:47] 5道第2台停车器通信超时
[2025-06-26 11:10:47] 5道第3台停车器通信超时
[2025-06-26 11:10:47] 5道防溜器通信超时
[2025-06-26 11:10:47] 6道第1台停车器通信超时
[2025-06-26 11:10:47] 6道第2台停车器通信超时
[2025-06-26 11:10:47] 6道第3台停车器通信超时
[2025-06-26 11:10:47] 6道防溜器通信超时
[2025-06-26 11:10:47] 7道第1台停车器通信超时
[2025-06-26 11:10:47] 7道第2台停车器通信超时
[2025-06-26 11:10:47] 7道第3台停车器通信超时
[2025-06-26 11:10:47] 7道防溜器通信超时
[2025-06-26 11:10:47] 8道第1台停车器通信超时
[2025-06-26 11:10:47] 8道第2台停车器通信超时
[2025-06-26 11:10:47] 8道第3台停车器通信超时
[2025-06-26 11:10:47] 8道防溜器通信超时
[2025-06-26 11:10:47] 9道第1台停车器通信超时
[2025-06-26 11:10:47] 9道第2台停车器通信超时
[2025-06-26 11:10:47] 9道第3台停车器通信超时
[2025-06-26 11:10:47] 9道防溜器通信超时
[2025-06-26 11:10:47] 10道第1台停车器通信超时
[2025-06-26 11:10:47] 10道第2台停车器通信超时
[2025-06-26 11:10:47] 10道第3台停车器通信超时
[2025-06-26 11:10:47] 10道防溜器通信超时
[2025-06-26 11:10:47] 11道第1台停车器通信超时
[2025-06-26 11:10:47] 11道第2台停车器通信超时
[2025-06-26 11:10:47] 11道第3台停车器通信超时
[2025-06-26 11:10:47] 11道防溜器通信超时
[2025-06-26 11:10:47] 12道第1台停车器通信超时
[2025-06-26 11:10:47] 12道第2台停车器通信超时
[2025-06-26 11:10:47] 12道第3台停车器通信超时
[2025-06-26 11:10:47] 12道防溜器通信超时
[2025-06-26 11:10:47] 13道第1台停车器通信超时
[2025-06-26 11:10:47] 13道第2台停车器通信超时
[2025-06-26 11:10:47] 13道第3台停车器通信超时
[2025-06-26 11:10:47] 13道防溜器通信超时
[2025-06-26 11:10:47] 14道第1台停车器通信超时
[2025-06-26 11:10:47] 14道第2台停车器通信超时
[2025-06-26 11:10:47] 14道第3台停车器通信超时
[2025-06-26 11:10:47] 14道防溜器通信超时
[2025-06-26 11:10:47] 15道第1台停车器通信超时
[2025-06-26 11:10:47] 15道第2台停车器通信超时
[2025-06-26 11:10:47] 15道第3台停车器通信超时
[2025-06-26 11:10:47] 15道防溜器通信超时
[2025-06-26 11:10:47] 16道第1台停车器通信超时
[2025-06-26 11:10:47] 16道第2台停车器通信超时
[2025-06-26 11:10:47] 16道第3台停车器通信超时
[2025-06-26 11:10:47] 16道防溜器通信超时
[2025-06-26 11:10:47] 17道第1台停车器通信超时
[2025-06-26 11:10:47] 17道第2台停车器通信超时
[2025-06-26 11:10:47] 17道第3台停车器通信超时
[2025-06-26 11:10:47] 17道防溜器通信超时
[2025-06-26 11:10:47] 18道第1台停车器通信超时
[2025-06-26 11:10:47] 18道第2台停车器通信超时
[2025-06-26 11:10:47] 18道第3台停车器通信超时
[2025-06-26 11:10:47] 18道防溜器通信超时
[2025-06-26 11:10:47] 19道第1台停车器通信超时
[2025-06-26 11:10:47] 19道第2台停车器通信超时
[2025-06-26 11:10:47] 19道第3台停车器通信超时
[2025-06-26 11:10:47] 19道防溜器通信超时
[2025-06-26 11:10:47] 20道第1台停车器通信超时
[2025-06-26 11:10:47] 20道第2台停车器通信超时
[2025-06-26 11:10:47] 20道第3台停车器通信超时
[2025-06-26 11:10:47] 20道防溜器通信超时
[2025-06-26 11:10:47] 21道第1台停车器通信超时
[2025-06-26 11:10:47] 21道第2台停车器通信超时
[2025-06-26 11:10:47] 21道第3台停车器通信超时
[2025-06-26 11:10:47] 22道第1台停车器通信超时
[2025-06-26 11:10:47] 22道第2台停车器通信超时
[2025-06-26 11:10:47] 22道第3台停车器通信超时
[2025-06-26 11:10:47] 22道防溜器通信超时
[2025-06-26 11:10:47] 23道第1台停车器通信超时
[2025-06-26 11:10:47] 23道第2台停车器通信超时
[2025-06-26 11:10:47] 23道第3台停车器通信超时
[2025-06-26 11:10:47] 23道防溜器通信超时
[2025-06-26 11:10:47] 24道第1台停车器通信超时
[2025-06-26 11:10:47] 24道第2台停车器通信超时
[2025-06-26 11:10:47] 24道第3台停车器通信超时
[2025-06-26 11:10:47] 24道防溜器通信超时
[2025-06-26 11:11:03] A机进入主用状态
[2025-06-26 11:11:03] A机在线
[2025-06-26 11:11:03] B机进入备用状态
[2025-06-26 11:11:03] B机离线
[2025-06-26 11:11:04] 21道第1台防溜器进入运行模式
[2025-06-26 11:11:04] 21道防溜器制动到位（远程）
[2025-06-26 11:11:09] 2道第1台停车器通信超时
[2025-06-26 11:11:09] 2道第2台停车器通信超时
[2025-06-26 11:11:09] 2道第3台停车器通信超时
[2025-06-26 11:11:09] 2道防溜器通信超时
[2025-06-26 11:11:09] 3道第1台停车器通信超时
[2025-06-26 11:11:09] 3道第2台停车器通信超时
[2025-06-26 11:11:09] 3道第3台停车器通信超时
[2025-06-26 11:11:09] 3道防溜器通信超时
[2025-06-26 11:11:09] 4道第1台停车器通信超时
[2025-06-26 11:11:09] 4道第2台停车器通信超时
[2025-06-26 11:11:09] 4道第3台停车器通信超时
[2025-06-26 11:11:09] 4道防溜器通信超时
[2025-06-26 11:11:09] 5道第1台停车器通信超时
[2025-06-26 11:11:09] 5道第2台停车器通信超时
[2025-06-26 11:11:09] 5道第3台停车器通信超时
[2025-06-26 11:11:09] 5道防溜器通信超时
[2025-06-26 11:11:09] 6道第1台停车器通信超时
[2025-06-26 11:11:09] 6道第2台停车器通信超时
[2025-06-26 11:11:09] 6道第3台停车器通信超时
[2025-06-26 11:11:09] 6道防溜器通信超时
[2025-06-26 11:11:09] 7道第1台停车器通信超时
[2025-06-26 11:11:09] 7道第2台停车器通信超时
[2025-06-26 11:11:09] 7道第3台停车器通信超时
[2025-06-26 11:11:09] 7道防溜器通信超时
[2025-06-26 11:11:09] 8道第1台停车器通信超时
[2025-06-26 11:11:09] 8道第2台停车器通信超时
[2025-06-26 11:11:09] 8道第3台停车器通信超时
[2025-06-26 11:11:09] 8道防溜器通信超时
[2025-06-26 11:11:09] 9道第1台停车器通信超时
[2025-06-26 11:11:09] 9道第2台停车器通信超时
[2025-06-26 11:11:09] 9道第3台停车器通信超时
[2025-06-26 11:11:09] 9道防溜器通信超时
[2025-06-26 11:11:09] 10道第1台停车器通信超时
[2025-06-26 11:11:09] 10道第2台停车器通信超时
[2025-06-26 11:11:09] 10道第3台停车器通信超时
[2025-06-26 11:11:09] 10道防溜器通信超时
[2025-06-26 11:11:09] 11道第1台停车器通信超时
[2025-06-26 11:11:09] 11道第2台停车器通信超时
[2025-06-26 11:11:09] 11道第3台停车器通信超时
[2025-06-26 11:11:09] 11道防溜器通信超时
[2025-06-26 11:11:09] 12道第1台停车器通信超时
[2025-06-26 11:11:09] 12道第2台停车器通信超时
[2025-06-26 11:11:09] 12道第3台停车器通信超时
[2025-06-26 11:11:09] 12道防溜器通信超时
[2025-06-26 11:11:09] 13道第1台停车器通信超时
[2025-06-26 11:11:09] 13道第2台停车器通信超时
[2025-06-26 11:11:09] 13道第3台停车器通信超时
[2025-06-26 11:11:09] 13道防溜器通信超时
[2025-06-26 11:11:09] 14道第1台停车器通信超时
[2025-06-26 11:11:09] 14道第2台停车器通信超时
[2025-06-26 11:11:09] 14道第3台停车器通信超时
[2025-06-26 11:11:09] 14道防溜器通信超时
[2025-06-26 11:11:09] 15道第1台停车器通信超时
[2025-06-26 11:11:09] 15道第2台停车器通信超时
[2025-06-26 11:11:09] 15道第3台停车器通信超时
[2025-06-26 11:11:09] 15道防溜器通信超时
[2025-06-26 11:11:09] 16道第1台停车器通信超时
[2025-06-26 11:11:09] 16道第2台停车器通信超时
[2025-06-26 11:11:09] 16道第3台停车器通信超时
[2025-06-26 11:11:09] 16道防溜器通信超时
[2025-06-26 11:11:09] 17道第1台停车器通信超时
[2025-06-26 11:11:09] 17道第2台停车器通信超时
[2025-06-26 11:11:09] 17道第3台停车器通信超时
[2025-06-26 11:11:09] 17道防溜器通信超时
[2025-06-26 11:11:09] 18道第1台停车器通信超时
[2025-06-26 11:11:09] 18道第2台停车器通信超时
[2025-06-26 11:11:09] 18道第3台停车器通信超时
[2025-06-26 11:11:09] 18道防溜器通信超时
[2025-06-26 11:11:09] 19道第1台停车器通信超时
[2025-06-26 11:11:09] 19道第2台停车器通信超时
[2025-06-26 11:11:09] 19道第3台停车器通信超时
[2025-06-26 11:11:09] 19道防溜器通信超时
[2025-06-26 11:11:09] 20道第1台停车器通信超时
[2025-06-26 11:11:09] 20道第2台停车器通信超时
[2025-06-26 11:11:09] 20道第3台停车器通信超时
[2025-06-26 11:11:09] 20道防溜器通信超时
[2025-06-26 11:11:09] 21道第1台停车器通信超时
[2025-06-26 11:11:09] 21道第2台停车器通信超时
[2025-06-26 11:11:09] 21道第3台停车器通信超时
[2025-06-26 11:11:09] 22道第1台停车器通信超时
[2025-06-26 11:11:09] 22道第2台停车器通信超时
[2025-06-26 11:11:09] 22道第3台停车器通信超时
[2025-06-26 11:11:09] 22道防溜器通信超时
[2025-06-26 11:11:09] 23道第1台停车器通信超时
[2025-06-26 11:11:09] 23道第2台停车器通信超时
[2025-06-26 11:11:09] 23道第3台停车器通信超时
[2025-06-26 11:11:09] 23道防溜器通信超时
[2025-06-26 11:11:09] 24道第1台停车器通信超时
[2025-06-26 11:11:09] 24道第2台停车器通信超时
[2025-06-26 11:11:09] 24道第3台停车器通信超时
[2025-06-26 11:11:09] 24道防溜器通信超时
[2025-06-26 11:11:23] A机进入主用状态
[2025-06-26 11:11:23] A机在线
[2025-06-26 11:11:23] B机进入备用状态
[2025-06-26 11:11:23] B机离线
[2025-06-26 11:11:24] 21道第1台防溜器进入运行模式
[2025-06-26 11:11:24] 21道防溜器制动到位（远程）
[2025-06-26 11:11:29] 2道第1台停车器通信超时
[2025-06-26 11:11:29] 2道第2台停车器通信超时
[2025-06-26 11:11:29] 2道第3台停车器通信超时
[2025-06-26 11:11:29] 2道防溜器通信超时
[2025-06-26 11:11:29] 3道第1台停车器通信超时
[2025-06-26 11:11:29] 3道第2台停车器通信超时
[2025-06-26 11:11:29] 3道第3台停车器通信超时
[2025-06-26 11:11:29] 3道防溜器通信超时
[2025-06-26 11:11:29] 4道第1台停车器通信超时
[2025-06-26 11:11:29] 4道第2台停车器通信超时
[2025-06-26 11:11:29] 4道第3台停车器通信超时
[2025-06-26 11:11:29] 4道防溜器通信超时
[2025-06-26 11:11:29] 5道第1台停车器通信超时
[2025-06-26 11:11:29] 5道第2台停车器通信超时
[2025-06-26 11:11:29] 5道第3台停车器通信超时
[2025-06-26 11:11:29] 5道防溜器通信超时
[2025-06-26 11:11:29] 6道第1台停车器通信超时
[2025-06-26 11:11:29] 6道第2台停车器通信超时
[2025-06-26 11:11:29] 6道第3台停车器通信超时
[2025-06-26 11:11:29] 6道防溜器通信超时
[2025-06-26 11:11:29] 7道第1台停车器通信超时
[2025-06-26 11:11:29] 7道第2台停车器通信超时
[2025-06-26 11:11:29] 7道第3台停车器通信超时
[2025-06-26 11:11:29] 7道防溜器通信超时
[2025-06-26 11:11:29] 8道第1台停车器通信超时
[2025-06-26 11:11:29] 8道第2台停车器通信超时
[2025-06-26 11:11:29] 8道第3台停车器通信超时
[2025-06-26 11:11:29] 8道防溜器通信超时
[2025-06-26 11:11:29] 9道第1台停车器通信超时
[2025-06-26 11:11:29] 9道第2台停车器通信超时
[2025-06-26 11:11:29] 9道第3台停车器通信超时
[2025-06-26 11:11:29] 9道防溜器通信超时
[2025-06-26 11:11:29] 10道第1台停车器通信超时
[2025-06-26 11:11:29] 10道第2台停车器通信超时
[2025-06-26 11:11:29] 10道第3台停车器通信超时
[2025-06-26 11:11:29] 10道防溜器通信超时
[2025-06-26 11:11:29] 11道第1台停车器通信超时
[2025-06-26 11:11:29] 11道第2台停车器通信超时
[2025-06-26 11:11:29] 11道第3台停车器通信超时
[2025-06-26 11:11:29] 11道防溜器通信超时
[2025-06-26 11:11:29] 12道第1台停车器通信超时
[2025-06-26 11:11:29] 12道第2台停车器通信超时
[2025-06-26 11:11:29] 12道第3台停车器通信超时
[2025-06-26 11:11:29] 12道防溜器通信超时
[2025-06-26 11:11:29] 13道第1台停车器通信超时
[2025-06-26 11:11:29] 13道第2台停车器通信超时
[2025-06-26 11:11:29] 13道第3台停车器通信超时
[2025-06-26 11:11:29] 13道防溜器通信超时
[2025-06-26 11:11:29] 14道第1台停车器通信超时
[2025-06-26 11:11:29] 14道第2台停车器通信超时
[2025-06-26 11:11:29] 14道第3台停车器通信超时
[2025-06-26 11:11:29] 14道防溜器通信超时
[2025-06-26 11:11:29] 15道第1台停车器通信超时
[2025-06-26 11:11:29] 15道第2台停车器通信超时
[2025-06-26 11:11:29] 15道第3台停车器通信超时
[2025-06-26 11:11:29] 15道防溜器通信超时
[2025-06-26 11:11:29] 16道第1台停车器通信超时
[2025-06-26 11:11:29] 16道第2台停车器通信超时
[2025-06-26 11:11:29] 16道第3台停车器通信超时
[2025-06-26 11:11:29] 16道防溜器通信超时
[2025-06-26 11:11:29] 17道第1台停车器通信超时
[2025-06-26 11:11:29] 17道第2台停车器通信超时
[2025-06-26 11:11:29] 17道第3台停车器通信超时
[2025-06-26 11:11:29] 17道防溜器通信超时
[2025-06-26 11:11:29] 18道第1台停车器通信超时
[2025-06-26 11:11:29] 18道第2台停车器通信超时
[2025-06-26 11:11:29] 18道第3台停车器通信超时
[2025-06-26 11:11:29] 18道防溜器通信超时
[2025-06-26 11:11:29] 19道第1台停车器通信超时
[2025-06-26 11:11:29] 19道第2台停车器通信超时
[2025-06-26 11:11:29] 19道第3台停车器通信超时
[2025-06-26 11:11:29] 19道防溜器通信超时
[2025-06-26 11:11:29] 20道第1台停车器通信超时
[2025-06-26 11:11:29] 20道第2台停车器通信超时
[2025-06-26 11:11:29] 20道第3台停车器通信超时
[2025-06-26 11:11:29] 20道防溜器通信超时
[2025-06-26 11:11:29] 21道第1台停车器通信超时
[2025-06-26 11:11:29] 21道第2台停车器通信超时
[2025-06-26 11:11:29] 21道第3台停车器通信超时
[2025-06-26 11:11:29] 22道第1台停车器通信超时
[2025-06-26 11:11:29] 22道第2台停车器通信超时
[2025-06-26 11:11:29] 22道第3台停车器通信超时
[2025-06-26 11:11:29] 22道防溜器通信超时
[2025-06-26 11:11:29] 23道第1台停车器通信超时
[2025-06-26 11:11:29] 23道第2台停车器通信超时
[2025-06-26 11:11:29] 23道第3台停车器通信超时
[2025-06-26 11:11:29] 23道防溜器通信超时
[2025-06-26 11:11:29] 24道第1台停车器通信超时
[2025-06-26 11:11:29] 24道第2台停车器通信超时
[2025-06-26 11:11:29] 24道第3台停车器通信超时
[2025-06-26 11:11:29] 24道防溜器通信超时
[2025-06-26 11:15:32] A机进入主用状态
[2025-06-26 11:15:32] A机在线
[2025-06-26 11:15:32] B机进入备用状态
[2025-06-26 11:15:32] B机离线
[2025-06-26 11:15:33] 21道第1台防溜器进入运行模式
[2025-06-26 11:15:33] 21道防溜器制动到位（远程）
[2025-06-26 11:15:37] 2道第1台停车器通信超时
[2025-06-26 11:15:37] 2道第2台停车器通信超时
[2025-06-26 11:15:37] 2道第3台停车器通信超时
[2025-06-26 11:15:37] 2道防溜器通信超时
[2025-06-26 11:15:37] 3道第1台停车器通信超时
[2025-06-26 11:15:37] 3道第2台停车器通信超时
[2025-06-26 11:15:37] 3道第3台停车器通信超时
[2025-06-26 11:15:37] 3道防溜器通信超时
[2025-06-26 11:15:37] 4道第1台停车器通信超时
[2025-06-26 11:15:37] 4道第2台停车器通信超时
[2025-06-26 11:15:37] 4道第3台停车器通信超时
[2025-06-26 11:15:37] 4道防溜器通信超时
[2025-06-26 11:15:37] 5道第1台停车器通信超时
[2025-06-26 11:15:37] 5道第2台停车器通信超时
[2025-06-26 11:15:37] 5道第3台停车器通信超时
[2025-06-26 11:15:37] 5道防溜器通信超时
[2025-06-26 11:15:37] 6道第1台停车器通信超时
[2025-06-26 11:15:37] 6道第2台停车器通信超时
[2025-06-26 11:15:37] 6道第3台停车器通信超时
[2025-06-26 11:15:37] 6道防溜器通信超时
[2025-06-26 11:15:37] 7道第1台停车器通信超时
[2025-06-26 11:15:37] 7道第2台停车器通信超时
[2025-06-26 11:15:37] 7道第3台停车器通信超时
[2025-06-26 11:15:37] 7道防溜器通信超时
[2025-06-26 11:15:37] 8道第1台停车器通信超时
[2025-06-26 11:15:37] 8道第2台停车器通信超时
[2025-06-26 11:15:37] 8道第3台停车器通信超时
[2025-06-26 11:15:37] 8道防溜器通信超时
[2025-06-26 11:15:37] 9道第1台停车器通信超时
[2025-06-26 11:15:37] 9道第2台停车器通信超时
[2025-06-26 11:15:37] 9道第3台停车器通信超时
[2025-06-26 11:15:37] 9道防溜器通信超时
[2025-06-26 11:15:37] 10道第1台停车器通信超时
[2025-06-26 11:15:37] 10道第2台停车器通信超时
[2025-06-26 11:15:37] 10道第3台停车器通信超时
[2025-06-26 11:15:37] 10道防溜器通信超时
[2025-06-26 11:15:37] 11道第1台停车器通信超时
[2025-06-26 11:15:37] 11道第2台停车器通信超时
[2025-06-26 11:15:37] 11道第3台停车器通信超时
[2025-06-26 11:15:37] 11道防溜器通信超时
[2025-06-26 11:15:37] 12道第1台停车器通信超时
[2025-06-26 11:15:37] 12道第2台停车器通信超时
[2025-06-26 11:15:37] 12道第3台停车器通信超时
[2025-06-26 11:15:37] 12道防溜器通信超时
[2025-06-26 11:15:37] 13道第1台停车器通信超时
[2025-06-26 11:15:37] 13道第2台停车器通信超时
[2025-06-26 11:15:37] 13道第3台停车器通信超时
[2025-06-26 11:15:37] 13道防溜器通信超时
[2025-06-26 11:15:37] 14道第1台停车器通信超时
[2025-06-26 11:15:37] 14道第2台停车器通信超时
[2025-06-26 11:15:37] 14道第3台停车器通信超时
[2025-06-26 11:15:37] 14道防溜器通信超时
[2025-06-26 11:15:37] 15道第1台停车器通信超时
[2025-06-26 11:15:37] 15道第2台停车器通信超时
[2025-06-26 11:15:37] 15道第3台停车器通信超时
[2025-06-26 11:15:37] 15道防溜器通信超时
[2025-06-26 11:15:37] 16道第1台停车器通信超时
[2025-06-26 11:15:37] 16道第2台停车器通信超时
[2025-06-26 11:15:37] 16道第3台停车器通信超时
[2025-06-26 11:15:37] 16道防溜器通信超时
[2025-06-26 11:15:37] 17道第1台停车器通信超时
[2025-06-26 11:15:37] 17道第2台停车器通信超时
[2025-06-26 11:15:37] 17道第3台停车器通信超时
[2025-06-26 11:15:37] 17道防溜器通信超时
[2025-06-26 11:15:37] 18道第1台停车器通信超时
[2025-06-26 11:15:37] 18道第2台停车器通信超时
[2025-06-26 11:15:37] 18道第3台停车器通信超时
[2025-06-26 11:15:37] 18道防溜器通信超时
[2025-06-26 11:15:37] 19道第1台停车器通信超时
[2025-06-26 11:15:37] 19道第2台停车器通信超时
[2025-06-26 11:15:37] 19道第3台停车器通信超时
[2025-06-26 11:15:37] 19道防溜器通信超时
[2025-06-26 11:15:37] 20道第1台停车器通信超时
[2025-06-26 11:15:37] 20道第2台停车器通信超时
[2025-06-26 11:15:37] 20道第3台停车器通信超时
[2025-06-26 11:15:37] 20道防溜器通信超时
[2025-06-26 11:15:37] 21道第1台停车器通信超时
[2025-06-26 11:15:37] 21道第2台停车器通信超时
[2025-06-26 11:15:37] 21道第3台停车器通信超时
[2025-06-26 11:15:37] 22道第1台停车器通信超时
[2025-06-26 11:15:37] 22道第2台停车器通信超时
[2025-06-26 11:15:37] 22道第3台停车器通信超时
[2025-06-26 11:15:37] 22道防溜器通信超时
[2025-06-26 11:15:37] 23道第1台停车器通信超时
[2025-06-26 11:15:37] 23道第2台停车器通信超时
[2025-06-26 11:15:37] 23道第3台停车器通信超时
[2025-06-26 11:15:37] 23道防溜器通信超时
[2025-06-26 11:15:37] 24道第1台停车器通信超时
[2025-06-26 11:15:37] 24道第2台停车器通信超时
[2025-06-26 11:15:37] 24道第3台停车器通信超时
[2025-06-26 11:15:37] 24道防溜器通信超时
[2025-06-26 11:15:58] 用户确认切换为集控模式，已发送 ACQ 指令
[2025-06-26 11:16:09] 用户确认切换为集控模式，已发送 ACQ 指令
[2025-06-26 11:16:17] 用户确认切换为集控模式，已发送 ACQ 指令
[2025-06-26 11:16:41] 用户确认切换为集控模式，已发送 ACQ 指令
[2025-06-26 11:18:51] 21道防溜器通信超时
[2025-06-26 11:18:56] A机进入主用状态
[2025-06-26 11:18:56] A机在线
[2025-06-26 11:27:03] A机进入主用状态
[2025-06-26 11:27:03] A机在线
[2025-06-26 11:27:03] B机进入备用状态
[2025-06-26 11:27:03] B机离线
[2025-06-26 11:27:04] 21道第1台防溜器进入运行模式
[2025-06-26 11:27:04] 21道防溜器制动到位（远程）
[2025-06-26 11:27:09] 2道第1台停车器通信超时
[2025-06-26 11:27:09] 2道第2台停车器通信超时
[2025-06-26 11:27:09] 2道第3台停车器通信超时
[2025-06-26 11:27:09] 2道防溜器通信超时
[2025-06-26 11:27:09] 3道第1台停车器通信超时
[2025-06-26 11:27:09] 3道第2台停车器通信超时
[2025-06-26 11:27:09] 3道第3台停车器通信超时
[2025-06-26 11:27:09] 3道防溜器通信超时
[2025-06-26 11:27:09] 4道第1台停车器通信超时
[2025-06-26 11:27:09] 4道第2台停车器通信超时
[2025-06-26 11:27:09] 4道第3台停车器通信超时
[2025-06-26 11:27:09] 4道防溜器通信超时
[2025-06-26 11:27:09] 5道第1台停车器通信超时
[2025-06-26 11:27:09] 5道第2台停车器通信超时
[2025-06-26 11:27:09] 5道第3台停车器通信超时
[2025-06-26 11:27:09] 5道防溜器通信超时
[2025-06-26 11:27:09] 6道第1台停车器通信超时
[2025-06-26 11:27:09] 6道第2台停车器通信超时
[2025-06-26 11:27:09] 6道第3台停车器通信超时
[2025-06-26 11:27:09] 6道防溜器通信超时
[2025-06-26 11:27:09] 7道第1台停车器通信超时
[2025-06-26 11:27:09] 7道第2台停车器通信超时
[2025-06-26 11:27:09] 7道第3台停车器通信超时
[2025-06-26 11:27:09] 7道防溜器通信超时
[2025-06-26 11:27:09] 8道第1台停车器通信超时
[2025-06-26 11:27:09] 8道第2台停车器通信超时
[2025-06-26 11:27:09] 8道第3台停车器通信超时
[2025-06-26 11:27:09] 8道防溜器通信超时
[2025-06-26 11:27:09] 9道第1台停车器通信超时
[2025-06-26 11:27:09] 9道第2台停车器通信超时
[2025-06-26 11:27:09] 9道第3台停车器通信超时
[2025-06-26 11:27:09] 9道防溜器通信超时
[2025-06-26 11:27:09] 10道第1台停车器通信超时
[2025-06-26 11:27:09] 10道第2台停车器通信超时
[2025-06-26 11:27:09] 10道第3台停车器通信超时
[2025-06-26 11:27:09] 10道防溜器通信超时
[2025-06-26 11:27:09] 11道第1台停车器通信超时
[2025-06-26 11:27:09] 11道第2台停车器通信超时
[2025-06-26 11:27:09] 11道第3台停车器通信超时
[2025-06-26 11:27:09] 11道防溜器通信超时
[2025-06-26 11:27:09] 12道第1台停车器通信超时
[2025-06-26 11:27:09] 12道第2台停车器通信超时
[2025-06-26 11:27:09] 12道第3台停车器通信超时
[2025-06-26 11:27:09] 12道防溜器通信超时
[2025-06-26 11:27:09] 13道第1台停车器通信超时
[2025-06-26 11:27:09] 13道第2台停车器通信超时
[2025-06-26 11:27:09] 13道第3台停车器通信超时
[2025-06-26 11:27:09] 13道防溜器通信超时
[2025-06-26 11:27:09] 14道第1台停车器通信超时
[2025-06-26 11:27:09] 14道第2台停车器通信超时
[2025-06-26 11:27:09] 14道第3台停车器通信超时
[2025-06-26 11:27:09] 14道防溜器通信超时
[2025-06-26 11:27:09] 15道第1台停车器通信超时
[2025-06-26 11:27:09] 15道第2台停车器通信超时
[2025-06-26 11:27:09] 15道第3台停车器通信超时
[2025-06-26 11:27:09] 15道防溜器通信超时
[2025-06-26 11:27:09] 16道第1台停车器通信超时
[2025-06-26 11:27:09] 16道第2台停车器通信超时
[2025-06-26 11:27:09] 16道第3台停车器通信超时
[2025-06-26 11:27:09] 16道防溜器通信超时
[2025-06-26 11:27:09] 17道第1台停车器通信超时
[2025-06-26 11:27:09] 17道第2台停车器通信超时
[2025-06-26 11:27:09] 17道第3台停车器通信超时
[2025-06-26 11:27:09] 17道防溜器通信超时
[2025-06-26 11:27:09] 18道第1台停车器通信超时
[2025-06-26 11:27:09] 18道第2台停车器通信超时
[2025-06-26 11:27:09] 18道第3台停车器通信超时
[2025-06-26 11:27:09] 18道防溜器通信超时
[2025-06-26 11:27:09] 19道第1台停车器通信超时
[2025-06-26 11:27:09] 19道第2台停车器通信超时
[2025-06-26 11:27:09] 19道第3台停车器通信超时
[2025-06-26 11:27:09] 19道防溜器通信超时
[2025-06-26 11:27:09] 20道第1台停车器通信超时
[2025-06-26 11:27:09] 20道第2台停车器通信超时
[2025-06-26 11:27:09] 20道第3台停车器通信超时
[2025-06-26 11:27:09] 20道防溜器通信超时
[2025-06-26 11:27:09] 21道第1台停车器通信超时
[2025-06-26 11:27:09] 21道第2台停车器通信超时
[2025-06-26 11:27:09] 21道第3台停车器通信超时
[2025-06-26 11:27:09] 22道第1台停车器通信超时
[2025-06-26 11:27:09] 22道第2台停车器通信超时
[2025-06-26 11:27:09] 22道第3台停车器通信超时
[2025-06-26 11:27:09] 22道防溜器通信超时
[2025-06-26 11:27:09] 23道第1台停车器通信超时
[2025-06-26 11:27:09] 23道第2台停车器通信超时
[2025-06-26 11:27:09] 23道第3台停车器通信超时
[2025-06-26 11:27:09] 23道防溜器通信超时
[2025-06-26 11:27:09] 24道第1台停车器通信超时
[2025-06-26 11:27:09] 24道第2台停车器通信超时
[2025-06-26 11:27:09] 24道第3台停车器通信超时
[2025-06-26 11:27:09] 24道防溜器通信超时
[2025-06-26 11:27:32] 用户确认切换为集控模式，已发送 ACQ 指令
[2025-06-26 11:27:41] 用户确认切换为集控模式，已发送 ACQ 指令
[2025-06-26 11:27:59] 用户确认切换为集控模式，已发送 ACQ 指令
[2025-06-26 11:28:09] 用户确认切换为集控模式，已发送 ACQ 指令
[2025-06-26 11:28:21] 用户确认切换为集控模式，已发送 ACQ 指令
[2025-06-26 11:28:37] 用户确认切换为集控模式，已发送 ACQ 指令
[2025-06-26 11:29:19] 用户确认切换为集控模式，已发送 ACQ 指令
[2025-06-26 11:32:25] 21道防溜器通信超时
[2025-06-26 11:32:42] A机进入主用状态
[2025-06-26 11:32:42] A机在线
[2025-06-26 11:41:53] A机进入主用状态
[2025-06-26 11:41:53] A机在线
[2025-06-26 11:41:53] B机进入备用状态
[2025-06-26 11:41:53] B机离线
[2025-06-26 11:41:59] 2道第1台停车器通信超时
[2025-06-26 11:41:59] 2道第2台停车器通信超时
[2025-06-26 11:41:59] 2道第3台停车器通信超时
[2025-06-26 11:41:59] 2道防溜器通信超时
[2025-06-26 11:41:59] 3道第1台停车器通信超时
[2025-06-26 11:41:59] 3道第2台停车器通信超时
[2025-06-26 11:41:59] 3道第3台停车器通信超时
[2025-06-26 11:41:59] 3道防溜器通信超时
[2025-06-26 11:41:59] 4道第1台停车器通信超时
[2025-06-26 11:41:59] 4道第2台停车器通信超时
[2025-06-26 11:41:59] 4道第3台停车器通信超时
[2025-06-26 11:41:59] 4道防溜器通信超时
[2025-06-26 11:41:59] 5道第1台停车器通信超时
[2025-06-26 11:41:59] 5道第2台停车器通信超时
[2025-06-26 11:41:59] 5道第3台停车器通信超时
[2025-06-26 11:41:59] 5道防溜器通信超时
[2025-06-26 11:41:59] 6道第1台停车器通信超时
[2025-06-26 11:41:59] 6道第2台停车器通信超时
[2025-06-26 11:41:59] 6道第3台停车器通信超时
[2025-06-26 11:41:59] 6道防溜器通信超时
[2025-06-26 11:41:59] 7道第1台停车器通信超时
[2025-06-26 11:41:59] 7道第2台停车器通信超时
[2025-06-26 11:41:59] 7道第3台停车器通信超时
[2025-06-26 11:41:59] 7道防溜器通信超时
[2025-06-26 11:41:59] 8道第1台停车器通信超时
[2025-06-26 11:41:59] 8道第2台停车器通信超时
[2025-06-26 11:41:59] 8道第3台停车器通信超时
[2025-06-26 11:41:59] 8道防溜器通信超时
[2025-06-26 11:41:59] 9道第1台停车器通信超时
[2025-06-26 11:41:59] 9道第2台停车器通信超时
[2025-06-26 11:41:59] 9道第3台停车器通信超时
[2025-06-26 11:41:59] 9道防溜器通信超时
[2025-06-26 11:41:59] 10道第1台停车器通信超时
[2025-06-26 11:41:59] 10道第2台停车器通信超时
[2025-06-26 11:41:59] 10道第3台停车器通信超时
[2025-06-26 11:41:59] 10道防溜器通信超时
[2025-06-26 11:41:59] 11道第1台停车器通信超时
[2025-06-26 11:41:59] 11道第2台停车器通信超时
[2025-06-26 11:41:59] 11道第3台停车器通信超时
[2025-06-26 11:41:59] 11道防溜器通信超时
[2025-06-26 11:41:59] 12道第1台停车器通信超时
[2025-06-26 11:41:59] 12道第2台停车器通信超时
[2025-06-26 11:41:59] 12道第3台停车器通信超时
[2025-06-26 11:41:59] 12道防溜器通信超时
[2025-06-26 11:41:59] 13道第1台停车器通信超时
[2025-06-26 11:41:59] 13道第2台停车器通信超时
[2025-06-26 11:41:59] 13道第3台停车器通信超时
[2025-06-26 11:41:59] 13道防溜器通信超时
[2025-06-26 11:41:59] 14道第1台停车器通信超时
[2025-06-26 11:41:59] 14道第2台停车器通信超时
[2025-06-26 11:41:59] 14道第3台停车器通信超时
[2025-06-26 11:41:59] 14道防溜器通信超时
[2025-06-26 11:41:59] 15道第1台停车器通信超时
[2025-06-26 11:41:59] 15道第2台停车器通信超时
[2025-06-26 11:41:59] 15道第3台停车器通信超时
[2025-06-26 11:41:59] 15道防溜器通信超时
[2025-06-26 11:41:59] 16道第1台停车器通信超时
[2025-06-26 11:41:59] 16道第2台停车器通信超时
[2025-06-26 11:41:59] 16道第3台停车器通信超时
[2025-06-26 11:41:59] 16道防溜器通信超时
[2025-06-26 11:41:59] 17道第1台停车器通信超时
[2025-06-26 11:41:59] 17道第2台停车器通信超时
[2025-06-26 11:41:59] 17道第3台停车器通信超时
[2025-06-26 11:41:59] 17道防溜器通信超时
[2025-06-26 11:41:59] 18道第1台停车器通信超时
[2025-06-26 11:41:59] 18道第2台停车器通信超时
[2025-06-26 11:41:59] 18道第3台停车器通信超时
[2025-06-26 11:41:59] 18道防溜器通信超时
[2025-06-26 11:41:59] 19道第1台停车器通信超时
[2025-06-26 11:41:59] 19道第2台停车器通信超时
[2025-06-26 11:41:59] 19道第3台停车器通信超时
[2025-06-26 11:41:59] 19道防溜器通信超时
[2025-06-26 11:41:59] 20道第1台停车器通信超时
[2025-06-26 11:41:59] 20道第2台停车器通信超时
[2025-06-26 11:41:59] 20道第3台停车器通信超时
[2025-06-26 11:41:59] 20道防溜器通信超时
[2025-06-26 11:41:59] 21道第1台停车器通信超时
[2025-06-26 11:41:59] 21道第2台停车器通信超时
[2025-06-26 11:41:59] 21道第3台停车器通信超时
[2025-06-26 11:41:59] 21道防溜器通信超时
[2025-06-26 11:41:59] 22道第1台停车器通信超时
[2025-06-26 11:41:59] 22道第2台停车器通信超时
[2025-06-26 11:41:59] 22道第3台停车器通信超时
[2025-06-26 11:41:59] 22道防溜器通信超时
[2025-06-26 11:41:59] 23道第1台停车器通信超时
[2025-06-26 11:41:59] 23道第2台停车器通信超时
[2025-06-26 11:41:59] 23道第3台停车器通信超时
[2025-06-26 11:41:59] 23道防溜器通信超时
[2025-06-26 11:41:59] 24道第1台停车器通信超时
[2025-06-26 11:41:59] 24道第2台停车器通信超时
[2025-06-26 11:41:59] 24道第3台停车器通信超时
[2025-06-26 11:41:59] 24道防溜器通信超时
[2025-06-26 11:42:03] 21道第1台防溜器进入运行模式
[2025-06-26 11:42:03] 21道防溜器制动到位（远程）
[2025-06-26 11:42:15] 用户确认切换为集控模式，已发送 ACQ 指令
[2025-06-26 11:42:32] 用户确认切换为集控模式，已发送 ACQ 指令
[2025-06-26 11:42:38] 用户确认切换为集控模式，已发送 ACQ 指令
[2025-06-26 11:42:47] 用户确认切换为集控模式，已发送 ACQ 指令
[2025-06-26 11:43:07] 21道防溜器通信超时
[2025-06-26 11:43:22] A机进入主用状态
[2025-06-26 11:43:22] A机在线
[2025-06-26 11:43:22] B机进入备用状态
[2025-06-26 11:43:22] B机离线
[2025-06-26 11:43:23] 21道第1台防溜器进入运行模式
[2025-06-26 11:43:23] 21道防溜器制动到位（远程）
[2025-06-26 11:43:27] 2道第1台停车器通信超时
[2025-06-26 11:43:27] 2道第2台停车器通信超时
[2025-06-26 11:43:27] 2道第3台停车器通信超时
[2025-06-26 11:43:27] 2道防溜器通信超时
[2025-06-26 11:43:27] 3道第1台停车器通信超时
[2025-06-26 11:43:27] 3道第2台停车器通信超时
[2025-06-26 11:43:27] 3道第3台停车器通信超时
[2025-06-26 11:43:27] 3道防溜器通信超时
[2025-06-26 11:43:27] 4道第1台停车器通信超时
[2025-06-26 11:43:27] 4道第2台停车器通信超时
[2025-06-26 11:43:27] 4道第3台停车器通信超时
[2025-06-26 11:43:27] 4道防溜器通信超时
[2025-06-26 11:43:27] 5道第1台停车器通信超时
[2025-06-26 11:43:27] 5道第2台停车器通信超时
[2025-06-26 11:43:27] 5道第3台停车器通信超时
[2025-06-26 11:43:27] 5道防溜器通信超时
[2025-06-26 11:43:27] 6道第1台停车器通信超时
[2025-06-26 11:43:27] 6道第2台停车器通信超时
[2025-06-26 11:43:27] 6道第3台停车器通信超时
[2025-06-26 11:43:27] 6道防溜器通信超时
[2025-06-26 11:43:27] 7道第1台停车器通信超时
[2025-06-26 11:43:27] 7道第2台停车器通信超时
[2025-06-26 11:43:27] 7道第3台停车器通信超时
[2025-06-26 11:43:27] 7道防溜器通信超时
[2025-06-26 11:43:27] 8道第1台停车器通信超时
[2025-06-26 11:43:27] 8道第2台停车器通信超时
[2025-06-26 11:43:27] 8道第3台停车器通信超时
[2025-06-26 11:43:27] 8道防溜器通信超时
[2025-06-26 11:43:27] 9道第1台停车器通信超时
[2025-06-26 11:43:27] 9道第2台停车器通信超时
[2025-06-26 11:43:27] 9道第3台停车器通信超时
[2025-06-26 11:43:27] 9道防溜器通信超时
[2025-06-26 11:43:27] 10道第1台停车器通信超时
[2025-06-26 11:43:27] 10道第2台停车器通信超时
[2025-06-26 11:43:27] 10道第3台停车器通信超时
[2025-06-26 11:43:27] 10道防溜器通信超时
[2025-06-26 11:43:27] 11道第1台停车器通信超时
[2025-06-26 11:43:27] 11道第2台停车器通信超时
[2025-06-26 11:43:27] 11道第3台停车器通信超时
[2025-06-26 11:43:27] 11道防溜器通信超时
[2025-06-26 11:43:27] 12道第1台停车器通信超时
[2025-06-26 11:43:27] 12道第2台停车器通信超时
[2025-06-26 11:43:27] 12道第3台停车器通信超时
[2025-06-26 11:43:27] 12道防溜器通信超时
[2025-06-26 11:43:27] 13道第1台停车器通信超时
[2025-06-26 11:43:27] 13道第2台停车器通信超时
[2025-06-26 11:43:27] 13道第3台停车器通信超时
[2025-06-26 11:43:27] 13道防溜器通信超时
[2025-06-26 11:43:27] 14道第1台停车器通信超时
[2025-06-26 11:43:27] 14道第2台停车器通信超时
[2025-06-26 11:43:27] 14道第3台停车器通信超时
[2025-06-26 11:43:27] 14道防溜器通信超时
[2025-06-26 11:43:27] 15道第1台停车器通信超时
[2025-06-26 11:43:27] 15道第2台停车器通信超时
[2025-06-26 11:43:27] 15道第3台停车器通信超时
[2025-06-26 11:43:27] 15道防溜器通信超时
[2025-06-26 11:43:27] 16道第1台停车器通信超时
[2025-06-26 11:43:27] 16道第2台停车器通信超时
[2025-06-26 11:43:27] 16道第3台停车器通信超时
[2025-06-26 11:43:27] 16道防溜器通信超时
[2025-06-26 11:43:27] 17道第1台停车器通信超时
[2025-06-26 11:43:27] 17道第2台停车器通信超时
[2025-06-26 11:43:27] 17道第3台停车器通信超时
[2025-06-26 11:43:27] 17道防溜器通信超时
[2025-06-26 11:43:27] 18道第1台停车器通信超时
[2025-06-26 11:43:27] 18道第2台停车器通信超时
[2025-06-26 11:43:27] 18道第3台停车器通信超时
[2025-06-26 11:43:27] 18道防溜器通信超时
[2025-06-26 11:43:27] 19道第1台停车器通信超时
[2025-06-26 11:43:27] 19道第2台停车器通信超时
[2025-06-26 11:43:27] 19道第3台停车器通信超时
[2025-06-26 11:43:27] 19道防溜器通信超时
[2025-06-26 11:43:27] 20道第1台停车器通信超时
[2025-06-26 11:43:27] 20道第2台停车器通信超时
[2025-06-26 11:43:27] 20道第3台停车器通信超时
[2025-06-26 11:43:27] 20道防溜器通信超时
[2025-06-26 11:43:27] 21道第1台停车器通信超时
[2025-06-26 11:43:27] 21道第2台停车器通信超时
[2025-06-26 11:43:27] 21道第3台停车器通信超时
[2025-06-26 11:43:27] 22道第1台停车器通信超时
[2025-06-26 11:43:27] 22道第2台停车器通信超时
[2025-06-26 11:43:27] 22道第3台停车器通信超时
[2025-06-26 11:43:27] 22道防溜器通信超时
[2025-06-26 11:43:27] 23道第1台停车器通信超时
[2025-06-26 11:43:27] 23道第2台停车器通信超时
[2025-06-26 11:43:27] 23道第3台停车器通信超时
[2025-06-26 11:43:27] 23道防溜器通信超时
[2025-06-26 11:43:27] 24道第1台停车器通信超时
[2025-06-26 11:43:27] 24道第2台停车器通信超时
[2025-06-26 11:43:27] 24道第3台停车器通信超时
[2025-06-26 11:43:27] 24道防溜器通信超时
[2025-06-26 11:43:31] 用户确认切换为集控模式，已发送 ACQ 指令
[2025-06-26 11:43:38] SAM控制（21道）防溜器 缓解
[2025-06-26 11:43:39] 21道防溜器缓解中（远程）
[2025-06-26 11:43:41] 21道防溜器缓解到位（远程）
[2025-06-26 11:43:44] SAM控制（21道）防溜器 制动
[2025-06-26 11:43:44] 21道防溜器制动中（远程）
[2025-06-26 11:43:46] 21道防溜器制动到位（远程）
[2025-06-26 11:45:16] 21道防溜器通信超时
[2025-06-26 11:45:22] A机进入主用状态
[2025-06-26 11:45:22] A机在线
[2025-06-26 13:12:11] A机进入主用状态
[2025-06-26 13:12:11] A机在线
[2025-06-26 13:12:11] B机进入备用状态
[2025-06-26 13:12:11] B机离线
[2025-06-26 13:12:16] 2道第1台停车器通信超时
[2025-06-26 13:12:16] 2道第2台停车器通信超时
[2025-06-26 13:12:16] 2道第3台停车器通信超时
[2025-06-26 13:12:16] 2道防溜器通信超时
[2025-06-26 13:12:16] 3道第1台停车器通信超时
[2025-06-26 13:12:16] 3道第2台停车器通信超时
[2025-06-26 13:12:16] 3道第3台停车器通信超时
[2025-06-26 13:12:16] 3道防溜器通信超时
[2025-06-26 13:12:16] 4道第1台停车器通信超时
[2025-06-26 13:12:16] 4道第2台停车器通信超时
[2025-06-26 13:12:16] 4道第3台停车器通信超时
[2025-06-26 13:12:16] 4道防溜器通信超时
[2025-06-26 13:12:16] 5道第1台停车器通信超时
[2025-06-26 13:12:16] 5道第2台停车器通信超时
[2025-06-26 13:12:16] 5道第3台停车器通信超时
[2025-06-26 13:12:16] 5道防溜器通信超时
[2025-06-26 13:12:16] 6道第1台停车器通信超时
[2025-06-26 13:12:16] 6道第2台停车器通信超时
[2025-06-26 13:12:16] 6道第3台停车器通信超时
[2025-06-26 13:12:16] 6道防溜器通信超时
[2025-06-26 13:12:16] 7道第1台停车器通信超时
[2025-06-26 13:12:16] 7道第2台停车器通信超时
[2025-06-26 13:12:16] 7道第3台停车器通信超时
[2025-06-26 13:12:16] 7道防溜器通信超时
[2025-06-26 13:12:16] 8道第1台停车器通信超时
[2025-06-26 13:12:16] 8道第2台停车器通信超时
[2025-06-26 13:12:16] 8道第3台停车器通信超时
[2025-06-26 13:12:16] 8道防溜器通信超时
[2025-06-26 13:12:16] 9道第1台停车器通信超时
[2025-06-26 13:12:16] 9道第2台停车器通信超时
[2025-06-26 13:12:16] 9道第3台停车器通信超时
[2025-06-26 13:12:16] 9道防溜器通信超时
[2025-06-26 13:12:16] 10道第1台停车器通信超时
[2025-06-26 13:12:16] 10道第2台停车器通信超时
[2025-06-26 13:12:16] 10道第3台停车器通信超时
[2025-06-26 13:12:16] 10道防溜器通信超时
[2025-06-26 13:12:16] 11道第1台停车器通信超时
[2025-06-26 13:12:16] 11道第2台停车器通信超时
[2025-06-26 13:12:16] 11道第3台停车器通信超时
[2025-06-26 13:12:16] 11道防溜器通信超时
[2025-06-26 13:12:16] 12道第1台停车器通信超时
[2025-06-26 13:12:16] 12道第2台停车器通信超时
[2025-06-26 13:12:16] 12道第3台停车器通信超时
[2025-06-26 13:12:16] 12道防溜器通信超时
[2025-06-26 13:12:16] 13道第1台停车器通信超时
[2025-06-26 13:12:16] 13道第2台停车器通信超时
[2025-06-26 13:12:16] 13道第3台停车器通信超时
[2025-06-26 13:12:16] 13道防溜器通信超时
[2025-06-26 13:12:16] 14道第1台停车器通信超时
[2025-06-26 13:12:16] 14道第2台停车器通信超时
[2025-06-26 13:12:16] 14道第3台停车器通信超时
[2025-06-26 13:12:16] 14道防溜器通信超时
[2025-06-26 13:12:16] 15道第1台停车器通信超时
[2025-06-26 13:12:16] 15道第2台停车器通信超时
[2025-06-26 13:12:16] 15道第3台停车器通信超时
[2025-06-26 13:12:16] 15道防溜器通信超时
[2025-06-26 13:12:16] 16道第1台停车器通信超时
[2025-06-26 13:12:16] 16道第2台停车器通信超时
[2025-06-26 13:12:16] 16道第3台停车器通信超时
[2025-06-26 13:12:16] 16道防溜器通信超时
[2025-06-26 13:12:16] 17道第1台停车器通信超时
[2025-06-26 13:12:16] 17道第2台停车器通信超时
[2025-06-26 13:12:16] 17道第3台停车器通信超时
[2025-06-26 13:12:16] 17道防溜器通信超时
[2025-06-26 13:12:16] 18道第1台停车器通信超时
[2025-06-26 13:12:16] 18道第2台停车器通信超时
[2025-06-26 13:12:16] 18道第3台停车器通信超时
[2025-06-26 13:12:16] 18道防溜器通信超时
[2025-06-26 13:12:16] 19道第1台停车器通信超时
[2025-06-26 13:12:16] 19道第2台停车器通信超时
[2025-06-26 13:12:16] 19道第3台停车器通信超时
[2025-06-26 13:12:16] 19道防溜器通信超时
[2025-06-26 13:12:16] 20道第1台停车器通信超时
[2025-06-26 13:12:16] 20道第2台停车器通信超时
[2025-06-26 13:12:16] 20道第3台停车器通信超时
[2025-06-26 13:12:16] 20道防溜器通信超时
[2025-06-26 13:12:16] 21道第1台停车器通信超时
[2025-06-26 13:12:16] 21道第2台停车器通信超时
[2025-06-26 13:12:16] 21道第3台停车器通信超时
[2025-06-26 13:12:16] 21道防溜器通信超时
[2025-06-26 13:12:16] 22道第1台停车器通信超时
[2025-06-26 13:12:16] 22道第2台停车器通信超时
[2025-06-26 13:12:16] 22道第3台停车器通信超时
[2025-06-26 13:12:16] 22道防溜器通信超时
[2025-06-26 13:12:16] 23道第1台停车器通信超时
[2025-06-26 13:12:16] 23道第2台停车器通信超时
[2025-06-26 13:12:16] 23道第3台停车器通信超时
[2025-06-26 13:12:16] 23道防溜器通信超时
[2025-06-26 13:12:16] 24道第1台停车器通信超时
[2025-06-26 13:12:16] 24道第2台停车器通信超时
[2025-06-26 13:12:16] 24道第3台停车器通信超时
[2025-06-26 13:12:16] 24道防溜器通信超时
[2025-06-26 13:12:17] 用户确认切换为集控模式，已发送 ACQ 指令
[2025-06-26 13:15:47] A机进入主用状态
[2025-06-26 13:15:47] A机在线
[2025-06-26 13:15:47] B机进入备用状态
[2025-06-26 13:15:47] B机离线
[2025-06-26 13:15:48] 21道第1台防溜器进入运行模式
[2025-06-26 13:15:48] 21道防溜器制动到位（远程）
[2025-06-26 13:15:52] 2道第1台停车器通信超时
[2025-06-26 13:15:52] 2道第2台停车器通信超时
[2025-06-26 13:15:52] 2道第3台停车器通信超时
[2025-06-26 13:15:52] 2道防溜器通信超时
[2025-06-26 13:15:52] 3道第1台停车器通信超时
[2025-06-26 13:15:52] 3道第2台停车器通信超时
[2025-06-26 13:15:52] 3道第3台停车器通信超时
[2025-06-26 13:15:52] 3道防溜器通信超时
[2025-06-26 13:15:52] 4道第1台停车器通信超时
[2025-06-26 13:15:52] 4道第2台停车器通信超时
[2025-06-26 13:15:52] 4道第3台停车器通信超时
[2025-06-26 13:15:52] 4道防溜器通信超时
[2025-06-26 13:15:52] 5道第1台停车器通信超时
[2025-06-26 13:15:52] 5道第2台停车器通信超时
[2025-06-26 13:15:52] 5道第3台停车器通信超时
[2025-06-26 13:15:52] 5道防溜器通信超时
[2025-06-26 13:15:52] 6道第1台停车器通信超时
[2025-06-26 13:15:52] 6道第2台停车器通信超时
[2025-06-26 13:15:52] 6道第3台停车器通信超时
[2025-06-26 13:15:52] 6道防溜器通信超时
[2025-06-26 13:15:52] 7道第1台停车器通信超时
[2025-06-26 13:15:52] 7道第2台停车器通信超时
[2025-06-26 13:15:52] 7道第3台停车器通信超时
[2025-06-26 13:15:52] 7道防溜器通信超时
[2025-06-26 13:15:52] 8道第1台停车器通信超时
[2025-06-26 13:15:52] 8道第2台停车器通信超时
[2025-06-26 13:15:52] 8道第3台停车器通信超时
[2025-06-26 13:15:52] 8道防溜器通信超时
[2025-06-26 13:15:52] 9道第1台停车器通信超时
[2025-06-26 13:15:52] 9道第2台停车器通信超时
[2025-06-26 13:15:52] 9道第3台停车器通信超时
[2025-06-26 13:15:52] 9道防溜器通信超时
[2025-06-26 13:15:52] 10道第1台停车器通信超时
[2025-06-26 13:15:52] 10道第2台停车器通信超时
[2025-06-26 13:15:52] 10道第3台停车器通信超时
[2025-06-26 13:15:52] 10道防溜器通信超时
[2025-06-26 13:15:52] 11道第1台停车器通信超时
[2025-06-26 13:15:52] 11道第2台停车器通信超时
[2025-06-26 13:15:52] 11道第3台停车器通信超时
[2025-06-26 13:15:52] 11道防溜器通信超时
[2025-06-26 13:15:52] 12道第1台停车器通信超时
[2025-06-26 13:15:52] 12道第2台停车器通信超时
[2025-06-26 13:15:52] 12道第3台停车器通信超时
[2025-06-26 13:15:52] 12道防溜器通信超时
[2025-06-26 13:15:52] 13道第1台停车器通信超时
[2025-06-26 13:15:52] 13道第2台停车器通信超时
[2025-06-26 13:15:52] 13道第3台停车器通信超时
[2025-06-26 13:15:52] 13道防溜器通信超时
[2025-06-26 13:15:52] 14道第1台停车器通信超时
[2025-06-26 13:15:52] 14道第2台停车器通信超时
[2025-06-26 13:15:52] 14道第3台停车器通信超时
[2025-06-26 13:15:52] 14道防溜器通信超时
[2025-06-26 13:15:52] 15道第1台停车器通信超时
[2025-06-26 13:15:52] 15道第2台停车器通信超时
[2025-06-26 13:15:52] 15道第3台停车器通信超时
[2025-06-26 13:15:52] 15道防溜器通信超时
[2025-06-26 13:15:52] 16道第1台停车器通信超时
[2025-06-26 13:15:52] 16道第2台停车器通信超时
[2025-06-26 13:15:52] 16道第3台停车器通信超时
[2025-06-26 13:15:52] 16道防溜器通信超时
[2025-06-26 13:15:52] 17道第1台停车器通信超时
[2025-06-26 13:15:52] 17道第2台停车器通信超时
[2025-06-26 13:15:52] 17道第3台停车器通信超时
[2025-06-26 13:15:52] 17道防溜器通信超时
[2025-06-26 13:15:52] 18道第1台停车器通信超时
[2025-06-26 13:15:52] 18道第2台停车器通信超时
[2025-06-26 13:15:52] 18道第3台停车器通信超时
[2025-06-26 13:15:52] 18道防溜器通信超时
[2025-06-26 13:15:52] 19道第1台停车器通信超时
[2025-06-26 13:15:52] 19道第2台停车器通信超时
[2025-06-26 13:15:52] 19道第3台停车器通信超时
[2025-06-26 13:15:52] 19道防溜器通信超时
[2025-06-26 13:15:52] 20道第1台停车器通信超时
[2025-06-26 13:15:52] 20道第2台停车器通信超时
[2025-06-26 13:15:52] 20道第3台停车器通信超时
[2025-06-26 13:15:52] 20道防溜器通信超时
[2025-06-26 13:15:52] 21道第1台停车器通信超时
[2025-06-26 13:15:52] 21道第2台停车器通信超时
[2025-06-26 13:15:52] 21道第3台停车器通信超时
[2025-06-26 13:15:52] 22道第1台停车器通信超时
[2025-06-26 13:15:52] 22道第2台停车器通信超时
[2025-06-26 13:15:52] 22道第3台停车器通信超时
[2025-06-26 13:15:52] 22道防溜器通信超时
[2025-06-26 13:15:52] 23道第1台停车器通信超时
[2025-06-26 13:15:52] 23道第2台停车器通信超时
[2025-06-26 13:15:52] 23道第3台停车器通信超时
[2025-06-26 13:15:52] 23道防溜器通信超时
[2025-06-26 13:15:52] 24道第1台停车器通信超时
[2025-06-26 13:15:52] 24道第2台停车器通信超时
[2025-06-26 13:15:52] 24道第3台停车器通信超时
[2025-06-26 13:15:52] 24道防溜器通信超时
[2025-06-26 13:20:17] A机进入主用状态
[2025-06-26 13:20:17] A机在线
[2025-06-26 13:20:17] B机进入备用状态
[2025-06-26 13:20:17] B机离线
[2025-06-26 13:20:18] 21道第1台防溜器进入运行模式
[2025-06-26 13:20:18] 21道防溜器制动到位（远程）
[2025-06-26 13:20:22] 2道第1台停车器通信超时
[2025-06-26 13:20:22] 2道第2台停车器通信超时
[2025-06-26 13:20:22] 2道第3台停车器通信超时
[2025-06-26 13:20:22] 2道防溜器通信超时
[2025-06-26 13:20:22] 3道第1台停车器通信超时
[2025-06-26 13:20:22] 3道第2台停车器通信超时
[2025-06-26 13:20:22] 3道第3台停车器通信超时
[2025-06-26 13:20:22] 3道防溜器通信超时
[2025-06-26 13:20:22] 4道第1台停车器通信超时
[2025-06-26 13:20:22] 4道第2台停车器通信超时
[2025-06-26 13:20:22] 4道第3台停车器通信超时
[2025-06-26 13:20:22] 4道防溜器通信超时
[2025-06-26 13:20:22] 5道第1台停车器通信超时
[2025-06-26 13:20:22] 5道第2台停车器通信超时
[2025-06-26 13:20:22] 5道第3台停车器通信超时
[2025-06-26 13:20:22] 5道防溜器通信超时
[2025-06-26 13:20:22] 6道第1台停车器通信超时
[2025-06-26 13:20:22] 6道第2台停车器通信超时
[2025-06-26 13:20:22] 6道第3台停车器通信超时
[2025-06-26 13:20:22] 6道防溜器通信超时
[2025-06-26 13:20:22] 7道第1台停车器通信超时
[2025-06-26 13:20:22] 7道第2台停车器通信超时
[2025-06-26 13:20:22] 7道第3台停车器通信超时
[2025-06-26 13:20:22] 7道防溜器通信超时
[2025-06-26 13:20:22] 8道第1台停车器通信超时
[2025-06-26 13:20:22] 8道第2台停车器通信超时
[2025-06-26 13:20:22] 8道第3台停车器通信超时
[2025-06-26 13:20:22] 8道防溜器通信超时
[2025-06-26 13:20:22] 9道第1台停车器通信超时
[2025-06-26 13:20:22] 9道第2台停车器通信超时
[2025-06-26 13:20:22] 9道第3台停车器通信超时
[2025-06-26 13:20:22] 9道防溜器通信超时
[2025-06-26 13:20:22] 10道第1台停车器通信超时
[2025-06-26 13:20:22] 10道第2台停车器通信超时
[2025-06-26 13:20:22] 10道第3台停车器通信超时
[2025-06-26 13:20:22] 10道防溜器通信超时
[2025-06-26 13:20:22] 11道第1台停车器通信超时
[2025-06-26 13:20:22] 11道第2台停车器通信超时
[2025-06-26 13:20:22] 11道第3台停车器通信超时
[2025-06-26 13:20:22] 11道防溜器通信超时
[2025-06-26 13:20:22] 12道第1台停车器通信超时
[2025-06-26 13:20:22] 12道第2台停车器通信超时
[2025-06-26 13:20:22] 12道第3台停车器通信超时
[2025-06-26 13:20:22] 12道防溜器通信超时
[2025-06-26 13:20:22] 13道第1台停车器通信超时
[2025-06-26 13:20:22] 13道第2台停车器通信超时
[2025-06-26 13:20:22] 13道第3台停车器通信超时
[2025-06-26 13:20:22] 13道防溜器通信超时
[2025-06-26 13:20:22] 14道第1台停车器通信超时
[2025-06-26 13:20:22] 14道第2台停车器通信超时
[2025-06-26 13:20:22] 14道第3台停车器通信超时
[2025-06-26 13:20:22] 14道防溜器通信超时
[2025-06-26 13:20:22] 15道第1台停车器通信超时
[2025-06-26 13:20:22] 15道第2台停车器通信超时
[2025-06-26 13:20:22] 15道第3台停车器通信超时
[2025-06-26 13:20:22] 15道防溜器通信超时
[2025-06-26 13:20:22] 16道第1台停车器通信超时
[2025-06-26 13:20:22] 16道第2台停车器通信超时
[2025-06-26 13:20:22] 16道第3台停车器通信超时
[2025-06-26 13:20:22] 16道防溜器通信超时
[2025-06-26 13:20:22] 17道第1台停车器通信超时
[2025-06-26 13:20:22] 17道第2台停车器通信超时
[2025-06-26 13:20:22] 17道第3台停车器通信超时
[2025-06-26 13:20:22] 17道防溜器通信超时
[2025-06-26 13:20:22] 18道第1台停车器通信超时
[2025-06-26 13:20:22] 18道第2台停车器通信超时
[2025-06-26 13:20:22] 18道第3台停车器通信超时
[2025-06-26 13:20:22] 18道防溜器通信超时
[2025-06-26 13:20:22] 19道第1台停车器通信超时
[2025-06-26 13:20:22] 19道第2台停车器通信超时
[2025-06-26 13:20:22] 19道第3台停车器通信超时
[2025-06-26 13:20:22] 19道防溜器通信超时
[2025-06-26 13:20:22] 20道第1台停车器通信超时
[2025-06-26 13:20:22] 20道第2台停车器通信超时
[2025-06-26 13:20:22] 20道第3台停车器通信超时
[2025-06-26 13:20:22] 20道防溜器通信超时
[2025-06-26 13:20:22] 21道第1台停车器通信超时
[2025-06-26 13:20:22] 21道第2台停车器通信超时
[2025-06-26 13:20:22] 21道第3台停车器通信超时
[2025-06-26 13:20:22] 22道第1台停车器通信超时
[2025-06-26 13:20:22] 22道第2台停车器通信超时
[2025-06-26 13:20:22] 22道第3台停车器通信超时
[2025-06-26 13:20:22] 22道防溜器通信超时
[2025-06-26 13:20:22] 23道第1台停车器通信超时
[2025-06-26 13:20:22] 23道第2台停车器通信超时
[2025-06-26 13:20:22] 23道第3台停车器通信超时
[2025-06-26 13:20:22] 23道防溜器通信超时
[2025-06-26 13:20:22] 24道第1台停车器通信超时
[2025-06-26 13:20:22] 24道第2台停车器通信超时
[2025-06-26 13:20:22] 24道第3台停车器通信超时
[2025-06-26 13:20:22] 24道防溜器通信超时
[2025-06-26 13:20:50] 用户确认切换为集控模式，已发送 ACQ 指令
[2025-06-26 13:39:50] A机进入主用状态
[2025-06-26 13:39:50] A机在线
[2025-06-26 13:39:50] B机进入备用状态
[2025-06-26 13:39:50] B机离线
[2025-06-26 13:39:51] 21道第1台防溜器进入运行模式
[2025-06-26 13:39:51] 21道防溜器制动到位（远程）
[2025-06-26 13:39:55] 2道第1台停车器通信超时
[2025-06-26 13:39:55] 2道第2台停车器通信超时
[2025-06-26 13:39:55] 2道第3台停车器通信超时
[2025-06-26 13:39:55] 2道防溜器通信超时
[2025-06-26 13:39:55] 3道第1台停车器通信超时
[2025-06-26 13:39:55] 3道第2台停车器通信超时
[2025-06-26 13:39:55] 3道第3台停车器通信超时
[2025-06-26 13:39:55] 3道防溜器通信超时
[2025-06-26 13:39:55] 4道第1台停车器通信超时
[2025-06-26 13:39:55] 4道第2台停车器通信超时
[2025-06-26 13:39:55] 4道第3台停车器通信超时
[2025-06-26 13:39:55] 4道防溜器通信超时
[2025-06-26 13:39:55] 5道第1台停车器通信超时
[2025-06-26 13:39:55] 5道第2台停车器通信超时
[2025-06-26 13:39:55] 5道第3台停车器通信超时
[2025-06-26 13:39:55] 5道防溜器通信超时
[2025-06-26 13:39:55] 6道第1台停车器通信超时
[2025-06-26 13:39:55] 6道第2台停车器通信超时
[2025-06-26 13:39:55] 6道第3台停车器通信超时
[2025-06-26 13:39:55] 6道防溜器通信超时
[2025-06-26 13:39:55] 7道第1台停车器通信超时
[2025-06-26 13:39:55] 7道第2台停车器通信超时
[2025-06-26 13:39:55] 7道第3台停车器通信超时
[2025-06-26 13:39:55] 7道防溜器通信超时
[2025-06-26 13:39:55] 8道第1台停车器通信超时
[2025-06-26 13:39:55] 8道第2台停车器通信超时
[2025-06-26 13:39:55] 8道第3台停车器通信超时
[2025-06-26 13:39:55] 8道防溜器通信超时
[2025-06-26 13:39:55] 9道第1台停车器通信超时
[2025-06-26 13:39:55] 9道第2台停车器通信超时
[2025-06-26 13:39:55] 9道第3台停车器通信超时
[2025-06-26 13:39:55] 9道防溜器通信超时
[2025-06-26 13:39:55] 10道第1台停车器通信超时
[2025-06-26 13:39:55] 10道第2台停车器通信超时
[2025-06-26 13:39:55] 10道第3台停车器通信超时
[2025-06-26 13:39:55] 10道防溜器通信超时
[2025-06-26 13:39:55] 11道第1台停车器通信超时
[2025-06-26 13:39:55] 11道第2台停车器通信超时
[2025-06-26 13:39:55] 11道第3台停车器通信超时
[2025-06-26 13:39:55] 11道防溜器通信超时
[2025-06-26 13:39:55] 12道第1台停车器通信超时
[2025-06-26 13:39:55] 12道第2台停车器通信超时
[2025-06-26 13:39:55] 12道第3台停车器通信超时
[2025-06-26 13:39:55] 12道防溜器通信超时
[2025-06-26 13:39:55] 13道第1台停车器通信超时
[2025-06-26 13:39:55] 13道第2台停车器通信超时
[2025-06-26 13:39:55] 13道第3台停车器通信超时
[2025-06-26 13:39:55] 13道防溜器通信超时
[2025-06-26 13:39:55] 14道第1台停车器通信超时
[2025-06-26 13:39:55] 14道第2台停车器通信超时
[2025-06-26 13:39:55] 14道第3台停车器通信超时
[2025-06-26 13:39:55] 14道防溜器通信超时
[2025-06-26 13:39:55] 15道第1台停车器通信超时
[2025-06-26 13:39:55] 15道第2台停车器通信超时
[2025-06-26 13:39:55] 15道第3台停车器通信超时
[2025-06-26 13:39:55] 15道防溜器通信超时
[2025-06-26 13:39:55] 16道第1台停车器通信超时
[2025-06-26 13:39:55] 16道第2台停车器通信超时
[2025-06-26 13:39:55] 16道第3台停车器通信超时
[2025-06-26 13:39:55] 16道防溜器通信超时
[2025-06-26 13:39:55] 17道第1台停车器通信超时
[2025-06-26 13:39:55] 17道第2台停车器通信超时
[2025-06-26 13:39:55] 17道第3台停车器通信超时
[2025-06-26 13:39:55] 17道防溜器通信超时
[2025-06-26 13:39:55] 18道第1台停车器通信超时
[2025-06-26 13:39:55] 18道第2台停车器通信超时
[2025-06-26 13:39:55] 18道第3台停车器通信超时
[2025-06-26 13:39:55] 18道防溜器通信超时
[2025-06-26 13:39:55] 19道第1台停车器通信超时
[2025-06-26 13:39:55] 19道第2台停车器通信超时
[2025-06-26 13:39:55] 19道第3台停车器通信超时
[2025-06-26 13:39:55] 19道防溜器通信超时
[2025-06-26 13:39:55] 20道第1台停车器通信超时
[2025-06-26 13:39:55] 20道第2台停车器通信超时
[2025-06-26 13:39:55] 20道第3台停车器通信超时
[2025-06-26 13:39:55] 20道防溜器通信超时
[2025-06-26 13:39:55] 21道第1台停车器通信超时
[2025-06-26 13:39:55] 21道第2台停车器通信超时
[2025-06-26 13:39:55] 21道第3台停车器通信超时
[2025-06-26 13:39:55] 22道第1台停车器通信超时
[2025-06-26 13:39:55] 22道第2台停车器通信超时
[2025-06-26 13:39:55] 22道第3台停车器通信超时
[2025-06-26 13:39:55] 22道防溜器通信超时
[2025-06-26 13:39:55] 23道第1台停车器通信超时
[2025-06-26 13:39:55] 23道第2台停车器通信超时
[2025-06-26 13:39:55] 23道第3台停车器通信超时
[2025-06-26 13:39:55] 23道防溜器通信超时
[2025-06-26 13:39:55] 24道第1台停车器通信超时
[2025-06-26 13:39:55] 24道第2台停车器通信超时
[2025-06-26 13:39:55] 24道第3台停车器通信超时
[2025-06-26 13:39:55] 24道防溜器通信超时
[2025-06-26 14:03:01] A机进入主用状态
[2025-06-26 14:03:01] A机在线
[2025-06-26 14:03:01] B机进入备用状态
[2025-06-26 14:03:01] B机离线
[2025-06-26 14:03:02] 21道第1台防溜器进入运行模式
[2025-06-26 14:03:02] 21道防溜器制动到位（远程）
[2025-06-26 14:03:06] 2道第1台停车器通信超时
[2025-06-26 14:03:06] 2道第2台停车器通信超时
[2025-06-26 14:03:06] 2道第3台停车器通信超时
[2025-06-26 14:03:06] 2道防溜器通信超时
[2025-06-26 14:03:06] 3道第1台停车器通信超时
[2025-06-26 14:03:06] 3道第2台停车器通信超时
[2025-06-26 14:03:06] 3道第3台停车器通信超时
[2025-06-26 14:03:06] 3道防溜器通信超时
[2025-06-26 14:03:06] 4道第1台停车器通信超时
[2025-06-26 14:03:06] 4道第2台停车器通信超时
[2025-06-26 14:03:06] 4道第3台停车器通信超时
[2025-06-26 14:03:06] 4道防溜器通信超时
[2025-06-26 14:03:06] 5道第1台停车器通信超时
[2025-06-26 14:03:06] 5道第2台停车器通信超时
[2025-06-26 14:03:06] 5道第3台停车器通信超时
[2025-06-26 14:03:06] 5道防溜器通信超时
[2025-06-26 14:03:06] 6道第1台停车器通信超时
[2025-06-26 14:03:06] 6道第2台停车器通信超时
[2025-06-26 14:03:06] 6道第3台停车器通信超时
[2025-06-26 14:03:06] 6道防溜器通信超时
[2025-06-26 14:03:06] 7道第1台停车器通信超时
[2025-06-26 14:03:06] 7道第2台停车器通信超时
[2025-06-26 14:03:06] 7道第3台停车器通信超时
[2025-06-26 14:03:06] 7道防溜器通信超时
[2025-06-26 14:03:06] 8道第1台停车器通信超时
[2025-06-26 14:03:06] 8道第2台停车器通信超时
[2025-06-26 14:03:06] 8道第3台停车器通信超时
[2025-06-26 14:03:06] 8道防溜器通信超时
[2025-06-26 14:03:06] 9道第1台停车器通信超时
[2025-06-26 14:03:06] 9道第2台停车器通信超时
[2025-06-26 14:03:06] 9道第3台停车器通信超时
[2025-06-26 14:03:06] 9道防溜器通信超时
[2025-06-26 14:03:06] 10道第1台停车器通信超时
[2025-06-26 14:03:06] 10道第2台停车器通信超时
[2025-06-26 14:03:06] 10道第3台停车器通信超时
[2025-06-26 14:03:06] 10道防溜器通信超时
[2025-06-26 14:03:06] 11道第1台停车器通信超时
[2025-06-26 14:03:06] 11道第2台停车器通信超时
[2025-06-26 14:03:06] 11道第3台停车器通信超时
[2025-06-26 14:03:06] 11道防溜器通信超时
[2025-06-26 14:03:06] 12道第1台停车器通信超时
[2025-06-26 14:03:06] 12道第2台停车器通信超时
[2025-06-26 14:03:06] 12道第3台停车器通信超时
[2025-06-26 14:03:06] 12道防溜器通信超时
[2025-06-26 14:03:06] 13道第1台停车器通信超时
[2025-06-26 14:03:06] 13道第2台停车器通信超时
[2025-06-26 14:03:06] 13道第3台停车器通信超时
[2025-06-26 14:03:06] 13道防溜器通信超时
[2025-06-26 14:03:06] 14道第1台停车器通信超时
[2025-06-26 14:03:06] 14道第2台停车器通信超时
[2025-06-26 14:03:06] 14道第3台停车器通信超时
[2025-06-26 14:03:06] 14道防溜器通信超时
[2025-06-26 14:03:06] 15道第1台停车器通信超时
[2025-06-26 14:03:06] 15道第2台停车器通信超时
[2025-06-26 14:03:06] 15道第3台停车器通信超时
[2025-06-26 14:03:06] 15道防溜器通信超时
[2025-06-26 14:03:06] 16道第1台停车器通信超时
[2025-06-26 14:03:06] 16道第2台停车器通信超时
[2025-06-26 14:03:06] 16道第3台停车器通信超时
[2025-06-26 14:03:06] 16道防溜器通信超时
[2025-06-26 14:03:06] 17道第1台停车器通信超时
[2025-06-26 14:03:06] 17道第2台停车器通信超时
[2025-06-26 14:03:06] 17道第3台停车器通信超时
[2025-06-26 14:03:06] 17道防溜器通信超时
[2025-06-26 14:03:06] 18道第1台停车器通信超时
[2025-06-26 14:03:06] 18道第2台停车器通信超时
[2025-06-26 14:03:06] 18道第3台停车器通信超时
[2025-06-26 14:03:06] 18道防溜器通信超时
[2025-06-26 14:03:06] 19道第1台停车器通信超时
[2025-06-26 14:03:06] 19道第2台停车器通信超时
[2025-06-26 14:03:06] 19道第3台停车器通信超时
[2025-06-26 14:03:06] 19道防溜器通信超时
[2025-06-26 14:03:06] 20道第1台停车器通信超时
[2025-06-26 14:03:06] 20道第2台停车器通信超时
[2025-06-26 14:03:06] 20道第3台停车器通信超时
[2025-06-26 14:03:06] 20道防溜器通信超时
[2025-06-26 14:03:06] 21道第1台停车器通信超时
[2025-06-26 14:03:06] 21道第2台停车器通信超时
[2025-06-26 14:03:06] 21道第3台停车器通信超时
[2025-06-26 14:03:06] 22道第1台停车器通信超时
[2025-06-26 14:03:06] 22道第2台停车器通信超时
[2025-06-26 14:03:06] 22道第3台停车器通信超时
[2025-06-26 14:03:06] 22道防溜器通信超时
[2025-06-26 14:03:06] 23道第1台停车器通信超时
[2025-06-26 14:03:06] 23道第2台停车器通信超时
[2025-06-26 14:03:06] 23道第3台停车器通信超时
[2025-06-26 14:03:06] 23道防溜器通信超时
[2025-06-26 14:03:06] 24道第1台停车器通信超时
[2025-06-26 14:03:06] 24道第2台停车器通信超时
[2025-06-26 14:03:06] 24道第3台停车器通信超时
[2025-06-26 14:03:06] 24道防溜器通信超时
[2025-06-26 14:04:16] A机进入主用状态
[2025-06-26 14:04:16] A机在线
[2025-06-26 14:04:16] B机进入备用状态
[2025-06-26 14:04:16] B机离线
[2025-06-26 14:04:17] 21道第1台防溜器进入运行模式
[2025-06-26 14:04:17] 21道防溜器制动到位（远程）
[2025-06-26 14:04:20] 2道第1台停车器通信超时
[2025-06-26 14:04:20] 2道第2台停车器通信超时
[2025-06-26 14:04:20] 2道第3台停车器通信超时
[2025-06-26 14:04:20] 2道防溜器通信超时
[2025-06-26 14:04:20] 3道第1台停车器通信超时
[2025-06-26 14:04:20] 3道第2台停车器通信超时
[2025-06-26 14:04:20] 3道第3台停车器通信超时
[2025-06-26 14:04:21] 3道防溜器通信超时
[2025-06-26 14:04:21] 4道第1台停车器通信超时
[2025-06-26 14:04:21] 4道第2台停车器通信超时
[2025-06-26 14:04:21] 4道第3台停车器通信超时
[2025-06-26 14:04:21] 4道防溜器通信超时
[2025-06-26 14:04:21] 5道第1台停车器通信超时
[2025-06-26 14:04:21] 5道第2台停车器通信超时
[2025-06-26 14:04:22] 5道第3台停车器通信超时
[2025-06-26 14:04:22] 5道防溜器通信超时
[2025-06-26 14:04:22] 6道第1台停车器通信超时
[2025-06-26 14:04:22] 6道第2台停车器通信超时
[2025-06-26 14:04:22] 6道第3台停车器通信超时
[2025-06-26 14:04:22] 6道防溜器通信超时
[2025-06-26 14:04:22] 7道第1台停车器通信超时
[2025-06-26 14:04:22] 7道第2台停车器通信超时
[2025-06-26 14:04:22] 7道第3台停车器通信超时
[2025-06-26 14:04:22] 7道防溜器通信超时
[2025-06-26 14:04:22] 8道第1台停车器通信超时
[2025-06-26 14:04:22] 8道第2台停车器通信超时
[2025-06-26 14:04:22] 8道第3台停车器通信超时
[2025-06-26 14:04:22] 8道防溜器通信超时
[2025-06-26 14:04:22] 9道第1台停车器通信超时
[2025-06-26 14:04:22] 9道第2台停车器通信超时
[2025-06-26 14:04:22] 9道第3台停车器通信超时
[2025-06-26 14:04:22] 9道防溜器通信超时
[2025-06-26 14:04:22] 10道第1台停车器通信超时
[2025-06-26 14:04:22] 10道第2台停车器通信超时
[2025-06-26 14:04:22] 10道第3台停车器通信超时
[2025-06-26 14:04:22] 10道防溜器通信超时
[2025-06-26 14:04:22] 11道第1台停车器通信超时
[2025-06-26 14:04:22] 11道第2台停车器通信超时
[2025-06-26 14:04:22] 11道第3台停车器通信超时
[2025-06-26 14:04:22] 11道防溜器通信超时
[2025-06-26 14:04:22] 12道第1台停车器通信超时
[2025-06-26 14:04:22] 12道第2台停车器通信超时
[2025-06-26 14:04:22] 12道第3台停车器通信超时
[2025-06-26 14:04:22] 12道防溜器通信超时
[2025-06-26 14:04:22] 13道第1台停车器通信超时
[2025-06-26 14:04:22] 13道第2台停车器通信超时
[2025-06-26 14:04:22] 13道第3台停车器通信超时
[2025-06-26 14:04:22] 13道防溜器通信超时
[2025-06-26 14:04:22] 14道第1台停车器通信超时
[2025-06-26 14:04:22] 14道第2台停车器通信超时
[2025-06-26 14:04:22] 14道第3台停车器通信超时
[2025-06-26 14:04:22] 14道防溜器通信超时
[2025-06-26 14:04:22] 15道第1台停车器通信超时
[2025-06-26 14:04:22] 15道第2台停车器通信超时
[2025-06-26 14:04:22] 15道第3台停车器通信超时
[2025-06-26 14:04:22] 15道防溜器通信超时
[2025-06-26 14:04:22] 16道第1台停车器通信超时
[2025-06-26 14:04:22] 16道第2台停车器通信超时
[2025-06-26 14:04:22] 16道第3台停车器通信超时
[2025-06-26 14:04:22] 16道防溜器通信超时
[2025-06-26 14:04:22] 17道第1台停车器通信超时
[2025-06-26 14:04:22] 17道第2台停车器通信超时
[2025-06-26 14:04:22] 17道第3台停车器通信超时
[2025-06-26 14:04:22] 17道防溜器通信超时
[2025-06-26 14:04:22] 18道第1台停车器通信超时
[2025-06-26 14:04:22] 18道第2台停车器通信超时
[2025-06-26 14:04:22] 18道第3台停车器通信超时
[2025-06-26 14:04:22] 18道防溜器通信超时
[2025-06-26 14:04:22] 19道第1台停车器通信超时
[2025-06-26 14:04:22] 19道第2台停车器通信超时
[2025-06-26 14:04:22] 19道第3台停车器通信超时
[2025-06-26 14:04:22] 19道防溜器通信超时
[2025-06-26 14:04:22] 20道第1台停车器通信超时
[2025-06-26 14:04:22] 20道第2台停车器通信超时
[2025-06-26 14:04:22] 20道第3台停车器通信超时
[2025-06-26 14:04:22] 20道防溜器通信超时
[2025-06-26 14:04:22] 21道第1台停车器通信超时
[2025-06-26 14:04:22] 21道第2台停车器通信超时
[2025-06-26 14:04:22] 21道第3台停车器通信超时
[2025-06-26 14:04:22] 22道第1台停车器通信超时
[2025-06-26 14:04:22] 22道第2台停车器通信超时
[2025-06-26 14:04:22] 22道第3台停车器通信超时
[2025-06-26 14:04:22] 22道防溜器通信超时
[2025-06-26 14:04:22] 23道第1台停车器通信超时
[2025-06-26 14:04:22] 23道第2台停车器通信超时
[2025-06-26 14:04:22] 23道第3台停车器通信超时
[2025-06-26 14:04:22] 23道防溜器通信超时
[2025-06-26 14:04:22] 24道第1台停车器通信超时
[2025-06-26 14:04:22] 24道第2台停车器通信超时
[2025-06-26 14:04:22] 24道第3台停车器通信超时
[2025-06-26 14:04:22] 24道防溜器通信超时
[2025-06-26 14:04:29] 用户确认切换为集控模式，已发送 ACQ 指令
[2025-06-26 14:04:44] A机进入主用状态
[2025-06-26 14:04:44] A机在线
[2025-06-26 14:05:10] A机进入主用状态
[2025-06-26 14:05:10] A机在线
[2025-06-26 14:05:10] B机进入备用状态
[2025-06-26 14:05:10] B机离线
[2025-06-26 14:05:11] 21道第1台防溜器进入运行模式
[2025-06-26 14:05:11] 21道防溜器制动到位（远程）
[2025-06-26 14:05:15] 2道第1台停车器通信超时
[2025-06-26 14:05:15] 2道第2台停车器通信超时
[2025-06-26 14:05:15] 2道第3台停车器通信超时
[2025-06-26 14:05:15] 2道防溜器通信超时
[2025-06-26 14:05:15] 3道第1台停车器通信超时
[2025-06-26 14:05:15] 3道第2台停车器通信超时
[2025-06-26 14:05:15] 3道第3台停车器通信超时
[2025-06-26 14:05:15] 3道防溜器通信超时
[2025-06-26 14:05:16] 4道第1台停车器通信超时
[2025-06-26 14:05:16] 4道第2台停车器通信超时
[2025-06-26 14:05:16] 4道第3台停车器通信超时
[2025-06-26 14:05:16] 4道防溜器通信超时
[2025-06-26 14:05:16] 5道第1台停车器通信超时
[2025-06-26 14:05:16] 5道第2台停车器通信超时
[2025-06-26 14:05:16] 5道第3台停车器通信超时
[2025-06-26 14:05:16] 5道防溜器通信超时
[2025-06-26 14:05:16] 6道第1台停车器通信超时
[2025-06-26 14:05:16] 6道第2台停车器通信超时
[2025-06-26 14:05:16] 6道第3台停车器通信超时
[2025-06-26 14:05:16] 6道防溜器通信超时
[2025-06-26 14:05:16] 7道第1台停车器通信超时
[2025-06-26 14:05:16] 7道第2台停车器通信超时
[2025-06-26 14:05:16] 7道第3台停车器通信超时
[2025-06-26 14:05:16] 7道防溜器通信超时
[2025-06-26 14:05:16] 8道第1台停车器通信超时
[2025-06-26 14:05:16] 8道第2台停车器通信超时
[2025-06-26 14:05:16] 8道第3台停车器通信超时
[2025-06-26 14:05:16] 8道防溜器通信超时
[2025-06-26 14:05:16] 9道第1台停车器通信超时
[2025-06-26 14:05:16] 9道第2台停车器通信超时
[2025-06-26 14:05:16] 9道第3台停车器通信超时
[2025-06-26 14:05:16] 9道防溜器通信超时
[2025-06-26 14:05:16] 10道第1台停车器通信超时
[2025-06-26 14:05:16] 10道第2台停车器通信超时
[2025-06-26 14:05:16] 10道第3台停车器通信超时
[2025-06-26 14:05:16] 10道防溜器通信超时
[2025-06-26 14:05:16] 11道第1台停车器通信超时
[2025-06-26 14:05:16] 11道第2台停车器通信超时
[2025-06-26 14:05:16] 11道第3台停车器通信超时
[2025-06-26 14:05:16] 11道防溜器通信超时
[2025-06-26 14:05:16] 12道第1台停车器通信超时
[2025-06-26 14:05:16] 12道第2台停车器通信超时
[2025-06-26 14:05:16] 12道第3台停车器通信超时
[2025-06-26 14:05:16] 12道防溜器通信超时
[2025-06-26 14:05:16] 13道第1台停车器通信超时
[2025-06-26 14:05:16] 13道第2台停车器通信超时
[2025-06-26 14:05:16] 13道第3台停车器通信超时
[2025-06-26 14:05:16] 13道防溜器通信超时
[2025-06-26 14:05:16] 14道第1台停车器通信超时
[2025-06-26 14:05:16] 14道第2台停车器通信超时
[2025-06-26 14:05:16] 14道第3台停车器通信超时
[2025-06-26 14:05:16] 14道防溜器通信超时
[2025-06-26 14:05:16] 15道第1台停车器通信超时
[2025-06-26 14:05:16] 15道第2台停车器通信超时
[2025-06-26 14:05:16] 15道第3台停车器通信超时
[2025-06-26 14:05:16] 15道防溜器通信超时
[2025-06-26 14:05:16] 16道第1台停车器通信超时
[2025-06-26 14:05:16] 16道第2台停车器通信超时
[2025-06-26 14:05:16] 16道第3台停车器通信超时
[2025-06-26 14:05:16] 16道防溜器通信超时
[2025-06-26 14:05:16] 17道第1台停车器通信超时
[2025-06-26 14:05:16] 17道第2台停车器通信超时
[2025-06-26 14:05:16] 17道第3台停车器通信超时
[2025-06-26 14:05:16] 17道防溜器通信超时
[2025-06-26 14:05:16] 18道第1台停车器通信超时
[2025-06-26 14:05:16] 18道第2台停车器通信超时
[2025-06-26 14:05:16] 18道第3台停车器通信超时
[2025-06-26 14:05:16] 18道防溜器通信超时
[2025-06-26 14:05:16] 19道第1台停车器通信超时
[2025-06-26 14:05:16] 19道第2台停车器通信超时
[2025-06-26 14:05:16] 19道第3台停车器通信超时
[2025-06-26 14:05:16] 19道防溜器通信超时
[2025-06-26 14:05:16] 20道第1台停车器通信超时
[2025-06-26 14:05:16] 20道第2台停车器通信超时
[2025-06-26 14:05:16] 20道第3台停车器通信超时
[2025-06-26 14:05:16] 20道防溜器通信超时
[2025-06-26 14:05:16] 21道第1台停车器通信超时
[2025-06-26 14:05:16] 21道第2台停车器通信超时
[2025-06-26 14:05:16] 21道第3台停车器通信超时
[2025-06-26 14:05:16] 22道第1台停车器通信超时
[2025-06-26 14:05:16] 22道第2台停车器通信超时
[2025-06-26 14:05:16] 22道第3台停车器通信超时
[2025-06-26 14:05:16] 22道防溜器通信超时
[2025-06-26 14:05:16] 23道第1台停车器通信超时
[2025-06-26 14:05:16] 23道第2台停车器通信超时
[2025-06-26 14:05:16] 23道第3台停车器通信超时
[2025-06-26 14:05:16] 23道防溜器通信超时
[2025-06-26 14:05:16] 24道第1台停车器通信超时
[2025-06-26 14:05:16] 24道第2台停车器通信超时
[2025-06-26 14:05:16] 24道第3台停车器通信超时
[2025-06-26 14:05:16] 24道防溜器通信超时
[2025-06-26 14:05:31] 用户确认切换为集控模式，已发送 ACQ 指令
[2025-06-26 14:05:36] SAM控制（21道）防溜器 缓解
[2025-06-26 14:05:37] 21道防溜器缓解中（远程）
[2025-06-26 14:05:39] 21道防溜器缓解到位（远程）
[2025-06-26 14:05:44] SAM控制（21道）防溜器 制动
[2025-06-26 14:05:45] 21道防溜器制动中（远程）
[2025-06-26 14:05:47] 21道防溜器制动到位（远程）
[2025-06-26 14:05:59] 上位机发送制动指令到21道防溜器
[2025-06-26 14:06:04] 上位机发送缓解指令到21道防溜器
[2025-06-26 14:06:05] 21道防溜器缓解中（远程）
[2025-06-26 14:06:07] 21道防溜器缓解到位（远程）
[2025-06-26 14:07:05] 21道防溜器通信超时
[2025-06-26 14:08:10] 21道防溜器缓解到位（远程）
[2025-06-26 14:09:44] 上位机发送制动指令到21道防溜器
[2025-06-26 14:09:45] 21道防溜器制动中（远程）
[2025-06-26 14:09:47] 21道防溜器制动到位（远程）
[2025-06-26 14:09:50] 上位机发送缓解指令到21道防溜器
[2025-06-26 14:09:51] 21道防溜器缓解中（远程）
[2025-06-26 14:09:53] 21道防溜器缓解到位（远程）
[2025-06-26 14:09:56] 上位机发送制动指令到21道防溜器
[2025-06-26 14:09:57] 21道防溜器制动中（远程）
[2025-06-26 14:09:59] 21道防溜器制动到位（远程）
[2025-06-26 14:10:01] 上位机发送缓解指令到21道防溜器
[2025-06-26 14:10:02] 21道防溜器缓解中（远程）
[2025-06-26 14:10:04] 21道防溜器缓解到位（远程）
[2025-06-26 14:10:49] 用户取消了集控模式切换
[2025-06-26 14:12:56] A机进入主用状态
[2025-06-26 14:12:56] A机在线
[2025-06-26 14:12:56] B机进入备用状态
[2025-06-26 14:12:56] B机离线
[2025-06-26 14:12:57] 21道第1台防溜器进入运行模式
[2025-06-26 14:12:57] 21道防溜器缓解到位（远程）
[2025-06-26 14:13:01] 2道第1台停车器通信超时
[2025-06-26 14:13:01] 2道第2台停车器通信超时
[2025-06-26 14:13:01] 2道第3台停车器通信超时
[2025-06-26 14:13:01] 2道防溜器通信超时
[2025-06-26 14:13:01] 3道第1台停车器通信超时
[2025-06-26 14:13:01] 3道第2台停车器通信超时
[2025-06-26 14:13:01] 3道第3台停车器通信超时
[2025-06-26 14:13:01] 3道防溜器通信超时
[2025-06-26 14:13:01] 4道第1台停车器通信超时
[2025-06-26 14:13:01] 4道第2台停车器通信超时
[2025-06-26 14:13:01] 4道第3台停车器通信超时
[2025-06-26 14:13:01] 4道防溜器通信超时
[2025-06-26 14:13:01] 5道第1台停车器通信超时
[2025-06-26 14:13:01] 5道第2台停车器通信超时
[2025-06-26 14:13:01] 5道第3台停车器通信超时
[2025-06-26 14:13:01] 5道防溜器通信超时
[2025-06-26 14:13:01] 6道第1台停车器通信超时
[2025-06-26 14:13:01] 6道第2台停车器通信超时
[2025-06-26 14:13:01] 6道第3台停车器通信超时
[2025-06-26 14:13:01] 6道防溜器通信超时
[2025-06-26 14:13:01] 7道第1台停车器通信超时
[2025-06-26 14:13:01] 7道第2台停车器通信超时
[2025-06-26 14:13:01] 7道第3台停车器通信超时
[2025-06-26 14:13:01] 7道防溜器通信超时
[2025-06-26 14:13:01] 8道第1台停车器通信超时
[2025-06-26 14:13:01] 8道第2台停车器通信超时
[2025-06-26 14:13:01] 8道第3台停车器通信超时
[2025-06-26 14:13:01] 8道防溜器通信超时
[2025-06-26 14:13:01] 9道第1台停车器通信超时
[2025-06-26 14:13:01] 9道第2台停车器通信超时
[2025-06-26 14:13:01] 9道第3台停车器通信超时
[2025-06-26 14:13:01] 9道防溜器通信超时
[2025-06-26 14:13:01] 10道第1台停车器通信超时
[2025-06-26 14:13:01] 10道第2台停车器通信超时
[2025-06-26 14:13:01] 10道第3台停车器通信超时
[2025-06-26 14:13:01] 10道防溜器通信超时
[2025-06-26 14:13:01] 11道第1台停车器通信超时
[2025-06-26 14:13:01] 11道第2台停车器通信超时
[2025-06-26 14:13:01] 11道第3台停车器通信超时
[2025-06-26 14:13:01] 11道防溜器通信超时
[2025-06-26 14:13:01] 12道第1台停车器通信超时
[2025-06-26 14:13:01] 12道第2台停车器通信超时
[2025-06-26 14:13:01] 12道第3台停车器通信超时
[2025-06-26 14:13:01] 12道防溜器通信超时
[2025-06-26 14:13:01] 13道第1台停车器通信超时
[2025-06-26 14:13:01] 13道第2台停车器通信超时
[2025-06-26 14:13:01] 13道第3台停车器通信超时
[2025-06-26 14:13:01] 13道防溜器通信超时
[2025-06-26 14:13:01] 14道第1台停车器通信超时
[2025-06-26 14:13:01] 14道第2台停车器通信超时
[2025-06-26 14:13:01] 14道第3台停车器通信超时
[2025-06-26 14:13:01] 14道防溜器通信超时
[2025-06-26 14:13:01] 15道第1台停车器通信超时
[2025-06-26 14:13:01] 15道第2台停车器通信超时
[2025-06-26 14:13:01] 15道第3台停车器通信超时
[2025-06-26 14:13:01] 15道防溜器通信超时
[2025-06-26 14:13:01] 16道第1台停车器通信超时
[2025-06-26 14:13:01] 16道第2台停车器通信超时
[2025-06-26 14:13:01] 16道第3台停车器通信超时
[2025-06-26 14:13:01] 16道防溜器通信超时
[2025-06-26 14:13:01] 17道第1台停车器通信超时
[2025-06-26 14:13:01] 17道第2台停车器通信超时
[2025-06-26 14:13:01] 17道第3台停车器通信超时
[2025-06-26 14:13:01] 17道防溜器通信超时
[2025-06-26 14:13:01] 18道第1台停车器通信超时
[2025-06-26 14:13:01] 18道第2台停车器通信超时
[2025-06-26 14:13:01] 18道第3台停车器通信超时
[2025-06-26 14:13:01] 18道防溜器通信超时
[2025-06-26 14:13:01] 19道第1台停车器通信超时
[2025-06-26 14:13:01] 19道第2台停车器通信超时
[2025-06-26 14:13:01] 19道第3台停车器通信超时
[2025-06-26 14:13:01] 19道防溜器通信超时
[2025-06-26 14:13:01] 20道第1台停车器通信超时
[2025-06-26 14:13:01] 20道第2台停车器通信超时
[2025-06-26 14:13:01] 20道第3台停车器通信超时
[2025-06-26 14:13:01] 20道防溜器通信超时
[2025-06-26 14:13:01] 21道第1台停车器通信超时
[2025-06-26 14:13:01] 21道第2台停车器通信超时
[2025-06-26 14:13:01] 21道第3台停车器通信超时
[2025-06-26 14:13:01] 22道第1台停车器通信超时
[2025-06-26 14:13:01] 22道第2台停车器通信超时
[2025-06-26 14:13:01] 22道第3台停车器通信超时
[2025-06-26 14:13:01] 22道防溜器通信超时
[2025-06-26 14:13:01] 23道第1台停车器通信超时
[2025-06-26 14:13:01] 23道第2台停车器通信超时
[2025-06-26 14:13:01] 23道第3台停车器通信超时
[2025-06-26 14:13:01] 23道防溜器通信超时
[2025-06-26 14:13:01] 24道第1台停车器通信超时
[2025-06-26 14:13:01] 24道第2台停车器通信超时
[2025-06-26 14:13:01] 24道第3台停车器通信超时
[2025-06-26 14:13:01] 24道防溜器通信超时
[2025-06-26 14:13:07] 用户确认切换为集控模式，已发送 ACQ 指令
[2025-06-26 14:13:33] 上位机发送制动指令到21道防溜器
[2025-06-26 14:13:34] 21道防溜器制动中（远程）
[2025-06-26 14:13:36] 21道防溜器制动到位（远程）
[2025-06-26 14:13:38] 上位机发送缓解指令到21道防溜器
[2025-06-26 14:13:39] 21道防溜器缓解中（远程）
[2025-06-26 14:13:41] 21道防溜器缓解到位（远程）
[2025-06-26 14:13:46] 上位机发送制动指令到21道防溜器
[2025-06-26 14:13:47] 21道防溜器制动中（远程）
[2025-06-26 14:13:49] 21道防溜器制动到位（远程）
[2025-06-26 14:20:40] 21道防溜器通信超时
[2025-06-26 14:20:43] A机进入主用状态
[2025-06-26 14:20:43] A机在线
[2025-06-26 18:07:40] A机进入主用状态
[2025-06-26 18:07:40] A机在线
[2025-06-26 18:07:40] B机进入备用状态
[2025-06-26 18:07:40] B机离线
[2025-06-26 18:07:41] 21道第1台防溜器进入运行模式
[2025-06-26 18:07:41] 21道防溜器制动到位（远程）
[2025-06-26 18:07:46] 2道第1台停车器通信超时
[2025-06-26 18:07:46] 2道第2台停车器通信超时
[2025-06-26 18:07:46] 2道第3台停车器通信超时
[2025-06-26 18:07:46] 2道防溜器通信超时
[2025-06-26 18:07:46] 3道第1台停车器通信超时
[2025-06-26 18:07:46] 3道第2台停车器通信超时
[2025-06-26 18:07:46] 3道第3台停车器通信超时
[2025-06-26 18:07:46] 3道防溜器通信超时
[2025-06-26 18:07:46] 4道第1台停车器通信超时
[2025-06-26 18:07:46] 4道第2台停车器通信超时
[2025-06-26 18:07:46] 4道第3台停车器通信超时
[2025-06-26 18:07:46] 4道防溜器通信超时
[2025-06-26 18:07:46] 5道第1台停车器通信超时
[2025-06-26 18:07:46] 5道第2台停车器通信超时
[2025-06-26 18:07:46] 5道第3台停车器通信超时
[2025-06-26 18:07:46] 5道防溜器通信超时
[2025-06-26 18:07:46] 6道第1台停车器通信超时
[2025-06-26 18:07:46] 6道第2台停车器通信超时
[2025-06-26 18:07:46] 6道第3台停车器通信超时
[2025-06-26 18:07:46] 6道防溜器通信超时
[2025-06-26 18:07:46] 7道第1台停车器通信超时
[2025-06-26 18:07:46] 7道第2台停车器通信超时
[2025-06-26 18:07:46] 7道第3台停车器通信超时
[2025-06-26 18:07:46] 7道防溜器通信超时
[2025-06-26 18:07:46] 8道第1台停车器通信超时
[2025-06-26 18:07:46] 8道第2台停车器通信超时
[2025-06-26 18:07:46] 8道第3台停车器通信超时
[2025-06-26 18:07:46] 8道防溜器通信超时
[2025-06-26 18:07:46] 9道第1台停车器通信超时
[2025-06-26 18:07:46] 9道第2台停车器通信超时
[2025-06-26 18:07:46] 9道第3台停车器通信超时
[2025-06-26 18:07:46] 9道防溜器通信超时
[2025-06-26 18:07:46] 10道第1台停车器通信超时
[2025-06-26 18:07:46] 10道第2台停车器通信超时
[2025-06-26 18:07:46] 10道第3台停车器通信超时
[2025-06-26 18:07:46] 10道防溜器通信超时
[2025-06-26 18:07:46] 11道第1台停车器通信超时
[2025-06-26 18:07:46] 11道第2台停车器通信超时
[2025-06-26 18:07:46] 11道第3台停车器通信超时
[2025-06-26 18:07:46] 11道防溜器通信超时
[2025-06-26 18:07:46] 12道第1台停车器通信超时
[2025-06-26 18:07:46] 12道第2台停车器通信超时
[2025-06-26 18:07:46] 12道第3台停车器通信超时
[2025-06-26 18:07:46] 12道防溜器通信超时
[2025-06-26 18:07:46] 13道第1台停车器通信超时
[2025-06-26 18:07:46] 13道第2台停车器通信超时
[2025-06-26 18:07:46] 13道第3台停车器通信超时
[2025-06-26 18:07:46] 13道防溜器通信超时
[2025-06-26 18:07:46] 14道第1台停车器通信超时
[2025-06-26 18:07:46] 14道第2台停车器通信超时
[2025-06-26 18:07:46] 14道第3台停车器通信超时
[2025-06-26 18:07:46] 14道防溜器通信超时
[2025-06-26 18:07:46] 15道第1台停车器通信超时
[2025-06-26 18:07:46] 15道第2台停车器通信超时
[2025-06-26 18:07:46] 15道第3台停车器通信超时
[2025-06-26 18:07:46] 15道防溜器通信超时
[2025-06-26 18:07:46] 16道第1台停车器通信超时
[2025-06-26 18:07:46] 16道第2台停车器通信超时
[2025-06-26 18:07:46] 16道第3台停车器通信超时
[2025-06-26 18:07:46] 16道防溜器通信超时
[2025-06-26 18:07:46] 17道第1台停车器通信超时
[2025-06-26 18:07:46] 17道第2台停车器通信超时
[2025-06-26 18:07:46] 17道第3台停车器通信超时
[2025-06-26 18:07:46] 17道防溜器通信超时
[2025-06-26 18:07:46] 18道第1台停车器通信超时
[2025-06-26 18:07:46] 18道第2台停车器通信超时
[2025-06-26 18:07:46] 18道第3台停车器通信超时
[2025-06-26 18:07:46] 18道防溜器通信超时
[2025-06-26 18:07:46] 19道第1台停车器通信超时
[2025-06-26 18:07:46] 19道第2台停车器通信超时
[2025-06-26 18:07:46] 19道第3台停车器通信超时
[2025-06-26 18:07:46] 19道防溜器通信超时
[2025-06-26 18:07:46] 20道第1台停车器通信超时
[2025-06-26 18:07:46] 20道第2台停车器通信超时
[2025-06-26 18:07:46] 20道第3台停车器通信超时
[2025-06-26 18:07:46] 20道防溜器通信超时
[2025-06-26 18:07:46] 21道第1台停车器通信超时
[2025-06-26 18:07:46] 21道第2台停车器通信超时
[2025-06-26 18:07:46] 21道第3台停车器通信超时
[2025-06-26 18:07:46] 22道第1台停车器通信超时
[2025-06-26 18:07:46] 22道第2台停车器通信超时
[2025-06-26 18:07:46] 22道第3台停车器通信超时
[2025-06-26 18:07:46] 22道防溜器通信超时
[2025-06-26 18:07:46] 23道第1台停车器通信超时
[2025-06-26 18:07:46] 23道第2台停车器通信超时
[2025-06-26 18:07:46] 23道第3台停车器通信超时
[2025-06-26 18:07:46] 23道防溜器通信超时
[2025-06-26 18:07:46] 24道第1台停车器通信超时
[2025-06-26 18:07:46] 24道第2台停车器通信超时
[2025-06-26 18:07:46] 24道第3台停车器通信超时
[2025-06-26 18:07:46] 24道防溜器通信超时
[2025-06-26 18:08:01] 用户确认切换为集控模式，已发送 ACQ 指令
[2025-06-26 18:08:19] 用户确认切换为场控模式
[2025-06-26 18:08:27] 用户确认切换为集控模式，已发送 ACQ 指令
[2025-06-26 18:08:49] A机进入主用状态
[2025-06-26 18:08:49] A机在线
