[2025-07-27 21:22:28] B机进入主用状态
[2025-07-27 21:22:28] B机在线
[2025-07-27 21:22:28] A机进入备用状态
[2025-07-27 21:22:28] A机离线
[2025-07-27 21:22:40] 2道第1台停车器通信超时
[2025-07-27 21:22:40] 2道第2台停车器通信超时
[2025-07-27 21:22:40] 2道第3台停车器通信超时
[2025-07-27 21:22:40] 2道防溜器通信超时
[2025-07-27 21:22:40] 3道第1台停车器通信超时
[2025-07-27 21:22:40] 3道第2台停车器通信超时
[2025-07-27 21:22:40] 3道第3台停车器通信超时
[2025-07-27 21:22:40] 3道防溜器通信超时
[2025-07-27 21:22:40] 4道第1台停车器通信超时
[2025-07-27 21:22:40] 4道第2台停车器通信超时
[2025-07-27 21:22:40] 4道第3台停车器通信超时
[2025-07-27 21:22:40] 4道防溜器通信超时
[2025-07-27 21:22:40] 5道第1台停车器通信超时
[2025-07-27 21:22:40] 5道第2台停车器通信超时
[2025-07-27 21:22:40] 5道第3台停车器通信超时
[2025-07-27 21:22:40] 5道防溜器通信超时
[2025-07-27 21:22:40] 6道第1台停车器通信超时
[2025-07-27 21:22:40] 6道第2台停车器通信超时
[2025-07-27 21:22:40] 6道第3台停车器通信超时
[2025-07-27 21:22:40] 6道防溜器通信超时
[2025-07-27 21:22:40] 7道第1台停车器通信超时
[2025-07-27 21:22:40] 7道第2台停车器通信超时
[2025-07-27 21:22:40] 7道第3台停车器通信超时
[2025-07-27 21:22:40] 7道防溜器通信超时
[2025-07-27 21:22:40] 8道第1台停车器通信超时
[2025-07-27 21:22:40] 8道第2台停车器通信超时
[2025-07-27 21:22:40] 8道第3台停车器通信超时
[2025-07-27 21:22:40] 8道防溜器通信超时
[2025-07-27 21:22:40] 9道第1台停车器通信超时
[2025-07-27 21:22:40] 9道第2台停车器通信超时
[2025-07-27 21:22:40] 9道第3台停车器通信超时
[2025-07-27 21:22:40] 9道防溜器通信超时
[2025-07-27 21:22:40] 10道第1台停车器通信超时
[2025-07-27 21:22:40] 10道第2台停车器通信超时
[2025-07-27 21:22:40] 10道第3台停车器通信超时
[2025-07-27 21:22:40] 10道防溜器通信超时
[2025-07-27 21:22:40] 11道第1台停车器通信超时
[2025-07-27 21:22:40] 11道第2台停车器通信超时
[2025-07-27 21:22:40] 11道第3台停车器通信超时
[2025-07-27 21:22:40] 11道防溜器通信超时
[2025-07-27 21:22:40] 12道第1台停车器通信超时
[2025-07-27 21:22:40] 12道第2台停车器通信超时
[2025-07-27 21:22:40] 12道第3台停车器通信超时
[2025-07-27 21:22:40] 12道防溜器通信超时
[2025-07-27 21:22:40] 13道第1台停车器通信超时
[2025-07-27 21:22:40] 13道第2台停车器通信超时
[2025-07-27 21:22:40] 13道第3台停车器通信超时
[2025-07-27 21:22:40] 13道防溜器通信超时
[2025-07-27 21:22:40] 14道第1台停车器通信超时
[2025-07-27 21:22:40] 14道第2台停车器通信超时
[2025-07-27 21:22:40] 14道第3台停车器通信超时
[2025-07-27 21:22:40] 14道防溜器通信超时
[2025-07-27 21:22:40] 15道第1台停车器通信超时
[2025-07-27 21:22:40] 15道第2台停车器通信超时
[2025-07-27 21:22:40] 15道第3台停车器通信超时
[2025-07-27 21:22:40] 15道防溜器通信超时
[2025-07-27 21:22:40] 16道第1台停车器通信超时
[2025-07-27 21:22:40] 16道第2台停车器通信超时
[2025-07-27 21:22:40] 16道第3台停车器通信超时
[2025-07-27 21:22:40] 16道防溜器通信超时
[2025-07-27 21:22:40] 17道第1台停车器通信超时
[2025-07-27 21:22:40] 17道第2台停车器通信超时
[2025-07-27 21:22:40] 17道第3台停车器通信超时
[2025-07-27 21:22:40] 17道防溜器通信超时
[2025-07-27 21:22:40] 18道第1台停车器通信超时
[2025-07-27 21:22:40] 18道第2台停车器通信超时
[2025-07-27 21:22:40] 18道第3台停车器通信超时
[2025-07-27 21:22:40] 18道防溜器通信超时
[2025-07-27 21:22:40] 19道第1台停车器通信超时
[2025-07-27 21:22:40] 19道第2台停车器通信超时
[2025-07-27 21:22:40] 19道第3台停车器通信超时
[2025-07-27 21:22:40] 19道防溜器通信超时
[2025-07-27 21:22:40] 20道第1台停车器通信超时
[2025-07-27 21:22:40] 20道第2台停车器通信超时
[2025-07-27 21:22:40] 20道第3台停车器通信超时
[2025-07-27 21:22:40] 20道防溜器通信超时
[2025-07-27 21:22:40] 21道第1台停车器通信超时
[2025-07-27 21:22:40] 21道第2台停车器通信超时
[2025-07-27 21:22:40] 21道第3台停车器通信超时
[2025-07-27 21:22:40] 21道防溜器通信超时
[2025-07-27 21:22:40] 22道第1台停车器通信超时
[2025-07-27 21:22:40] 22道第2台停车器通信超时
[2025-07-27 21:22:40] 22道第3台停车器通信超时
[2025-07-27 21:22:40] 22道防溜器通信超时
[2025-07-27 21:22:40] 23道第1台停车器通信超时
[2025-07-27 21:22:40] 23道第2台停车器通信超时
[2025-07-27 21:22:40] 23道第3台停车器通信超时
[2025-07-27 21:22:40] 23道防溜器通信超时
[2025-07-27 21:22:40] 24道第1台停车器通信超时
[2025-07-27 21:22:40] 24道第2台停车器通信超时
[2025-07-27 21:22:40] 24道第3台停车器通信超时
[2025-07-27 21:22:40] 24道防溜器通信超时
[2025-07-27 21:22:43] 4道所有指令下发故障已复位
[2025-07-27 21:22:58] B机进入主用状态
[2025-07-27 21:22:58] B机在线
[2025-07-27 21:29:25] B机进入主用状态
[2025-07-27 21:29:25] B机在线
[2025-07-27 21:29:25] A机进入备用状态
[2025-07-27 21:29:25] A机离线
[2025-07-27 21:29:37] 2道第1台停车器通信超时
[2025-07-27 21:29:37] 2道第2台停车器通信超时
[2025-07-27 21:29:37] 2道第3台停车器通信超时
[2025-07-27 21:29:37] 2道防溜器通信超时
[2025-07-27 21:29:37] 3道第1台停车器通信超时
[2025-07-27 21:29:37] 3道第2台停车器通信超时
[2025-07-27 21:29:37] 3道第3台停车器通信超时
[2025-07-27 21:29:37] 3道防溜器通信超时
[2025-07-27 21:29:37] 4道第1台停车器通信超时
[2025-07-27 21:29:37] 4道第2台停车器通信超时
[2025-07-27 21:29:37] 4道第3台停车器通信超时
[2025-07-27 21:29:37] 4道防溜器通信超时
[2025-07-27 21:29:37] 5道第1台停车器通信超时
[2025-07-27 21:29:37] 5道第2台停车器通信超时
[2025-07-27 21:29:37] 5道第3台停车器通信超时
[2025-07-27 21:29:37] 5道防溜器通信超时
[2025-07-27 21:29:37] 6道第1台停车器通信超时
[2025-07-27 21:29:37] 6道第2台停车器通信超时
[2025-07-27 21:29:37] 6道第3台停车器通信超时
[2025-07-27 21:29:37] 6道防溜器通信超时
[2025-07-27 21:29:37] 7道第1台停车器通信超时
[2025-07-27 21:29:37] 7道第2台停车器通信超时
[2025-07-27 21:29:37] 7道第3台停车器通信超时
[2025-07-27 21:29:37] 7道防溜器通信超时
[2025-07-27 21:29:37] 8道第1台停车器通信超时
[2025-07-27 21:29:37] 8道第2台停车器通信超时
[2025-07-27 21:29:37] 8道第3台停车器通信超时
[2025-07-27 21:29:37] 8道防溜器通信超时
[2025-07-27 21:29:37] 9道第1台停车器通信超时
[2025-07-27 21:29:37] 9道第2台停车器通信超时
[2025-07-27 21:29:37] 9道第3台停车器通信超时
[2025-07-27 21:29:37] 9道防溜器通信超时
[2025-07-27 21:29:37] 10道第1台停车器通信超时
[2025-07-27 21:29:37] 10道第2台停车器通信超时
[2025-07-27 21:29:37] 10道第3台停车器通信超时
[2025-07-27 21:29:37] 10道防溜器通信超时
[2025-07-27 21:29:37] 11道第1台停车器通信超时
[2025-07-27 21:29:37] 11道第2台停车器通信超时
[2025-07-27 21:29:37] 11道第3台停车器通信超时
[2025-07-27 21:29:37] 11道防溜器通信超时
[2025-07-27 21:29:37] 12道第1台停车器通信超时
[2025-07-27 21:29:37] 12道第2台停车器通信超时
[2025-07-27 21:29:37] 12道第3台停车器通信超时
[2025-07-27 21:29:37] 12道防溜器通信超时
[2025-07-27 21:29:37] 13道第1台停车器通信超时
[2025-07-27 21:29:37] 13道第2台停车器通信超时
[2025-07-27 21:29:37] 13道第3台停车器通信超时
[2025-07-27 21:29:37] 13道防溜器通信超时
[2025-07-27 21:29:37] 14道第1台停车器通信超时
[2025-07-27 21:29:37] 14道第2台停车器通信超时
[2025-07-27 21:29:37] 14道第3台停车器通信超时
[2025-07-27 21:29:37] 14道防溜器通信超时
[2025-07-27 21:29:37] 15道第1台停车器通信超时
[2025-07-27 21:29:37] 15道第2台停车器通信超时
[2025-07-27 21:29:37] 15道第3台停车器通信超时
[2025-07-27 21:29:37] 15道防溜器通信超时
[2025-07-27 21:29:37] 16道第1台停车器通信超时
[2025-07-27 21:29:37] 16道第2台停车器通信超时
[2025-07-27 21:29:37] 16道第3台停车器通信超时
[2025-07-27 21:29:37] 16道防溜器通信超时
[2025-07-27 21:29:37] 17道第1台停车器通信超时
[2025-07-27 21:29:37] 17道第2台停车器通信超时
[2025-07-27 21:29:37] 17道第3台停车器通信超时
[2025-07-27 21:29:37] 17道防溜器通信超时
[2025-07-27 21:29:37] 18道第1台停车器通信超时
[2025-07-27 21:29:37] 18道第2台停车器通信超时
[2025-07-27 21:29:37] 18道第3台停车器通信超时
[2025-07-27 21:29:37] 18道防溜器通信超时
[2025-07-27 21:29:37] 19道第1台停车器通信超时
[2025-07-27 21:29:37] 19道第2台停车器通信超时
[2025-07-27 21:29:37] 19道第3台停车器通信超时
[2025-07-27 21:29:37] 19道防溜器通信超时
[2025-07-27 21:29:37] 20道第1台停车器通信超时
[2025-07-27 21:29:37] 20道第2台停车器通信超时
[2025-07-27 21:29:37] 20道第3台停车器通信超时
[2025-07-27 21:29:37] 20道防溜器通信超时
[2025-07-27 21:29:37] 21道第1台停车器通信超时
[2025-07-27 21:29:37] 21道第2台停车器通信超时
[2025-07-27 21:29:37] 21道第3台停车器通信超时
[2025-07-27 21:29:37] 21道防溜器通信超时
[2025-07-27 21:29:37] 22道第1台停车器通信超时
[2025-07-27 21:29:37] 22道第2台停车器通信超时
[2025-07-27 21:29:37] 22道第3台停车器通信超时
[2025-07-27 21:29:37] 22道防溜器通信超时
[2025-07-27 21:29:37] 23道第1台停车器通信超时
[2025-07-27 21:29:37] 23道第2台停车器通信超时
[2025-07-27 21:29:37] 23道第3台停车器通信超时
[2025-07-27 21:29:37] 23道防溜器通信超时
[2025-07-27 21:29:37] 24道第1台停车器通信超时
[2025-07-27 21:29:37] 24道第2台停车器通信超时
[2025-07-27 21:29:37] 24道第3台停车器通信超时
[2025-07-27 21:29:37] 24道防溜器通信超时
[2025-07-27 21:29:49] B机进入主用状态
[2025-07-27 21:29:49] B机在线
[2025-07-27 21:33:36] B机进入主用状态
[2025-07-27 21:33:36] B机在线
[2025-07-27 21:33:36] A机进入备用状态
[2025-07-27 21:33:36] A机离线
[2025-07-27 21:33:59] B机进入主用状态
[2025-07-27 21:33:59] B机在线
[2025-07-27 21:33:59] A机进入备用状态
[2025-07-27 21:33:59] A机离线
[2025-07-27 21:36:48] B机进入主用状态
[2025-07-27 21:36:48] B机在线
[2025-07-27 21:36:48] A机进入备用状态
[2025-07-27 21:36:48] A机离线
[2025-07-27 21:37:00] 2道第1台停车器通信超时
[2025-07-27 21:37:00] 2道第2台停车器通信超时
[2025-07-27 21:37:00] 2道第3台停车器通信超时
[2025-07-27 21:37:00] 2道防溜器通信超时
[2025-07-27 21:37:00] 3道第1台停车器通信超时
[2025-07-27 21:37:00] 3道第2台停车器通信超时
[2025-07-27 21:37:00] 3道第3台停车器通信超时
[2025-07-27 21:37:00] 3道防溜器通信超时
[2025-07-27 21:37:00] 4道第1台停车器通信超时
[2025-07-27 21:37:00] 4道第2台停车器通信超时
[2025-07-27 21:37:00] 4道第3台停车器通信超时
[2025-07-27 21:37:00] 4道防溜器通信超时
[2025-07-27 21:37:00] 5道第1台停车器通信超时
[2025-07-27 21:37:00] 5道第2台停车器通信超时
[2025-07-27 21:37:00] 5道第3台停车器通信超时
[2025-07-27 21:37:00] 5道防溜器通信超时
[2025-07-27 21:37:00] 6道第1台停车器通信超时
[2025-07-27 21:37:00] 6道第2台停车器通信超时
[2025-07-27 21:37:00] 6道第3台停车器通信超时
[2025-07-27 21:37:00] 6道防溜器通信超时
[2025-07-27 21:37:00] 7道第1台停车器通信超时
[2025-07-27 21:37:00] 7道第2台停车器通信超时
[2025-07-27 21:37:00] 7道第3台停车器通信超时
[2025-07-27 21:37:00] 7道防溜器通信超时
[2025-07-27 21:37:00] 8道第1台停车器通信超时
[2025-07-27 21:37:00] 8道第2台停车器通信超时
[2025-07-27 21:37:00] 8道第3台停车器通信超时
[2025-07-27 21:37:00] 8道防溜器通信超时
[2025-07-27 21:37:00] 9道第1台停车器通信超时
[2025-07-27 21:37:00] 9道第2台停车器通信超时
[2025-07-27 21:37:00] 9道第3台停车器通信超时
[2025-07-27 21:37:00] 9道防溜器通信超时
[2025-07-27 21:37:00] 10道第1台停车器通信超时
[2025-07-27 21:37:00] 10道第2台停车器通信超时
[2025-07-27 21:37:00] 10道第3台停车器通信超时
[2025-07-27 21:37:00] 10道防溜器通信超时
[2025-07-27 21:37:00] 11道第1台停车器通信超时
[2025-07-27 21:37:00] 11道第2台停车器通信超时
[2025-07-27 21:37:00] 11道第3台停车器通信超时
[2025-07-27 21:37:00] 11道防溜器通信超时
[2025-07-27 21:37:00] 12道第1台停车器通信超时
[2025-07-27 21:37:00] 12道第2台停车器通信超时
[2025-07-27 21:37:00] 12道第3台停车器通信超时
[2025-07-27 21:37:00] 12道防溜器通信超时
[2025-07-27 21:37:00] 13道第1台停车器通信超时
[2025-07-27 21:37:00] 13道第2台停车器通信超时
[2025-07-27 21:37:00] 13道第3台停车器通信超时
[2025-07-27 21:37:00] 13道防溜器通信超时
[2025-07-27 21:37:00] 14道第1台停车器通信超时
[2025-07-27 21:37:00] 14道第2台停车器通信超时
[2025-07-27 21:37:00] 14道第3台停车器通信超时
[2025-07-27 21:37:00] 14道防溜器通信超时
[2025-07-27 21:37:00] 15道第1台停车器通信超时
[2025-07-27 21:37:00] 15道第2台停车器通信超时
[2025-07-27 21:37:00] 15道第3台停车器通信超时
[2025-07-27 21:37:00] 15道防溜器通信超时
[2025-07-27 21:37:00] 16道第1台停车器通信超时
[2025-07-27 21:37:00] 16道第2台停车器通信超时
[2025-07-27 21:37:00] 16道第3台停车器通信超时
[2025-07-27 21:37:00] 16道防溜器通信超时
[2025-07-27 21:37:00] 17道第1台停车器通信超时
[2025-07-27 21:37:00] 17道第2台停车器通信超时
[2025-07-27 21:37:00] 17道第3台停车器通信超时
[2025-07-27 21:37:00] 17道防溜器通信超时
[2025-07-27 21:37:00] 18道第1台停车器通信超时
[2025-07-27 21:37:00] 18道第2台停车器通信超时
[2025-07-27 21:37:00] 18道第3台停车器通信超时
[2025-07-27 21:37:00] 18道防溜器通信超时
[2025-07-27 21:37:00] 19道第1台停车器通信超时
[2025-07-27 21:37:00] 19道第2台停车器通信超时
[2025-07-27 21:37:00] 19道第3台停车器通信超时
[2025-07-27 21:37:00] 19道防溜器通信超时
[2025-07-27 21:37:00] 20道第1台停车器通信超时
[2025-07-27 21:37:00] 20道第2台停车器通信超时
[2025-07-27 21:37:00] 20道第3台停车器通信超时
[2025-07-27 21:37:00] 20道防溜器通信超时
[2025-07-27 21:37:00] 21道第1台停车器通信超时
[2025-07-27 21:37:00] 21道第2台停车器通信超时
[2025-07-27 21:37:00] 21道第3台停车器通信超时
[2025-07-27 21:37:00] 21道防溜器通信超时
[2025-07-27 21:37:00] 22道第1台停车器通信超时
[2025-07-27 21:37:00] 22道第2台停车器通信超时
[2025-07-27 21:37:00] 22道第3台停车器通信超时
[2025-07-27 21:37:00] 22道防溜器通信超时
[2025-07-27 21:37:00] 23道第1台停车器通信超时
[2025-07-27 21:37:00] 23道第2台停车器通信超时
[2025-07-27 21:37:00] 23道第3台停车器通信超时
[2025-07-27 21:37:00] 23道防溜器通信超时
[2025-07-27 21:37:00] 24道第1台停车器通信超时
[2025-07-27 21:37:00] 24道第2台停车器通信超时
[2025-07-27 21:37:00] 24道第3台停车器通信超时
[2025-07-27 21:37:00] 24道防溜器通信超时
[2025-07-27 21:37:58] B机进入主用状态
[2025-07-27 21:37:58] B机在线
[2025-07-27 21:37:58] A机进入备用状态
[2025-07-27 21:37:58] A机离线
[2025-07-27 21:38:22] B机进入主用状态
[2025-07-27 21:38:22] B机在线
[2025-07-27 21:38:22] A机进入备用状态
[2025-07-27 21:38:22] A机离线
[2025-07-27 21:38:34] 2道第1台停车器通信超时
[2025-07-27 21:38:34] 2道第2台停车器通信超时
[2025-07-27 21:38:34] 2道第3台停车器通信超时
[2025-07-27 21:38:34] 2道防溜器通信超时
[2025-07-27 21:38:34] 3道第1台停车器通信超时
[2025-07-27 21:38:34] 3道第2台停车器通信超时
[2025-07-27 21:38:34] 3道第3台停车器通信超时
[2025-07-27 21:38:34] 3道防溜器通信超时
[2025-07-27 21:38:34] 4道第1台停车器通信超时
[2025-07-27 21:38:34] 4道第2台停车器通信超时
[2025-07-27 21:38:34] 4道第3台停车器通信超时
[2025-07-27 21:38:34] 4道防溜器通信超时
[2025-07-27 21:38:34] 5道第1台停车器通信超时
[2025-07-27 21:38:34] 5道第2台停车器通信超时
[2025-07-27 21:38:34] 5道第3台停车器通信超时
[2025-07-27 21:38:34] 5道防溜器通信超时
[2025-07-27 21:38:34] 6道第1台停车器通信超时
[2025-07-27 21:38:34] 6道第2台停车器通信超时
[2025-07-27 21:38:34] 6道第3台停车器通信超时
[2025-07-27 21:38:34] 6道防溜器通信超时
[2025-07-27 21:38:34] 7道第1台停车器通信超时
[2025-07-27 21:38:34] 7道第2台停车器通信超时
[2025-07-27 21:38:34] 7道第3台停车器通信超时
[2025-07-27 21:38:34] 7道防溜器通信超时
[2025-07-27 21:38:34] 8道第1台停车器通信超时
[2025-07-27 21:38:34] 8道第2台停车器通信超时
[2025-07-27 21:38:34] 8道第3台停车器通信超时
[2025-07-27 21:38:34] 8道防溜器通信超时
[2025-07-27 21:38:34] 9道第1台停车器通信超时
[2025-07-27 21:38:34] 9道第2台停车器通信超时
[2025-07-27 21:38:34] 9道第3台停车器通信超时
[2025-07-27 21:38:34] 9道防溜器通信超时
[2025-07-27 21:38:34] 10道第1台停车器通信超时
[2025-07-27 21:38:34] 10道第2台停车器通信超时
[2025-07-27 21:38:34] 10道第3台停车器通信超时
[2025-07-27 21:38:34] 10道防溜器通信超时
[2025-07-27 21:38:34] 11道第1台停车器通信超时
[2025-07-27 21:38:34] 11道第2台停车器通信超时
[2025-07-27 21:38:34] 11道第3台停车器通信超时
[2025-07-27 21:38:34] 11道防溜器通信超时
[2025-07-27 21:38:34] 12道第1台停车器通信超时
[2025-07-27 21:38:34] 12道第2台停车器通信超时
[2025-07-27 21:38:34] 12道第3台停车器通信超时
[2025-07-27 21:38:34] 12道防溜器通信超时
[2025-07-27 21:38:34] 13道第1台停车器通信超时
[2025-07-27 21:38:34] 13道第2台停车器通信超时
[2025-07-27 21:38:34] 13道第3台停车器通信超时
[2025-07-27 21:38:34] 13道防溜器通信超时
[2025-07-27 21:38:34] 14道第1台停车器通信超时
[2025-07-27 21:38:34] 14道第2台停车器通信超时
[2025-07-27 21:38:34] 14道第3台停车器通信超时
[2025-07-27 21:38:34] 14道防溜器通信超时
[2025-07-27 21:38:34] 15道第1台停车器通信超时
[2025-07-27 21:38:34] 15道第2台停车器通信超时
[2025-07-27 21:38:34] 15道第3台停车器通信超时
[2025-07-27 21:38:34] 15道防溜器通信超时
[2025-07-27 21:38:34] 16道第1台停车器通信超时
[2025-07-27 21:38:34] 16道第2台停车器通信超时
[2025-07-27 21:38:34] 16道第3台停车器通信超时
[2025-07-27 21:38:34] 16道防溜器通信超时
[2025-07-27 21:38:34] 17道第1台停车器通信超时
[2025-07-27 21:38:34] 17道第2台停车器通信超时
[2025-07-27 21:38:34] 17道第3台停车器通信超时
[2025-07-27 21:38:34] 17道防溜器通信超时
[2025-07-27 21:38:34] 18道第1台停车器通信超时
[2025-07-27 21:38:34] 18道第2台停车器通信超时
[2025-07-27 21:38:34] 18道第3台停车器通信超时
[2025-07-27 21:38:34] 18道防溜器通信超时
[2025-07-27 21:38:34] 19道第1台停车器通信超时
[2025-07-27 21:38:34] 19道第2台停车器通信超时
[2025-07-27 21:38:34] 19道第3台停车器通信超时
[2025-07-27 21:38:34] 19道防溜器通信超时
[2025-07-27 21:38:34] 20道第1台停车器通信超时
[2025-07-27 21:38:34] 20道第2台停车器通信超时
[2025-07-27 21:38:34] 20道第3台停车器通信超时
[2025-07-27 21:38:34] 20道防溜器通信超时
[2025-07-27 21:38:34] 21道第1台停车器通信超时
[2025-07-27 21:38:34] 21道第2台停车器通信超时
[2025-07-27 21:38:34] 21道第3台停车器通信超时
[2025-07-27 21:38:34] 21道防溜器通信超时
[2025-07-27 21:38:34] 22道第1台停车器通信超时
[2025-07-27 21:38:34] 22道第2台停车器通信超时
[2025-07-27 21:38:34] 22道第3台停车器通信超时
[2025-07-27 21:38:34] 22道防溜器通信超时
[2025-07-27 21:38:34] 23道第1台停车器通信超时
[2025-07-27 21:38:34] 23道第2台停车器通信超时
[2025-07-27 21:38:34] 23道第3台停车器通信超时
[2025-07-27 21:38:34] 23道防溜器通信超时
[2025-07-27 21:38:34] 24道第1台停车器通信超时
[2025-07-27 21:38:34] 24道第2台停车器通信超时
[2025-07-27 21:38:34] 24道第3台停车器通信超时
[2025-07-27 21:38:34] 24道防溜器通信超时
[2025-07-27 21:40:03] B机进入主用状态
[2025-07-27 21:40:03] B机在线
[2025-07-27 21:40:03] A机进入备用状态
[2025-07-27 21:40:03] A机离线
[2025-07-27 21:40:15] 2道第1台停车器通信超时
[2025-07-27 21:40:15] 2道第2台停车器通信超时
[2025-07-27 21:40:15] 2道第3台停车器通信超时
[2025-07-27 21:40:15] 2道防溜器通信超时
[2025-07-27 21:40:15] 3道第1台停车器通信超时
[2025-07-27 21:40:15] 3道第2台停车器通信超时
[2025-07-27 21:40:15] 3道第3台停车器通信超时
[2025-07-27 21:40:15] 3道防溜器通信超时
[2025-07-27 21:40:15] 4道第1台停车器通信超时
[2025-07-27 21:40:15] 4道第2台停车器通信超时
[2025-07-27 21:40:15] 4道第3台停车器通信超时
[2025-07-27 21:40:15] 4道防溜器通信超时
[2025-07-27 21:40:15] 5道第1台停车器通信超时
[2025-07-27 21:40:15] 5道第2台停车器通信超时
[2025-07-27 21:40:15] 5道第3台停车器通信超时
[2025-07-27 21:40:15] 5道防溜器通信超时
[2025-07-27 21:40:15] 6道第1台停车器通信超时
[2025-07-27 21:40:15] 6道第2台停车器通信超时
[2025-07-27 21:40:15] 6道第3台停车器通信超时
[2025-07-27 21:40:15] 6道防溜器通信超时
[2025-07-27 21:40:15] 7道第1台停车器通信超时
[2025-07-27 21:40:15] 7道第2台停车器通信超时
[2025-07-27 21:40:15] 7道第3台停车器通信超时
[2025-07-27 21:40:15] 7道防溜器通信超时
[2025-07-27 21:40:15] 8道第1台停车器通信超时
[2025-07-27 21:40:15] 8道第2台停车器通信超时
[2025-07-27 21:40:15] 8道第3台停车器通信超时
[2025-07-27 21:40:15] 8道防溜器通信超时
[2025-07-27 21:40:15] 9道第1台停车器通信超时
[2025-07-27 21:40:15] 9道第2台停车器通信超时
[2025-07-27 21:40:15] 9道第3台停车器通信超时
[2025-07-27 21:40:15] 9道防溜器通信超时
[2025-07-27 21:40:15] 10道第1台停车器通信超时
[2025-07-27 21:40:15] 10道第2台停车器通信超时
[2025-07-27 21:40:15] 10道第3台停车器通信超时
[2025-07-27 21:40:15] 10道防溜器通信超时
[2025-07-27 21:40:15] 11道第1台停车器通信超时
[2025-07-27 21:40:15] 11道第2台停车器通信超时
[2025-07-27 21:40:15] 11道第3台停车器通信超时
[2025-07-27 21:40:15] 11道防溜器通信超时
[2025-07-27 21:40:15] 12道第1台停车器通信超时
[2025-07-27 21:40:15] 12道第2台停车器通信超时
[2025-07-27 21:40:15] 12道第3台停车器通信超时
[2025-07-27 21:40:15] 12道防溜器通信超时
[2025-07-27 21:40:15] 13道第1台停车器通信超时
[2025-07-27 21:40:15] 13道第2台停车器通信超时
[2025-07-27 21:40:15] 13道第3台停车器通信超时
[2025-07-27 21:40:15] 13道防溜器通信超时
[2025-07-27 21:40:15] 14道第1台停车器通信超时
[2025-07-27 21:40:15] 14道第2台停车器通信超时
[2025-07-27 21:40:15] 14道第3台停车器通信超时
[2025-07-27 21:40:15] 14道防溜器通信超时
[2025-07-27 21:40:15] 15道第1台停车器通信超时
[2025-07-27 21:40:15] 15道第2台停车器通信超时
[2025-07-27 21:40:15] 15道第3台停车器通信超时
[2025-07-27 21:40:15] 15道防溜器通信超时
[2025-07-27 21:40:15] 16道第1台停车器通信超时
[2025-07-27 21:40:15] 16道第2台停车器通信超时
[2025-07-27 21:40:15] 16道第3台停车器通信超时
[2025-07-27 21:40:15] 16道防溜器通信超时
[2025-07-27 21:40:15] 17道第1台停车器通信超时
[2025-07-27 21:40:15] 17道第2台停车器通信超时
[2025-07-27 21:40:15] 17道第3台停车器通信超时
[2025-07-27 21:40:15] 17道防溜器通信超时
[2025-07-27 21:40:15] 18道第1台停车器通信超时
[2025-07-27 21:40:15] 18道第2台停车器通信超时
[2025-07-27 21:40:15] 18道第3台停车器通信超时
[2025-07-27 21:40:15] 18道防溜器通信超时
[2025-07-27 21:40:15] 19道第1台停车器通信超时
[2025-07-27 21:40:15] 19道第2台停车器通信超时
[2025-07-27 21:40:15] 19道第3台停车器通信超时
[2025-07-27 21:40:15] 19道防溜器通信超时
[2025-07-27 21:40:15] 20道第1台停车器通信超时
[2025-07-27 21:40:15] 20道第2台停车器通信超时
[2025-07-27 21:40:15] 20道第3台停车器通信超时
[2025-07-27 21:40:15] 20道防溜器通信超时
[2025-07-27 21:40:15] 21道第1台停车器通信超时
[2025-07-27 21:40:15] 21道第2台停车器通信超时
[2025-07-27 21:40:15] 21道第3台停车器通信超时
[2025-07-27 21:40:15] 21道防溜器通信超时
[2025-07-27 21:40:15] 22道第1台停车器通信超时
[2025-07-27 21:40:15] 22道第2台停车器通信超时
[2025-07-27 21:40:15] 22道第3台停车器通信超时
[2025-07-27 21:40:15] 22道防溜器通信超时
[2025-07-27 21:40:15] 23道第1台停车器通信超时
[2025-07-27 21:40:15] 23道第2台停车器通信超时
[2025-07-27 21:40:15] 23道第3台停车器通信超时
[2025-07-27 21:40:15] 23道防溜器通信超时
[2025-07-27 21:40:15] 24道第1台停车器通信超时
[2025-07-27 21:40:15] 24道第2台停车器通信超时
[2025-07-27 21:40:15] 24道第3台停车器通信超时
[2025-07-27 21:40:15] 24道防溜器通信超时
[2025-07-27 21:40:55] B机进入主用状态
[2025-07-27 21:40:55] B机在线
[2025-07-27 21:40:55] A机进入备用状态
[2025-07-27 21:40:55] A机离线
[2025-07-27 21:41:07] 2道第1台停车器通信超时
[2025-07-27 21:41:07] 2道第2台停车器通信超时
[2025-07-27 21:41:07] 2道第3台停车器通信超时
[2025-07-27 21:41:07] 2道防溜器通信超时
[2025-07-27 21:41:07] 3道第1台停车器通信超时
[2025-07-27 21:41:07] 3道第2台停车器通信超时
[2025-07-27 21:41:07] 3道第3台停车器通信超时
[2025-07-27 21:41:07] 3道防溜器通信超时
[2025-07-27 21:41:07] 4道第1台停车器通信超时
[2025-07-27 21:41:07] 4道第2台停车器通信超时
[2025-07-27 21:41:07] 4道第3台停车器通信超时
[2025-07-27 21:41:07] 4道防溜器通信超时
[2025-07-27 21:41:07] 5道第1台停车器通信超时
[2025-07-27 21:41:07] 5道第2台停车器通信超时
[2025-07-27 21:41:07] 5道第3台停车器通信超时
[2025-07-27 21:41:07] 5道防溜器通信超时
[2025-07-27 21:41:07] 6道第1台停车器通信超时
[2025-07-27 21:41:07] 6道第2台停车器通信超时
[2025-07-27 21:41:07] 6道第3台停车器通信超时
[2025-07-27 21:41:07] 6道防溜器通信超时
[2025-07-27 21:41:07] 7道第1台停车器通信超时
[2025-07-27 21:41:07] 7道第2台停车器通信超时
[2025-07-27 21:41:07] 7道第3台停车器通信超时
[2025-07-27 21:41:07] 7道防溜器通信超时
[2025-07-27 21:41:07] 8道第1台停车器通信超时
[2025-07-27 21:41:07] 8道第2台停车器通信超时
[2025-07-27 21:41:07] 8道第3台停车器通信超时
[2025-07-27 21:41:07] 8道防溜器通信超时
[2025-07-27 21:41:07] 9道第1台停车器通信超时
[2025-07-27 21:41:07] 9道第2台停车器通信超时
[2025-07-27 21:41:07] 9道第3台停车器通信超时
[2025-07-27 21:41:07] 9道防溜器通信超时
[2025-07-27 21:41:07] 10道第1台停车器通信超时
[2025-07-27 21:41:07] 10道第2台停车器通信超时
[2025-07-27 21:41:07] 10道第3台停车器通信超时
[2025-07-27 21:41:07] 10道防溜器通信超时
[2025-07-27 21:41:07] 11道第1台停车器通信超时
[2025-07-27 21:41:07] 11道第2台停车器通信超时
[2025-07-27 21:41:07] 11道第3台停车器通信超时
[2025-07-27 21:41:07] 11道防溜器通信超时
[2025-07-27 21:41:07] 12道第1台停车器通信超时
[2025-07-27 21:41:07] 12道第2台停车器通信超时
[2025-07-27 21:41:07] 12道第3台停车器通信超时
[2025-07-27 21:41:07] 12道防溜器通信超时
[2025-07-27 21:41:07] 13道第1台停车器通信超时
[2025-07-27 21:41:07] 13道第2台停车器通信超时
[2025-07-27 21:41:07] 13道第3台停车器通信超时
[2025-07-27 21:41:07] 13道防溜器通信超时
[2025-07-27 21:41:07] 14道第1台停车器通信超时
[2025-07-27 21:41:07] 14道第2台停车器通信超时
[2025-07-27 21:41:07] 14道第3台停车器通信超时
[2025-07-27 21:41:07] 14道防溜器通信超时
[2025-07-27 21:41:07] 15道第1台停车器通信超时
[2025-07-27 21:41:07] 15道第2台停车器通信超时
[2025-07-27 21:41:07] 15道第3台停车器通信超时
[2025-07-27 21:41:07] 15道防溜器通信超时
[2025-07-27 21:41:07] 16道第1台停车器通信超时
[2025-07-27 21:41:07] 16道第2台停车器通信超时
[2025-07-27 21:41:07] 16道第3台停车器通信超时
[2025-07-27 21:41:07] 16道防溜器通信超时
[2025-07-27 21:41:07] 17道第1台停车器通信超时
[2025-07-27 21:41:07] 17道第2台停车器通信超时
[2025-07-27 21:41:07] 17道第3台停车器通信超时
[2025-07-27 21:41:07] 17道防溜器通信超时
[2025-07-27 21:41:07] 18道第1台停车器通信超时
[2025-07-27 21:41:07] 18道第2台停车器通信超时
[2025-07-27 21:41:07] 18道第3台停车器通信超时
[2025-07-27 21:41:07] 18道防溜器通信超时
[2025-07-27 21:41:07] 19道第1台停车器通信超时
[2025-07-27 21:41:07] 19道第2台停车器通信超时
[2025-07-27 21:41:07] 19道第3台停车器通信超时
[2025-07-27 21:41:07] 19道防溜器通信超时
[2025-07-27 21:41:07] 20道第1台停车器通信超时
[2025-07-27 21:41:07] 20道第2台停车器通信超时
[2025-07-27 21:41:07] 20道第3台停车器通信超时
[2025-07-27 21:41:07] 20道防溜器通信超时
[2025-07-27 21:41:07] 21道第1台停车器通信超时
[2025-07-27 21:41:07] 21道第2台停车器通信超时
[2025-07-27 21:41:07] 21道第3台停车器通信超时
[2025-07-27 21:41:07] 21道防溜器通信超时
[2025-07-27 21:41:07] 22道第1台停车器通信超时
[2025-07-27 21:41:07] 22道第2台停车器通信超时
[2025-07-27 21:41:07] 22道第3台停车器通信超时
[2025-07-27 21:41:07] 22道防溜器通信超时
[2025-07-27 21:41:07] 23道第1台停车器通信超时
[2025-07-27 21:41:07] 23道第2台停车器通信超时
[2025-07-27 21:41:07] 23道第3台停车器通信超时
[2025-07-27 21:41:07] 23道防溜器通信超时
[2025-07-27 21:41:07] 24道第1台停车器通信超时
[2025-07-27 21:41:07] 24道第2台停车器通信超时
[2025-07-27 21:41:07] 24道第3台停车器通信超时
[2025-07-27 21:41:07] 24道防溜器通信超时
