[2025-08-01 08:52:00] B机进入主用状态
[2025-08-01 08:52:00] B机在线
[2025-08-01 08:52:00] A机进入备用状态
[2025-08-01 08:52:00] A机离线
[2025-08-01 08:52:12] 2道第1台停车器通信超时
[2025-08-01 08:52:12] 2道第2台停车器通信超时
[2025-08-01 08:52:12] 2道第3台停车器通信超时
[2025-08-01 08:52:12] 2道防溜器通信超时
[2025-08-01 08:52:12] 3道第1台停车器通信超时
[2025-08-01 08:52:12] 3道第2台停车器通信超时
[2025-08-01 08:52:12] 3道第3台停车器通信超时
[2025-08-01 08:52:12] 3道防溜器通信超时
[2025-08-01 08:52:12] 4道第1台停车器通信超时
[2025-08-01 08:52:12] 4道第2台停车器通信超时
[2025-08-01 08:52:12] 4道第3台停车器通信超时
[2025-08-01 08:52:12] 4道防溜器通信超时
[2025-08-01 08:52:12] 5道第1台停车器通信超时
[2025-08-01 08:52:12] 5道第2台停车器通信超时
[2025-08-01 08:52:12] 5道第3台停车器通信超时
[2025-08-01 08:52:12] 5道防溜器通信超时
[2025-08-01 08:52:12] 6道第1台停车器通信超时
[2025-08-01 08:52:12] 6道第2台停车器通信超时
[2025-08-01 08:52:12] 6道第3台停车器通信超时
[2025-08-01 08:52:12] 6道防溜器通信超时
[2025-08-01 08:52:12] 7道第1台停车器通信超时
[2025-08-01 08:52:12] 7道第2台停车器通信超时
[2025-08-01 08:52:12] 7道第3台停车器通信超时
[2025-08-01 08:52:12] 7道防溜器通信超时
[2025-08-01 08:52:12] 8道第1台停车器通信超时
[2025-08-01 08:52:12] 8道第2台停车器通信超时
[2025-08-01 08:52:12] 8道第3台停车器通信超时
[2025-08-01 08:52:12] 8道防溜器通信超时
[2025-08-01 08:52:12] 9道第1台停车器通信超时
[2025-08-01 08:52:12] 9道第2台停车器通信超时
[2025-08-01 08:52:12] 9道第3台停车器通信超时
[2025-08-01 08:52:12] 9道防溜器通信超时
[2025-08-01 08:52:12] 10道第1台停车器通信超时
[2025-08-01 08:52:12] 10道第2台停车器通信超时
[2025-08-01 08:52:12] 10道第3台停车器通信超时
[2025-08-01 08:52:12] 10道防溜器通信超时
[2025-08-01 08:52:12] 11道第1台停车器通信超时
[2025-08-01 08:52:12] 11道第2台停车器通信超时
[2025-08-01 08:52:12] 11道第3台停车器通信超时
[2025-08-01 08:52:12] 11道防溜器通信超时
[2025-08-01 08:52:12] 12道第1台停车器通信超时
[2025-08-01 08:52:12] 12道第2台停车器通信超时
[2025-08-01 08:52:12] 12道第3台停车器通信超时
[2025-08-01 08:52:12] 12道防溜器通信超时
[2025-08-01 08:52:12] 13道第1台停车器通信超时
[2025-08-01 08:52:12] 13道第2台停车器通信超时
[2025-08-01 08:52:12] 13道第3台停车器通信超时
[2025-08-01 08:52:12] 13道防溜器通信超时
[2025-08-01 08:52:12] 14道第1台停车器通信超时
[2025-08-01 08:52:12] 14道第2台停车器通信超时
[2025-08-01 08:52:12] 14道第3台停车器通信超时
[2025-08-01 08:52:12] 14道防溜器通信超时
[2025-08-01 08:52:12] 15道第1台停车器通信超时
[2025-08-01 08:52:12] 15道第2台停车器通信超时
[2025-08-01 08:52:12] 15道第3台停车器通信超时
[2025-08-01 08:52:12] 15道防溜器通信超时
[2025-08-01 08:52:12] 16道第1台停车器通信超时
[2025-08-01 08:52:12] 16道第2台停车器通信超时
[2025-08-01 08:52:12] 16道第3台停车器通信超时
[2025-08-01 08:52:12] 16道防溜器通信超时
[2025-08-01 08:52:12] 17道第1台停车器通信超时
[2025-08-01 08:52:12] 17道第2台停车器通信超时
[2025-08-01 08:52:12] 17道第3台停车器通信超时
[2025-08-01 08:52:12] 17道防溜器通信超时
[2025-08-01 08:52:12] 18道第1台停车器通信超时
[2025-08-01 08:52:12] 18道第2台停车器通信超时
[2025-08-01 08:52:12] 18道第3台停车器通信超时
[2025-08-01 08:52:12] 18道防溜器通信超时
[2025-08-01 08:52:12] 19道第1台停车器通信超时
[2025-08-01 08:52:12] 19道第2台停车器通信超时
[2025-08-01 08:52:12] 19道第3台停车器通信超时
[2025-08-01 08:52:12] 19道防溜器通信超时
[2025-08-01 08:52:12] 20道第1台停车器通信超时
[2025-08-01 08:52:12] 20道第2台停车器通信超时
[2025-08-01 08:52:12] 20道第3台停车器通信超时
[2025-08-01 08:52:12] 20道防溜器通信超时
[2025-08-01 08:52:12] 21道第1台停车器通信超时
[2025-08-01 08:52:12] 21道第2台停车器通信超时
[2025-08-01 08:52:12] 21道第3台停车器通信超时
[2025-08-01 08:52:12] 21道防溜器通信超时
[2025-08-01 08:52:12] 22道第1台停车器通信超时
[2025-08-01 08:52:12] 22道第2台停车器通信超时
[2025-08-01 08:52:12] 22道第3台停车器通信超时
[2025-08-01 08:52:12] 22道防溜器通信超时
[2025-08-01 08:52:12] 23道第1台停车器通信超时
[2025-08-01 08:52:12] 23道第2台停车器通信超时
[2025-08-01 08:52:12] 23道第3台停车器通信超时
[2025-08-01 08:52:12] 23道防溜器通信超时
[2025-08-01 08:52:12] 24道第1台停车器通信超时
[2025-08-01 08:52:12] 24道第2台停车器通信超时
[2025-08-01 08:52:12] 24道第3台停车器通信超时
[2025-08-01 08:52:12] 24道防溜器通信超时
[2025-08-01 08:52:28] A机进入主用状态
[2025-08-01 08:52:28] A机在线
[2025-08-01 08:52:28] A机进入备用状态
[2025-08-01 08:52:45] A机离线
[2025-08-01 08:53:06] A机进入主用状态
[2025-08-01 08:53:06] A机在线
[2025-08-01 08:53:22] B机进入主用状态
[2025-08-01 08:53:22] A机离线
[2025-08-01 08:53:26] A机进入主用状态
[2025-08-01 08:53:26] A机在线
[2025-08-01 09:02:44] B机进入主用状态
[2025-08-01 09:02:44] A机进入备用状态
[2025-08-01 09:02:44] A机离线
[2025-08-01 09:02:59] SAM控制（13道）停车器和防溜器 制动
[2025-08-01 09:03:01] 13道防溜器制动中（远程）
[2025-08-01 09:03:01] 将重发13道第1台停车器制动指令，第1轮
[2025-08-01 09:03:01] 将重发13道第2台停车器制动指令，第1轮
[2025-08-01 09:03:01] 将重发13道第3台停车器制动指令，第1轮
[2025-08-01 09:03:02] 13道第3台停车器制动到位
[2025-08-01 09:03:03] 13道第2台停车器制动到位
[2025-08-01 09:03:03] 13道第1台停车器制动到位
[2025-08-01 09:03:03] 13道防溜器制动到位（远程）
[2025-08-01 09:03:10] SAM控制（13道）停车器和防溜器 缓解
[2025-08-01 09:03:10] 将重发13道第1台停车器缓解指令，第1轮
[2025-08-01 09:03:10] 将重发13道第2台停车器缓解指令，第1轮
[2025-08-01 09:03:10] 将重发13道第3台停车器缓解指令，第1轮
[2025-08-01 09:03:10] 将重发13道防溜器缓解指令，第1轮
[2025-08-01 09:03:12] 13道防溜器缓解中（远程）
[2025-08-01 09:03:13] 13道第1台停车器缓解到位
[2025-08-01 09:03:13] 将重发13道第2台停车器缓解指令，第2轮
[2025-08-01 09:03:13] 将重发13道第3台停车器缓解指令，第2轮
[2025-08-01 09:03:14] 13道第3台停车器缓解到位
[2025-08-01 09:03:14] 13道第2台停车器缓解到位
[2025-08-01 09:03:14] 13道防溜器缓解到位（远程）
[2025-08-01 09:03:31] A机进入主用状态
[2025-08-01 09:03:31] A机在线
[2025-08-01 09:03:33] B机进入主用状态
[2025-08-01 09:03:33] A机进入备用状态
[2025-08-01 09:03:33] A机离线
[2025-08-01 09:04:02] A机进入主用状态
[2025-08-01 09:04:02] A机在线
[2025-08-01 09:13:54] B机进入主用状态
[2025-08-01 09:13:54] A机进入备用状态
[2025-08-01 09:13:54] A机离线
[2025-08-01 09:16:41] B机进入主用状态
[2025-08-01 09:16:41] B机在线
[2025-08-01 09:16:41] A机进入备用状态
[2025-08-01 09:16:41] A机离线
[2025-08-01 09:16:42] 13道第3台停车器进入运行模式
[2025-08-01 09:16:42] 13道第3台停车器制动到位
[2025-08-01 09:16:42] 13道第2台停车器进入运行模式
[2025-08-01 09:16:42] 13道第2台停车器制动到位
[2025-08-01 09:16:42] 13道第1台停车器进入运行模式
[2025-08-01 09:16:42] 13道第1台停车器制动到位
[2025-08-01 09:16:42] 13道防溜器进入运行模式
[2025-08-01 09:16:42] 13道防溜器制动到位（远程）
[2025-08-01 09:16:53] 2道第1台停车器通信超时
[2025-08-01 09:16:53] 2道第2台停车器通信超时
[2025-08-01 09:16:53] 2道第3台停车器通信超时
[2025-08-01 09:16:53] 2道防溜器通信超时
[2025-08-01 09:16:53] 3道第1台停车器通信超时
[2025-08-01 09:16:53] 3道第2台停车器通信超时
[2025-08-01 09:16:53] 3道第3台停车器通信超时
[2025-08-01 09:16:53] 3道防溜器通信超时
[2025-08-01 09:16:53] 4道第1台停车器通信超时
[2025-08-01 09:16:53] 4道第2台停车器通信超时
[2025-08-01 09:16:53] 4道第3台停车器通信超时
[2025-08-01 09:16:53] 4道防溜器通信超时
[2025-08-01 09:16:53] 5道第1台停车器通信超时
[2025-08-01 09:16:53] 5道第2台停车器通信超时
[2025-08-01 09:16:53] 5道第3台停车器通信超时
[2025-08-01 09:16:53] 5道防溜器通信超时
[2025-08-01 09:16:53] 6道第1台停车器通信超时
[2025-08-01 09:16:53] 6道第2台停车器通信超时
[2025-08-01 09:16:53] 6道第3台停车器通信超时
[2025-08-01 09:16:53] 6道防溜器通信超时
[2025-08-01 09:16:53] 7道第1台停车器通信超时
[2025-08-01 09:16:53] 7道第2台停车器通信超时
[2025-08-01 09:16:53] 7道第3台停车器通信超时
[2025-08-01 09:16:53] 7道防溜器通信超时
[2025-08-01 09:16:53] 8道第1台停车器通信超时
[2025-08-01 09:16:53] 8道第2台停车器通信超时
[2025-08-01 09:16:53] 8道第3台停车器通信超时
[2025-08-01 09:16:53] 8道防溜器通信超时
[2025-08-01 09:16:53] 9道第1台停车器通信超时
[2025-08-01 09:16:53] 9道第2台停车器通信超时
[2025-08-01 09:16:53] 9道第3台停车器通信超时
[2025-08-01 09:16:53] 9道防溜器通信超时
[2025-08-01 09:16:53] 10道第1台停车器通信超时
[2025-08-01 09:16:53] 10道第2台停车器通信超时
[2025-08-01 09:16:53] 10道第3台停车器通信超时
[2025-08-01 09:16:53] 10道防溜器通信超时
[2025-08-01 09:16:53] 11道第1台停车器通信超时
[2025-08-01 09:16:53] 11道第2台停车器通信超时
[2025-08-01 09:16:53] 11道第3台停车器通信超时
[2025-08-01 09:16:53] 11道防溜器通信超时
[2025-08-01 09:16:53] 12道第1台停车器通信超时
[2025-08-01 09:16:53] 12道第2台停车器通信超时
[2025-08-01 09:16:53] 12道第3台停车器通信超时
[2025-08-01 09:16:53] 12道防溜器通信超时
[2025-08-01 09:16:53] 14道第1台停车器通信超时
[2025-08-01 09:16:53] 14道第2台停车器通信超时
[2025-08-01 09:16:53] 14道第3台停车器通信超时
[2025-08-01 09:16:53] 14道防溜器通信超时
[2025-08-01 09:16:53] 15道第1台停车器通信超时
[2025-08-01 09:16:53] 15道第2台停车器通信超时
[2025-08-01 09:16:53] 15道第3台停车器通信超时
[2025-08-01 09:16:53] 15道防溜器通信超时
[2025-08-01 09:16:53] 16道第1台停车器通信超时
[2025-08-01 09:16:53] 16道第2台停车器通信超时
[2025-08-01 09:16:53] 16道第3台停车器通信超时
[2025-08-01 09:16:53] 16道防溜器通信超时
[2025-08-01 09:16:53] 17道第1台停车器通信超时
[2025-08-01 09:16:53] 17道第2台停车器通信超时
[2025-08-01 09:16:53] 17道第3台停车器通信超时
[2025-08-01 09:16:53] 17道防溜器通信超时
[2025-08-01 09:16:53] 18道第1台停车器通信超时
[2025-08-01 09:16:53] 18道第2台停车器通信超时
[2025-08-01 09:16:53] 18道第3台停车器通信超时
[2025-08-01 09:16:53] 18道防溜器通信超时
[2025-08-01 09:16:53] 19道第1台停车器通信超时
[2025-08-01 09:16:53] 19道第2台停车器通信超时
[2025-08-01 09:16:53] 19道第3台停车器通信超时
[2025-08-01 09:16:53] 19道防溜器通信超时
[2025-08-01 09:16:53] 20道第1台停车器通信超时
[2025-08-01 09:16:53] 20道第2台停车器通信超时
[2025-08-01 09:16:53] 20道第3台停车器通信超时
[2025-08-01 09:16:53] 20道防溜器通信超时
[2025-08-01 09:16:53] 21道第1台停车器通信超时
[2025-08-01 09:16:53] 21道第2台停车器通信超时
[2025-08-01 09:16:54] 21道第3台停车器通信超时
[2025-08-01 09:16:54] 21道防溜器通信超时
[2025-08-01 09:16:54] 22道第1台停车器通信超时
[2025-08-01 09:16:54] 22道第2台停车器通信超时
[2025-08-01 09:16:54] 22道第3台停车器通信超时
[2025-08-01 09:16:54] 22道防溜器通信超时
[2025-08-01 09:16:54] 23道第1台停车器通信超时
[2025-08-01 09:16:54] 23道第2台停车器通信超时
[2025-08-01 09:16:54] 23道第3台停车器通信超时
[2025-08-01 09:16:54] 23道防溜器通信超时
[2025-08-01 09:16:54] 24道第1台停车器通信超时
[2025-08-01 09:16:54] 24道第2台停车器通信超时
[2025-08-01 09:16:54] 24道第3台停车器通信超时
[2025-08-01 09:16:54] 24道防溜器通信超时
[2025-08-01 09:16:56] 用户确认切换为场控模式
[2025-08-01 09:17:00] 上位机发送缓解指令到13道防溜器
[2025-08-01 09:17:01] 13道防溜器缓解中（远程）
[2025-08-01 09:17:03] 13道防溜器缓解到位（远程）
[2025-08-01 09:17:09] 上位机发送缓解指令到13道第2台停车器
[2025-08-01 09:17:09] 上位机发送缓解指令到13道第3台停车器
[2025-08-01 09:17:09] 上位机发送缓解指令到13道第1台停车器
[2025-08-01 09:17:11] 将重发13道第1台停车器缓解指令，第1轮
[2025-08-01 09:17:11] 将重发13道第2台停车器缓解指令，第1轮
[2025-08-01 09:17:11] 将重发13道第3台停车器缓解指令，第1轮
[2025-08-01 09:17:12] 13道第3台停车器缓解到位
[2025-08-01 09:17:12] 13道第1台停车器缓解到位
[2025-08-01 09:17:12] 13道第2台停车器缓解到位
[2025-08-01 09:17:16] 上位机发送制动指令到13道第2台停车器
[2025-08-01 09:17:16] 上位机发送制动指令到13道第3台停车器
[2025-08-01 09:17:16] 上位机发送制动指令到13道防溜器
[2025-08-01 09:17:16] 上位机发送制动指令到13道第1台停车器
[2025-08-01 09:17:17] 将重发13道第1台停车器制动指令，第1轮
[2025-08-01 09:17:17] 将重发13道第2台停车器制动指令，第1轮
[2025-08-01 09:17:17] 将重发13道第3台停车器制动指令，第1轮
[2025-08-01 09:17:17] 将重发13道防溜器制动指令，第1轮
[2025-08-01 09:17:17] 13道防溜器制动中（远程）
[2025-08-01 09:17:19] 13道第1台停车器制动到位
[2025-08-01 09:17:19] 13道第2台停车器制动到位
[2025-08-01 09:17:19] 13道第3台停车器制动到位
[2025-08-01 09:17:19] 13道防溜器制动到位（远程）
[2025-08-01 09:17:22] 上位机发送缓解指令到13道第2台停车器
[2025-08-01 09:17:22] 上位机发送缓解指令到13道第3台停车器
[2025-08-01 09:17:22] 上位机发送缓解指令到13道防溜器
[2025-08-01 09:17:22] 上位机发送缓解指令到13道第1台停车器
[2025-08-01 09:17:23] 将重发13道第1台停车器缓解指令，第1轮
[2025-08-01 09:17:23] 将重发13道第2台停车器缓解指令，第1轮
[2025-08-01 09:17:23] 将重发13道第3台停车器缓解指令，第1轮
[2025-08-01 09:17:23] 将重发13道防溜器缓解指令，第1轮
[2025-08-01 09:17:23] 13道防溜器缓解中（远程）
[2025-08-01 09:17:25] 13道第3台停车器缓解到位
[2025-08-01 09:17:25] 13道第2台停车器缓解到位
[2025-08-01 09:17:25] 13道防溜器缓解到位（远程）
[2025-08-01 09:17:26] 将重发13道第1台停车器缓解指令，第2轮
[2025-08-01 09:17:26] 13道第1台停车器缓解到位
[2025-08-01 09:17:29] 上位机发送制动指令到13道第2台停车器
[2025-08-01 09:17:29] 上位机发送制动指令到13道第3台停车器
[2025-08-01 09:17:29] 上位机发送制动指令到13道防溜器
[2025-08-01 09:17:29] 上位机发送制动指令到13道第1台停车器
[2025-08-01 09:17:30] 13道防溜器制动中（远程）
[2025-08-01 09:17:32] 将重发13道第1台停车器制动指令，第1轮
[2025-08-01 09:17:32] 将重发13道第2台停车器制动指令，第1轮
[2025-08-01 09:17:32] 将重发13道第3台停车器制动指令，第1轮
[2025-08-01 09:17:32] 13道第3台停车器制动到位
[2025-08-01 09:17:32] 13道防溜器制动到位（远程）
[2025-08-01 09:17:33] 13道第2台停车器制动到位
[2025-08-01 09:17:33] 13道第1台停车器制动到位
[2025-08-01 09:17:37] 上位机发送缓解指令到13道第2台停车器
[2025-08-01 09:17:37] 上位机发送缓解指令到13道第3台停车器
[2025-08-01 09:17:37] 上位机发送缓解指令到13道防溜器
[2025-08-01 09:17:37] 上位机发送缓解指令到13道第1台停车器
[2025-08-01 09:17:38] 将重发13道第1台停车器缓解指令，第1轮
[2025-08-01 09:17:38] 将重发13道第2台停车器缓解指令，第1轮
[2025-08-01 09:17:38] 将重发13道第3台停车器缓解指令，第1轮
[2025-08-01 09:17:38] 将重发13道防溜器缓解指令，第1轮
[2025-08-01 09:17:38] 13道防溜器缓解中（远程）
[2025-08-01 09:17:40] 13道第1台停车器缓解到位
[2025-08-01 09:17:40] 13道第3台停车器缓解到位
[2025-08-01 09:17:40] 13道第2台停车器缓解到位
[2025-08-01 09:17:40] 13道防溜器缓解到位（远程）
[2025-08-01 09:17:46] B机进入主用状态
[2025-08-01 09:17:46] B机在线
[2025-08-01 09:17:48] B机进入主用状态
[2025-08-01 09:17:48] B机在线
[2025-08-01 09:17:48] A机进入备用状态
[2025-08-01 09:17:48] A机离线
[2025-08-01 09:17:49] 13道第3台停车器进入运行模式
[2025-08-01 09:17:49] 13道第3台停车器缓解到位
[2025-08-01 09:17:49] 13道第2台停车器进入运行模式
[2025-08-01 09:17:49] 13道第2台停车器缓解到位
[2025-08-01 09:17:49] 13道第1台停车器进入运行模式
[2025-08-01 09:17:49] 13道第1台停车器缓解到位
[2025-08-01 09:17:49] 13道防溜器进入运行模式
[2025-08-01 09:17:49] 13道防溜器缓解到位（远程）
[2025-08-01 09:18:00] 2道第1台停车器通信超时
[2025-08-01 09:18:00] 2道第2台停车器通信超时
[2025-08-01 09:18:00] 2道第3台停车器通信超时
[2025-08-01 09:18:00] 2道防溜器通信超时
[2025-08-01 09:18:00] 3道第1台停车器通信超时
[2025-08-01 09:18:00] 3道第2台停车器通信超时
[2025-08-01 09:18:00] 3道第3台停车器通信超时
[2025-08-01 09:18:00] 3道防溜器通信超时
[2025-08-01 09:18:00] 4道第1台停车器通信超时
[2025-08-01 09:18:00] 4道第2台停车器通信超时
[2025-08-01 09:18:00] 4道第3台停车器通信超时
[2025-08-01 09:18:00] 4道防溜器通信超时
[2025-08-01 09:18:00] 5道第1台停车器通信超时
[2025-08-01 09:18:00] 5道第2台停车器通信超时
[2025-08-01 09:18:00] 5道第3台停车器通信超时
[2025-08-01 09:18:00] 5道防溜器通信超时
[2025-08-01 09:18:00] 6道第1台停车器通信超时
[2025-08-01 09:18:00] 6道第2台停车器通信超时
[2025-08-01 09:18:00] 6道第3台停车器通信超时
[2025-08-01 09:18:00] 6道防溜器通信超时
[2025-08-01 09:18:00] 7道第1台停车器通信超时
[2025-08-01 09:18:00] 7道第2台停车器通信超时
[2025-08-01 09:18:00] 7道第3台停车器通信超时
[2025-08-01 09:18:00] 7道防溜器通信超时
[2025-08-01 09:18:00] 8道第1台停车器通信超时
[2025-08-01 09:18:00] 8道第2台停车器通信超时
[2025-08-01 09:18:00] 8道第3台停车器通信超时
[2025-08-01 09:18:00] 8道防溜器通信超时
[2025-08-01 09:18:00] 9道第1台停车器通信超时
[2025-08-01 09:18:00] 9道第2台停车器通信超时
[2025-08-01 09:18:00] 9道第3台停车器通信超时
[2025-08-01 09:18:00] 9道防溜器通信超时
[2025-08-01 09:18:00] 10道第1台停车器通信超时
[2025-08-01 09:18:00] 10道第2台停车器通信超时
[2025-08-01 09:18:00] 10道第3台停车器通信超时
[2025-08-01 09:18:00] 10道防溜器通信超时
[2025-08-01 09:18:00] 11道第1台停车器通信超时
[2025-08-01 09:18:00] 11道第2台停车器通信超时
[2025-08-01 09:18:00] 11道第3台停车器通信超时
[2025-08-01 09:18:00] 11道防溜器通信超时
[2025-08-01 09:18:00] 12道第1台停车器通信超时
[2025-08-01 09:18:00] 12道第2台停车器通信超时
[2025-08-01 09:18:00] 12道第3台停车器通信超时
[2025-08-01 09:18:00] 12道防溜器通信超时
[2025-08-01 09:18:00] 14道第1台停车器通信超时
[2025-08-01 09:18:00] 14道第2台停车器通信超时
[2025-08-01 09:18:00] 14道第3台停车器通信超时
[2025-08-01 09:18:00] 14道防溜器通信超时
[2025-08-01 09:18:00] 15道第1台停车器通信超时
[2025-08-01 09:18:00] 15道第2台停车器通信超时
[2025-08-01 09:18:00] 15道第3台停车器通信超时
[2025-08-01 09:18:00] 15道防溜器通信超时
[2025-08-01 09:18:00] 16道第1台停车器通信超时
[2025-08-01 09:18:00] 16道第2台停车器通信超时
[2025-08-01 09:18:00] 16道第3台停车器通信超时
[2025-08-01 09:18:00] 16道防溜器通信超时
[2025-08-01 09:18:00] 17道第1台停车器通信超时
[2025-08-01 09:18:00] 17道第2台停车器通信超时
[2025-08-01 09:18:00] 17道第3台停车器通信超时
[2025-08-01 09:18:00] 17道防溜器通信超时
[2025-08-01 09:18:00] 18道第1台停车器通信超时
[2025-08-01 09:18:00] 18道第2台停车器通信超时
[2025-08-01 09:18:00] 18道第3台停车器通信超时
[2025-08-01 09:18:00] 18道防溜器通信超时
[2025-08-01 09:18:00] 19道第1台停车器通信超时
[2025-08-01 09:18:00] 19道第2台停车器通信超时
[2025-08-01 09:18:00] 19道第3台停车器通信超时
[2025-08-01 09:18:00] 19道防溜器通信超时
[2025-08-01 09:18:00] 20道第1台停车器通信超时
[2025-08-01 09:18:00] 20道第2台停车器通信超时
[2025-08-01 09:18:00] 20道第3台停车器通信超时
[2025-08-01 09:18:00] 20道防溜器通信超时
[2025-08-01 09:18:00] 21道第1台停车器通信超时
[2025-08-01 09:18:00] 21道第2台停车器通信超时
[2025-08-01 09:18:00] 21道第3台停车器通信超时
[2025-08-01 09:18:00] 21道防溜器通信超时
[2025-08-01 09:18:00] 22道第1台停车器通信超时
[2025-08-01 09:18:00] 22道第2台停车器通信超时
[2025-08-01 09:18:00] 22道第3台停车器通信超时
[2025-08-01 09:18:00] 22道防溜器通信超时
[2025-08-01 09:18:00] 23道第1台停车器通信超时
[2025-08-01 09:18:00] 23道第2台停车器通信超时
[2025-08-01 09:18:00] 23道第3台停车器通信超时
[2025-08-01 09:18:00] 23道防溜器通信超时
[2025-08-01 09:18:00] 24道第1台停车器通信超时
[2025-08-01 09:18:00] 24道第2台停车器通信超时
[2025-08-01 09:18:00] 24道第3台停车器通信超时
[2025-08-01 09:18:00] 24道防溜器通信超时
