[2025-06-22 12:09:13] A机进入主用状态
[2025-06-22 12:09:13] A机在线
[2025-06-22 12:09:13] B机进入备用状态
[2025-06-22 12:09:13] B机离线
[2025-06-22 12:09:18] 第2道第1台停车器通信超时
[2025-06-22 12:09:18] 第2道第2台停车器通信超时
[2025-06-22 12:09:18] 第2道第3台停车器通信超时
[2025-06-22 12:09:18] 第2道第1台防溜器通信超时
[2025-06-22 12:09:18] 第3道第1台停车器通信超时
[2025-06-22 12:09:18] 第3道第2台停车器通信超时
[2025-06-22 12:09:18] 第3道第3台停车器通信超时
[2025-06-22 12:09:18] 第3道第1台防溜器通信超时
[2025-06-22 12:09:18] 第4道第1台停车器通信超时
[2025-06-22 12:09:18] 第4道第2台停车器通信超时
[2025-06-22 12:09:18] 第4道第3台停车器通信超时
[2025-06-22 12:09:18] 第4道第1台防溜器通信超时
[2025-06-22 12:09:18] 第5道第1台停车器通信超时
[2025-06-22 12:09:18] 第5道第2台停车器通信超时
[2025-06-22 12:09:18] 第5道第3台停车器通信超时
[2025-06-22 12:09:18] 第5道第1台防溜器通信超时
[2025-06-22 12:09:18] 第6道第1台停车器通信超时
[2025-06-22 12:09:18] 第6道第2台停车器通信超时
[2025-06-22 12:09:18] 第6道第3台停车器通信超时
[2025-06-22 12:09:18] 第6道第1台防溜器通信超时
[2025-06-22 12:09:18] 第7道第1台停车器通信超时
[2025-06-22 12:09:18] 第7道第2台停车器通信超时
[2025-06-22 12:09:18] 第7道第3台停车器通信超时
[2025-06-22 12:09:18] 第7道第1台防溜器通信超时
[2025-06-22 12:09:18] 第8道第1台停车器通信超时
[2025-06-22 12:09:18] 第8道第2台停车器通信超时
[2025-06-22 12:09:18] 第8道第3台停车器通信超时
[2025-06-22 12:09:18] 第8道第1台防溜器通信超时
[2025-06-22 12:09:18] 第9道第1台停车器通信超时
[2025-06-22 12:09:18] 第9道第2台停车器通信超时
[2025-06-22 12:09:18] 第9道第3台停车器通信超时
[2025-06-22 12:09:18] 第9道第1台防溜器通信超时
[2025-06-22 12:09:18] 第10道第1台停车器通信超时
[2025-06-22 12:09:18] 第10道第2台停车器通信超时
[2025-06-22 12:09:18] 第10道第3台停车器通信超时
[2025-06-22 12:09:18] 第10道第1台防溜器通信超时
[2025-06-22 12:09:18] 第11道第1台停车器通信超时
[2025-06-22 12:09:18] 第11道第2台停车器通信超时
[2025-06-22 12:09:18] 第11道第3台停车器通信超时
[2025-06-22 12:09:18] 第11道第1台防溜器通信超时
[2025-06-22 12:09:18] 第12道第1台停车器通信超时
[2025-06-22 12:09:18] 第12道第2台停车器通信超时
[2025-06-22 12:09:18] 第12道第3台停车器通信超时
[2025-06-22 12:09:18] 第12道第1台防溜器通信超时
[2025-06-22 12:09:18] 第13道第1台停车器通信超时
[2025-06-22 12:09:18] 第13道第2台停车器通信超时
[2025-06-22 12:09:18] 第13道第3台停车器通信超时
[2025-06-22 12:09:18] 第13道第1台防溜器通信超时
[2025-06-22 12:09:18] 第14道第1台停车器通信超时
[2025-06-22 12:09:18] 第14道第2台停车器通信超时
[2025-06-22 12:09:18] 第14道第3台停车器通信超时
[2025-06-22 12:09:18] 第14道第1台防溜器通信超时
[2025-06-22 12:09:18] 第15道第1台停车器通信超时
[2025-06-22 12:09:18] 第15道第2台停车器通信超时
[2025-06-22 12:09:18] 第15道第3台停车器通信超时
[2025-06-22 12:09:18] 第15道第1台防溜器通信超时
[2025-06-22 12:09:18] 第16道第1台停车器通信超时
[2025-06-22 12:09:18] 第16道第2台停车器通信超时
[2025-06-22 12:09:18] 第16道第3台停车器通信超时
[2025-06-22 12:09:18] 第16道第1台防溜器通信超时
[2025-06-22 12:09:18] 第17道第1台停车器通信超时
[2025-06-22 12:09:18] 第17道第2台停车器通信超时
[2025-06-22 12:09:18] 第17道第3台停车器通信超时
[2025-06-22 12:09:18] 第17道第1台防溜器通信超时
[2025-06-22 12:09:18] 第18道第1台停车器通信超时
[2025-06-22 12:09:18] 第18道第2台停车器通信超时
[2025-06-22 12:09:18] 第18道第3台停车器通信超时
[2025-06-22 12:09:18] 第18道第1台防溜器通信超时
[2025-06-22 12:09:18] 第19道第1台停车器通信超时
[2025-06-22 12:09:18] 第19道第2台停车器通信超时
[2025-06-22 12:09:18] 第19道第3台停车器通信超时
[2025-06-22 12:09:18] 第19道第1台防溜器通信超时
[2025-06-22 12:09:18] 第20道第1台停车器通信超时
[2025-06-22 12:09:18] 第20道第2台停车器通信超时
[2025-06-22 12:09:18] 第20道第3台停车器通信超时
[2025-06-22 12:09:18] 第20道第1台防溜器通信超时
[2025-06-22 12:09:18] 第21道第1台停车器通信超时
[2025-06-22 12:09:18] 第21道第2台停车器通信超时
[2025-06-22 12:09:18] 第21道第3台停车器通信超时
[2025-06-22 12:09:18] 第21道第1台防溜器通信超时
[2025-06-22 12:09:18] 第22道第1台停车器通信超时
[2025-06-22 12:09:18] 第22道第2台停车器通信超时
[2025-06-22 12:09:18] 第22道第3台停车器通信超时
[2025-06-22 12:09:18] 第22道第1台防溜器通信超时
[2025-06-22 12:09:18] 第23道第1台停车器通信超时
[2025-06-22 12:09:18] 第23道第2台停车器通信超时
[2025-06-22 12:09:18] 第23道第3台停车器通信超时
[2025-06-22 12:09:18] 第23道第1台防溜器通信超时
[2025-06-22 12:09:18] 第24道第1台停车器通信超时
[2025-06-22 12:09:18] 第24道第2台停车器通信超时
[2025-06-22 12:09:18] 第24道第3台停车器通信超时
[2025-06-22 12:09:18] 第24道第1台防溜器通信超时
[2025-06-22 12:11:52] A机进入主用状态
[2025-06-22 12:11:52] A机在线
[2025-06-22 12:11:52] B机进入备用状态
[2025-06-22 12:11:52] B机离线
[2025-06-22 12:11:53] A机进入主用状态
[2025-06-22 12:11:53] A机在线
[2025-06-22 12:13:18] A机进入主用状态
[2025-06-22 12:13:18] A机在线
[2025-06-22 12:13:18] B机进入备用状态
[2025-06-22 12:13:18] B机离线
[2025-06-22 12:13:22] 第2道第1台停车器通信超时
[2025-06-22 12:13:22] 第2道第2台停车器通信超时
[2025-06-22 12:13:22] 第2道第3台停车器通信超时
[2025-06-22 12:13:22] 第2道第1台防溜器通信超时
[2025-06-22 12:13:22] 第3道第1台停车器通信超时
[2025-06-22 12:13:22] 第3道第2台停车器通信超时
[2025-06-22 12:13:22] 第3道第3台停车器通信超时
[2025-06-22 12:13:22] 第3道第1台防溜器通信超时
[2025-06-22 12:13:22] 第4道第1台停车器通信超时
[2025-06-22 12:13:22] 第4道第2台停车器通信超时
[2025-06-22 12:13:22] 第4道第3台停车器通信超时
[2025-06-22 12:13:22] 第4道第1台防溜器通信超时
[2025-06-22 12:13:22] 第5道第1台停车器通信超时
[2025-06-22 12:13:22] 第5道第2台停车器通信超时
[2025-06-22 12:13:22] 第5道第3台停车器通信超时
[2025-06-22 12:13:22] 第5道第1台防溜器通信超时
[2025-06-22 12:13:22] 第6道第1台停车器通信超时
[2025-06-22 12:13:22] 第6道第2台停车器通信超时
[2025-06-22 12:13:22] 第6道第3台停车器通信超时
[2025-06-22 12:13:22] 第6道第1台防溜器通信超时
[2025-06-22 12:13:22] 第7道第1台停车器通信超时
[2025-06-22 12:13:22] 第7道第2台停车器通信超时
[2025-06-22 12:13:22] 第7道第3台停车器通信超时
[2025-06-22 12:13:22] 第7道第1台防溜器通信超时
[2025-06-22 12:13:22] 第8道第1台停车器通信超时
[2025-06-22 12:13:22] 第8道第2台停车器通信超时
[2025-06-22 12:13:22] 第8道第3台停车器通信超时
[2025-06-22 12:13:22] 第8道第1台防溜器通信超时
[2025-06-22 12:13:22] 第9道第1台停车器通信超时
[2025-06-22 12:13:22] 第9道第2台停车器通信超时
[2025-06-22 12:13:22] 第9道第3台停车器通信超时
[2025-06-22 12:13:22] 第9道第1台防溜器通信超时
[2025-06-22 12:13:22] 第10道第1台停车器通信超时
[2025-06-22 12:13:22] 第10道第2台停车器通信超时
[2025-06-22 12:13:22] 第10道第3台停车器通信超时
[2025-06-22 12:13:22] 第10道第1台防溜器通信超时
[2025-06-22 12:13:22] 第11道第1台停车器通信超时
[2025-06-22 12:13:22] 第11道第2台停车器通信超时
[2025-06-22 12:13:22] 第11道第3台停车器通信超时
[2025-06-22 12:13:22] 第11道第1台防溜器通信超时
[2025-06-22 12:13:22] 第12道第1台停车器通信超时
[2025-06-22 12:13:22] 第12道第2台停车器通信超时
[2025-06-22 12:13:22] 第12道第3台停车器通信超时
[2025-06-22 12:13:23] 第12道第1台防溜器通信超时
[2025-06-22 12:13:23] 第13道第1台停车器通信超时
[2025-06-22 12:13:23] 第13道第2台停车器通信超时
[2025-06-22 12:13:23] 第13道第3台停车器通信超时
[2025-06-22 12:13:23] 第13道第1台防溜器通信超时
[2025-06-22 12:13:23] 第14道第1台停车器通信超时
[2025-06-22 12:13:23] 第14道第2台停车器通信超时
[2025-06-22 12:13:23] 第14道第3台停车器通信超时
[2025-06-22 12:13:23] 第14道第1台防溜器通信超时
[2025-06-22 12:13:23] 第15道第1台停车器通信超时
[2025-06-22 12:13:23] 第15道第2台停车器通信超时
[2025-06-22 12:13:23] 第15道第3台停车器通信超时
[2025-06-22 12:13:23] 第15道第1台防溜器通信超时
[2025-06-22 12:13:23] 第16道第1台停车器通信超时
[2025-06-22 12:13:23] 第16道第2台停车器通信超时
[2025-06-22 12:13:23] 第16道第3台停车器通信超时
[2025-06-22 12:13:23] 第16道第1台防溜器通信超时
[2025-06-22 12:13:23] 第17道第1台停车器通信超时
[2025-06-22 12:13:23] 第17道第2台停车器通信超时
[2025-06-22 12:13:23] 第17道第3台停车器通信超时
[2025-06-22 12:13:23] 第17道第1台防溜器通信超时
[2025-06-22 12:13:23] 第18道第1台停车器通信超时
[2025-06-22 12:13:23] 第18道第2台停车器通信超时
[2025-06-22 12:13:23] 第18道第3台停车器通信超时
[2025-06-22 12:13:23] 第18道第1台防溜器通信超时
[2025-06-22 12:13:23] 第19道第1台停车器通信超时
[2025-06-22 12:13:23] 第19道第2台停车器通信超时
[2025-06-22 12:13:23] 第19道第3台停车器通信超时
[2025-06-22 12:13:23] 第19道第1台防溜器通信超时
[2025-06-22 12:13:23] 第20道第1台停车器通信超时
[2025-06-22 12:13:23] 第20道第2台停车器通信超时
[2025-06-22 12:13:23] 第20道第3台停车器通信超时
[2025-06-22 12:13:23] 第20道第1台防溜器通信超时
[2025-06-22 12:13:23] 第21道第1台停车器通信超时
[2025-06-22 12:13:23] 第21道第2台停车器通信超时
[2025-06-22 12:13:23] 第21道第3台停车器通信超时
[2025-06-22 12:13:23] 第21道第1台防溜器通信超时
[2025-06-22 12:13:23] 第22道第1台停车器通信超时
[2025-06-22 12:13:23] 第22道第2台停车器通信超时
[2025-06-22 12:13:23] 第22道第3台停车器通信超时
[2025-06-22 12:13:23] 第22道第1台防溜器通信超时
[2025-06-22 12:13:23] 第23道第1台停车器通信超时
[2025-06-22 12:13:23] 第23道第2台停车器通信超时
[2025-06-22 12:13:23] 第23道第3台停车器通信超时
[2025-06-22 12:13:23] 第23道第1台防溜器通信超时
[2025-06-22 12:13:23] 第24道第1台停车器通信超时
[2025-06-22 12:13:23] 第24道第2台停车器通信超时
[2025-06-22 12:13:23] 第24道第3台停车器通信超时
[2025-06-22 12:13:23] 第24道第1台防溜器通信超时
[2025-06-22 12:13:57] A机进入主用状态
[2025-06-22 12:13:57] A机在线
[2025-06-22 12:13:57] B机进入备用状态
[2025-06-22 12:13:57] B机离线
[2025-06-22 12:14:01] 第2道第1台停车器通信超时
[2025-06-22 12:14:01] 第2道第2台停车器通信超时
[2025-06-22 12:14:01] 第2道第3台停车器通信超时
[2025-06-22 12:14:01] 第2道第1台防溜器通信超时
[2025-06-22 12:14:01] 第3道第1台停车器通信超时
[2025-06-22 12:14:01] 第3道第2台停车器通信超时
[2025-06-22 12:14:01] 第3道第3台停车器通信超时
[2025-06-22 12:14:01] 第3道第1台防溜器通信超时
[2025-06-22 12:14:01] 第4道第1台停车器通信超时
[2025-06-22 12:14:01] 第4道第2台停车器通信超时
[2025-06-22 12:14:01] 第4道第3台停车器通信超时
[2025-06-22 12:14:01] 第4道第1台防溜器通信超时
[2025-06-22 12:14:01] 第5道第1台停车器通信超时
[2025-06-22 12:14:01] 第5道第2台停车器通信超时
[2025-06-22 12:14:01] 第5道第3台停车器通信超时
[2025-06-22 12:14:01] 第5道第1台防溜器通信超时
[2025-06-22 12:14:01] 第6道第1台停车器通信超时
[2025-06-22 12:14:01] 第6道第2台停车器通信超时
[2025-06-22 12:14:01] 第6道第3台停车器通信超时
[2025-06-22 12:14:01] 第6道第1台防溜器通信超时
[2025-06-22 12:14:01] 第7道第1台停车器通信超时
[2025-06-22 12:14:01] 第7道第2台停车器通信超时
[2025-06-22 12:14:01] 第7道第3台停车器通信超时
[2025-06-22 12:14:01] 第7道第1台防溜器通信超时
[2025-06-22 12:14:01] 第8道第1台停车器通信超时
[2025-06-22 12:14:01] 第8道第2台停车器通信超时
[2025-06-22 12:14:01] 第8道第3台停车器通信超时
[2025-06-22 12:14:01] 第8道第1台防溜器通信超时
[2025-06-22 12:14:01] 第9道第1台停车器通信超时
[2025-06-22 12:14:01] 第9道第2台停车器通信超时
[2025-06-22 12:14:01] 第9道第3台停车器通信超时
[2025-06-22 12:14:01] 第9道第1台防溜器通信超时
[2025-06-22 12:14:01] 第10道第1台停车器通信超时
[2025-06-22 12:14:01] 第10道第2台停车器通信超时
[2025-06-22 12:14:01] 第10道第3台停车器通信超时
[2025-06-22 12:14:01] 第10道第1台防溜器通信超时
[2025-06-22 12:14:01] 第11道第1台停车器通信超时
[2025-06-22 12:14:02] 第11道第2台停车器通信超时
[2025-06-22 12:14:02] 第11道第3台停车器通信超时
[2025-06-22 12:14:02] 第11道第1台防溜器通信超时
[2025-06-22 12:14:02] 第12道第1台停车器通信超时
[2025-06-22 12:14:02] 第12道第2台停车器通信超时
[2025-06-22 12:14:02] 第12道第3台停车器通信超时
[2025-06-22 12:14:02] 第12道第1台防溜器通信超时
[2025-06-22 12:14:02] 第13道第1台停车器通信超时
[2025-06-22 12:14:02] 第13道第2台停车器通信超时
[2025-06-22 12:14:02] 第13道第3台停车器通信超时
[2025-06-22 12:14:02] 第13道第1台防溜器通信超时
[2025-06-22 12:14:02] 第14道第1台停车器通信超时
[2025-06-22 12:14:02] 第14道第2台停车器通信超时
[2025-06-22 12:14:02] 第14道第3台停车器通信超时
[2025-06-22 12:14:02] 第14道第1台防溜器通信超时
[2025-06-22 12:14:02] 第15道第1台停车器通信超时
[2025-06-22 12:14:02] 第15道第2台停车器通信超时
[2025-06-22 12:14:02] 第15道第3台停车器通信超时
[2025-06-22 12:14:02] 第15道第1台防溜器通信超时
[2025-06-22 12:14:02] 第16道第1台停车器通信超时
[2025-06-22 12:14:02] 第16道第2台停车器通信超时
[2025-06-22 12:14:02] 第16道第3台停车器通信超时
[2025-06-22 12:14:02] 第16道第1台防溜器通信超时
[2025-06-22 12:14:02] 第17道第1台停车器通信超时
[2025-06-22 12:14:02] 第17道第2台停车器通信超时
[2025-06-22 12:14:02] 第17道第3台停车器通信超时
[2025-06-22 12:14:02] 第17道第1台防溜器通信超时
[2025-06-22 12:14:02] 第18道第1台停车器通信超时
[2025-06-22 12:14:02] 第18道第2台停车器通信超时
[2025-06-22 12:14:02] 第18道第3台停车器通信超时
[2025-06-22 12:14:02] 第18道第1台防溜器通信超时
[2025-06-22 12:14:02] 第19道第1台停车器通信超时
[2025-06-22 12:14:02] 第19道第2台停车器通信超时
[2025-06-22 12:14:02] 第19道第3台停车器通信超时
[2025-06-22 12:14:02] 第19道第1台防溜器通信超时
[2025-06-22 12:14:02] 第20道第1台停车器通信超时
[2025-06-22 12:14:02] 第20道第2台停车器通信超时
[2025-06-22 12:14:02] 第20道第3台停车器通信超时
[2025-06-22 12:14:02] 第20道第1台防溜器通信超时
[2025-06-22 12:14:02] 第21道第1台停车器通信超时
[2025-06-22 12:14:02] 第21道第2台停车器通信超时
[2025-06-22 12:14:02] 第21道第3台停车器通信超时
[2025-06-22 12:14:02] 第21道第1台防溜器通信超时
[2025-06-22 12:14:02] 第22道第1台停车器通信超时
[2025-06-22 12:14:02] 第22道第2台停车器通信超时
[2025-06-22 12:14:02] 第22道第3台停车器通信超时
[2025-06-22 12:14:02] 第22道第1台防溜器通信超时
[2025-06-22 12:14:02] 第23道第1台停车器通信超时
[2025-06-22 12:14:02] 第23道第2台停车器通信超时
[2025-06-22 12:14:02] 第23道第3台停车器通信超时
[2025-06-22 12:14:02] 第23道第1台防溜器通信超时
[2025-06-22 12:14:02] 第24道第1台停车器通信超时
[2025-06-22 12:14:02] 第24道第2台停车器通信超时
[2025-06-22 12:14:02] 第24道第3台停车器通信超时
[2025-06-22 12:14:02] 第24道第1台防溜器通信超时
[2025-06-22 12:16:10] A机进入主用状态
[2025-06-22 12:16:10] A机在线
[2025-06-22 12:16:10] B机进入备用状态
[2025-06-22 12:16:10] B机离线
[2025-06-22 12:36:01] A机进入主用状态
[2025-06-22 12:36:01] A机在线
[2025-06-22 12:36:01] B机进入备用状态
[2025-06-22 12:36:01] B机离线
[2025-06-22 12:36:05] 2道第1台停车器通信超时
[2025-06-22 12:36:05] 2道第2台停车器通信超时
[2025-06-22 12:36:05] 2道第3台停车器通信超时
[2025-06-22 12:36:05] 2道第1台防溜器通信超时
[2025-06-22 12:36:05] 3道第1台停车器通信超时
[2025-06-22 12:36:05] 3道第2台停车器通信超时
[2025-06-22 12:36:05] 3道第3台停车器通信超时
[2025-06-22 12:36:05] 3道第1台防溜器通信超时
[2025-06-22 12:36:05] 4道第1台停车器通信超时
[2025-06-22 12:36:05] 4道第2台停车器通信超时
[2025-06-22 12:36:05] 4道第3台停车器通信超时
[2025-06-22 12:36:05] 4道第1台防溜器通信超时
[2025-06-22 12:36:05] 5道第1台停车器通信超时
[2025-06-22 12:36:05] 5道第2台停车器通信超时
[2025-06-22 12:36:05] 5道第3台停车器通信超时
[2025-06-22 12:36:05] 5道第1台防溜器通信超时
[2025-06-22 12:36:05] 6道第1台停车器通信超时
[2025-06-22 12:36:05] 6道第2台停车器通信超时
[2025-06-22 12:36:05] 6道第3台停车器通信超时
[2025-06-22 12:36:05] 6道第1台防溜器通信超时
[2025-06-22 12:36:05] 7道第1台停车器通信超时
[2025-06-22 12:36:05] 7道第2台停车器通信超时
[2025-06-22 12:36:05] 7道第3台停车器通信超时
[2025-06-22 12:36:05] 7道第1台防溜器通信超时
[2025-06-22 12:36:05] 8道第1台停车器通信超时
[2025-06-22 12:36:05] 8道第2台停车器通信超时
[2025-06-22 12:36:05] 8道第3台停车器通信超时
[2025-06-22 12:36:05] 8道第1台防溜器通信超时
[2025-06-22 12:36:05] 9道第1台停车器通信超时
[2025-06-22 12:36:05] 9道第2台停车器通信超时
[2025-06-22 12:36:05] 9道第3台停车器通信超时
[2025-06-22 12:36:05] 9道第1台防溜器通信超时
[2025-06-22 12:36:05] 10道第1台停车器通信超时
[2025-06-22 12:36:05] 10道第2台停车器通信超时
[2025-06-22 12:36:05] 10道第3台停车器通信超时
[2025-06-22 12:36:05] 10道第1台防溜器通信超时
[2025-06-22 12:36:05] 11道第1台停车器通信超时
[2025-06-22 12:36:05] 11道第2台停车器通信超时
[2025-06-22 12:36:06] 11道第3台停车器通信超时
[2025-06-22 12:36:06] 11道第1台防溜器通信超时
[2025-06-22 12:36:06] 12道第1台停车器通信超时
[2025-06-22 12:36:06] 12道第2台停车器通信超时
[2025-06-22 12:36:06] 12道第3台停车器通信超时
[2025-06-22 12:36:06] 12道第1台防溜器通信超时
[2025-06-22 12:36:06] 13道第1台停车器通信超时
[2025-06-22 12:36:06] 13道第2台停车器通信超时
[2025-06-22 12:36:06] 13道第3台停车器通信超时
[2025-06-22 12:36:06] 13道第1台防溜器通信超时
[2025-06-22 12:36:06] 14道第1台停车器通信超时
[2025-06-22 12:36:06] 14道第2台停车器通信超时
[2025-06-22 12:36:06] 14道第3台停车器通信超时
[2025-06-22 12:36:06] 14道第1台防溜器通信超时
[2025-06-22 12:36:06] 15道第1台停车器通信超时
[2025-06-22 12:36:06] 15道第2台停车器通信超时
[2025-06-22 12:36:06] 15道第3台停车器通信超时
[2025-06-22 12:36:06] 15道第1台防溜器通信超时
[2025-06-22 12:36:06] 16道第1台停车器通信超时
[2025-06-22 12:36:06] 16道第2台停车器通信超时
[2025-06-22 12:36:06] 16道第3台停车器通信超时
[2025-06-22 12:36:06] 16道第1台防溜器通信超时
[2025-06-22 12:36:06] 17道第1台停车器通信超时
[2025-06-22 12:36:06] 17道第2台停车器通信超时
[2025-06-22 12:36:06] 17道第3台停车器通信超时
[2025-06-22 12:36:06] 17道第1台防溜器通信超时
[2025-06-22 12:36:06] 18道第1台停车器通信超时
[2025-06-22 12:36:06] 18道第2台停车器通信超时
[2025-06-22 12:36:06] 18道第3台停车器通信超时
[2025-06-22 12:36:06] 18道第1台防溜器通信超时
[2025-06-22 12:36:06] 19道第1台停车器通信超时
[2025-06-22 12:36:06] 19道第2台停车器通信超时
[2025-06-22 12:36:06] 19道第3台停车器通信超时
[2025-06-22 12:36:06] 19道第1台防溜器通信超时
[2025-06-22 12:36:06] 20道第1台停车器通信超时
[2025-06-22 12:36:06] 20道第2台停车器通信超时
[2025-06-22 12:36:06] 20道第3台停车器通信超时
[2025-06-22 12:36:06] 20道第1台防溜器通信超时
[2025-06-22 12:36:06] 21道第1台停车器通信超时
[2025-06-22 12:36:06] 21道第2台停车器通信超时
[2025-06-22 12:36:06] 21道第3台停车器通信超时
[2025-06-22 12:36:06] 21道第1台防溜器通信超时
[2025-06-22 12:36:06] 22道第1台停车器通信超时
[2025-06-22 12:36:06] 22道第2台停车器通信超时
[2025-06-22 12:36:06] 22道第3台停车器通信超时
[2025-06-22 12:36:06] 22道第1台防溜器通信超时
[2025-06-22 12:36:06] 23道第1台停车器通信超时
[2025-06-22 12:36:06] 23道第2台停车器通信超时
[2025-06-22 12:36:06] 23道第3台停车器通信超时
[2025-06-22 12:36:06] 23道第1台防溜器通信超时
[2025-06-22 12:36:06] 24道第1台停车器通信超时
[2025-06-22 12:36:06] 24道第2台停车器通信超时
[2025-06-22 12:36:06] 24道第3台停车器通信超时
[2025-06-22 12:36:06] 24道第1台防溜器通信超时
[2025-06-22 13:41:41] A机进入主用状态
[2025-06-22 13:41:41] A机在线
[2025-06-22 13:41:41] B机进入备用状态
[2025-06-22 13:41:41] B机离线
[2025-06-22 13:41:43] A机进入主用状态
[2025-06-22 13:41:43] A机在线
[2025-06-22 13:42:01] A机进入主用状态
[2025-06-22 13:42:01] A机在线
[2025-06-22 13:42:01] B机进入备用状态
[2025-06-22 13:42:01] B机离线
[2025-06-22 13:42:06] 2道第1台停车器通信超时
[2025-06-22 13:42:06] 2道第2台停车器通信超时
[2025-06-22 13:42:06] 2道第3台停车器通信超时
[2025-06-22 13:42:06] 2道第1台防溜器通信超时
[2025-06-22 13:42:06] 3道第1台停车器通信超时
[2025-06-22 13:42:06] 3道第2台停车器通信超时
[2025-06-22 13:42:06] 3道第3台停车器通信超时
[2025-06-22 13:42:06] 3道第1台防溜器通信超时
[2025-06-22 13:42:06] 4道第1台停车器通信超时
[2025-06-22 13:42:06] 4道第2台停车器通信超时
[2025-06-22 13:42:06] 4道第3台停车器通信超时
[2025-06-22 13:42:06] 4道第1台防溜器通信超时
[2025-06-22 13:42:06] 5道第1台停车器通信超时
[2025-06-22 13:42:06] 5道第2台停车器通信超时
[2025-06-22 13:42:06] 5道第3台停车器通信超时
[2025-06-22 13:42:06] 5道第1台防溜器通信超时
[2025-06-22 13:42:06] 6道第1台停车器通信超时
[2025-06-22 13:42:06] 6道第2台停车器通信超时
[2025-06-22 13:42:06] 6道第3台停车器通信超时
[2025-06-22 13:42:06] 6道第1台防溜器通信超时
[2025-06-22 13:42:06] 7道第1台停车器通信超时
[2025-06-22 13:42:06] 7道第2台停车器通信超时
[2025-06-22 13:42:06] 7道第3台停车器通信超时
[2025-06-22 13:42:06] 7道第1台防溜器通信超时
[2025-06-22 13:42:06] 8道第1台停车器通信超时
[2025-06-22 13:42:06] 8道第2台停车器通信超时
[2025-06-22 13:42:06] 8道第3台停车器通信超时
[2025-06-22 13:42:06] 8道第1台防溜器通信超时
[2025-06-22 13:42:06] 9道第1台停车器通信超时
[2025-06-22 13:42:06] 9道第2台停车器通信超时
[2025-06-22 13:42:06] 9道第3台停车器通信超时
[2025-06-22 13:42:06] 9道第1台防溜器通信超时
[2025-06-22 13:42:06] 10道第1台停车器通信超时
[2025-06-22 13:42:06] 10道第2台停车器通信超时
[2025-06-22 13:42:06] 10道第3台停车器通信超时
[2025-06-22 13:42:07] 10道第1台防溜器通信超时
[2025-06-22 13:42:07] 11道第1台停车器通信超时
[2025-06-22 13:42:07] 11道第2台停车器通信超时
[2025-06-22 13:42:07] 11道第3台停车器通信超时
[2025-06-22 13:42:07] 11道第1台防溜器通信超时
[2025-06-22 13:42:07] 12道第1台停车器通信超时
[2025-06-22 13:42:07] 12道第2台停车器通信超时
[2025-06-22 13:42:07] 12道第3台停车器通信超时
[2025-06-22 13:42:07] 12道第1台防溜器通信超时
[2025-06-22 13:42:07] 13道第1台停车器通信超时
[2025-06-22 13:42:07] 13道第2台停车器通信超时
[2025-06-22 13:42:07] 13道第3台停车器通信超时
[2025-06-22 13:42:07] 13道第1台防溜器通信超时
[2025-06-22 13:42:07] 14道第1台停车器通信超时
[2025-06-22 13:42:07] 14道第2台停车器通信超时
[2025-06-22 13:42:07] 14道第3台停车器通信超时
[2025-06-22 13:42:07] 14道第1台防溜器通信超时
[2025-06-22 13:42:07] 15道第1台停车器通信超时
[2025-06-22 13:42:07] 15道第2台停车器通信超时
[2025-06-22 13:42:07] 15道第3台停车器通信超时
[2025-06-22 13:42:07] 15道第1台防溜器通信超时
[2025-06-22 13:42:07] 16道第1台停车器通信超时
[2025-06-22 13:42:07] 16道第2台停车器通信超时
[2025-06-22 13:42:07] 16道第3台停车器通信超时
[2025-06-22 13:42:07] 16道第1台防溜器通信超时
[2025-06-22 13:42:07] 17道第1台停车器通信超时
[2025-06-22 13:42:07] 17道第2台停车器通信超时
[2025-06-22 13:42:07] 17道第3台停车器通信超时
[2025-06-22 13:42:07] 17道第1台防溜器通信超时
[2025-06-22 13:42:07] 18道第1台停车器通信超时
[2025-06-22 13:42:07] 18道第2台停车器通信超时
[2025-06-22 13:42:07] 18道第3台停车器通信超时
[2025-06-22 13:42:07] 18道第1台防溜器通信超时
[2025-06-22 13:42:07] 19道第1台停车器通信超时
[2025-06-22 13:42:07] 19道第2台停车器通信超时
[2025-06-22 13:42:07] 19道第3台停车器通信超时
[2025-06-22 13:42:07] 19道第1台防溜器通信超时
[2025-06-22 13:42:07] 20道第1台停车器通信超时
[2025-06-22 13:42:07] 20道第2台停车器通信超时
[2025-06-22 13:42:07] 20道第3台停车器通信超时
[2025-06-22 13:42:07] 20道第1台防溜器通信超时
[2025-06-22 13:42:07] 21道第1台停车器通信超时
[2025-06-22 13:42:07] 21道第2台停车器通信超时
[2025-06-22 13:42:07] 21道第3台停车器通信超时
[2025-06-22 13:42:07] 21道第1台防溜器通信超时
[2025-06-22 13:42:07] 22道第1台停车器通信超时
[2025-06-22 13:42:07] 22道第2台停车器通信超时
[2025-06-22 13:42:07] 22道第3台停车器通信超时
[2025-06-22 13:42:07] 22道第1台防溜器通信超时
[2025-06-22 13:42:07] 23道第1台停车器通信超时
[2025-06-22 13:42:07] 23道第2台停车器通信超时
[2025-06-22 13:42:07] 23道第3台停车器通信超时
[2025-06-22 13:42:07] 23道第1台防溜器通信超时
[2025-06-22 13:42:07] 24道第1台停车器通信超时
[2025-06-22 13:42:07] 24道第2台停车器通信超时
[2025-06-22 13:42:07] 24道第3台停车器通信超时
[2025-06-22 13:42:07] 24道第1台防溜器通信超时
[2025-06-22 13:42:38] A机进入主用状态
[2025-06-22 13:42:38] A机在线
[2025-06-22 13:42:38] B机进入备用状态
[2025-06-22 13:42:38] B机离线
[2025-06-22 13:42:43] 2道第1台停车器通信超时
[2025-06-22 13:42:43] 2道第2台停车器通信超时
[2025-06-22 13:42:43] 2道第3台停车器通信超时
[2025-06-22 13:42:43] 2道第1台防溜器通信超时
[2025-06-22 13:42:43] 3道第1台停车器通信超时
[2025-06-22 13:42:43] 3道第2台停车器通信超时
[2025-06-22 13:42:43] 3道第3台停车器通信超时
[2025-06-22 13:42:43] 3道第1台防溜器通信超时
[2025-06-22 13:42:43] 4道第1台停车器通信超时
[2025-06-22 13:42:43] 4道第2台停车器通信超时
[2025-06-22 13:42:43] 4道第3台停车器通信超时
[2025-06-22 13:42:43] 4道第1台防溜器通信超时
[2025-06-22 13:42:43] 5道第1台停车器通信超时
[2025-06-22 13:42:43] 5道第2台停车器通信超时
[2025-06-22 13:42:43] 5道第3台停车器通信超时
[2025-06-22 13:42:43] 5道第1台防溜器通信超时
[2025-06-22 13:42:43] 6道第1台停车器通信超时
[2025-06-22 13:42:43] 6道第2台停车器通信超时
[2025-06-22 13:42:43] 6道第3台停车器通信超时
[2025-06-22 13:42:43] 6道第1台防溜器通信超时
[2025-06-22 13:42:43] 7道第1台停车器通信超时
[2025-06-22 13:42:43] 7道第2台停车器通信超时
[2025-06-22 13:42:43] 7道第3台停车器通信超时
[2025-06-22 13:42:43] 7道第1台防溜器通信超时
[2025-06-22 13:42:43] 8道第1台停车器通信超时
[2025-06-22 13:42:43] 8道第2台停车器通信超时
[2025-06-22 13:42:43] 8道第3台停车器通信超时
[2025-06-22 13:42:43] 8道第1台防溜器通信超时
[2025-06-22 13:42:43] 9道第1台停车器通信超时
[2025-06-22 13:42:43] 9道第2台停车器通信超时
[2025-06-22 13:42:43] 9道第3台停车器通信超时
[2025-06-22 13:42:43] 9道第1台防溜器通信超时
[2025-06-22 13:42:43] 10道第1台停车器通信超时
[2025-06-22 13:42:43] 10道第2台停车器通信超时
[2025-06-22 13:42:43] 10道第3台停车器通信超时
[2025-06-22 13:42:43] 10道第1台防溜器通信超时
[2025-06-22 13:42:43] 11道第1台停车器通信超时
[2025-06-22 13:42:43] 11道第2台停车器通信超时
[2025-06-22 13:42:43] 11道第3台停车器通信超时
[2025-06-22 13:42:43] 11道第1台防溜器通信超时
[2025-06-22 13:42:43] 12道第1台停车器通信超时
[2025-06-22 13:42:43] 12道第2台停车器通信超时
[2025-06-22 13:42:43] 12道第3台停车器通信超时
[2025-06-22 13:42:43] 12道第1台防溜器通信超时
[2025-06-22 13:42:43] 13道第1台停车器通信超时
[2025-06-22 13:42:43] 13道第2台停车器通信超时
[2025-06-22 13:42:43] 13道第3台停车器通信超时
[2025-06-22 13:42:43] 13道第1台防溜器通信超时
[2025-06-22 13:42:43] 14道第1台停车器通信超时
[2025-06-22 13:42:43] 14道第2台停车器通信超时
[2025-06-22 13:42:43] 14道第3台停车器通信超时
[2025-06-22 13:42:43] 14道第1台防溜器通信超时
[2025-06-22 13:42:43] 15道第1台停车器通信超时
[2025-06-22 13:42:43] 15道第2台停车器通信超时
[2025-06-22 13:42:43] 15道第3台停车器通信超时
[2025-06-22 13:42:43] 15道第1台防溜器通信超时
[2025-06-22 13:42:43] 16道第1台停车器通信超时
[2025-06-22 13:42:43] 16道第2台停车器通信超时
[2025-06-22 13:42:43] 16道第3台停车器通信超时
[2025-06-22 13:42:43] 16道第1台防溜器通信超时
[2025-06-22 13:42:43] 17道第1台停车器通信超时
[2025-06-22 13:42:43] 17道第2台停车器通信超时
[2025-06-22 13:42:43] 17道第3台停车器通信超时
[2025-06-22 13:42:43] 17道第1台防溜器通信超时
[2025-06-22 13:42:43] 18道第1台停车器通信超时
[2025-06-22 13:42:43] 18道第2台停车器通信超时
[2025-06-22 13:42:43] 18道第3台停车器通信超时
[2025-06-22 13:42:43] 18道第1台防溜器通信超时
[2025-06-22 13:42:43] 19道第1台停车器通信超时
[2025-06-22 13:42:43] 19道第2台停车器通信超时
[2025-06-22 13:42:43] 19道第3台停车器通信超时
[2025-06-22 13:42:43] 19道第1台防溜器通信超时
[2025-06-22 13:42:43] 20道第1台停车器通信超时
[2025-06-22 13:42:43] 20道第2台停车器通信超时
[2025-06-22 13:42:43] 20道第3台停车器通信超时
[2025-06-22 13:42:43] 20道第1台防溜器通信超时
[2025-06-22 13:42:43] 21道第1台停车器通信超时
[2025-06-22 13:42:43] 21道第2台停车器通信超时
[2025-06-22 13:42:43] 21道第3台停车器通信超时
[2025-06-22 13:42:43] 21道第1台防溜器通信超时
[2025-06-22 13:42:43] 22道第1台停车器通信超时
[2025-06-22 13:42:43] 22道第2台停车器通信超时
[2025-06-22 13:42:43] 22道第3台停车器通信超时
[2025-06-22 13:42:43] 22道第1台防溜器通信超时
[2025-06-22 13:42:43] 23道第1台停车器通信超时
[2025-06-22 13:42:43] 23道第2台停车器通信超时
[2025-06-22 13:42:43] 23道第3台停车器通信超时
[2025-06-22 13:42:43] 23道第1台防溜器通信超时
[2025-06-22 13:42:43] 24道第1台停车器通信超时
[2025-06-22 13:42:43] 24道第2台停车器通信超时
[2025-06-22 13:42:43] 24道第3台停车器通信超时
[2025-06-22 13:42:43] 24道第1台防溜器通信超时
[2025-06-22 13:46:40] A机进入主用状态
[2025-06-22 13:46:40] A机在线
[2025-06-22 13:46:40] B机进入备用状态
[2025-06-22 13:46:40] B机离线
[2025-06-22 13:46:50] A机进入主用状态
[2025-06-22 13:46:50] A机在线
[2025-06-22 13:46:50] B机进入备用状态
[2025-06-22 13:46:50] B机离线
[2025-06-22 13:47:58] B机进入主用状态
[2025-06-22 13:47:58] B机在线
[2025-06-22 13:47:58] A机进入备用状态
[2025-06-22 13:47:58] A机离线
[2025-06-22 13:49:58] B机进入主用状态
[2025-06-22 13:49:58] B机在线
[2025-06-22 13:49:58] A机进入备用状态
[2025-06-22 13:49:58] A机离线
[2025-06-22 13:50:02] 2道第1台停车器通信超时
[2025-06-22 13:50:02] 2道第2台停车器通信超时
[2025-06-22 13:50:02] 2道第3台停车器通信超时
[2025-06-22 13:50:02] 2道防溜器通信超时
[2025-06-22 13:50:02] 3道第1台停车器通信超时
[2025-06-22 13:50:02] 3道第2台停车器通信超时
[2025-06-22 13:50:02] 3道第3台停车器通信超时
[2025-06-22 13:50:02] 3道防溜器通信超时
[2025-06-22 13:50:02] 4道第1台停车器通信超时
[2025-06-22 13:50:02] 4道第2台停车器通信超时
[2025-06-22 13:50:02] 4道第3台停车器通信超时
[2025-06-22 13:50:02] 4道防溜器通信超时
[2025-06-22 13:50:02] 5道第1台停车器通信超时
[2025-06-22 13:50:02] 5道第2台停车器通信超时
[2025-06-22 13:50:02] 5道第3台停车器通信超时
[2025-06-22 13:50:02] 5道防溜器通信超时
[2025-06-22 13:50:02] 6道第1台停车器通信超时
[2025-06-22 13:50:02] 6道第2台停车器通信超时
[2025-06-22 13:50:02] 6道第3台停车器通信超时
[2025-06-22 13:50:02] 6道防溜器通信超时
[2025-06-22 13:50:02] 7道第1台停车器通信超时
[2025-06-22 13:50:02] 7道第2台停车器通信超时
[2025-06-22 13:50:02] 7道第3台停车器通信超时
[2025-06-22 13:50:02] 7道防溜器通信超时
[2025-06-22 13:50:02] 8道第1台停车器通信超时
[2025-06-22 13:50:02] 8道第2台停车器通信超时
[2025-06-22 13:50:02] 8道第3台停车器通信超时
[2025-06-22 13:50:02] 8道防溜器通信超时
[2025-06-22 13:50:02] 9道第1台停车器通信超时
[2025-06-22 13:50:02] 9道第2台停车器通信超时
[2025-06-22 13:50:02] 9道第3台停车器通信超时
[2025-06-22 13:50:02] 9道防溜器通信超时
[2025-06-22 13:50:03] 10道第1台停车器通信超时
[2025-06-22 13:50:03] 10道第2台停车器通信超时
[2025-06-22 13:50:03] 10道第3台停车器通信超时
[2025-06-22 13:50:03] 10道防溜器通信超时
[2025-06-22 13:50:03] 11道第1台停车器通信超时
[2025-06-22 13:50:03] 11道第2台停车器通信超时
[2025-06-22 13:50:03] 11道第3台停车器通信超时
[2025-06-22 13:50:03] 11道防溜器通信超时
[2025-06-22 13:50:03] 12道第1台停车器通信超时
[2025-06-22 13:50:03] 12道第2台停车器通信超时
[2025-06-22 13:50:03] 12道第3台停车器通信超时
[2025-06-22 13:50:03] 12道防溜器通信超时
[2025-06-22 13:50:03] 13道第1台停车器通信超时
[2025-06-22 13:50:03] 13道第2台停车器通信超时
[2025-06-22 13:50:03] 13道第3台停车器通信超时
[2025-06-22 13:50:03] 13道防溜器通信超时
[2025-06-22 13:50:03] 14道第1台停车器通信超时
[2025-06-22 13:50:03] 14道第2台停车器通信超时
[2025-06-22 13:50:03] 14道第3台停车器通信超时
[2025-06-22 13:50:03] 14道防溜器通信超时
[2025-06-22 13:50:03] 15道第1台停车器通信超时
[2025-06-22 13:50:03] 15道第2台停车器通信超时
[2025-06-22 13:50:03] 15道第3台停车器通信超时
[2025-06-22 13:50:03] 15道防溜器通信超时
[2025-06-22 13:50:03] 16道第1台停车器通信超时
[2025-06-22 13:50:03] 16道第2台停车器通信超时
[2025-06-22 13:50:03] 16道第3台停车器通信超时
[2025-06-22 13:50:03] 16道防溜器通信超时
[2025-06-22 13:50:03] 17道第1台停车器通信超时
[2025-06-22 13:50:03] 17道第2台停车器通信超时
[2025-06-22 13:50:03] 17道第3台停车器通信超时
[2025-06-22 13:50:03] 17道防溜器通信超时
[2025-06-22 13:50:03] 18道第1台停车器通信超时
[2025-06-22 13:50:03] 18道第2台停车器通信超时
[2025-06-22 13:50:03] 18道第3台停车器通信超时
[2025-06-22 13:50:03] 18道防溜器通信超时
[2025-06-22 13:50:03] 19道第1台停车器通信超时
[2025-06-22 13:50:03] 19道第2台停车器通信超时
[2025-06-22 13:50:03] 19道第3台停车器通信超时
[2025-06-22 13:50:03] 19道防溜器通信超时
[2025-06-22 13:50:03] 20道第1台停车器通信超时
[2025-06-22 13:50:03] 20道第2台停车器通信超时
[2025-06-22 13:50:03] 20道第3台停车器通信超时
[2025-06-22 13:50:03] 20道防溜器通信超时
[2025-06-22 13:50:03] 21道第1台停车器通信超时
[2025-06-22 13:50:03] 21道第2台停车器通信超时
[2025-06-22 13:50:03] 21道第3台停车器通信超时
[2025-06-22 13:50:03] 21道防溜器通信超时
[2025-06-22 13:50:03] 22道第1台停车器通信超时
[2025-06-22 13:50:03] 22道第2台停车器通信超时
[2025-06-22 13:50:03] 22道第3台停车器通信超时
[2025-06-22 13:50:03] 22道防溜器通信超时
[2025-06-22 13:50:03] 23道第1台停车器通信超时
[2025-06-22 13:50:03] 23道第2台停车器通信超时
[2025-06-22 13:50:03] 23道第3台停车器通信超时
[2025-06-22 13:50:03] 23道防溜器通信超时
[2025-06-22 13:50:03] 24道第1台停车器通信超时
[2025-06-22 13:50:03] 24道第2台停车器通信超时
[2025-06-22 13:50:03] 24道第3台停车器通信超时
[2025-06-22 13:50:03] 24道防溜器通信超时
[2025-06-22 14:55:08] B机进入主用状态
[2025-06-22 14:55:08] B机在线
[2025-06-22 17:10:24] A机进入主用状态
[2025-06-22 17:10:24] A机在线
[2025-06-22 17:10:24] B机进入备用状态
[2025-06-22 17:10:24] B机离线
[2025-06-22 17:10:29] 2道第1台停车器通信超时
[2025-06-22 17:10:29] 2道第2台停车器通信超时
[2025-06-22 17:10:29] 2道第3台停车器通信超时
[2025-06-22 17:10:29] 2道防溜器通信超时
[2025-06-22 17:10:29] 3道第1台停车器通信超时
[2025-06-22 17:10:29] 3道第2台停车器通信超时
[2025-06-22 17:10:29] 3道第3台停车器通信超时
[2025-06-22 17:10:29] 3道防溜器通信超时
[2025-06-22 17:10:29] 4道第1台停车器通信超时
[2025-06-22 17:10:29] 4道第2台停车器通信超时
[2025-06-22 17:10:29] 4道第3台停车器通信超时
[2025-06-22 17:10:29] 4道防溜器通信超时
[2025-06-22 17:10:29] 5道第1台停车器通信超时
[2025-06-22 17:10:29] 5道第2台停车器通信超时
[2025-06-22 17:10:29] 5道第3台停车器通信超时
[2025-06-22 17:10:29] 5道防溜器通信超时
[2025-06-22 17:10:29] 6道第1台停车器通信超时
[2025-06-22 17:10:29] 6道第2台停车器通信超时
[2025-06-22 17:10:29] 6道第3台停车器通信超时
[2025-06-22 17:10:29] 6道防溜器通信超时
[2025-06-22 17:10:29] 7道第1台停车器通信超时
[2025-06-22 17:10:29] 7道第2台停车器通信超时
[2025-06-22 17:10:29] 7道第3台停车器通信超时
[2025-06-22 17:10:29] 7道防溜器通信超时
[2025-06-22 17:10:29] 8道第1台停车器通信超时
[2025-06-22 17:10:29] 8道第2台停车器通信超时
[2025-06-22 17:10:29] 8道第3台停车器通信超时
[2025-06-22 17:10:29] 8道防溜器通信超时
[2025-06-22 17:10:29] 9道第1台停车器通信超时
[2025-06-22 17:10:29] 9道第2台停车器通信超时
[2025-06-22 17:10:29] 9道第3台停车器通信超时
[2025-06-22 17:10:29] 9道防溜器通信超时
[2025-06-22 17:10:29] 10道第1台停车器通信超时
[2025-06-22 17:10:29] 10道第2台停车器通信超时
[2025-06-22 17:10:29] 10道第3台停车器通信超时
[2025-06-22 17:10:29] 10道防溜器通信超时
[2025-06-22 17:10:29] 11道第1台停车器通信超时
[2025-06-22 17:10:29] 11道第2台停车器通信超时
[2025-06-22 17:10:29] 11道第3台停车器通信超时
[2025-06-22 17:10:29] 11道防溜器通信超时
[2025-06-22 17:10:29] 12道第1台停车器通信超时
[2025-06-22 17:10:29] 12道第2台停车器通信超时
[2025-06-22 17:10:29] 12道第3台停车器通信超时
[2025-06-22 17:10:29] 12道防溜器通信超时
[2025-06-22 17:10:29] 13道第1台停车器通信超时
[2025-06-22 17:10:29] 13道第2台停车器通信超时
[2025-06-22 17:10:29] 13道第3台停车器通信超时
[2025-06-22 17:10:29] 13道防溜器通信超时
[2025-06-22 17:10:29] 14道第1台停车器通信超时
[2025-06-22 17:10:29] 14道第2台停车器通信超时
[2025-06-22 17:10:29] 14道第3台停车器通信超时
[2025-06-22 17:10:29] 14道防溜器通信超时
[2025-06-22 17:10:29] 15道第1台停车器通信超时
[2025-06-22 17:10:29] 15道第2台停车器通信超时
[2025-06-22 17:10:29] 15道第3台停车器通信超时
[2025-06-22 17:10:29] 15道防溜器通信超时
[2025-06-22 17:10:29] 16道第1台停车器通信超时
[2025-06-22 17:10:29] 16道第2台停车器通信超时
[2025-06-22 17:10:29] 16道第3台停车器通信超时
[2025-06-22 17:10:29] 16道防溜器通信超时
[2025-06-22 17:10:29] 17道第1台停车器通信超时
[2025-06-22 17:10:29] 17道第2台停车器通信超时
[2025-06-22 17:10:29] 17道第3台停车器通信超时
[2025-06-22 17:10:29] 17道防溜器通信超时
[2025-06-22 17:10:29] 18道第1台停车器通信超时
[2025-06-22 17:10:29] 18道第2台停车器通信超时
[2025-06-22 17:10:29] 18道第3台停车器通信超时
[2025-06-22 17:10:29] 18道防溜器通信超时
[2025-06-22 17:10:29] 19道第1台停车器通信超时
[2025-06-22 17:10:29] 19道第2台停车器通信超时
[2025-06-22 17:10:29] 19道第3台停车器通信超时
[2025-06-22 17:10:29] 19道防溜器通信超时
[2025-06-22 17:10:29] 20道第1台停车器通信超时
[2025-06-22 17:10:29] 20道第2台停车器通信超时
[2025-06-22 17:10:29] 20道第3台停车器通信超时
[2025-06-22 17:10:29] 20道防溜器通信超时
[2025-06-22 17:10:29] 21道第1台停车器通信超时
[2025-06-22 17:10:29] 21道第2台停车器通信超时
[2025-06-22 17:10:29] 21道第3台停车器通信超时
[2025-06-22 17:10:29] 21道防溜器通信超时
[2025-06-22 17:10:29] 22道第1台停车器通信超时
[2025-06-22 17:10:29] 22道第2台停车器通信超时
[2025-06-22 17:10:29] 22道第3台停车器通信超时
[2025-06-22 17:10:29] 22道防溜器通信超时
[2025-06-22 17:10:29] 23道第1台停车器通信超时
[2025-06-22 17:10:29] 23道第2台停车器通信超时
[2025-06-22 17:10:29] 23道第3台停车器通信超时
[2025-06-22 17:10:29] 23道防溜器通信超时
[2025-06-22 17:10:29] 24道第1台停车器通信超时
[2025-06-22 17:10:29] 24道第2台停车器通信超时
[2025-06-22 17:10:29] 24道第3台停车器通信超时
[2025-06-22 17:10:29] 24道防溜器通信超时
[2025-06-22 17:11:13] A机进入主用状态
[2025-06-22 17:11:13] A机在线
[2025-06-22 17:11:13] B机进入备用状态
[2025-06-22 17:11:13] B机离线
[2025-06-22 17:11:18] 2道第1台停车器通信超时
[2025-06-22 17:11:18] 2道第2台停车器通信超时
[2025-06-22 17:11:18] 2道第3台停车器通信超时
[2025-06-22 17:11:18] 2道防溜器通信超时
[2025-06-22 17:11:18] 3道第1台停车器通信超时
[2025-06-22 17:11:18] 3道第2台停车器通信超时
[2025-06-22 17:11:18] 3道第3台停车器通信超时
[2025-06-22 17:11:18] 3道防溜器通信超时
[2025-06-22 17:11:18] 4道第1台停车器通信超时
[2025-06-22 17:11:18] 4道第2台停车器通信超时
[2025-06-22 17:11:18] 4道第3台停车器通信超时
[2025-06-22 17:11:18] 4道防溜器通信超时
[2025-06-22 17:11:18] 5道第1台停车器通信超时
[2025-06-22 17:11:18] 5道第2台停车器通信超时
[2025-06-22 17:11:18] 5道第3台停车器通信超时
[2025-06-22 17:11:18] 5道防溜器通信超时
[2025-06-22 17:11:18] 6道第1台停车器通信超时
[2025-06-22 17:11:18] 6道第2台停车器通信超时
[2025-06-22 17:11:18] 6道第3台停车器通信超时
[2025-06-22 17:11:18] 6道防溜器通信超时
[2025-06-22 17:11:18] 7道第1台停车器通信超时
[2025-06-22 17:11:18] 7道第2台停车器通信超时
[2025-06-22 17:11:18] 7道第3台停车器通信超时
[2025-06-22 17:11:18] 7道防溜器通信超时
[2025-06-22 17:11:18] 8道第1台停车器通信超时
[2025-06-22 17:11:18] 8道第2台停车器通信超时
[2025-06-22 17:11:18] 8道第3台停车器通信超时
[2025-06-22 17:11:18] 8道防溜器通信超时
[2025-06-22 17:11:18] 9道第1台停车器通信超时
[2025-06-22 17:11:18] 9道第2台停车器通信超时
[2025-06-22 17:11:18] 9道第3台停车器通信超时
[2025-06-22 17:11:18] 9道防溜器通信超时
[2025-06-22 17:11:18] 10道第1台停车器通信超时
[2025-06-22 17:11:18] 10道第2台停车器通信超时
[2025-06-22 17:11:18] 10道第3台停车器通信超时
[2025-06-22 17:11:18] 10道防溜器通信超时
[2025-06-22 17:11:18] 11道第1台停车器通信超时
[2025-06-22 17:11:18] 11道第2台停车器通信超时
[2025-06-22 17:11:18] 11道第3台停车器通信超时
[2025-06-22 17:11:18] 11道防溜器通信超时
[2025-06-22 17:11:18] 12道第1台停车器通信超时
[2025-06-22 17:11:18] 12道第2台停车器通信超时
[2025-06-22 17:11:18] 12道第3台停车器通信超时
[2025-06-22 17:11:18] 12道防溜器通信超时
[2025-06-22 17:11:18] 13道第1台停车器通信超时
[2025-06-22 17:11:18] 13道第2台停车器通信超时
[2025-06-22 17:11:18] 13道第3台停车器通信超时
[2025-06-22 17:11:18] 13道防溜器通信超时
[2025-06-22 17:11:18] 14道第1台停车器通信超时
[2025-06-22 17:11:18] 14道第2台停车器通信超时
[2025-06-22 17:11:18] 14道第3台停车器通信超时
[2025-06-22 17:11:18] 14道防溜器通信超时
[2025-06-22 17:11:18] 15道第1台停车器通信超时
[2025-06-22 17:11:18] 15道第2台停车器通信超时
[2025-06-22 17:11:18] 15道第3台停车器通信超时
[2025-06-22 17:11:18] 15道防溜器通信超时
[2025-06-22 17:11:18] 16道第1台停车器通信超时
[2025-06-22 17:11:18] 16道第2台停车器通信超时
[2025-06-22 17:11:18] 16道第3台停车器通信超时
[2025-06-22 17:11:18] 16道防溜器通信超时
[2025-06-22 17:11:18] 17道第1台停车器通信超时
[2025-06-22 17:11:18] 17道第2台停车器通信超时
[2025-06-22 17:11:18] 17道第3台停车器通信超时
[2025-06-22 17:11:18] 17道防溜器通信超时
[2025-06-22 17:11:18] 18道第1台停车器通信超时
[2025-06-22 17:11:18] 18道第2台停车器通信超时
[2025-06-22 17:11:18] 18道第3台停车器通信超时
[2025-06-22 17:11:18] 18道防溜器通信超时
[2025-06-22 17:11:18] 19道第1台停车器通信超时
[2025-06-22 17:11:18] 19道第2台停车器通信超时
[2025-06-22 17:11:18] 19道第3台停车器通信超时
[2025-06-22 17:11:18] 19道防溜器通信超时
[2025-06-22 17:11:18] 20道第1台停车器通信超时
[2025-06-22 17:11:18] 20道第2台停车器通信超时
[2025-06-22 17:11:18] 20道第3台停车器通信超时
[2025-06-22 17:11:18] 20道防溜器通信超时
[2025-06-22 17:11:18] 21道第1台停车器通信超时
[2025-06-22 17:11:18] 21道第2台停车器通信超时
[2025-06-22 17:11:18] 21道第3台停车器通信超时
[2025-06-22 17:11:18] 21道防溜器通信超时
[2025-06-22 17:11:18] 22道第1台停车器通信超时
[2025-06-22 17:11:18] 22道第2台停车器通信超时
[2025-06-22 17:11:18] 22道第3台停车器通信超时
[2025-06-22 17:11:18] 22道防溜器通信超时
[2025-06-22 17:11:18] 23道第1台停车器通信超时
[2025-06-22 17:11:18] 23道第2台停车器通信超时
[2025-06-22 17:11:18] 23道第3台停车器通信超时
[2025-06-22 17:11:18] 23道防溜器通信超时
[2025-06-22 17:11:18] 24道第1台停车器通信超时
[2025-06-22 17:11:18] 24道第2台停车器通信超时
[2025-06-22 17:11:18] 24道第3台停车器通信超时
[2025-06-22 17:11:18] 24道防溜器通信超时
[2025-06-22 17:13:24] A机进入主用状态
[2025-06-22 17:13:24] A机在线
[2025-06-22 17:13:24] B机进入备用状态
[2025-06-22 17:13:24] B机离线
[2025-06-22 17:13:30] 2道第1台停车器通信超时
[2025-06-22 17:13:30] 2道第2台停车器通信超时
[2025-06-22 17:13:30] 2道第3台停车器通信超时
[2025-06-22 17:13:30] 2道防溜器通信超时
[2025-06-22 17:13:30] 3道第1台停车器通信超时
[2025-06-22 17:13:30] 3道第2台停车器通信超时
[2025-06-22 17:13:30] 3道第3台停车器通信超时
[2025-06-22 17:13:30] 3道防溜器通信超时
[2025-06-22 17:13:30] 4道第1台停车器通信超时
[2025-06-22 17:13:30] 4道第2台停车器通信超时
[2025-06-22 17:13:30] 4道第3台停车器通信超时
[2025-06-22 17:13:30] 4道防溜器通信超时
[2025-06-22 17:13:30] 5道第1台停车器通信超时
[2025-06-22 17:13:30] 5道第2台停车器通信超时
[2025-06-22 17:13:30] 5道第3台停车器通信超时
[2025-06-22 17:13:30] 5道防溜器通信超时
[2025-06-22 17:13:30] 6道第1台停车器通信超时
[2025-06-22 17:13:30] 6道第2台停车器通信超时
[2025-06-22 17:13:30] 6道第3台停车器通信超时
[2025-06-22 17:13:30] 6道防溜器通信超时
[2025-06-22 17:13:30] 7道第1台停车器通信超时
[2025-06-22 17:13:30] 7道第2台停车器通信超时
[2025-06-22 17:13:30] 7道第3台停车器通信超时
[2025-06-22 17:13:30] 7道防溜器通信超时
[2025-06-22 17:13:30] 8道第1台停车器通信超时
[2025-06-22 17:13:30] 8道第2台停车器通信超时
[2025-06-22 17:13:30] 8道第3台停车器通信超时
[2025-06-22 17:13:30] 8道防溜器通信超时
[2025-06-22 17:13:30] 9道第1台停车器通信超时
[2025-06-22 17:13:30] 9道第2台停车器通信超时
[2025-06-22 17:13:30] 9道第3台停车器通信超时
[2025-06-22 17:13:30] 9道防溜器通信超时
[2025-06-22 17:13:30] 10道第1台停车器通信超时
[2025-06-22 17:13:30] 10道第2台停车器通信超时
[2025-06-22 17:13:30] 10道第3台停车器通信超时
[2025-06-22 17:13:30] 10道防溜器通信超时
[2025-06-22 17:13:30] 11道第1台停车器通信超时
[2025-06-22 17:13:30] 11道第2台停车器通信超时
[2025-06-22 17:13:30] 11道第3台停车器通信超时
[2025-06-22 17:13:30] 11道防溜器通信超时
[2025-06-22 17:13:30] 12道第1台停车器通信超时
[2025-06-22 17:13:30] 12道第2台停车器通信超时
[2025-06-22 17:13:30] 12道第3台停车器通信超时
[2025-06-22 17:13:30] 12道防溜器通信超时
[2025-06-22 17:13:30] 13道第1台停车器通信超时
[2025-06-22 17:13:30] 13道第2台停车器通信超时
[2025-06-22 17:13:30] 13道第3台停车器通信超时
[2025-06-22 17:13:30] 13道防溜器通信超时
[2025-06-22 17:13:30] 14道第1台停车器通信超时
[2025-06-22 17:13:30] 14道第2台停车器通信超时
[2025-06-22 17:13:30] 14道第3台停车器通信超时
[2025-06-22 17:13:30] 14道防溜器通信超时
[2025-06-22 17:13:30] 15道第1台停车器通信超时
[2025-06-22 17:13:30] 15道第2台停车器通信超时
[2025-06-22 17:13:30] 15道第3台停车器通信超时
[2025-06-22 17:13:30] 15道防溜器通信超时
[2025-06-22 17:13:30] 16道第1台停车器通信超时
[2025-06-22 17:13:30] 16道第2台停车器通信超时
[2025-06-22 17:13:30] 16道第3台停车器通信超时
[2025-06-22 17:13:30] 16道防溜器通信超时
[2025-06-22 17:13:30] 17道第1台停车器通信超时
[2025-06-22 17:13:30] 17道第2台停车器通信超时
[2025-06-22 17:13:30] 17道第3台停车器通信超时
[2025-06-22 17:13:30] 17道防溜器通信超时
[2025-06-22 17:13:30] 18道第1台停车器通信超时
[2025-06-22 17:13:30] 18道第2台停车器通信超时
[2025-06-22 17:13:30] 18道第3台停车器通信超时
[2025-06-22 17:13:30] 18道防溜器通信超时
[2025-06-22 17:13:30] 19道第1台停车器通信超时
[2025-06-22 17:13:30] 19道第2台停车器通信超时
[2025-06-22 17:13:30] 19道第3台停车器通信超时
[2025-06-22 17:13:30] 19道防溜器通信超时
[2025-06-22 17:13:30] 20道第1台停车器通信超时
[2025-06-22 17:13:30] 20道第2台停车器通信超时
[2025-06-22 17:13:30] 20道第3台停车器通信超时
[2025-06-22 17:13:30] 20道防溜器通信超时
[2025-06-22 17:13:30] 21道第1台停车器通信超时
[2025-06-22 17:13:30] 21道第2台停车器通信超时
[2025-06-22 17:13:30] 21道第3台停车器通信超时
[2025-06-22 17:13:30] 21道防溜器通信超时
[2025-06-22 17:13:30] 22道第1台停车器通信超时
[2025-06-22 17:13:30] 22道第2台停车器通信超时
[2025-06-22 17:13:30] 22道第3台停车器通信超时
[2025-06-22 17:13:30] 22道防溜器通信超时
[2025-06-22 17:13:30] 23道第1台停车器通信超时
[2025-06-22 17:13:30] 23道第2台停车器通信超时
[2025-06-22 17:13:30] 23道第3台停车器通信超时
[2025-06-22 17:13:30] 23道防溜器通信超时
[2025-06-22 17:13:30] 24道第1台停车器通信超时
[2025-06-22 17:13:30] 24道第2台停车器通信超时
[2025-06-22 17:13:30] 24道第3台停车器通信超时
[2025-06-22 17:13:30] 24道防溜器通信超时
[2025-06-22 17:16:32] A机进入主用状态
[2025-06-22 17:16:32] A机在线
[2025-06-22 17:16:32] B机进入备用状态
[2025-06-22 17:16:32] B机离线
[2025-06-22 17:22:46] A机进入主用状态
[2025-06-22 17:22:46] A机在线
[2025-06-22 17:22:46] B机进入备用状态
[2025-06-22 17:22:46] B机离线
[2025-06-22 17:22:51] A机进入主用状态
[2025-06-22 17:22:51] A机在线
[2025-06-22 17:23:51] A机进入主用状态
[2025-06-22 17:23:51] A机在线
[2025-06-22 17:23:51] B机进入备用状态
[2025-06-22 17:23:51] B机离线
[2025-06-22 17:23:57] 2道第1台停车器通信超时
[2025-06-22 17:23:57] 2道第2台停车器通信超时
[2025-06-22 17:23:57] 2道第3台停车器通信超时
[2025-06-22 17:23:57] 2道防溜器通信超时
[2025-06-22 17:23:57] 3道第1台停车器通信超时
[2025-06-22 17:23:57] 3道第2台停车器通信超时
[2025-06-22 17:23:57] 3道第3台停车器通信超时
[2025-06-22 17:23:57] 3道防溜器通信超时
[2025-06-22 17:23:57] 4道第1台停车器通信超时
[2025-06-22 17:23:57] 4道第2台停车器通信超时
[2025-06-22 17:23:57] 4道第3台停车器通信超时
[2025-06-22 17:23:57] 4道防溜器通信超时
[2025-06-22 17:23:57] 5道第1台停车器通信超时
[2025-06-22 17:23:57] 5道第2台停车器通信超时
[2025-06-22 17:23:57] 5道第3台停车器通信超时
[2025-06-22 17:23:57] 5道防溜器通信超时
[2025-06-22 17:23:57] 6道第1台停车器通信超时
[2025-06-22 17:23:57] 6道第2台停车器通信超时
[2025-06-22 17:23:57] 6道第3台停车器通信超时
[2025-06-22 17:23:57] 6道防溜器通信超时
[2025-06-22 17:23:57] 7道第1台停车器通信超时
[2025-06-22 17:23:57] 7道第2台停车器通信超时
[2025-06-22 17:23:57] 7道第3台停车器通信超时
[2025-06-22 17:23:57] 7道防溜器通信超时
[2025-06-22 17:23:57] 8道第1台停车器通信超时
[2025-06-22 17:23:57] 8道第2台停车器通信超时
[2025-06-22 17:23:57] 8道第3台停车器通信超时
[2025-06-22 17:23:57] 8道防溜器通信超时
[2025-06-22 17:23:57] 9道第1台停车器通信超时
[2025-06-22 17:23:57] 9道第2台停车器通信超时
[2025-06-22 17:23:57] 9道第3台停车器通信超时
[2025-06-22 17:23:57] 9道防溜器通信超时
[2025-06-22 17:23:57] 10道第1台停车器通信超时
[2025-06-22 17:23:57] 10道第2台停车器通信超时
[2025-06-22 17:23:57] 10道第3台停车器通信超时
[2025-06-22 17:23:57] 10道防溜器通信超时
[2025-06-22 17:23:57] 11道第1台停车器通信超时
[2025-06-22 17:23:57] 11道第2台停车器通信超时
[2025-06-22 17:23:57] 11道第3台停车器通信超时
[2025-06-22 17:23:57] 11道防溜器通信超时
[2025-06-22 17:23:57] 12道第1台停车器通信超时
[2025-06-22 17:23:57] 12道第2台停车器通信超时
[2025-06-22 17:23:57] 12道第3台停车器通信超时
[2025-06-22 17:23:57] 12道防溜器通信超时
[2025-06-22 17:23:57] 13道第1台停车器通信超时
[2025-06-22 17:23:57] 13道第2台停车器通信超时
[2025-06-22 17:23:57] 13道第3台停车器通信超时
[2025-06-22 17:23:57] 13道防溜器通信超时
[2025-06-22 17:23:57] 14道第1台停车器通信超时
[2025-06-22 17:23:57] 14道第2台停车器通信超时
[2025-06-22 17:23:57] 14道第3台停车器通信超时
[2025-06-22 17:23:57] 14道防溜器通信超时
[2025-06-22 17:23:57] 15道第1台停车器通信超时
[2025-06-22 17:23:57] 15道第2台停车器通信超时
[2025-06-22 17:23:57] 15道第3台停车器通信超时
[2025-06-22 17:23:57] 15道防溜器通信超时
[2025-06-22 17:23:57] 16道第1台停车器通信超时
[2025-06-22 17:23:57] 16道第2台停车器通信超时
[2025-06-22 17:23:57] 16道第3台停车器通信超时
[2025-06-22 17:23:57] 16道防溜器通信超时
[2025-06-22 17:23:57] 17道第1台停车器通信超时
[2025-06-22 17:23:57] 17道第2台停车器通信超时
[2025-06-22 17:23:57] 17道第3台停车器通信超时
[2025-06-22 17:23:57] 17道防溜器通信超时
[2025-06-22 17:23:57] 18道第1台停车器通信超时
[2025-06-22 17:23:57] 18道第2台停车器通信超时
[2025-06-22 17:23:57] 18道第3台停车器通信超时
[2025-06-22 17:23:57] 18道防溜器通信超时
[2025-06-22 17:23:57] 19道第1台停车器通信超时
[2025-06-22 17:23:57] 19道第2台停车器通信超时
[2025-06-22 17:23:57] 19道第3台停车器通信超时
[2025-06-22 17:23:57] 19道防溜器通信超时
[2025-06-22 17:23:57] 20道第1台停车器通信超时
[2025-06-22 17:23:57] 20道第2台停车器通信超时
[2025-06-22 17:23:57] 20道第3台停车器通信超时
[2025-06-22 17:23:57] 20道防溜器通信超时
[2025-06-22 17:23:57] 21道第1台停车器通信超时
[2025-06-22 17:23:57] 21道第2台停车器通信超时
[2025-06-22 17:23:57] 21道第3台停车器通信超时
[2025-06-22 17:23:57] 21道防溜器通信超时
[2025-06-22 17:23:57] 22道第1台停车器通信超时
[2025-06-22 17:23:57] 22道第2台停车器通信超时
[2025-06-22 17:23:57] 22道第3台停车器通信超时
[2025-06-22 17:23:57] 22道防溜器通信超时
[2025-06-22 17:23:57] 23道第1台停车器通信超时
[2025-06-22 17:23:57] 23道第2台停车器通信超时
[2025-06-22 17:23:57] 23道第3台停车器通信超时
[2025-06-22 17:23:57] 23道防溜器通信超时
[2025-06-22 17:23:57] 24道第1台停车器通信超时
[2025-06-22 17:23:57] 24道第2台停车器通信超时
[2025-06-22 17:23:57] 24道第3台停车器通信超时
[2025-06-22 17:23:57] 24道防溜器通信超时
[2025-06-22 17:27:01] A机进入主用状态
[2025-06-22 17:27:01] A机在线
[2025-06-22 17:27:01] B机进入备用状态
[2025-06-22 17:27:01] B机离线
[2025-06-22 17:27:06] 2道第1台停车器通信超时
[2025-06-22 17:27:06] 2道第2台停车器通信超时
[2025-06-22 17:27:06] 2道第3台停车器通信超时
[2025-06-22 17:27:06] 2道防溜器通信超时
[2025-06-22 17:27:06] 3道第1台停车器通信超时
[2025-06-22 17:27:06] 3道第2台停车器通信超时
[2025-06-22 17:27:06] 3道第3台停车器通信超时
[2025-06-22 17:27:06] 3道防溜器通信超时
[2025-06-22 17:27:06] 4道第1台停车器通信超时
[2025-06-22 17:27:06] 4道第2台停车器通信超时
[2025-06-22 17:27:06] 4道第3台停车器通信超时
[2025-06-22 17:27:06] 4道防溜器通信超时
[2025-06-22 17:27:06] 5道第1台停车器通信超时
[2025-06-22 17:27:06] 5道第2台停车器通信超时
[2025-06-22 17:27:06] 5道第3台停车器通信超时
[2025-06-22 17:27:06] 5道防溜器通信超时
[2025-06-22 17:27:06] 6道第1台停车器通信超时
[2025-06-22 17:27:06] 6道第2台停车器通信超时
[2025-06-22 17:27:06] 6道第3台停车器通信超时
[2025-06-22 17:27:06] 6道防溜器通信超时
[2025-06-22 17:27:06] 7道第1台停车器通信超时
[2025-06-22 17:27:06] 7道第2台停车器通信超时
[2025-06-22 17:27:06] 7道第3台停车器通信超时
[2025-06-22 17:27:06] 7道防溜器通信超时
[2025-06-22 17:27:06] 8道第1台停车器通信超时
[2025-06-22 17:27:06] 8道第2台停车器通信超时
[2025-06-22 17:27:06] 8道第3台停车器通信超时
[2025-06-22 17:27:06] 8道防溜器通信超时
[2025-06-22 17:27:06] 9道第1台停车器通信超时
[2025-06-22 17:27:06] 9道第2台停车器通信超时
[2025-06-22 17:27:06] 9道第3台停车器通信超时
[2025-06-22 17:27:06] 9道防溜器通信超时
[2025-06-22 17:27:06] 10道第1台停车器通信超时
[2025-06-22 17:27:06] 10道第2台停车器通信超时
[2025-06-22 17:27:06] 10道第3台停车器通信超时
[2025-06-22 17:27:06] 10道防溜器通信超时
[2025-06-22 17:27:06] 11道第1台停车器通信超时
[2025-06-22 17:27:06] 11道第2台停车器通信超时
[2025-06-22 17:27:06] 11道第3台停车器通信超时
[2025-06-22 17:27:06] 11道防溜器通信超时
[2025-06-22 17:27:06] 12道第1台停车器通信超时
[2025-06-22 17:27:06] 12道第2台停车器通信超时
[2025-06-22 17:27:06] 12道第3台停车器通信超时
[2025-06-22 17:27:06] 12道防溜器通信超时
[2025-06-22 17:27:06] 13道第1台停车器通信超时
[2025-06-22 17:27:06] 13道第2台停车器通信超时
[2025-06-22 17:27:06] 13道第3台停车器通信超时
[2025-06-22 17:27:06] 13道防溜器通信超时
[2025-06-22 17:27:06] 14道第1台停车器通信超时
[2025-06-22 17:27:06] 14道第2台停车器通信超时
[2025-06-22 17:27:06] 14道第3台停车器通信超时
[2025-06-22 17:27:06] 14道防溜器通信超时
[2025-06-22 17:27:06] 15道第1台停车器通信超时
[2025-06-22 17:27:06] 15道第2台停车器通信超时
[2025-06-22 17:27:06] 15道第3台停车器通信超时
[2025-06-22 17:27:06] 15道防溜器通信超时
[2025-06-22 17:27:06] 16道第1台停车器通信超时
[2025-06-22 17:27:06] 16道第2台停车器通信超时
[2025-06-22 17:27:06] 16道第3台停车器通信超时
[2025-06-22 17:27:06] 16道防溜器通信超时
[2025-06-22 17:27:06] 17道第1台停车器通信超时
[2025-06-22 17:27:06] 17道第2台停车器通信超时
[2025-06-22 17:27:06] 17道第3台停车器通信超时
[2025-06-22 17:27:06] 17道防溜器通信超时
[2025-06-22 17:27:06] 18道第1台停车器通信超时
[2025-06-22 17:27:06] 18道第2台停车器通信超时
[2025-06-22 17:27:06] 18道第3台停车器通信超时
[2025-06-22 17:27:06] 18道防溜器通信超时
[2025-06-22 17:27:06] 19道第1台停车器通信超时
[2025-06-22 17:27:06] 19道第2台停车器通信超时
[2025-06-22 17:27:06] 19道第3台停车器通信超时
[2025-06-22 17:27:06] 19道防溜器通信超时
[2025-06-22 17:27:06] 20道第1台停车器通信超时
[2025-06-22 17:27:06] 20道第2台停车器通信超时
[2025-06-22 17:27:06] 20道第3台停车器通信超时
[2025-06-22 17:27:06] 20道防溜器通信超时
[2025-06-22 17:27:06] 21道第1台停车器通信超时
[2025-06-22 17:27:06] 21道第2台停车器通信超时
[2025-06-22 17:27:06] 21道第3台停车器通信超时
[2025-06-22 17:27:06] 21道防溜器通信超时
[2025-06-22 17:27:06] 22道第1台停车器通信超时
[2025-06-22 17:27:06] 22道第2台停车器通信超时
[2025-06-22 17:27:06] 22道第3台停车器通信超时
[2025-06-22 17:27:06] 22道防溜器通信超时
[2025-06-22 17:27:06] 23道第1台停车器通信超时
[2025-06-22 17:27:06] 23道第2台停车器通信超时
[2025-06-22 17:27:06] 23道第3台停车器通信超时
[2025-06-22 17:27:06] 23道防溜器通信超时
[2025-06-22 17:27:06] 24道第1台停车器通信超时
[2025-06-22 17:27:06] 24道第2台停车器通信超时
[2025-06-22 17:27:06] 24道第3台停车器通信超时
[2025-06-22 17:27:06] 24道防溜器通信超时
[2025-06-22 17:27:45] A机进入主用状态
[2025-06-22 17:27:45] A机在线
[2025-06-22 17:27:45] B机进入备用状态
[2025-06-22 17:27:45] B机离线
[2025-06-22 17:27:51] 2道第1台停车器通信超时
[2025-06-22 17:27:51] 2道第2台停车器通信超时
[2025-06-22 17:27:51] 2道第3台停车器通信超时
[2025-06-22 17:27:51] 2道防溜器通信超时
[2025-06-22 17:27:51] 3道第1台停车器通信超时
[2025-06-22 17:27:51] 3道第2台停车器通信超时
[2025-06-22 17:27:51] 3道第3台停车器通信超时
[2025-06-22 17:27:51] 3道防溜器通信超时
[2025-06-22 17:27:51] 4道第1台停车器通信超时
[2025-06-22 17:27:51] 4道第2台停车器通信超时
[2025-06-22 17:27:51] 4道第3台停车器通信超时
[2025-06-22 17:27:51] 4道防溜器通信超时
[2025-06-22 17:27:51] 5道第1台停车器通信超时
[2025-06-22 17:27:51] 5道第2台停车器通信超时
[2025-06-22 17:27:51] 5道第3台停车器通信超时
[2025-06-22 17:27:51] 5道防溜器通信超时
[2025-06-22 17:27:51] 6道第1台停车器通信超时
[2025-06-22 17:27:51] 6道第2台停车器通信超时
[2025-06-22 17:27:51] 6道第3台停车器通信超时
[2025-06-22 17:27:51] 6道防溜器通信超时
[2025-06-22 17:27:51] 7道第1台停车器通信超时
[2025-06-22 17:27:51] 7道第2台停车器通信超时
[2025-06-22 17:27:51] 7道第3台停车器通信超时
[2025-06-22 17:27:51] 7道防溜器通信超时
[2025-06-22 17:27:51] 8道第1台停车器通信超时
[2025-06-22 17:27:51] 8道第2台停车器通信超时
[2025-06-22 17:27:51] 8道第3台停车器通信超时
[2025-06-22 17:27:51] 8道防溜器通信超时
[2025-06-22 17:27:51] 9道第1台停车器通信超时
[2025-06-22 17:27:51] 9道第2台停车器通信超时
[2025-06-22 17:27:51] 9道第3台停车器通信超时
[2025-06-22 17:27:51] 9道防溜器通信超时
[2025-06-22 17:27:51] 10道第1台停车器通信超时
[2025-06-22 17:27:51] 10道第2台停车器通信超时
[2025-06-22 17:27:51] 10道第3台停车器通信超时
[2025-06-22 17:27:51] 10道防溜器通信超时
[2025-06-22 17:27:51] 11道第1台停车器通信超时
[2025-06-22 17:27:51] 11道第2台停车器通信超时
[2025-06-22 17:27:51] 11道第3台停车器通信超时
[2025-06-22 17:27:51] 11道防溜器通信超时
[2025-06-22 17:27:51] 12道第1台停车器通信超时
[2025-06-22 17:27:51] 12道第2台停车器通信超时
[2025-06-22 17:27:51] 12道第3台停车器通信超时
[2025-06-22 17:27:51] 12道防溜器通信超时
[2025-06-22 17:27:51] 13道第1台停车器通信超时
[2025-06-22 17:27:51] 13道第2台停车器通信超时
[2025-06-22 17:27:51] 13道第3台停车器通信超时
[2025-06-22 17:27:51] 13道防溜器通信超时
[2025-06-22 17:27:51] 14道第1台停车器通信超时
[2025-06-22 17:27:51] 14道第2台停车器通信超时
[2025-06-22 17:27:51] 14道第3台停车器通信超时
[2025-06-22 17:27:51] 14道防溜器通信超时
[2025-06-22 17:27:51] 15道第1台停车器通信超时
[2025-06-22 17:27:51] 15道第2台停车器通信超时
[2025-06-22 17:27:51] 15道第3台停车器通信超时
[2025-06-22 17:27:51] 15道防溜器通信超时
[2025-06-22 17:27:51] 16道第1台停车器通信超时
[2025-06-22 17:27:51] 16道第2台停车器通信超时
[2025-06-22 17:27:51] 16道第3台停车器通信超时
[2025-06-22 17:27:51] 16道防溜器通信超时
[2025-06-22 17:27:51] 17道第1台停车器通信超时
[2025-06-22 17:27:51] 17道第2台停车器通信超时
[2025-06-22 17:27:51] 17道第3台停车器通信超时
[2025-06-22 17:27:51] 17道防溜器通信超时
[2025-06-22 17:27:51] 18道第1台停车器通信超时
[2025-06-22 17:27:51] 18道第2台停车器通信超时
[2025-06-22 17:27:51] 18道第3台停车器通信超时
[2025-06-22 17:27:51] 18道防溜器通信超时
[2025-06-22 17:27:51] 19道第1台停车器通信超时
[2025-06-22 17:27:51] 19道第2台停车器通信超时
[2025-06-22 17:27:51] 19道第3台停车器通信超时
[2025-06-22 17:27:51] 19道防溜器通信超时
[2025-06-22 17:27:51] 20道第1台停车器通信超时
[2025-06-22 17:27:51] 20道第2台停车器通信超时
[2025-06-22 17:27:51] 20道第3台停车器通信超时
[2025-06-22 17:27:51] 20道防溜器通信超时
[2025-06-22 17:27:51] 21道第1台停车器通信超时
[2025-06-22 17:27:51] 21道第2台停车器通信超时
[2025-06-22 17:27:51] 21道第3台停车器通信超时
[2025-06-22 17:27:51] 21道防溜器通信超时
[2025-06-22 17:27:51] 22道第1台停车器通信超时
[2025-06-22 17:27:51] 22道第2台停车器通信超时
[2025-06-22 17:27:51] 22道第3台停车器通信超时
[2025-06-22 17:27:51] 22道防溜器通信超时
[2025-06-22 17:27:51] 23道第1台停车器通信超时
[2025-06-22 17:27:51] 23道第2台停车器通信超时
[2025-06-22 17:27:51] 23道第3台停车器通信超时
[2025-06-22 17:27:51] 23道防溜器通信超时
[2025-06-22 17:27:51] 24道第1台停车器通信超时
[2025-06-22 17:27:51] 24道第2台停车器通信超时
[2025-06-22 17:27:51] 24道第3台停车器通信超时
[2025-06-22 17:27:51] 24道防溜器通信超时
[2025-06-22 17:28:16] A机进入主用状态
[2025-06-22 17:28:16] A机在线
[2025-06-22 17:28:16] B机进入备用状态
[2025-06-22 17:28:16] B机离线
[2025-06-22 17:28:22] 2道第1台停车器通信超时
[2025-06-22 17:28:22] 2道第2台停车器通信超时
[2025-06-22 17:28:22] 2道第3台停车器通信超时
[2025-06-22 17:28:22] 2道防溜器通信超时
[2025-06-22 17:28:22] 3道第1台停车器通信超时
[2025-06-22 17:28:22] 3道第2台停车器通信超时
[2025-06-22 17:28:22] 3道第3台停车器通信超时
[2025-06-22 17:28:22] 3道防溜器通信超时
[2025-06-22 17:28:22] 4道第1台停车器通信超时
[2025-06-22 17:28:22] 4道第2台停车器通信超时
[2025-06-22 17:28:22] 4道第3台停车器通信超时
[2025-06-22 17:28:22] 4道防溜器通信超时
[2025-06-22 17:28:22] 5道第1台停车器通信超时
[2025-06-22 17:28:22] 5道第2台停车器通信超时
[2025-06-22 17:28:22] 5道第3台停车器通信超时
[2025-06-22 17:28:22] 5道防溜器通信超时
[2025-06-22 17:28:22] 6道第1台停车器通信超时
[2025-06-22 17:28:22] 6道第2台停车器通信超时
[2025-06-22 17:28:22] 6道第3台停车器通信超时
[2025-06-22 17:28:22] 6道防溜器通信超时
[2025-06-22 17:28:22] 7道第1台停车器通信超时
[2025-06-22 17:28:22] 7道第2台停车器通信超时
[2025-06-22 17:28:22] 7道第3台停车器通信超时
[2025-06-22 17:28:22] 7道防溜器通信超时
[2025-06-22 17:28:22] 8道第1台停车器通信超时
[2025-06-22 17:28:22] 8道第2台停车器通信超时
[2025-06-22 17:28:22] 8道第3台停车器通信超时
[2025-06-22 17:28:22] 8道防溜器通信超时
[2025-06-22 17:28:22] 9道第1台停车器通信超时
[2025-06-22 17:28:22] 9道第2台停车器通信超时
[2025-06-22 17:28:22] 9道第3台停车器通信超时
[2025-06-22 17:28:22] 9道防溜器通信超时
[2025-06-22 17:28:22] 10道第1台停车器通信超时
[2025-06-22 17:28:22] 10道第2台停车器通信超时
[2025-06-22 17:28:22] 10道第3台停车器通信超时
[2025-06-22 17:28:22] 10道防溜器通信超时
[2025-06-22 17:28:22] 11道第1台停车器通信超时
[2025-06-22 17:28:22] 11道第2台停车器通信超时
[2025-06-22 17:28:22] 11道第3台停车器通信超时
[2025-06-22 17:28:22] 11道防溜器通信超时
[2025-06-22 17:28:22] 12道第1台停车器通信超时
[2025-06-22 17:28:22] 12道第2台停车器通信超时
[2025-06-22 17:28:22] 12道第3台停车器通信超时
[2025-06-22 17:28:22] 12道防溜器通信超时
[2025-06-22 17:28:22] 13道第1台停车器通信超时
[2025-06-22 17:28:22] 13道第2台停车器通信超时
[2025-06-22 17:28:22] 13道第3台停车器通信超时
[2025-06-22 17:28:22] 13道防溜器通信超时
[2025-06-22 17:28:22] 14道第1台停车器通信超时
[2025-06-22 17:28:22] 14道第2台停车器通信超时
[2025-06-22 17:28:22] 14道第3台停车器通信超时
[2025-06-22 17:28:22] 14道防溜器通信超时
[2025-06-22 17:28:22] 15道第1台停车器通信超时
[2025-06-22 17:28:22] 15道第2台停车器通信超时
[2025-06-22 17:28:22] 15道第3台停车器通信超时
[2025-06-22 17:28:22] 15道防溜器通信超时
[2025-06-22 17:28:22] 16道第1台停车器通信超时
[2025-06-22 17:28:22] 16道第2台停车器通信超时
[2025-06-22 17:28:22] 16道第3台停车器通信超时
[2025-06-22 17:28:22] 16道防溜器通信超时
[2025-06-22 17:28:22] 17道第1台停车器通信超时
[2025-06-22 17:28:22] 17道第2台停车器通信超时
[2025-06-22 17:28:22] 17道第3台停车器通信超时
[2025-06-22 17:28:22] 17道防溜器通信超时
[2025-06-22 17:28:22] 18道第1台停车器通信超时
[2025-06-22 17:28:22] 18道第2台停车器通信超时
[2025-06-22 17:28:22] 18道第3台停车器通信超时
[2025-06-22 17:28:22] 18道防溜器通信超时
[2025-06-22 17:28:22] 19道第1台停车器通信超时
[2025-06-22 17:28:22] 19道第2台停车器通信超时
[2025-06-22 17:28:22] 19道第3台停车器通信超时
[2025-06-22 17:28:22] 19道防溜器通信超时
[2025-06-22 17:28:22] 20道第1台停车器通信超时
[2025-06-22 17:28:22] 20道第2台停车器通信超时
[2025-06-22 17:28:22] 20道第3台停车器通信超时
[2025-06-22 17:28:22] 20道防溜器通信超时
[2025-06-22 17:28:22] 21道第1台停车器通信超时
[2025-06-22 17:28:22] 21道第2台停车器通信超时
[2025-06-22 17:28:22] 21道第3台停车器通信超时
[2025-06-22 17:28:22] 21道防溜器通信超时
[2025-06-22 17:28:22] 22道第1台停车器通信超时
[2025-06-22 17:28:22] 22道第2台停车器通信超时
[2025-06-22 17:28:22] 22道第3台停车器通信超时
[2025-06-22 17:28:22] 22道防溜器通信超时
[2025-06-22 17:28:22] 23道第1台停车器通信超时
[2025-06-22 17:28:22] 23道第2台停车器通信超时
[2025-06-22 17:28:22] 23道第3台停车器通信超时
[2025-06-22 17:28:22] 23道防溜器通信超时
[2025-06-22 17:28:22] 24道第1台停车器通信超时
[2025-06-22 17:28:22] 24道第2台停车器通信超时
[2025-06-22 17:28:22] 24道第3台停车器通信超时
[2025-06-22 17:28:22] 24道防溜器通信超时
[2025-06-22 17:28:23] A机进入主用状态
[2025-06-22 17:28:23] A机在线
[2025-06-22 17:29:19] A机进入主用状态
[2025-06-22 17:29:20] A机在线
[2025-06-22 17:29:20] B机进入备用状态
[2025-06-22 17:29:20] B机离线
[2025-06-22 17:29:24] 2道第1台停车器通信超时
[2025-06-22 17:29:24] 2道第2台停车器通信超时
[2025-06-22 17:29:24] 2道第3台停车器通信超时
[2025-06-22 17:29:24] 2道防溜器通信超时
[2025-06-22 17:29:24] 3道第1台停车器通信超时
[2025-06-22 17:29:24] 3道第2台停车器通信超时
[2025-06-22 17:29:24] 3道第3台停车器通信超时
[2025-06-22 17:29:24] 3道防溜器通信超时
[2025-06-22 17:29:24] 4道第1台停车器通信超时
[2025-06-22 17:29:24] 4道第2台停车器通信超时
[2025-06-22 17:29:25] 4道第3台停车器通信超时
[2025-06-22 17:29:25] 4道防溜器通信超时
[2025-06-22 17:29:25] 5道第1台停车器通信超时
[2025-06-22 17:29:25] 5道第2台停车器通信超时
[2025-06-22 17:29:25] 5道第3台停车器通信超时
[2025-06-22 17:29:25] 5道防溜器通信超时
[2025-06-22 17:29:25] 6道第1台停车器通信超时
[2025-06-22 17:29:25] 6道第2台停车器通信超时
[2025-06-22 17:29:25] 6道第3台停车器通信超时
[2025-06-22 17:29:25] 6道防溜器通信超时
[2025-06-22 17:29:25] 7道第1台停车器通信超时
[2025-06-22 17:29:25] 7道第2台停车器通信超时
[2025-06-22 17:29:25] 7道第3台停车器通信超时
[2025-06-22 17:29:25] 7道防溜器通信超时
[2025-06-22 17:29:25] 8道第1台停车器通信超时
[2025-06-22 17:29:25] 8道第2台停车器通信超时
[2025-06-22 17:29:25] 8道第3台停车器通信超时
[2025-06-22 17:29:25] 8道防溜器通信超时
[2025-06-22 17:29:25] 9道第1台停车器通信超时
[2025-06-22 17:29:25] 9道第2台停车器通信超时
[2025-06-22 17:29:25] 9道第3台停车器通信超时
[2025-06-22 17:29:25] 9道防溜器通信超时
[2025-06-22 17:29:25] 10道第1台停车器通信超时
[2025-06-22 17:29:25] 10道第2台停车器通信超时
[2025-06-22 17:29:25] 10道第3台停车器通信超时
[2025-06-22 17:29:25] 10道防溜器通信超时
[2025-06-22 17:29:25] 11道第1台停车器通信超时
[2025-06-22 17:29:25] 11道第2台停车器通信超时
[2025-06-22 17:29:25] 11道第3台停车器通信超时
[2025-06-22 17:29:25] 11道防溜器通信超时
[2025-06-22 17:29:25] 12道第1台停车器通信超时
[2025-06-22 17:29:25] 12道第2台停车器通信超时
[2025-06-22 17:29:25] 12道第3台停车器通信超时
[2025-06-22 17:29:25] 12道防溜器通信超时
[2025-06-22 17:29:25] 13道第1台停车器通信超时
[2025-06-22 17:29:25] 13道第2台停车器通信超时
[2025-06-22 17:29:25] 13道第3台停车器通信超时
[2025-06-22 17:29:25] 13道防溜器通信超时
[2025-06-22 17:29:25] 14道第1台停车器通信超时
[2025-06-22 17:29:25] 14道第2台停车器通信超时
[2025-06-22 17:29:25] 14道第3台停车器通信超时
[2025-06-22 17:29:25] 14道防溜器通信超时
[2025-06-22 17:29:25] 15道第1台停车器通信超时
[2025-06-22 17:29:25] 15道第2台停车器通信超时
[2025-06-22 17:29:25] 15道第3台停车器通信超时
[2025-06-22 17:29:25] 15道防溜器通信超时
[2025-06-22 17:29:25] 16道第1台停车器通信超时
[2025-06-22 17:29:25] 16道第2台停车器通信超时
[2025-06-22 17:29:25] 16道第3台停车器通信超时
[2025-06-22 17:29:25] 16道防溜器通信超时
[2025-06-22 17:29:25] 17道第1台停车器通信超时
[2025-06-22 17:29:25] 17道第2台停车器通信超时
[2025-06-22 17:29:25] 17道第3台停车器通信超时
[2025-06-22 17:29:25] 17道防溜器通信超时
[2025-06-22 17:29:25] 18道第1台停车器通信超时
[2025-06-22 17:29:25] 18道第2台停车器通信超时
[2025-06-22 17:29:25] 18道第3台停车器通信超时
[2025-06-22 17:29:25] 18道防溜器通信超时
[2025-06-22 17:29:25] 19道第1台停车器通信超时
[2025-06-22 17:29:25] 19道第2台停车器通信超时
[2025-06-22 17:29:25] 19道第3台停车器通信超时
[2025-06-22 17:29:25] 19道防溜器通信超时
[2025-06-22 17:29:25] 20道第1台停车器通信超时
[2025-06-22 17:29:25] 20道第2台停车器通信超时
[2025-06-22 17:29:25] 20道第3台停车器通信超时
[2025-06-22 17:29:25] 20道防溜器通信超时
[2025-06-22 17:29:25] 21道第1台停车器通信超时
[2025-06-22 17:29:25] 21道第2台停车器通信超时
[2025-06-22 17:29:25] 21道第3台停车器通信超时
[2025-06-22 17:29:25] 21道防溜器通信超时
[2025-06-22 17:29:25] 22道第1台停车器通信超时
[2025-06-22 17:29:25] 22道第2台停车器通信超时
[2025-06-22 17:29:25] 22道第3台停车器通信超时
[2025-06-22 17:29:25] 22道防溜器通信超时
[2025-06-22 17:29:25] 23道第1台停车器通信超时
[2025-06-22 17:29:25] 23道第2台停车器通信超时
[2025-06-22 17:29:25] 23道第3台停车器通信超时
[2025-06-22 17:29:25] 23道防溜器通信超时
[2025-06-22 17:29:25] 24道第1台停车器通信超时
[2025-06-22 17:29:25] 24道第2台停车器通信超时
[2025-06-22 17:29:25] 24道第3台停车器通信超时
[2025-06-22 17:29:25] 24道防溜器通信超时
[2025-06-22 17:33:12] A机进入主用状态
[2025-06-22 17:33:12] A机在线
[2025-06-22 17:33:12] B机进入备用状态
[2025-06-22 17:33:12] B机离线
[2025-06-22 17:33:17] 2道第1台停车器通信超时
[2025-06-22 17:33:17] 2道第2台停车器通信超时
[2025-06-22 17:33:17] 2道第3台停车器通信超时
[2025-06-22 17:33:17] 2道防溜器通信超时
[2025-06-22 17:33:17] 3道第1台停车器通信超时
[2025-06-22 17:33:17] 3道第2台停车器通信超时
[2025-06-22 17:33:17] 3道第3台停车器通信超时
[2025-06-22 17:33:17] 3道防溜器通信超时
[2025-06-22 17:33:17] 4道第1台停车器通信超时
[2025-06-22 17:33:17] 4道第2台停车器通信超时
[2025-06-22 17:33:17] 4道第3台停车器通信超时
[2025-06-22 17:33:17] 4道防溜器通信超时
[2025-06-22 17:33:17] 5道第1台停车器通信超时
[2025-06-22 17:33:17] 5道第2台停车器通信超时
[2025-06-22 17:33:17] 5道第3台停车器通信超时
[2025-06-22 17:33:17] 5道防溜器通信超时
[2025-06-22 17:33:17] 6道第1台停车器通信超时
[2025-06-22 17:33:17] 6道第2台停车器通信超时
[2025-06-22 17:33:17] 6道第3台停车器通信超时
[2025-06-22 17:33:17] 6道防溜器通信超时
[2025-06-22 17:33:17] 7道第1台停车器通信超时
[2025-06-22 17:33:17] 7道第2台停车器通信超时
[2025-06-22 17:33:17] 7道第3台停车器通信超时
[2025-06-22 17:33:17] 7道防溜器通信超时
[2025-06-22 17:33:17] 8道第1台停车器通信超时
[2025-06-22 17:33:17] 8道第2台停车器通信超时
[2025-06-22 17:33:17] 8道第3台停车器通信超时
[2025-06-22 17:33:17] 8道防溜器通信超时
[2025-06-22 17:33:17] 9道第1台停车器通信超时
[2025-06-22 17:33:17] 9道第2台停车器通信超时
[2025-06-22 17:33:17] 9道第3台停车器通信超时
[2025-06-22 17:33:17] 9道防溜器通信超时
[2025-06-22 17:33:17] 10道第1台停车器通信超时
[2025-06-22 17:33:17] 10道第2台停车器通信超时
[2025-06-22 17:33:17] 10道第3台停车器通信超时
[2025-06-22 17:33:17] 10道防溜器通信超时
[2025-06-22 17:33:17] 11道第1台停车器通信超时
[2025-06-22 17:33:17] 11道第2台停车器通信超时
[2025-06-22 17:33:17] 11道第3台停车器通信超时
[2025-06-22 17:33:17] 11道防溜器通信超时
[2025-06-22 17:33:17] 12道第1台停车器通信超时
[2025-06-22 17:33:17] 12道第2台停车器通信超时
[2025-06-22 17:33:17] 12道第3台停车器通信超时
[2025-06-22 17:33:17] 12道防溜器通信超时
[2025-06-22 17:33:17] 13道第1台停车器通信超时
[2025-06-22 17:33:17] 13道第2台停车器通信超时
[2025-06-22 17:33:17] 13道第3台停车器通信超时
[2025-06-22 17:33:17] 13道防溜器通信超时
[2025-06-22 17:33:17] 14道第1台停车器通信超时
[2025-06-22 17:33:17] 14道第2台停车器通信超时
[2025-06-22 17:33:17] 14道第3台停车器通信超时
[2025-06-22 17:33:17] 14道防溜器通信超时
[2025-06-22 17:33:17] 15道第1台停车器通信超时
[2025-06-22 17:33:17] 15道第2台停车器通信超时
[2025-06-22 17:33:17] 15道第3台停车器通信超时
[2025-06-22 17:33:17] 15道防溜器通信超时
[2025-06-22 17:33:17] 16道第1台停车器通信超时
[2025-06-22 17:33:17] 16道第2台停车器通信超时
[2025-06-22 17:33:17] 16道第3台停车器通信超时
[2025-06-22 17:33:17] 16道防溜器通信超时
[2025-06-22 17:33:17] 17道第1台停车器通信超时
[2025-06-22 17:33:17] 17道第2台停车器通信超时
[2025-06-22 17:33:17] 17道第3台停车器通信超时
[2025-06-22 17:33:17] 17道防溜器通信超时
[2025-06-22 17:33:17] 18道第1台停车器通信超时
[2025-06-22 17:33:17] 18道第2台停车器通信超时
[2025-06-22 17:33:17] 18道第3台停车器通信超时
[2025-06-22 17:33:17] 18道防溜器通信超时
[2025-06-22 17:33:17] 19道第1台停车器通信超时
[2025-06-22 17:33:17] 19道第2台停车器通信超时
[2025-06-22 17:33:17] 19道第3台停车器通信超时
[2025-06-22 17:33:17] 19道防溜器通信超时
[2025-06-22 17:33:17] 20道第1台停车器通信超时
[2025-06-22 17:33:17] 20道第2台停车器通信超时
[2025-06-22 17:33:17] 20道第3台停车器通信超时
[2025-06-22 17:33:17] 20道防溜器通信超时
[2025-06-22 17:33:17] 21道第1台停车器通信超时
[2025-06-22 17:33:17] 21道第2台停车器通信超时
[2025-06-22 17:33:17] 21道第3台停车器通信超时
[2025-06-22 17:33:17] 21道防溜器通信超时
[2025-06-22 17:33:17] 22道第1台停车器通信超时
[2025-06-22 17:33:17] 22道第2台停车器通信超时
[2025-06-22 17:33:17] 22道第3台停车器通信超时
[2025-06-22 17:33:17] 22道防溜器通信超时
[2025-06-22 17:33:17] 23道第1台停车器通信超时
[2025-06-22 17:33:17] 23道第2台停车器通信超时
[2025-06-22 17:33:17] 23道第3台停车器通信超时
[2025-06-22 17:33:17] 23道防溜器通信超时
[2025-06-22 17:33:17] 24道第1台停车器通信超时
[2025-06-22 17:33:17] 24道第2台停车器通信超时
[2025-06-22 17:33:17] 24道第3台停车器通信超时
[2025-06-22 17:33:17] 24道防溜器通信超时
[2025-06-22 17:39:40] A机进入主用状态
[2025-06-22 17:39:40] A机在线
[2025-06-22 17:39:40] B机进入备用状态
[2025-06-22 17:39:40] B机离线
[2025-06-22 17:39:50] A机进入主用状态
[2025-06-22 17:39:50] A机在线
[2025-06-22 17:39:50] B机进入备用状态
[2025-06-22 17:39:50] B机离线
[2025-06-22 17:42:25] A机进入主用状态
[2025-06-22 17:42:25] A机在线
[2025-06-22 17:42:25] B机进入备用状态
[2025-06-22 17:42:25] B机离线
[2025-06-22 17:42:31] 2道第1台停车器通信超时
[2025-06-22 17:42:31] 2道第2台停车器通信超时
[2025-06-22 17:42:31] 2道第3台停车器通信超时
[2025-06-22 17:42:31] 2道防溜器通信超时
[2025-06-22 17:42:31] 3道第1台停车器通信超时
[2025-06-22 17:42:31] 3道第2台停车器通信超时
[2025-06-22 17:42:31] 3道第3台停车器通信超时
[2025-06-22 17:42:31] 3道防溜器通信超时
[2025-06-22 17:42:31] 4道第1台停车器通信超时
[2025-06-22 17:42:31] 4道第2台停车器通信超时
[2025-06-22 17:42:31] 4道第3台停车器通信超时
[2025-06-22 17:42:31] 4道防溜器通信超时
[2025-06-22 17:42:31] 5道第1台停车器通信超时
[2025-06-22 17:42:31] 5道第2台停车器通信超时
[2025-06-22 17:42:31] 5道第3台停车器通信超时
[2025-06-22 17:42:31] 5道防溜器通信超时
[2025-06-22 17:42:31] 6道第1台停车器通信超时
[2025-06-22 17:42:31] 6道第2台停车器通信超时
[2025-06-22 17:42:31] 6道第3台停车器通信超时
[2025-06-22 17:42:31] 6道防溜器通信超时
[2025-06-22 17:42:31] 7道第1台停车器通信超时
[2025-06-22 17:42:31] 7道第2台停车器通信超时
[2025-06-22 17:42:31] 7道第3台停车器通信超时
[2025-06-22 17:42:31] 7道防溜器通信超时
[2025-06-22 17:42:31] 8道第1台停车器通信超时
[2025-06-22 17:42:31] 8道第2台停车器通信超时
[2025-06-22 17:42:31] 8道第3台停车器通信超时
[2025-06-22 17:42:31] 8道防溜器通信超时
[2025-06-22 17:42:31] 9道第1台停车器通信超时
[2025-06-22 17:42:31] 9道第2台停车器通信超时
[2025-06-22 17:42:31] 9道第3台停车器通信超时
[2025-06-22 17:42:31] 9道防溜器通信超时
[2025-06-22 17:42:31] 10道第1台停车器通信超时
[2025-06-22 17:42:31] 10道第2台停车器通信超时
[2025-06-22 17:42:31] 10道第3台停车器通信超时
[2025-06-22 17:42:31] 10道防溜器通信超时
[2025-06-22 17:42:31] 11道第1台停车器通信超时
[2025-06-22 17:42:31] 11道第2台停车器通信超时
[2025-06-22 17:42:31] 11道第3台停车器通信超时
[2025-06-22 17:42:31] 11道防溜器通信超时
[2025-06-22 17:42:31] 12道第1台停车器通信超时
[2025-06-22 17:42:31] 12道第2台停车器通信超时
[2025-06-22 17:42:31] 12道第3台停车器通信超时
[2025-06-22 17:42:31] 12道防溜器通信超时
[2025-06-22 17:42:31] 13道第1台停车器通信超时
[2025-06-22 17:42:31] 13道第2台停车器通信超时
[2025-06-22 17:42:31] 13道第3台停车器通信超时
[2025-06-22 17:42:31] 13道防溜器通信超时
[2025-06-22 17:42:31] 14道第1台停车器通信超时
[2025-06-22 17:42:31] 14道第2台停车器通信超时
[2025-06-22 17:42:31] 14道第3台停车器通信超时
[2025-06-22 17:42:31] 14道防溜器通信超时
[2025-06-22 17:42:31] 15道第1台停车器通信超时
[2025-06-22 17:42:31] 15道第2台停车器通信超时
[2025-06-22 17:42:31] 15道第3台停车器通信超时
[2025-06-22 17:42:31] 15道防溜器通信超时
[2025-06-22 17:42:31] 16道第1台停车器通信超时
[2025-06-22 17:42:31] 16道第2台停车器通信超时
[2025-06-22 17:42:31] 16道第3台停车器通信超时
[2025-06-22 17:42:31] 16道防溜器通信超时
[2025-06-22 17:42:31] 17道第1台停车器通信超时
[2025-06-22 17:42:31] 17道第2台停车器通信超时
[2025-06-22 17:42:31] 17道第3台停车器通信超时
[2025-06-22 17:42:31] 17道防溜器通信超时
[2025-06-22 17:42:31] 18道第1台停车器通信超时
[2025-06-22 17:42:31] 18道第2台停车器通信超时
[2025-06-22 17:42:31] 18道第3台停车器通信超时
[2025-06-22 17:42:31] 18道防溜器通信超时
[2025-06-22 17:42:31] 19道第1台停车器通信超时
[2025-06-22 17:42:31] 19道第2台停车器通信超时
[2025-06-22 17:42:31] 19道第3台停车器通信超时
[2025-06-22 17:42:31] 19道防溜器通信超时
[2025-06-22 17:42:31] 20道第1台停车器通信超时
[2025-06-22 17:42:31] 20道第2台停车器通信超时
[2025-06-22 17:42:31] 20道第3台停车器通信超时
[2025-06-22 17:42:31] 20道防溜器通信超时
[2025-06-22 17:42:31] 21道第1台停车器通信超时
[2025-06-22 17:42:31] 21道第2台停车器通信超时
[2025-06-22 17:42:31] 21道第3台停车器通信超时
[2025-06-22 17:42:31] 21道防溜器通信超时
[2025-06-22 17:42:31] 22道第1台停车器通信超时
[2025-06-22 17:42:31] 22道第2台停车器通信超时
[2025-06-22 17:42:31] 22道第3台停车器通信超时
[2025-06-22 17:42:31] 22道防溜器通信超时
[2025-06-22 17:42:31] 23道第1台停车器通信超时
[2025-06-22 17:42:31] 23道第2台停车器通信超时
[2025-06-22 17:42:31] 23道第3台停车器通信超时
[2025-06-22 17:42:31] 23道防溜器通信超时
[2025-06-22 17:42:31] 24道第1台停车器通信超时
[2025-06-22 17:42:31] 24道第2台停车器通信超时
[2025-06-22 17:42:31] 24道第3台停车器通信超时
[2025-06-22 17:42:31] 24道防溜器通信超时
[2025-06-22 18:04:03] A机进入主用状态
[2025-06-22 18:04:03] A机在线
[2025-06-22 18:04:03] B机进入备用状态
[2025-06-22 18:04:03] B机离线
[2025-06-22 18:04:08] 2道第1台停车器通信超时
[2025-06-22 18:04:08] 2道第2台停车器通信超时
[2025-06-22 18:04:08] 2道第3台停车器通信超时
[2025-06-22 18:04:08] 2道防溜器通信超时
[2025-06-22 18:04:08] 3道第1台停车器通信超时
[2025-06-22 18:04:08] 3道第2台停车器通信超时
[2025-06-22 18:04:08] 3道第3台停车器通信超时
[2025-06-22 18:04:08] 3道防溜器通信超时
[2025-06-22 18:04:08] 4道第1台停车器通信超时
[2025-06-22 18:04:08] 4道第2台停车器通信超时
[2025-06-22 18:04:08] 4道第3台停车器通信超时
[2025-06-22 18:04:08] 4道防溜器通信超时
[2025-06-22 18:04:08] 5道第1台停车器通信超时
[2025-06-22 18:04:08] 5道第2台停车器通信超时
[2025-06-22 18:04:08] 5道第3台停车器通信超时
[2025-06-22 18:04:08] 5道防溜器通信超时
[2025-06-22 18:04:08] 6道第1台停车器通信超时
[2025-06-22 18:04:08] 6道第2台停车器通信超时
[2025-06-22 18:04:08] 6道第3台停车器通信超时
[2025-06-22 18:04:08] 6道防溜器通信超时
[2025-06-22 18:04:08] 7道第1台停车器通信超时
[2025-06-22 18:04:08] 7道第2台停车器通信超时
[2025-06-22 18:04:08] 7道第3台停车器通信超时
[2025-06-22 18:04:08] 7道防溜器通信超时
[2025-06-22 18:04:08] 8道第1台停车器通信超时
[2025-06-22 18:04:08] 8道第2台停车器通信超时
[2025-06-22 18:04:08] 8道第3台停车器通信超时
[2025-06-22 18:04:08] 8道防溜器通信超时
[2025-06-22 18:04:08] 9道第1台停车器通信超时
[2025-06-22 18:04:08] 9道第2台停车器通信超时
[2025-06-22 18:04:08] 9道第3台停车器通信超时
[2025-06-22 18:04:08] 9道防溜器通信超时
[2025-06-22 18:04:08] 10道第1台停车器通信超时
[2025-06-22 18:04:08] 10道第2台停车器通信超时
[2025-06-22 18:04:08] 10道第3台停车器通信超时
[2025-06-22 18:04:08] 10道防溜器通信超时
[2025-06-22 18:04:08] 11道第1台停车器通信超时
[2025-06-22 18:04:08] 11道第2台停车器通信超时
[2025-06-22 18:04:08] 11道第3台停车器通信超时
[2025-06-22 18:04:08] 11道防溜器通信超时
[2025-06-22 18:04:08] 12道第1台停车器通信超时
[2025-06-22 18:04:08] 12道第2台停车器通信超时
[2025-06-22 18:04:08] 12道第3台停车器通信超时
[2025-06-22 18:04:08] 12道防溜器通信超时
[2025-06-22 18:04:08] 13道第1台停车器通信超时
[2025-06-22 18:04:08] 13道第2台停车器通信超时
[2025-06-22 18:04:08] 13道第3台停车器通信超时
[2025-06-22 18:04:08] 13道防溜器通信超时
[2025-06-22 18:04:08] 14道第1台停车器通信超时
[2025-06-22 18:04:08] 14道第2台停车器通信超时
[2025-06-22 18:04:08] 14道第3台停车器通信超时
[2025-06-22 18:04:08] 14道防溜器通信超时
[2025-06-22 18:04:08] 15道第1台停车器通信超时
[2025-06-22 18:04:08] 15道第2台停车器通信超时
[2025-06-22 18:04:08] 15道第3台停车器通信超时
[2025-06-22 18:04:08] 15道防溜器通信超时
[2025-06-22 18:04:08] 16道第1台停车器通信超时
[2025-06-22 18:04:08] 16道第2台停车器通信超时
[2025-06-22 18:04:08] 16道第3台停车器通信超时
[2025-06-22 18:04:08] 16道防溜器通信超时
[2025-06-22 18:04:08] 17道第1台停车器通信超时
[2025-06-22 18:04:08] 17道第2台停车器通信超时
[2025-06-22 18:04:08] 17道第3台停车器通信超时
[2025-06-22 18:04:08] 17道防溜器通信超时
[2025-06-22 18:04:08] 18道第1台停车器通信超时
[2025-06-22 18:04:08] 18道第2台停车器通信超时
[2025-06-22 18:04:08] 18道第3台停车器通信超时
[2025-06-22 18:04:08] 18道防溜器通信超时
[2025-06-22 18:04:08] 19道第1台停车器通信超时
[2025-06-22 18:04:08] 19道第2台停车器通信超时
[2025-06-22 18:04:08] 19道第3台停车器通信超时
[2025-06-22 18:04:08] 19道防溜器通信超时
[2025-06-22 18:04:08] 20道第1台停车器通信超时
[2025-06-22 18:04:08] 20道第2台停车器通信超时
[2025-06-22 18:04:08] 20道第3台停车器通信超时
[2025-06-22 18:04:08] 20道防溜器通信超时
[2025-06-22 18:04:08] 21道第1台停车器通信超时
[2025-06-22 18:04:08] 21道第2台停车器通信超时
[2025-06-22 18:04:08] 21道第3台停车器通信超时
[2025-06-22 18:04:08] 21道防溜器通信超时
[2025-06-22 18:04:08] 22道第1台停车器通信超时
[2025-06-22 18:04:08] 22道第2台停车器通信超时
[2025-06-22 18:04:08] 22道第3台停车器通信超时
[2025-06-22 18:04:08] 22道防溜器通信超时
[2025-06-22 18:04:08] 23道第1台停车器通信超时
[2025-06-22 18:04:08] 23道第2台停车器通信超时
[2025-06-22 18:04:08] 23道第3台停车器通信超时
[2025-06-22 18:04:08] 23道防溜器通信超时
[2025-06-22 18:04:08] 24道第1台停车器通信超时
[2025-06-22 18:04:08] 24道第2台停车器通信超时
[2025-06-22 18:04:08] 24道第3台停车器通信超时
[2025-06-22 18:04:08] 24道防溜器通信超时
[2025-06-22 18:05:11] A机进入主用状态
[2025-06-22 18:05:12] A机在线
[2025-06-22 22:52:22] A机进入主用状态
[2025-06-22 22:52:22] A机在线
[2025-06-22 22:52:22] B机进入备用状态
[2025-06-22 22:52:22] B机离线
[2025-06-22 22:52:24] A机进入主用状态
[2025-06-22 22:52:24] A机在线
[2025-06-22 23:08:50] A机进入主用状态
[2025-06-22 23:08:50] A机在线
[2025-06-22 23:08:50] B机进入备用状态
[2025-06-22 23:08:50] B机离线
[2025-06-22 23:09:20] A机进入主用状态
[2025-06-22 23:09:20] A机在线
[2025-06-22 23:09:20] B机进入备用状态
[2025-06-22 23:09:20] B机离线
