[2025-06-21 20:25:56] A机进入主用状态
[2025-06-21 20:25:56] A机在线
[2025-06-21 20:25:56] B机进入备用状态
[2025-06-21 20:25:56] B机离线
[2025-06-21 20:26:02] 第2道第1台停车器通信超时
[2025-06-21 20:26:02] 第2道第2台停车器通信超时
[2025-06-21 20:26:02] 第2道第3台停车器通信超时
[2025-06-21 20:26:02] 第2道第1台防溜器通信超时
[2025-06-21 20:26:02] 第3道第1台停车器通信超时
[2025-06-21 20:26:02] 第3道第2台停车器通信超时
[2025-06-21 20:26:02] 第3道第3台停车器通信超时
[2025-06-21 20:26:02] 第3道第1台防溜器通信超时
[2025-06-21 20:26:02] 第4道第1台停车器通信超时
[2025-06-21 20:26:02] 第4道第2台停车器通信超时
[2025-06-21 20:26:02] 第4道第3台停车器通信超时
[2025-06-21 20:26:02] 第4道第1台防溜器通信超时
[2025-06-21 20:26:02] 第5道第1台停车器通信超时
[2025-06-21 20:26:02] 第5道第2台停车器通信超时
[2025-06-21 20:26:02] 第5道第3台停车器通信超时
[2025-06-21 20:26:02] 第5道第1台防溜器通信超时
[2025-06-21 20:26:02] 第6道第1台停车器通信超时
[2025-06-21 20:26:02] 第6道第2台停车器通信超时
[2025-06-21 20:26:02] 第6道第3台停车器通信超时
[2025-06-21 20:26:02] 第6道第1台防溜器通信超时
[2025-06-21 20:26:02] 第7道第1台停车器通信超时
[2025-06-21 20:26:02] 第7道第2台停车器通信超时
[2025-06-21 20:26:02] 第7道第3台停车器通信超时
[2025-06-21 20:26:02] 第7道第1台防溜器通信超时
[2025-06-21 20:26:02] 第8道第1台停车器通信超时
[2025-06-21 20:26:02] 第8道第2台停车器通信超时
[2025-06-21 20:26:02] 第8道第3台停车器通信超时
[2025-06-21 20:26:02] 第8道第1台防溜器通信超时
[2025-06-21 20:26:02] 第9道第1台停车器通信超时
[2025-06-21 20:26:02] 第9道第2台停车器通信超时
[2025-06-21 20:26:02] 第9道第3台停车器通信超时
[2025-06-21 20:26:02] 第9道第1台防溜器通信超时
[2025-06-21 20:26:02] 第10道第1台停车器通信超时
[2025-06-21 20:26:02] 第10道第2台停车器通信超时
[2025-06-21 20:26:02] 第10道第3台停车器通信超时
[2025-06-21 20:26:02] 第10道第1台防溜器通信超时
[2025-06-21 20:26:02] 第11道第1台停车器通信超时
[2025-06-21 20:26:02] 第11道第2台停车器通信超时
[2025-06-21 20:26:02] 第11道第3台停车器通信超时
[2025-06-21 20:26:02] 第11道第1台防溜器通信超时
[2025-06-21 20:26:02] 第12道第1台停车器通信超时
[2025-06-21 20:26:02] 第12道第2台停车器通信超时
[2025-06-21 20:26:02] 第12道第3台停车器通信超时
[2025-06-21 20:26:02] 第12道第1台防溜器通信超时
[2025-06-21 20:26:02] 第13道第1台停车器通信超时
[2025-06-21 20:26:02] 第13道第2台停车器通信超时
[2025-06-21 20:26:02] 第13道第3台停车器通信超时
[2025-06-21 20:26:02] 第13道第1台防溜器通信超时
[2025-06-21 20:26:02] 第14道第1台停车器通信超时
[2025-06-21 20:26:02] 第14道第2台停车器通信超时
[2025-06-21 20:26:02] 第14道第3台停车器通信超时
[2025-06-21 20:26:02] 第14道第1台防溜器通信超时
[2025-06-21 20:26:02] 第15道第1台停车器通信超时
[2025-06-21 20:26:02] 第15道第2台停车器通信超时
[2025-06-21 20:26:02] 第15道第3台停车器通信超时
[2025-06-21 20:26:02] 第15道第1台防溜器通信超时
[2025-06-21 20:26:02] 第16道第1台停车器通信超时
[2025-06-21 20:26:02] 第16道第2台停车器通信超时
[2025-06-21 20:26:02] 第16道第3台停车器通信超时
[2025-06-21 20:26:02] 第16道第1台防溜器通信超时
[2025-06-21 20:26:02] 第17道第1台停车器通信超时
[2025-06-21 20:26:02] 第17道第2台停车器通信超时
[2025-06-21 20:26:02] 第17道第3台停车器通信超时
[2025-06-21 20:26:02] 第17道第1台防溜器通信超时
[2025-06-21 20:26:02] 第18道第1台停车器通信超时
[2025-06-21 20:26:02] 第18道第2台停车器通信超时
[2025-06-21 20:26:02] 第18道第3台停车器通信超时
[2025-06-21 20:26:02] 第18道第1台防溜器通信超时
[2025-06-21 20:26:02] 第19道第1台停车器通信超时
[2025-06-21 20:26:02] 第19道第2台停车器通信超时
[2025-06-21 20:26:02] 第19道第3台停车器通信超时
[2025-06-21 20:26:02] 第19道第1台防溜器通信超时
[2025-06-21 20:26:02] 第20道第1台停车器通信超时
[2025-06-21 20:26:02] 第20道第2台停车器通信超时
[2025-06-21 20:26:02] 第20道第3台停车器通信超时
[2025-06-21 20:26:02] 第20道第1台防溜器通信超时
[2025-06-21 20:26:02] 第21道第1台停车器通信超时
[2025-06-21 20:26:02] 第21道第2台停车器通信超时
[2025-06-21 20:26:02] 第21道第3台停车器通信超时
[2025-06-21 20:26:02] 第21道第1台防溜器通信超时
[2025-06-21 20:26:02] 第22道第1台停车器通信超时
[2025-06-21 20:26:02] 第22道第2台停车器通信超时
[2025-06-21 20:26:02] 第22道第3台停车器通信超时
[2025-06-21 20:26:02] 第22道第1台防溜器通信超时
[2025-06-21 20:26:02] 第23道第1台停车器通信超时
[2025-06-21 20:26:02] 第23道第2台停车器通信超时
[2025-06-21 20:26:02] 第23道第3台停车器通信超时
[2025-06-21 20:26:02] 第23道第1台防溜器通信超时
[2025-06-21 20:26:02] 第24道第1台停车器通信超时
[2025-06-21 20:26:02] 第24道第2台停车器通信超时
[2025-06-21 20:26:02] 第24道第3台停车器通信超时
[2025-06-21 20:26:02] 第24道第1台防溜器通信超时
[2025-06-21 20:29:40] A机进入主用状态
[2025-06-21 20:29:40] A机在线
[2025-06-21 20:29:40] B机进入备用状态
[2025-06-21 20:29:40] B机离线
[2025-06-21 20:30:40] A机进入主用状态
[2025-06-21 20:30:40] A机在线
[2025-06-21 20:30:40] B机进入备用状态
[2025-06-21 20:30:40] B机离线
[2025-06-21 20:31:09] A机进入主用状态
[2025-06-21 20:31:09] A机在线
[2025-06-21 20:31:09] B机进入备用状态
[2025-06-21 20:31:09] B机离线
[2025-06-21 20:31:14] 第2道第1台停车器通信超时
[2025-06-21 20:31:14] 第2道第2台停车器通信超时
[2025-06-21 20:31:14] 第2道第3台停车器通信超时
[2025-06-21 20:31:14] 第2道第1台防溜器通信超时
[2025-06-21 20:31:14] 第3道第1台停车器通信超时
[2025-06-21 20:31:14] 第3道第2台停车器通信超时
[2025-06-21 20:31:14] 第3道第3台停车器通信超时
[2025-06-21 20:31:14] 第3道第1台防溜器通信超时
[2025-06-21 20:31:14] 第4道第1台停车器通信超时
[2025-06-21 20:31:14] 第4道第2台停车器通信超时
[2025-06-21 20:31:14] 第4道第3台停车器通信超时
[2025-06-21 20:31:14] 第4道第1台防溜器通信超时
[2025-06-21 20:31:14] 第5道第1台停车器通信超时
[2025-06-21 20:31:14] 第5道第2台停车器通信超时
[2025-06-21 20:31:14] 第5道第3台停车器通信超时
[2025-06-21 20:31:14] 第5道第1台防溜器通信超时
[2025-06-21 20:31:14] 第6道第1台停车器通信超时
[2025-06-21 20:31:14] 第6道第2台停车器通信超时
[2025-06-21 20:31:14] 第6道第3台停车器通信超时
[2025-06-21 20:31:14] 第6道第1台防溜器通信超时
[2025-06-21 20:31:14] 第7道第1台停车器通信超时
[2025-06-21 20:31:14] 第7道第2台停车器通信超时
[2025-06-21 20:31:14] 第7道第3台停车器通信超时
[2025-06-21 20:31:14] 第7道第1台防溜器通信超时
[2025-06-21 20:31:14] 第8道第1台停车器通信超时
[2025-06-21 20:31:14] 第8道第2台停车器通信超时
[2025-06-21 20:31:14] 第8道第3台停车器通信超时
[2025-06-21 20:31:14] 第8道第1台防溜器通信超时
[2025-06-21 20:31:14] 第9道第1台停车器通信超时
[2025-06-21 20:31:14] 第9道第2台停车器通信超时
[2025-06-21 20:31:14] 第9道第3台停车器通信超时
[2025-06-21 20:31:14] 第9道第1台防溜器通信超时
[2025-06-21 20:31:14] 第10道第1台停车器通信超时
[2025-06-21 20:31:14] 第10道第2台停车器通信超时
[2025-06-21 20:31:14] 第10道第3台停车器通信超时
[2025-06-21 20:31:14] 第10道第1台防溜器通信超时
[2025-06-21 20:31:14] 第11道第1台停车器通信超时
[2025-06-21 20:31:14] 第11道第2台停车器通信超时
[2025-06-21 20:31:14] 第11道第3台停车器通信超时
[2025-06-21 20:31:14] 第11道第1台防溜器通信超时
[2025-06-21 20:31:14] 第12道第1台停车器通信超时
[2025-06-21 20:31:14] 第12道第2台停车器通信超时
[2025-06-21 20:31:14] 第12道第3台停车器通信超时
[2025-06-21 20:31:14] 第12道第1台防溜器通信超时
[2025-06-21 20:31:14] 第13道第1台停车器通信超时
[2025-06-21 20:31:14] 第13道第2台停车器通信超时
[2025-06-21 20:31:14] 第13道第3台停车器通信超时
[2025-06-21 20:31:14] 第13道第1台防溜器通信超时
[2025-06-21 20:31:14] 第14道第1台停车器通信超时
[2025-06-21 20:31:14] 第14道第2台停车器通信超时
[2025-06-21 20:31:14] 第14道第3台停车器通信超时
[2025-06-21 20:31:14] 第14道第1台防溜器通信超时
[2025-06-21 20:31:14] 第15道第1台停车器通信超时
[2025-06-21 20:31:14] 第15道第2台停车器通信超时
[2025-06-21 20:31:14] 第15道第3台停车器通信超时
[2025-06-21 20:31:14] 第15道第1台防溜器通信超时
[2025-06-21 20:31:14] 第16道第1台停车器通信超时
[2025-06-21 20:31:14] 第16道第2台停车器通信超时
[2025-06-21 20:31:14] 第16道第3台停车器通信超时
[2025-06-21 20:31:14] 第16道第1台防溜器通信超时
[2025-06-21 20:31:14] 第17道第1台停车器通信超时
[2025-06-21 20:31:14] 第17道第2台停车器通信超时
[2025-06-21 20:31:14] 第17道第3台停车器通信超时
[2025-06-21 20:31:14] 第17道第1台防溜器通信超时
[2025-06-21 20:31:14] 第18道第1台停车器通信超时
[2025-06-21 20:31:14] 第18道第2台停车器通信超时
[2025-06-21 20:31:14] 第18道第3台停车器通信超时
[2025-06-21 20:31:14] 第18道第1台防溜器通信超时
[2025-06-21 20:31:14] 第19道第1台停车器通信超时
[2025-06-21 20:31:14] 第19道第2台停车器通信超时
[2025-06-21 20:31:14] 第19道第3台停车器通信超时
[2025-06-21 20:31:14] 第19道第1台防溜器通信超时
[2025-06-21 20:31:14] 第20道第1台停车器通信超时
[2025-06-21 20:31:14] 第20道第2台停车器通信超时
[2025-06-21 20:31:14] 第20道第3台停车器通信超时
[2025-06-21 20:31:14] 第20道第1台防溜器通信超时
[2025-06-21 20:31:14] 第21道第1台停车器通信超时
[2025-06-21 20:31:14] 第21道第2台停车器通信超时
[2025-06-21 20:31:14] 第21道第3台停车器通信超时
[2025-06-21 20:31:14] 第21道第1台防溜器通信超时
[2025-06-21 20:31:14] 第22道第1台停车器通信超时
[2025-06-21 20:31:14] 第22道第2台停车器通信超时
[2025-06-21 20:31:14] 第22道第3台停车器通信超时
[2025-06-21 20:31:14] 第22道第1台防溜器通信超时
[2025-06-21 20:31:14] 第23道第1台停车器通信超时
[2025-06-21 20:31:14] 第23道第2台停车器通信超时
[2025-06-21 20:31:14] 第23道第3台停车器通信超时
[2025-06-21 20:31:14] 第23道第1台防溜器通信超时
[2025-06-21 20:31:14] 第24道第1台停车器通信超时
[2025-06-21 20:31:14] 第24道第2台停车器通信超时
[2025-06-21 20:31:14] 第24道第3台停车器通信超时
[2025-06-21 20:31:14] 第24道第1台防溜器通信超时
[2025-06-21 20:31:26] A机进入主用状态
[2025-06-21 20:31:26] A机在线
[2025-06-21 22:55:38] A机进入主用状态
[2025-06-21 22:55:38] A机在线
[2025-06-21 22:55:38] B机进入备用状态
[2025-06-21 22:55:38] B机离线
[2025-06-21 22:55:43] A机进入主用状态
[2025-06-21 22:55:43] A机在线
[2025-06-21 23:26:59] A机进入主用状态
[2025-06-21 23:26:59] A机在线
[2025-06-21 23:26:59] B机进入备用状态
[2025-06-21 23:26:59] B机离线
[2025-06-21 23:43:27] A机进入主用状态
[2025-06-21 23:43:27] A机在线
[2025-06-21 23:43:27] B机进入备用状态
[2025-06-21 23:43:27] B机离线
[2025-06-21 23:43:27] B机在线
[2025-06-21 23:43:27] B机进入主用状态
[2025-06-21 23:43:32] 第2道第1台停车器通信超时
[2025-06-21 23:43:32] 第2道第2台停车器通信超时
[2025-06-21 23:43:32] 第2道第3台停车器通信超时
[2025-06-21 23:43:32] 第2道第1台防溜器通信超时
[2025-06-21 23:43:32] 第3道第1台停车器通信超时
[2025-06-21 23:43:32] 第3道第2台停车器通信超时
[2025-06-21 23:43:32] 第3道第3台停车器通信超时
[2025-06-21 23:43:32] 第3道第1台防溜器通信超时
[2025-06-21 23:43:32] 第4道第1台停车器通信超时
[2025-06-21 23:43:32] 第4道第2台停车器通信超时
[2025-06-21 23:43:32] 第4道第3台停车器通信超时
[2025-06-21 23:43:32] 第4道第1台防溜器通信超时
[2025-06-21 23:43:32] 第5道第1台停车器通信超时
[2025-06-21 23:43:32] 第5道第2台停车器通信超时
[2025-06-21 23:43:32] 第5道第3台停车器通信超时
[2025-06-21 23:43:32] 第5道第1台防溜器通信超时
[2025-06-21 23:43:32] 第6道第1台停车器通信超时
[2025-06-21 23:43:32] 第6道第2台停车器通信超时
[2025-06-21 23:43:32] 第6道第3台停车器通信超时
[2025-06-21 23:43:32] 第6道第1台防溜器通信超时
[2025-06-21 23:43:32] 第7道第1台停车器通信超时
[2025-06-21 23:43:32] 第7道第2台停车器通信超时
[2025-06-21 23:43:32] 第7道第3台停车器通信超时
[2025-06-21 23:43:32] 第7道第1台防溜器通信超时
[2025-06-21 23:43:32] 第8道第1台停车器通信超时
[2025-06-21 23:43:32] 第8道第2台停车器通信超时
[2025-06-21 23:43:32] 第8道第3台停车器通信超时
[2025-06-21 23:43:32] 第8道第1台防溜器通信超时
[2025-06-21 23:43:32] 第9道第1台停车器通信超时
[2025-06-21 23:43:32] 第9道第2台停车器通信超时
[2025-06-21 23:43:32] 第9道第3台停车器通信超时
[2025-06-21 23:43:32] 第9道第1台防溜器通信超时
[2025-06-21 23:43:32] 第10道第1台停车器通信超时
[2025-06-21 23:43:32] 第10道第2台停车器通信超时
[2025-06-21 23:43:32] 第10道第3台停车器通信超时
[2025-06-21 23:43:33] 第10道第1台防溜器通信超时
[2025-06-21 23:43:33] 第11道第1台停车器通信超时
[2025-06-21 23:43:33] 第11道第2台停车器通信超时
[2025-06-21 23:43:33] 第11道第3台停车器通信超时
[2025-06-21 23:43:33] 第11道第1台防溜器通信超时
[2025-06-21 23:43:33] 第12道第1台停车器通信超时
[2025-06-21 23:43:33] 第12道第2台停车器通信超时
[2025-06-21 23:43:33] 第12道第3台停车器通信超时
[2025-06-21 23:43:33] 第12道第1台防溜器通信超时
[2025-06-21 23:43:33] 第13道第1台停车器通信超时
[2025-06-21 23:43:33] 第13道第2台停车器通信超时
[2025-06-21 23:43:33] 第13道第3台停车器通信超时
[2025-06-21 23:43:33] 第13道第1台防溜器通信超时
[2025-06-21 23:43:33] 第14道第1台停车器通信超时
[2025-06-21 23:43:33] 第14道第2台停车器通信超时
[2025-06-21 23:43:33] 第14道第3台停车器通信超时
[2025-06-21 23:43:33] 第14道第1台防溜器通信超时
[2025-06-21 23:43:33] 第15道第1台停车器通信超时
[2025-06-21 23:43:33] 第15道第2台停车器通信超时
[2025-06-21 23:43:33] 第15道第3台停车器通信超时
[2025-06-21 23:43:33] 第15道第1台防溜器通信超时
[2025-06-21 23:43:33] 第16道第1台停车器通信超时
[2025-06-21 23:43:33] 第16道第2台停车器通信超时
[2025-06-21 23:43:33] 第16道第3台停车器通信超时
[2025-06-21 23:43:33] 第16道第1台防溜器通信超时
[2025-06-21 23:43:33] 第17道第1台停车器通信超时
[2025-06-21 23:43:33] 第17道第2台停车器通信超时
[2025-06-21 23:43:33] 第17道第3台停车器通信超时
[2025-06-21 23:43:33] 第17道第1台防溜器通信超时
[2025-06-21 23:43:33] 第18道第1台停车器通信超时
