[2025-07-18 15:21:15] B机进入主用状态
[2025-07-18 15:21:15] B机在线
[2025-07-18 15:21:15] A机进入备用状态
[2025-07-18 15:21:15] A机离线
[2025-07-18 15:21:20] 2道第1台停车器通信超时
[2025-07-18 15:21:20] 2道第2台停车器通信超时
[2025-07-18 15:21:20] 2道第3台停车器通信超时
[2025-07-18 15:21:20] 2道防溜器通信超时
[2025-07-18 15:21:20] 3道第1台停车器通信超时
[2025-07-18 15:21:20] 3道第2台停车器通信超时
[2025-07-18 15:21:20] 3道第3台停车器通信超时
[2025-07-18 15:21:20] 3道防溜器通信超时
[2025-07-18 15:21:20] 4道第1台停车器通信超时
[2025-07-18 15:21:20] 4道第2台停车器通信超时
[2025-07-18 15:21:20] 4道第3台停车器通信超时
[2025-07-18 15:21:20] 4道防溜器通信超时
[2025-07-18 15:21:20] 5道第1台停车器通信超时
[2025-07-18 15:21:20] 5道第2台停车器通信超时
[2025-07-18 15:21:20] 5道第3台停车器通信超时
[2025-07-18 15:21:20] 5道防溜器通信超时
[2025-07-18 15:21:20] 6道第1台停车器通信超时
[2025-07-18 15:21:20] 6道第2台停车器通信超时
[2025-07-18 15:21:20] 6道第3台停车器通信超时
[2025-07-18 15:21:20] 6道防溜器通信超时
[2025-07-18 15:21:20] 7道第1台停车器通信超时
[2025-07-18 15:21:20] 7道第2台停车器通信超时
[2025-07-18 15:21:20] 7道第3台停车器通信超时
[2025-07-18 15:21:20] 7道防溜器通信超时
[2025-07-18 15:21:20] 8道第1台停车器通信超时
[2025-07-18 15:21:20] 8道第2台停车器通信超时
[2025-07-18 15:21:20] 8道第3台停车器通信超时
[2025-07-18 15:21:20] 8道防溜器通信超时
[2025-07-18 15:21:20] 9道第1台停车器通信超时
[2025-07-18 15:21:20] 9道第2台停车器通信超时
[2025-07-18 15:21:20] 9道第3台停车器通信超时
[2025-07-18 15:21:20] 9道防溜器通信超时
[2025-07-18 15:21:20] 10道第1台停车器通信超时
[2025-07-18 15:21:20] 10道第2台停车器通信超时
[2025-07-18 15:21:20] 10道第3台停车器通信超时
[2025-07-18 15:21:20] 10道防溜器通信超时
[2025-07-18 15:21:20] 11道第1台停车器通信超时
[2025-07-18 15:21:20] 11道第2台停车器通信超时
[2025-07-18 15:21:20] 11道第3台停车器通信超时
[2025-07-18 15:21:20] 11道防溜器通信超时
[2025-07-18 15:21:20] 12道第1台停车器通信超时
[2025-07-18 15:21:20] 12道第2台停车器通信超时
[2025-07-18 15:21:20] 12道第3台停车器通信超时
[2025-07-18 15:21:20] 12道防溜器通信超时
[2025-07-18 15:21:20] 13道第1台停车器通信超时
[2025-07-18 15:21:20] 13道第2台停车器通信超时
[2025-07-18 15:21:20] 13道第3台停车器通信超时
[2025-07-18 15:21:20] 13道防溜器通信超时
[2025-07-18 15:21:20] 14道第1台停车器通信超时
[2025-07-18 15:21:20] 14道第2台停车器通信超时
[2025-07-18 15:21:20] 14道第3台停车器通信超时
[2025-07-18 15:21:20] 14道防溜器通信超时
[2025-07-18 15:21:20] 15道第1台停车器通信超时
[2025-07-18 15:21:20] 15道第2台停车器通信超时
[2025-07-18 15:21:20] 15道第3台停车器通信超时
[2025-07-18 15:21:20] 15道防溜器通信超时
[2025-07-18 15:21:20] 16道第1台停车器通信超时
[2025-07-18 15:21:20] 16道第2台停车器通信超时
[2025-07-18 15:21:20] 16道第3台停车器通信超时
[2025-07-18 15:21:20] 16道防溜器通信超时
[2025-07-18 15:21:20] 17道第1台停车器通信超时
[2025-07-18 15:21:20] 17道第2台停车器通信超时
[2025-07-18 15:21:20] 17道第3台停车器通信超时
[2025-07-18 15:21:20] 17道防溜器通信超时
[2025-07-18 15:21:20] 18道第1台停车器通信超时
[2025-07-18 15:21:20] 18道第2台停车器通信超时
[2025-07-18 15:21:20] 18道第3台停车器通信超时
[2025-07-18 15:21:20] 18道防溜器通信超时
[2025-07-18 15:21:20] 19道第1台停车器通信超时
[2025-07-18 15:21:20] 19道第2台停车器通信超时
[2025-07-18 15:21:20] 19道第3台停车器通信超时
[2025-07-18 15:21:20] 19道防溜器通信超时
[2025-07-18 15:21:20] 20道第1台停车器通信超时
[2025-07-18 15:21:20] 20道第2台停车器通信超时
[2025-07-18 15:21:20] 20道第3台停车器通信超时
[2025-07-18 15:21:20] 20道防溜器通信超时
[2025-07-18 15:21:20] 21道第1台停车器通信超时
[2025-07-18 15:21:20] 21道第2台停车器通信超时
[2025-07-18 15:21:20] 21道第3台停车器通信超时
[2025-07-18 15:21:20] 21道防溜器通信超时
[2025-07-18 15:21:20] 22道第1台停车器通信超时
[2025-07-18 15:21:20] 22道第2台停车器通信超时
[2025-07-18 15:21:20] 22道第3台停车器通信超时
[2025-07-18 15:21:20] 22道防溜器通信超时
[2025-07-18 15:21:20] 23道第1台停车器通信超时
[2025-07-18 15:21:20] 23道第2台停车器通信超时
[2025-07-18 15:21:20] 23道第3台停车器通信超时
[2025-07-18 15:21:20] 23道防溜器通信超时
[2025-07-18 15:21:20] 24道第1台停车器通信超时
[2025-07-18 15:21:20] 24道第2台停车器通信超时
[2025-07-18 15:21:20] 24道第3台停车器通信超时
[2025-07-18 15:21:20] 24道防溜器通信超时
[2025-07-18 15:21:32] 用户取消了场控模式切换
[2025-07-18 15:21:33] 用户取消了集控模式切换
[2025-07-18 15:32:21] B机进入主用状态
[2025-07-18 15:32:21] B机在线
[2025-07-18 15:32:21] A机进入备用状态
[2025-07-18 15:32:21] A机离线
[2025-07-18 15:32:26] 2道第1台停车器通信超时
[2025-07-18 15:32:26] 2道第2台停车器通信超时
[2025-07-18 15:32:26] 2道第3台停车器通信超时
[2025-07-18 15:32:26] 2道防溜器通信超时
[2025-07-18 15:32:26] 3道第1台停车器通信超时
[2025-07-18 15:32:26] 3道第2台停车器通信超时
[2025-07-18 15:32:26] 3道第3台停车器通信超时
[2025-07-18 15:32:26] 3道防溜器通信超时
[2025-07-18 15:32:26] 4道第1台停车器通信超时
[2025-07-18 15:32:26] 4道第2台停车器通信超时
[2025-07-18 15:32:26] 4道第3台停车器通信超时
[2025-07-18 15:32:26] 4道防溜器通信超时
[2025-07-18 15:32:26] 5道第1台停车器通信超时
[2025-07-18 15:32:26] 5道第2台停车器通信超时
[2025-07-18 15:32:26] 5道第3台停车器通信超时
[2025-07-18 15:32:26] 5道防溜器通信超时
[2025-07-18 15:32:26] 6道第1台停车器通信超时
[2025-07-18 15:32:26] 6道第2台停车器通信超时
[2025-07-18 15:32:26] 6道第3台停车器通信超时
[2025-07-18 15:32:26] 6道防溜器通信超时
[2025-07-18 15:32:26] 7道第1台停车器通信超时
[2025-07-18 15:32:26] 7道第2台停车器通信超时
[2025-07-18 15:32:26] 7道第3台停车器通信超时
[2025-07-18 15:32:26] 7道防溜器通信超时
[2025-07-18 15:32:26] 8道第1台停车器通信超时
[2025-07-18 15:32:26] 8道第2台停车器通信超时
[2025-07-18 15:32:26] 8道第3台停车器通信超时
[2025-07-18 15:32:26] 8道防溜器通信超时
[2025-07-18 15:32:26] 9道第1台停车器通信超时
[2025-07-18 15:32:26] 9道第2台停车器通信超时
[2025-07-18 15:32:26] 9道第3台停车器通信超时
[2025-07-18 15:32:26] 9道防溜器通信超时
[2025-07-18 15:32:26] 10道第1台停车器通信超时
[2025-07-18 15:32:26] 10道第2台停车器通信超时
[2025-07-18 15:32:26] 10道第3台停车器通信超时
[2025-07-18 15:32:26] 10道防溜器通信超时
[2025-07-18 15:32:26] 11道第1台停车器通信超时
[2025-07-18 15:32:26] 11道第2台停车器通信超时
[2025-07-18 15:32:26] 11道第3台停车器通信超时
[2025-07-18 15:32:26] 11道防溜器通信超时
[2025-07-18 15:32:26] 12道第1台停车器通信超时
[2025-07-18 15:32:26] 12道第2台停车器通信超时
[2025-07-18 15:32:26] 12道第3台停车器通信超时
[2025-07-18 15:32:26] 12道防溜器通信超时
[2025-07-18 15:32:26] 13道第1台停车器通信超时
[2025-07-18 15:32:26] 13道第2台停车器通信超时
[2025-07-18 15:32:26] 13道第3台停车器通信超时
[2025-07-18 15:32:26] 13道防溜器通信超时
[2025-07-18 15:32:26] 14道第1台停车器通信超时
[2025-07-18 15:32:26] 14道第2台停车器通信超时
[2025-07-18 15:32:26] 14道第3台停车器通信超时
[2025-07-18 15:32:26] 14道防溜器通信超时
[2025-07-18 15:32:26] 15道第1台停车器通信超时
[2025-07-18 15:32:26] 15道第2台停车器通信超时
[2025-07-18 15:32:26] 15道第3台停车器通信超时
[2025-07-18 15:32:26] 15道防溜器通信超时
[2025-07-18 15:32:26] 16道第1台停车器通信超时
[2025-07-18 15:32:26] 16道第2台停车器通信超时
[2025-07-18 15:32:26] 16道第3台停车器通信超时
[2025-07-18 15:32:26] 16道防溜器通信超时
[2025-07-18 15:32:26] 17道第1台停车器通信超时
[2025-07-18 15:32:26] 17道第2台停车器通信超时
[2025-07-18 15:32:26] 17道第3台停车器通信超时
[2025-07-18 15:32:26] 17道防溜器通信超时
[2025-07-18 15:32:26] 18道第1台停车器通信超时
[2025-07-18 15:32:26] 18道第2台停车器通信超时
[2025-07-18 15:32:26] 18道第3台停车器通信超时
[2025-07-18 15:32:26] 18道防溜器通信超时
[2025-07-18 15:32:26] 19道第1台停车器通信超时
[2025-07-18 15:32:26] 19道第2台停车器通信超时
[2025-07-18 15:32:26] 19道第3台停车器通信超时
[2025-07-18 15:32:26] 19道防溜器通信超时
[2025-07-18 15:32:26] 20道第1台停车器通信超时
[2025-07-18 15:32:26] 20道第2台停车器通信超时
[2025-07-18 15:32:26] 20道第3台停车器通信超时
[2025-07-18 15:32:26] 20道防溜器通信超时
[2025-07-18 15:32:26] 21道第1台停车器通信超时
[2025-07-18 15:32:26] 21道第2台停车器通信超时
[2025-07-18 15:32:26] 21道第3台停车器通信超时
[2025-07-18 15:32:26] 21道防溜器通信超时
[2025-07-18 15:32:26] 22道第1台停车器通信超时
[2025-07-18 15:32:26] 22道第2台停车器通信超时
[2025-07-18 15:32:26] 22道第3台停车器通信超时
[2025-07-18 15:32:26] 22道防溜器通信超时
[2025-07-18 15:32:27] 23道第1台停车器通信超时
[2025-07-18 15:32:27] 23道第2台停车器通信超时
[2025-07-18 15:32:27] 23道第3台停车器通信超时
[2025-07-18 15:32:27] 23道防溜器通信超时
[2025-07-18 15:32:27] 24道第1台停车器通信超时
[2025-07-18 15:32:27] 24道第2台停车器通信超时
[2025-07-18 15:32:27] 24道第3台停车器通信超时
[2025-07-18 15:32:27] 24道防溜器通信超时
[2025-07-18 15:38:58] 用户确认切换为场控模式
[2025-07-18 15:39:36] B机进入主用状态
[2025-07-18 15:39:36] B机在线
[2025-07-18 15:49:02] B机进入主用状态
[2025-07-18 15:49:02] B机在线
[2025-07-18 15:49:02] A机进入备用状态
[2025-07-18 15:49:02] A机离线
[2025-07-18 15:49:07] 2道第1台停车器通信超时
[2025-07-18 15:49:07] 2道第2台停车器通信超时
[2025-07-18 15:49:07] 2道第3台停车器通信超时
[2025-07-18 15:49:07] 2道防溜器通信超时
[2025-07-18 15:49:07] 3道第1台停车器通信超时
[2025-07-18 15:49:07] 3道第2台停车器通信超时
[2025-07-18 15:49:07] 3道第3台停车器通信超时
[2025-07-18 15:49:07] 3道防溜器通信超时
[2025-07-18 15:49:07] 4道第1台停车器通信超时
[2025-07-18 15:49:07] 4道第2台停车器通信超时
[2025-07-18 15:49:07] 4道第3台停车器通信超时
[2025-07-18 15:49:07] 4道防溜器通信超时
[2025-07-18 15:49:07] 5道第1台停车器通信超时
[2025-07-18 15:49:07] 5道第2台停车器通信超时
[2025-07-18 15:49:07] 5道第3台停车器通信超时
[2025-07-18 15:49:07] 5道防溜器通信超时
[2025-07-18 15:49:07] 6道第1台停车器通信超时
[2025-07-18 15:49:07] 6道第2台停车器通信超时
[2025-07-18 15:49:07] 6道第3台停车器通信超时
[2025-07-18 15:49:07] 6道防溜器通信超时
[2025-07-18 15:49:07] 7道第1台停车器通信超时
[2025-07-18 15:49:07] 7道第2台停车器通信超时
[2025-07-18 15:49:07] 7道第3台停车器通信超时
[2025-07-18 15:49:07] 7道防溜器通信超时
[2025-07-18 15:49:07] 8道第1台停车器通信超时
[2025-07-18 15:49:07] 8道第2台停车器通信超时
[2025-07-18 15:49:07] 8道第3台停车器通信超时
[2025-07-18 15:49:07] 8道防溜器通信超时
[2025-07-18 15:49:07] 9道第1台停车器通信超时
[2025-07-18 15:49:07] 9道第2台停车器通信超时
[2025-07-18 15:49:07] 9道第3台停车器通信超时
[2025-07-18 15:49:07] 9道防溜器通信超时
[2025-07-18 15:49:07] 10道第1台停车器通信超时
[2025-07-18 15:49:07] 10道第2台停车器通信超时
[2025-07-18 15:49:07] 10道第3台停车器通信超时
[2025-07-18 15:49:07] 10道防溜器通信超时
[2025-07-18 15:49:07] 11道第1台停车器通信超时
[2025-07-18 15:49:07] 11道第2台停车器通信超时
[2025-07-18 15:49:07] 11道第3台停车器通信超时
[2025-07-18 15:49:07] 11道防溜器通信超时
[2025-07-18 15:49:07] 12道第1台停车器通信超时
[2025-07-18 15:49:07] 12道第2台停车器通信超时
[2025-07-18 15:49:07] 12道第3台停车器通信超时
[2025-07-18 15:49:07] 12道防溜器通信超时
[2025-07-18 15:49:07] 13道第1台停车器通信超时
[2025-07-18 15:49:07] 13道第2台停车器通信超时
[2025-07-18 15:49:07] 13道第3台停车器通信超时
[2025-07-18 15:49:07] 13道防溜器通信超时
[2025-07-18 15:49:07] 14道第1台停车器通信超时
[2025-07-18 15:49:07] 14道第2台停车器通信超时
[2025-07-18 15:49:07] 14道第3台停车器通信超时
[2025-07-18 15:49:07] 14道防溜器通信超时
[2025-07-18 15:49:07] 15道第1台停车器通信超时
[2025-07-18 15:49:07] 15道第2台停车器通信超时
[2025-07-18 15:49:07] 15道第3台停车器通信超时
[2025-07-18 15:49:07] 15道防溜器通信超时
[2025-07-18 15:49:07] 16道第1台停车器通信超时
[2025-07-18 15:49:07] 16道第2台停车器通信超时
[2025-07-18 15:49:07] 16道第3台停车器通信超时
[2025-07-18 15:49:07] 16道防溜器通信超时
[2025-07-18 15:49:07] 17道第1台停车器通信超时
[2025-07-18 15:49:07] 17道第2台停车器通信超时
[2025-07-18 15:49:07] 17道第3台停车器通信超时
[2025-07-18 15:49:07] 17道防溜器通信超时
[2025-07-18 15:49:07] 18道第1台停车器通信超时
[2025-07-18 15:49:07] 18道第2台停车器通信超时
[2025-07-18 15:49:07] 18道第3台停车器通信超时
[2025-07-18 15:49:07] 18道防溜器通信超时
[2025-07-18 15:49:07] 19道第1台停车器通信超时
[2025-07-18 15:49:07] 19道第2台停车器通信超时
[2025-07-18 15:49:07] 19道第3台停车器通信超时
[2025-07-18 15:49:07] 19道防溜器通信超时
[2025-07-18 15:49:07] 20道第1台停车器通信超时
[2025-07-18 15:49:07] 20道第2台停车器通信超时
[2025-07-18 15:49:07] 20道第3台停车器通信超时
[2025-07-18 15:49:07] 20道防溜器通信超时
[2025-07-18 15:49:07] 21道第1台停车器通信超时
[2025-07-18 15:49:07] 21道第2台停车器通信超时
[2025-07-18 15:49:07] 21道第3台停车器通信超时
[2025-07-18 15:49:07] 21道防溜器通信超时
[2025-07-18 15:49:07] 22道第1台停车器通信超时
[2025-07-18 15:49:07] 22道第2台停车器通信超时
[2025-07-18 15:49:07] 22道第3台停车器通信超时
[2025-07-18 15:49:07] 22道防溜器通信超时
[2025-07-18 15:49:07] 23道第1台停车器通信超时
[2025-07-18 15:49:07] 23道第2台停车器通信超时
[2025-07-18 15:49:07] 23道第3台停车器通信超时
[2025-07-18 15:49:07] 23道防溜器通信超时
[2025-07-18 15:49:07] 24道第1台停车器通信超时
[2025-07-18 15:49:07] 24道第2台停车器通信超时
[2025-07-18 15:49:07] 24道第3台停车器通信超时
[2025-07-18 15:49:07] 24道防溜器通信超时
[2025-07-18 17:21:35] B机进入主用状态
[2025-07-18 17:21:35] B机在线
[2025-07-18 17:21:35] A机进入备用状态
[2025-07-18 17:21:35] A机离线
[2025-07-18 17:21:40] 2道第1台停车器通信超时
[2025-07-18 17:21:40] 2道第2台停车器通信超时
[2025-07-18 17:21:40] 2道第3台停车器通信超时
[2025-07-18 17:21:40] 2道防溜器通信超时
[2025-07-18 17:21:40] 3道第1台停车器通信超时
[2025-07-18 17:21:40] 3道第2台停车器通信超时
[2025-07-18 17:21:40] 3道第3台停车器通信超时
[2025-07-18 17:21:40] 3道防溜器通信超时
[2025-07-18 17:21:40] 4道第1台停车器通信超时
[2025-07-18 17:21:40] 4道第2台停车器通信超时
[2025-07-18 17:21:40] 4道第3台停车器通信超时
[2025-07-18 17:21:40] 4道防溜器通信超时
[2025-07-18 17:21:40] 5道第1台停车器通信超时
[2025-07-18 17:21:40] 5道第2台停车器通信超时
[2025-07-18 17:21:40] 5道第3台停车器通信超时
[2025-07-18 17:21:40] 5道防溜器通信超时
[2025-07-18 17:21:40] 6道第1台停车器通信超时
[2025-07-18 17:21:40] 6道第2台停车器通信超时
[2025-07-18 17:21:40] 6道第3台停车器通信超时
[2025-07-18 17:21:40] 6道防溜器通信超时
[2025-07-18 17:21:40] 7道第1台停车器通信超时
[2025-07-18 17:21:40] 7道第2台停车器通信超时
[2025-07-18 17:21:40] 7道第3台停车器通信超时
[2025-07-18 17:21:40] 7道防溜器通信超时
[2025-07-18 17:21:40] 8道第1台停车器通信超时
[2025-07-18 17:21:40] 8道第2台停车器通信超时
[2025-07-18 17:21:40] 8道第3台停车器通信超时
[2025-07-18 17:21:40] 8道防溜器通信超时
[2025-07-18 17:21:40] 9道第1台停车器通信超时
[2025-07-18 17:21:40] 9道第2台停车器通信超时
[2025-07-18 17:21:40] 9道第3台停车器通信超时
[2025-07-18 17:21:40] 9道防溜器通信超时
[2025-07-18 17:21:40] 10道第1台停车器通信超时
[2025-07-18 17:21:40] 10道第2台停车器通信超时
[2025-07-18 17:21:40] 10道第3台停车器通信超时
[2025-07-18 17:21:40] 10道防溜器通信超时
[2025-07-18 17:21:40] 11道第1台停车器通信超时
[2025-07-18 17:21:40] 11道第2台停车器通信超时
[2025-07-18 17:21:40] 11道第3台停车器通信超时
[2025-07-18 17:21:40] 11道防溜器通信超时
[2025-07-18 17:21:40] 12道第1台停车器通信超时
[2025-07-18 17:21:40] 12道第2台停车器通信超时
[2025-07-18 17:21:40] 12道第3台停车器通信超时
[2025-07-18 17:21:40] 12道防溜器通信超时
[2025-07-18 17:21:40] 13道第1台停车器通信超时
[2025-07-18 17:21:40] 13道第2台停车器通信超时
[2025-07-18 17:21:40] 13道第3台停车器通信超时
[2025-07-18 17:21:40] 13道防溜器通信超时
[2025-07-18 17:21:40] 14道第1台停车器通信超时
[2025-07-18 17:21:40] 14道第2台停车器通信超时
[2025-07-18 17:21:40] 14道第3台停车器通信超时
[2025-07-18 17:21:40] 14道防溜器通信超时
[2025-07-18 17:21:40] 15道第1台停车器通信超时
[2025-07-18 17:21:40] 15道第2台停车器通信超时
[2025-07-18 17:21:40] 15道第3台停车器通信超时
[2025-07-18 17:21:40] 15道防溜器通信超时
[2025-07-18 17:21:40] 16道第1台停车器通信超时
[2025-07-18 17:21:40] 16道第2台停车器通信超时
[2025-07-18 17:21:40] 16道第3台停车器通信超时
[2025-07-18 17:21:40] 16道防溜器通信超时
[2025-07-18 17:21:40] 17道第1台停车器通信超时
[2025-07-18 17:21:40] 17道第2台停车器通信超时
[2025-07-18 17:21:40] 17道第3台停车器通信超时
[2025-07-18 17:21:40] 17道防溜器通信超时
[2025-07-18 17:21:40] 18道第1台停车器通信超时
[2025-07-18 17:21:40] 18道第2台停车器通信超时
[2025-07-18 17:21:40] 18道第3台停车器通信超时
[2025-07-18 17:21:40] 18道防溜器通信超时
[2025-07-18 17:21:40] 19道第1台停车器通信超时
[2025-07-18 17:21:40] 19道第2台停车器通信超时
[2025-07-18 17:21:40] 19道第3台停车器通信超时
[2025-07-18 17:21:40] 19道防溜器通信超时
[2025-07-18 17:21:40] 20道第1台停车器通信超时
[2025-07-18 17:21:40] 20道第2台停车器通信超时
[2025-07-18 17:21:40] 20道第3台停车器通信超时
[2025-07-18 17:21:40] 20道防溜器通信超时
[2025-07-18 17:21:40] 21道第1台停车器通信超时
[2025-07-18 17:21:40] 21道第2台停车器通信超时
[2025-07-18 17:21:40] 21道第3台停车器通信超时
[2025-07-18 17:21:41] 21道防溜器通信超时
[2025-07-18 17:21:41] 22道第1台停车器通信超时
[2025-07-18 17:21:41] 22道第2台停车器通信超时
[2025-07-18 17:21:41] 22道第3台停车器通信超时
[2025-07-18 17:21:41] 22道防溜器通信超时
[2025-07-18 17:21:41] 23道第1台停车器通信超时
[2025-07-18 17:21:41] 23道第2台停车器通信超时
[2025-07-18 17:21:41] 23道第3台停车器通信超时
[2025-07-18 17:21:41] 23道防溜器通信超时
[2025-07-18 17:21:41] 24道第1台停车器通信超时
[2025-07-18 17:21:41] 24道第2台停车器通信超时
[2025-07-18 17:21:41] 24道第3台停车器通信超时
[2025-07-18 17:21:41] 24道防溜器通信超时
[2025-07-18 17:21:57] B机进入主用状态
[2025-07-18 17:21:57] B机在线
[2025-07-18 17:28:37] A机进入主用状态
[2025-07-18 17:28:37] A机在线
[2025-07-18 17:28:37] B机进入备用状态
[2025-07-18 17:28:37] B机离线
[2025-07-18 17:28:42] 2道第1台停车器通信超时
[2025-07-18 17:28:42] 2道第2台停车器通信超时
[2025-07-18 17:28:42] 2道第3台停车器通信超时
[2025-07-18 17:28:42] 2道防溜器通信超时
[2025-07-18 17:28:42] 3道第1台停车器通信超时
[2025-07-18 17:28:42] 3道第2台停车器通信超时
[2025-07-18 17:28:42] 3道第3台停车器通信超时
[2025-07-18 17:28:42] 3道防溜器通信超时
[2025-07-18 17:28:42] 4道第1台停车器通信超时
[2025-07-18 17:28:42] 4道第2台停车器通信超时
[2025-07-18 17:28:42] 4道第3台停车器通信超时
[2025-07-18 17:28:42] 4道防溜器通信超时
[2025-07-18 17:28:42] 5道第1台停车器通信超时
[2025-07-18 17:28:42] 5道第2台停车器通信超时
[2025-07-18 17:28:42] 5道第3台停车器通信超时
[2025-07-18 17:28:42] 5道防溜器通信超时
[2025-07-18 17:28:42] 6道第1台停车器通信超时
[2025-07-18 17:28:42] 6道第2台停车器通信超时
[2025-07-18 17:28:42] 6道第3台停车器通信超时
[2025-07-18 17:28:42] 6道防溜器通信超时
[2025-07-18 17:28:42] 7道第1台停车器通信超时
[2025-07-18 17:28:42] 7道第2台停车器通信超时
[2025-07-18 17:28:42] 7道第3台停车器通信超时
[2025-07-18 17:28:42] 7道防溜器通信超时
[2025-07-18 17:28:42] 8道第1台停车器通信超时
[2025-07-18 17:28:42] 8道第2台停车器通信超时
[2025-07-18 17:28:42] 8道第3台停车器通信超时
[2025-07-18 17:28:42] 8道防溜器通信超时
[2025-07-18 17:28:42] 9道第1台停车器通信超时
[2025-07-18 17:28:42] 9道第2台停车器通信超时
[2025-07-18 17:28:42] 9道第3台停车器通信超时
[2025-07-18 17:28:42] 9道防溜器通信超时
[2025-07-18 17:28:42] 10道第1台停车器通信超时
[2025-07-18 17:28:42] 10道第2台停车器通信超时
[2025-07-18 17:28:42] 10道第3台停车器通信超时
[2025-07-18 17:28:42] 10道防溜器通信超时
[2025-07-18 17:28:42] 11道第1台停车器通信超时
[2025-07-18 17:28:42] 11道第2台停车器通信超时
[2025-07-18 17:28:42] 11道第3台停车器通信超时
[2025-07-18 17:28:42] 11道防溜器通信超时
[2025-07-18 17:28:42] 12道第1台停车器通信超时
[2025-07-18 17:28:42] 12道第2台停车器通信超时
[2025-07-18 17:28:42] 12道第3台停车器通信超时
[2025-07-18 17:28:42] 12道防溜器通信超时
[2025-07-18 17:28:42] 13道第1台停车器通信超时
[2025-07-18 17:28:42] 13道第2台停车器通信超时
[2025-07-18 17:28:42] 13道第3台停车器通信超时
[2025-07-18 17:28:42] 13道防溜器通信超时
[2025-07-18 17:28:42] 14道第1台停车器通信超时
[2025-07-18 17:28:42] 14道第2台停车器通信超时
[2025-07-18 17:28:42] 14道第3台停车器通信超时
[2025-07-18 17:28:42] 14道防溜器通信超时
[2025-07-18 17:28:42] 15道第1台停车器通信超时
[2025-07-18 17:28:42] 15道第2台停车器通信超时
[2025-07-18 17:28:42] 15道第3台停车器通信超时
[2025-07-18 17:28:42] 15道防溜器通信超时
[2025-07-18 17:28:42] 16道第1台停车器通信超时
[2025-07-18 17:28:42] 16道第2台停车器通信超时
[2025-07-18 17:28:42] 16道第3台停车器通信超时
[2025-07-18 17:28:42] 16道防溜器通信超时
[2025-07-18 17:28:42] 17道第1台停车器通信超时
[2025-07-18 17:28:42] 17道第2台停车器通信超时
[2025-07-18 17:28:42] 17道第3台停车器通信超时
[2025-07-18 17:28:42] 17道防溜器通信超时
[2025-07-18 17:28:42] 18道第1台停车器通信超时
[2025-07-18 17:28:42] 18道第2台停车器通信超时
[2025-07-18 17:28:42] 18道第3台停车器通信超时
[2025-07-18 17:28:42] 18道防溜器通信超时
[2025-07-18 17:28:42] 19道第1台停车器通信超时
[2025-07-18 17:28:42] 19道第2台停车器通信超时
[2025-07-18 17:28:42] 19道第3台停车器通信超时
[2025-07-18 17:28:42] 19道防溜器通信超时
[2025-07-18 17:28:42] 20道第1台停车器通信超时
[2025-07-18 17:28:42] 20道第2台停车器通信超时
[2025-07-18 17:28:42] 20道第3台停车器通信超时
[2025-07-18 17:28:42] 20道防溜器通信超时
[2025-07-18 17:28:42] 21道第1台停车器通信超时
[2025-07-18 17:28:42] 21道第2台停车器通信超时
[2025-07-18 17:28:42] 21道第3台停车器通信超时
[2025-07-18 17:28:42] 21道防溜器通信超时
[2025-07-18 17:28:42] 22道第1台停车器通信超时
[2025-07-18 17:28:42] 22道第2台停车器通信超时
[2025-07-18 17:28:42] 22道第3台停车器通信超时
[2025-07-18 17:28:42] 22道防溜器通信超时
[2025-07-18 17:28:42] 23道第1台停车器通信超时
[2025-07-18 17:28:42] 23道第2台停车器通信超时
[2025-07-18 17:28:42] 23道第3台停车器通信超时
[2025-07-18 17:28:42] 23道防溜器通信超时
[2025-07-18 17:28:42] 24道第1台停车器通信超时
[2025-07-18 17:28:42] 24道第2台停车器通信超时
[2025-07-18 17:28:42] 24道第3台停车器通信超时
[2025-07-18 17:28:42] 24道防溜器通信超时
