[2025-06-29 11:01:36] A机进入主用状态
[2025-06-29 11:01:36] A机在线
[2025-06-29 11:01:36] B机进入备用状态
[2025-06-29 11:01:36] B机离线
[2025-06-29 11:01:36] 2道第1台停车器进入运行模式
[2025-06-29 11:01:36] 2道第1台停车器制动到位
[2025-06-29 11:01:36] 2道第2台停车器进入运行模式
[2025-06-29 11:01:36] 2道第2台停车器制动到位
[2025-06-29 11:01:36] 2道第3台停车器进入运行模式
[2025-06-29 11:01:36] 2道第3台停车器制动到位
[2025-06-29 11:01:36] 2道防溜器进入运行模式
[2025-06-29 11:01:36] 2道防溜器进入远程控制时无表示
[2025-06-29 11:01:36] B机进入主用状态
[2025-06-29 11:01:36] B机在线
[2025-06-29 11:03:20] A机进入主用状态
[2025-06-29 11:03:20] A机在线
[2025-06-29 11:03:20] B机进入备用状态
[2025-06-29 11:03:20] B机离线
[2025-06-29 11:03:20] 2道第1台停车器进入运行模式
[2025-06-29 11:03:20] 2道第1台停车器制动到位
[2025-06-29 11:03:20] 2道第2台停车器进入运行模式
[2025-06-29 11:03:20] 2道第2台停车器制动到位
[2025-06-29 11:03:20] 2道第3台停车器进入运行模式
[2025-06-29 11:03:20] 2道第3台停车器制动到位
[2025-06-29 11:03:20] 2道防溜器进入运行模式
[2025-06-29 11:03:20] 2道防溜器进入远程控制时无表示
[2025-06-29 11:03:20] B机进入主用状态
[2025-06-29 11:03:20] B机在线
[2025-06-29 11:09:22] A机进入主用状态
[2025-06-29 11:09:22] A机在线
[2025-06-29 11:09:22] B机进入备用状态
[2025-06-29 11:09:22] B机离线
[2025-06-29 11:09:22] B机进入主用状态
[2025-06-29 11:09:22] B机在线
[2025-06-29 11:09:22] 2道第1台停车器进入运行模式
[2025-06-29 11:09:22] 2道第1台停车器制动到位
[2025-06-29 11:09:22] 2道第2台停车器进入运行模式
[2025-06-29 11:09:22] 2道第2台停车器制动到位
[2025-06-29 11:09:22] 2道第3台停车器进入运行模式
[2025-06-29 11:09:22] 2道第3台停车器制动到位
[2025-06-29 11:09:22] 2道防溜器进入运行模式
[2025-06-29 11:09:22] 2道防溜器进入远程控制时无表示
[2025-06-29 11:15:04] A机进入主用状态
[2025-06-29 11:15:04] A机在线
[2025-06-29 11:15:04] B机进入备用状态
[2025-06-29 11:15:04] B机离线
[2025-06-29 11:15:04] B机进入主用状态
[2025-06-29 11:15:04] B机在线
[2025-06-29 11:15:33] A机进入主用状态
[2025-06-29 11:15:33] A机在线
[2025-06-29 11:15:33] B机进入备用状态
[2025-06-29 11:15:33] B机离线
[2025-06-29 11:15:33] B机进入主用状态
[2025-06-29 11:15:33] B机在线
[2025-06-29 11:15:33] 2道第1台停车器进入运行模式
[2025-06-29 11:15:33] 2道第1台停车器制动到位
[2025-06-29 11:15:33] 2道第3台停车器进入运行模式
[2025-06-29 11:15:33] 2道第3台停车器制动到位
[2025-06-29 11:15:33] 2道第2台停车器进入运行模式
[2025-06-29 11:15:33] 2道第2台停车器制动到位
[2025-06-29 11:15:33] 2道防溜器进入运行模式
[2025-06-29 11:15:33] 2道防溜器进入远程控制时无表示
[2025-06-29 11:20:46] B机进入主用状态
[2025-06-29 11:20:46] B机在线
[2025-06-29 11:20:46] A机进入备用状态
[2025-06-29 11:20:46] A机离线
[2025-06-29 11:20:46] A机进入主用状态
[2025-06-29 11:20:46] A机在线
[2025-06-29 11:20:46] 2道第1台停车器进入运行模式
[2025-06-29 11:20:46] 2道第1台停车器制动到位
[2025-06-29 11:20:46] 2道第3台停车器进入运行模式
[2025-06-29 11:20:46] 2道第3台停车器制动到位
[2025-06-29 11:20:46] 2道第2台停车器进入运行模式
[2025-06-29 11:20:46] 2道第2台停车器制动到位
[2025-06-29 11:20:46] 2道防溜器进入运行模式
[2025-06-29 11:20:46] 2道防溜器进入远程控制时无表示
[2025-06-29 11:24:28] B机进入主用状态
[2025-06-29 11:24:28] B机在线
[2025-06-29 11:24:28] A机进入备用状态
[2025-06-29 11:24:28] A机离线
[2025-06-29 11:24:34] 2道第1台停车器通信超时
[2025-06-29 11:24:34] 2道第2台停车器通信超时
[2025-06-29 11:24:34] 2道第3台停车器通信超时
[2025-06-29 11:24:34] 2道防溜器通信超时
[2025-06-29 11:24:34] 3道第1台停车器通信超时
[2025-06-29 11:24:34] 3道第2台停车器通信超时
[2025-06-29 11:24:34] 3道第3台停车器通信超时
[2025-06-29 11:24:34] 3道防溜器通信超时
[2025-06-29 11:24:34] 4道第1台停车器通信超时
[2025-06-29 11:24:34] 4道第2台停车器通信超时
[2025-06-29 11:24:34] 4道第3台停车器通信超时
[2025-06-29 11:24:34] 4道防溜器通信超时
[2025-06-29 11:24:34] 5道第1台停车器通信超时
[2025-06-29 11:24:34] 5道第2台停车器通信超时
[2025-06-29 11:24:34] 5道第3台停车器通信超时
[2025-06-29 11:24:34] 5道防溜器通信超时
[2025-06-29 11:24:34] 6道第1台停车器通信超时
[2025-06-29 11:24:34] 6道第2台停车器通信超时
[2025-06-29 11:24:34] 6道第3台停车器通信超时
[2025-06-29 11:24:34] 6道防溜器通信超时
[2025-06-29 11:24:34] 7道第1台停车器通信超时
[2025-06-29 11:24:34] 7道第2台停车器通信超时
[2025-06-29 11:24:34] 7道第3台停车器通信超时
[2025-06-29 11:24:34] 7道防溜器通信超时
[2025-06-29 11:24:34] 8道第1台停车器通信超时
[2025-06-29 11:24:34] 8道第2台停车器通信超时
[2025-06-29 11:24:34] 8道第3台停车器通信超时
[2025-06-29 11:24:34] 8道防溜器通信超时
[2025-06-29 11:24:34] 9道第1台停车器通信超时
[2025-06-29 11:24:34] 9道第2台停车器通信超时
[2025-06-29 11:24:34] 9道第3台停车器通信超时
[2025-06-29 11:24:34] 9道防溜器通信超时
[2025-06-29 11:24:34] 10道第1台停车器通信超时
[2025-06-29 11:24:34] 10道第2台停车器通信超时
[2025-06-29 11:24:34] 10道第3台停车器通信超时
[2025-06-29 11:24:34] 10道防溜器通信超时
[2025-06-29 11:24:34] 11道第1台停车器通信超时
[2025-06-29 11:24:34] 11道第2台停车器通信超时
[2025-06-29 11:24:34] 11道第3台停车器通信超时
[2025-06-29 11:24:34] 11道防溜器通信超时
[2025-06-29 11:24:34] 12道第1台停车器通信超时
[2025-06-29 11:24:34] 12道第2台停车器通信超时
[2025-06-29 11:24:34] 12道第3台停车器通信超时
[2025-06-29 11:24:34] 12道防溜器通信超时
[2025-06-29 11:24:34] 13道第1台停车器通信超时
[2025-06-29 11:24:34] 13道第2台停车器通信超时
[2025-06-29 11:24:34] 13道第3台停车器通信超时
[2025-06-29 11:24:34] 13道防溜器通信超时
[2025-06-29 11:24:34] 14道第1台停车器通信超时
[2025-06-29 11:24:34] 14道第2台停车器通信超时
[2025-06-29 11:24:34] 14道第3台停车器通信超时
[2025-06-29 11:24:34] 14道防溜器通信超时
[2025-06-29 11:24:34] 15道第1台停车器通信超时
[2025-06-29 11:24:34] 15道第2台停车器通信超时
[2025-06-29 11:24:34] 15道第3台停车器通信超时
[2025-06-29 11:24:34] 15道防溜器通信超时
[2025-06-29 11:24:34] 16道第1台停车器通信超时
[2025-06-29 11:24:34] 16道第2台停车器通信超时
[2025-06-29 11:24:34] 16道第3台停车器通信超时
[2025-06-29 11:24:34] 16道防溜器通信超时
[2025-06-29 11:24:34] 17道第1台停车器通信超时
[2025-06-29 11:24:34] 17道第2台停车器通信超时
[2025-06-29 11:24:34] 17道第3台停车器通信超时
[2025-06-29 11:24:34] 17道防溜器通信超时
[2025-06-29 11:24:34] 18道第1台停车器通信超时
[2025-06-29 11:24:34] 18道第2台停车器通信超时
[2025-06-29 11:24:34] 18道第3台停车器通信超时
[2025-06-29 11:24:34] 18道防溜器通信超时
[2025-06-29 11:24:34] 19道第1台停车器通信超时
[2025-06-29 11:24:34] 19道第2台停车器通信超时
[2025-06-29 11:24:34] 19道第3台停车器通信超时
[2025-06-29 11:24:34] 19道防溜器通信超时
[2025-06-29 11:24:34] 20道第1台停车器通信超时
[2025-06-29 11:24:34] 20道第2台停车器通信超时
[2025-06-29 11:24:34] 20道第3台停车器通信超时
[2025-06-29 11:24:34] 20道防溜器通信超时
[2025-06-29 11:24:34] 21道第1台停车器通信超时
[2025-06-29 11:24:34] 21道第2台停车器通信超时
[2025-06-29 11:24:34] 21道第3台停车器通信超时
[2025-06-29 11:24:34] 21道防溜器通信超时
[2025-06-29 11:24:34] 22道第1台停车器通信超时
[2025-06-29 11:24:34] 22道第2台停车器通信超时
[2025-06-29 11:24:34] 22道第3台停车器通信超时
[2025-06-29 11:24:34] 22道防溜器通信超时
[2025-06-29 11:24:34] 23道第1台停车器通信超时
[2025-06-29 11:24:34] 23道第2台停车器通信超时
[2025-06-29 11:24:34] 23道第3台停车器通信超时
[2025-06-29 11:24:34] 23道防溜器通信超时
[2025-06-29 11:24:34] 24道第1台停车器通信超时
[2025-06-29 11:24:34] 24道第2台停车器通信超时
[2025-06-29 11:24:34] 24道第3台停车器通信超时
[2025-06-29 11:24:34] 24道防溜器通信超时
[2025-06-29 11:25:42] B机进入主用状态
[2025-06-29 11:25:42] B机在线
[2025-06-29 11:25:42] A机进入备用状态
[2025-06-29 11:25:42] A机离线
[2025-06-29 11:25:48] 2道第1台停车器通信超时
[2025-06-29 11:25:48] 2道第2台停车器通信超时
[2025-06-29 11:25:48] 2道第3台停车器通信超时
[2025-06-29 11:25:48] 2道防溜器通信超时
[2025-06-29 11:25:48] 3道第1台停车器通信超时
[2025-06-29 11:25:48] 3道第2台停车器通信超时
[2025-06-29 11:25:48] 3道第3台停车器通信超时
[2025-06-29 11:25:48] 3道防溜器通信超时
[2025-06-29 11:25:48] 4道第1台停车器通信超时
[2025-06-29 11:25:48] 4道第2台停车器通信超时
[2025-06-29 11:25:48] 4道第3台停车器通信超时
[2025-06-29 11:25:48] 4道防溜器通信超时
[2025-06-29 11:25:48] 5道第1台停车器通信超时
[2025-06-29 11:25:48] 5道第2台停车器通信超时
[2025-06-29 11:25:48] 5道第3台停车器通信超时
[2025-06-29 11:25:48] 5道防溜器通信超时
[2025-06-29 11:25:48] 6道第1台停车器通信超时
[2025-06-29 11:25:48] 6道第2台停车器通信超时
[2025-06-29 11:25:48] 6道第3台停车器通信超时
[2025-06-29 11:25:48] 6道防溜器通信超时
[2025-06-29 11:25:48] 7道第1台停车器通信超时
[2025-06-29 11:25:48] 7道第2台停车器通信超时
[2025-06-29 11:25:48] 7道第3台停车器通信超时
[2025-06-29 11:25:48] 7道防溜器通信超时
[2025-06-29 11:25:48] 8道第1台停车器通信超时
[2025-06-29 11:25:48] 8道第2台停车器通信超时
[2025-06-29 11:25:48] 8道第3台停车器通信超时
[2025-06-29 11:25:48] 8道防溜器通信超时
[2025-06-29 11:25:48] 9道第1台停车器通信超时
[2025-06-29 11:25:48] 9道第2台停车器通信超时
[2025-06-29 11:25:48] 9道第3台停车器通信超时
[2025-06-29 11:25:48] 9道防溜器通信超时
[2025-06-29 11:25:48] 10道第1台停车器通信超时
[2025-06-29 11:25:48] 10道第2台停车器通信超时
[2025-06-29 11:25:48] 10道第3台停车器通信超时
[2025-06-29 11:25:48] 10道防溜器通信超时
[2025-06-29 11:25:48] 11道第1台停车器通信超时
[2025-06-29 11:25:48] 11道第2台停车器通信超时
[2025-06-29 11:25:48] 11道第3台停车器通信超时
[2025-06-29 11:25:48] 11道防溜器通信超时
[2025-06-29 11:25:48] 12道第1台停车器通信超时
[2025-06-29 11:25:48] 12道第2台停车器通信超时
[2025-06-29 11:25:48] 12道第3台停车器通信超时
[2025-06-29 11:25:48] 12道防溜器通信超时
[2025-06-29 11:25:48] 13道第1台停车器通信超时
[2025-06-29 11:25:48] 13道第2台停车器通信超时
[2025-06-29 11:25:48] 13道第3台停车器通信超时
[2025-06-29 11:25:48] 13道防溜器通信超时
[2025-06-29 11:25:48] 14道第1台停车器通信超时
[2025-06-29 11:25:48] 14道第2台停车器通信超时
[2025-06-29 11:25:48] 14道第3台停车器通信超时
[2025-06-29 11:25:48] 14道防溜器通信超时
[2025-06-29 11:25:48] 15道第1台停车器通信超时
[2025-06-29 11:25:48] 15道第2台停车器通信超时
[2025-06-29 11:25:48] 15道第3台停车器通信超时
[2025-06-29 11:25:48] 15道防溜器通信超时
[2025-06-29 11:25:48] 16道第1台停车器通信超时
[2025-06-29 11:25:48] 16道第2台停车器通信超时
[2025-06-29 11:25:48] 16道第3台停车器通信超时
[2025-06-29 11:25:48] 16道防溜器通信超时
[2025-06-29 11:25:48] 17道第1台停车器通信超时
[2025-06-29 11:25:48] 17道第2台停车器通信超时
[2025-06-29 11:25:48] 17道第3台停车器通信超时
[2025-06-29 11:25:48] 17道防溜器通信超时
[2025-06-29 11:25:48] 18道第1台停车器通信超时
[2025-06-29 11:25:48] 18道第2台停车器通信超时
[2025-06-29 11:25:48] 18道第3台停车器通信超时
[2025-06-29 11:25:48] 18道防溜器通信超时
[2025-06-29 11:25:48] 19道第1台停车器通信超时
[2025-06-29 11:25:48] 19道第2台停车器通信超时
[2025-06-29 11:25:48] 19道第3台停车器通信超时
[2025-06-29 11:25:48] 19道防溜器通信超时
[2025-06-29 11:25:48] 20道第1台停车器通信超时
[2025-06-29 11:25:48] 20道第2台停车器通信超时
[2025-06-29 11:25:48] 20道第3台停车器通信超时
[2025-06-29 11:25:48] 20道防溜器通信超时
[2025-06-29 11:25:48] 21道第1台停车器通信超时
[2025-06-29 11:25:48] 21道第2台停车器通信超时
[2025-06-29 11:25:48] 21道第3台停车器通信超时
[2025-06-29 11:25:48] 21道防溜器通信超时
[2025-06-29 11:25:48] 22道第1台停车器通信超时
[2025-06-29 11:25:48] 22道第2台停车器通信超时
[2025-06-29 11:25:48] 22道第3台停车器通信超时
[2025-06-29 11:25:48] 22道防溜器通信超时
[2025-06-29 11:25:48] 23道第1台停车器通信超时
[2025-06-29 11:25:48] 23道第2台停车器通信超时
[2025-06-29 11:25:48] 23道第3台停车器通信超时
[2025-06-29 11:25:48] 23道防溜器通信超时
[2025-06-29 11:25:48] 24道第1台停车器通信超时
[2025-06-29 11:25:48] 24道第2台停车器通信超时
[2025-06-29 11:25:48] 24道第3台停车器通信超时
[2025-06-29 11:25:48] 24道防溜器通信超时
[2025-06-29 11:25:52] B机进入主用状态
[2025-06-29 11:25:52] B机在线
[2025-06-29 12:41:27] A机进入主用状态
[2025-06-29 12:41:27] A机在线
[2025-06-29 12:41:27] B机进入备用状态
[2025-06-29 12:41:27] B机离线
[2025-06-29 12:41:28] 2道第2台停车器进入运行模式
[2025-06-29 12:41:28] 2道第2台停车器制动到位
[2025-06-29 12:41:28] 2道第1台停车器进入运行模式
[2025-06-29 12:41:28] 2道第1台停车器制动到位
[2025-06-29 12:41:28] 2道第3台停车器进入运行模式
[2025-06-29 12:41:28] 2道第3台停车器制动到位
[2025-06-29 12:41:28] 2道防溜器进入运行模式
[2025-06-29 12:41:28] 2道防溜器进入远程控制时无表示
[2025-06-29 12:41:32] 3道第1台停车器通信超时
[2025-06-29 12:41:32] 3道第2台停车器通信超时
[2025-06-29 12:41:32] 3道第3台停车器通信超时
[2025-06-29 12:41:32] 3道防溜器通信超时
[2025-06-29 12:41:32] 4道第1台停车器通信超时
[2025-06-29 12:41:32] 4道第2台停车器通信超时
[2025-06-29 12:41:32] 4道第3台停车器通信超时
[2025-06-29 12:41:32] 4道防溜器通信超时
[2025-06-29 12:41:32] 5道第1台停车器通信超时
[2025-06-29 12:41:32] 5道第2台停车器通信超时
[2025-06-29 12:41:32] 5道第3台停车器通信超时
[2025-06-29 12:41:32] 5道防溜器通信超时
[2025-06-29 12:41:32] 6道第1台停车器通信超时
[2025-06-29 12:41:32] 6道第2台停车器通信超时
[2025-06-29 12:41:32] 6道第3台停车器通信超时
[2025-06-29 12:41:32] 6道防溜器通信超时
[2025-06-29 12:41:32] 7道第1台停车器通信超时
[2025-06-29 12:41:32] 7道第2台停车器通信超时
[2025-06-29 12:41:32] 7道第3台停车器通信超时
[2025-06-29 12:41:32] 7道防溜器通信超时
[2025-06-29 12:41:32] 8道第1台停车器通信超时
[2025-06-29 12:41:32] 8道第2台停车器通信超时
[2025-06-29 12:41:32] 8道第3台停车器通信超时
[2025-06-29 12:41:32] 8道防溜器通信超时
[2025-06-29 12:41:32] 9道第1台停车器通信超时
[2025-06-29 12:41:32] 9道第2台停车器通信超时
[2025-06-29 12:41:32] 9道第3台停车器通信超时
[2025-06-29 12:41:32] 9道防溜器通信超时
[2025-06-29 12:41:32] 10道第1台停车器通信超时
[2025-06-29 12:41:32] 10道第2台停车器通信超时
[2025-06-29 12:41:32] 10道第3台停车器通信超时
[2025-06-29 12:41:32] 10道防溜器通信超时
[2025-06-29 12:41:32] 11道第1台停车器通信超时
[2025-06-29 12:41:32] 11道第2台停车器通信超时
[2025-06-29 12:41:32] 11道第3台停车器通信超时
[2025-06-29 12:41:32] 11道防溜器通信超时
[2025-06-29 12:41:32] 12道第1台停车器通信超时
[2025-06-29 12:41:32] 12道第2台停车器通信超时
[2025-06-29 12:41:32] 12道第3台停车器通信超时
[2025-06-29 12:41:32] 12道防溜器通信超时
[2025-06-29 12:41:32] 13道第1台停车器通信超时
[2025-06-29 12:41:32] 13道第2台停车器通信超时
[2025-06-29 12:41:32] 13道第3台停车器通信超时
[2025-06-29 12:41:32] 13道防溜器通信超时
[2025-06-29 12:41:32] 14道第1台停车器通信超时
[2025-06-29 12:41:32] 14道第2台停车器通信超时
[2025-06-29 12:41:32] 14道第3台停车器通信超时
[2025-06-29 12:41:32] 14道防溜器通信超时
[2025-06-29 12:41:32] 15道第1台停车器通信超时
[2025-06-29 12:41:32] 15道第2台停车器通信超时
[2025-06-29 12:41:32] 15道第3台停车器通信超时
[2025-06-29 12:41:32] 15道防溜器通信超时
[2025-06-29 12:41:32] 16道第1台停车器通信超时
[2025-06-29 12:41:32] 16道第2台停车器通信超时
[2025-06-29 12:41:32] 16道第3台停车器通信超时
[2025-06-29 12:41:32] 16道防溜器通信超时
[2025-06-29 12:41:32] 17道第1台停车器通信超时
[2025-06-29 12:41:32] 17道第2台停车器通信超时
[2025-06-29 12:41:32] 17道第3台停车器通信超时
[2025-06-29 12:41:32] 17道防溜器通信超时
[2025-06-29 12:41:32] 18道第1台停车器通信超时
[2025-06-29 12:41:32] 18道第2台停车器通信超时
[2025-06-29 12:41:33] 18道第3台停车器通信超时
[2025-06-29 12:41:33] 18道防溜器通信超时
[2025-06-29 12:41:33] 19道第1台停车器通信超时
[2025-06-29 12:41:33] 19道第2台停车器通信超时
[2025-06-29 12:41:33] 19道第3台停车器通信超时
[2025-06-29 12:41:33] 19道防溜器通信超时
[2025-06-29 12:41:33] 20道第1台停车器通信超时
[2025-06-29 12:41:33] 20道第2台停车器通信超时
[2025-06-29 12:41:33] 20道第3台停车器通信超时
[2025-06-29 12:41:33] 20道防溜器通信超时
[2025-06-29 12:41:33] 21道第1台停车器通信超时
[2025-06-29 12:41:33] 21道第2台停车器通信超时
[2025-06-29 12:41:33] 21道第3台停车器通信超时
[2025-06-29 12:41:33] 21道防溜器通信超时
[2025-06-29 12:41:33] 22道第1台停车器通信超时
[2025-06-29 12:41:33] 22道第2台停车器通信超时
[2025-06-29 12:41:33] 22道第3台停车器通信超时
[2025-06-29 12:41:33] 22道防溜器通信超时
[2025-06-29 12:41:33] 23道第1台停车器通信超时
[2025-06-29 12:41:33] 23道第2台停车器通信超时
[2025-06-29 12:41:33] 23道第3台停车器通信超时
[2025-06-29 12:41:33] 23道防溜器通信超时
[2025-06-29 12:41:33] 24道第1台停车器通信超时
[2025-06-29 12:41:33] 24道第2台停车器通信超时
[2025-06-29 12:41:33] 24道第3台停车器通信超时
[2025-06-29 12:41:33] 24道防溜器通信超时
[2025-06-29 13:03:17] A机进入主用状态
[2025-06-29 13:03:17] A机在线
[2025-06-29 13:03:17] B机进入备用状态
[2025-06-29 13:03:17] B机离线
[2025-06-29 13:03:18] 2道第1台停车器进入运行模式
[2025-06-29 13:03:18] 2道第1台停车器制动到位
[2025-06-29 13:03:18] 2道第3台停车器进入运行模式
[2025-06-29 13:03:18] 2道第3台停车器制动到位
[2025-06-29 13:03:18] 2道第2台停车器进入运行模式
[2025-06-29 13:03:18] 2道第2台停车器制动到位
[2025-06-29 13:03:18] 2道防溜器进入运行模式
[2025-06-29 13:03:18] 2道防溜器进入远程控制时无表示
[2025-06-29 13:05:51] A机进入主用状态
[2025-06-29 13:05:51] A机在线
[2025-06-29 13:05:51] B机进入备用状态
[2025-06-29 13:05:51] B机离线
[2025-06-29 13:07:20] A机进入主用状态
[2025-06-29 13:07:20] A机在线
[2025-06-29 13:07:20] B机进入备用状态
[2025-06-29 13:07:20] B机离线
[2025-06-29 13:10:25] A机进入主用状态
[2025-06-29 13:10:25] A机在线
[2025-06-29 13:10:25] B机进入备用状态
[2025-06-29 13:10:25] B机离线
[2025-06-29 13:10:26] 2道第1台停车器进入运行模式
[2025-06-29 13:10:26] 2道第1台停车器制动到位
[2025-06-29 13:10:26] 2道第2台停车器进入运行模式
[2025-06-29 13:10:26] 2道第2台停车器制动到位
[2025-06-29 13:10:26] 2道第3台停车器进入运行模式
[2025-06-29 13:10:26] 2道第3台停车器制动到位
[2025-06-29 13:10:26] 2道防溜器进入运行模式
[2025-06-29 13:10:26] 2道防溜器进入远程控制时无表示
[2025-06-29 13:33:52] A机进入主用状态
[2025-06-29 13:33:52] A机在线
[2025-06-29 13:33:52] B机进入备用状态
[2025-06-29 13:33:52] B机离线
[2025-06-29 13:33:53] 2道第1台停车器进入运行模式
[2025-06-29 13:33:53] 2道第1台停车器制动到位
[2025-06-29 13:33:53] 2道第2台停车器进入运行模式
[2025-06-29 13:33:53] 2道第2台停车器制动到位
[2025-06-29 13:33:53] 2道第3台停车器进入运行模式
[2025-06-29 13:33:53] 2道第3台停车器制动到位
[2025-06-29 13:33:53] 2道防溜器进入运行模式
[2025-06-29 13:33:53] 2道防溜器进入远程控制时无表示
[2025-06-29 13:39:36] A机进入主用状态
[2025-06-29 13:39:36] A机在线
[2025-06-29 13:39:36] B机进入备用状态
[2025-06-29 13:39:36] B机离线
[2025-06-29 13:39:37] 2道第3台停车器进入运行模式
[2025-06-29 13:39:37] 2道第3台停车器制动到位
[2025-06-29 13:39:37] 2道第1台停车器进入运行模式
[2025-06-29 13:39:37] 2道第1台停车器制动到位
[2025-06-29 13:39:37] 2道第2台停车器进入运行模式
[2025-06-29 13:39:37] 2道第2台停车器制动到位
[2025-06-29 13:39:37] 2道防溜器进入运行模式
[2025-06-29 13:39:37] 2道防溜器进入远程控制时无表示
[2025-06-29 13:45:31] A机进入主用状态
[2025-06-29 13:45:31] A机在线
[2025-06-29 13:45:31] B机进入备用状态
[2025-06-29 13:45:31] B机离线
[2025-06-29 13:45:36] 2道第1台停车器通信超时
[2025-06-29 13:45:36] 2道第2台停车器通信超时
[2025-06-29 13:45:36] 2道第3台停车器通信超时
[2025-06-29 13:45:36] 2道防溜器通信超时
[2025-06-29 13:45:36] 3道第1台停车器通信超时
[2025-06-29 13:45:36] 3道第2台停车器通信超时
[2025-06-29 13:45:36] 3道第3台停车器通信超时
[2025-06-29 13:45:36] 3道防溜器通信超时
[2025-06-29 13:45:36] 4道第1台停车器通信超时
[2025-06-29 13:45:36] 4道第2台停车器通信超时
[2025-06-29 13:45:36] 4道第3台停车器通信超时
[2025-06-29 13:45:36] 4道防溜器通信超时
[2025-06-29 13:45:36] 5道第1台停车器通信超时
[2025-06-29 13:45:36] 5道第2台停车器通信超时
[2025-06-29 13:45:36] 5道第3台停车器通信超时
[2025-06-29 13:45:36] 5道防溜器通信超时
[2025-06-29 13:45:36] 6道第1台停车器通信超时
[2025-06-29 13:45:36] 6道第2台停车器通信超时
[2025-06-29 13:45:36] 6道第3台停车器通信超时
[2025-06-29 13:45:36] 6道防溜器通信超时
[2025-06-29 13:45:36] 7道第1台停车器通信超时
[2025-06-29 13:45:36] 7道第2台停车器通信超时
[2025-06-29 13:45:36] 7道第3台停车器通信超时
[2025-06-29 13:45:36] 7道防溜器通信超时
[2025-06-29 13:45:36] 8道第1台停车器通信超时
[2025-06-29 13:45:36] 8道第2台停车器通信超时
[2025-06-29 13:45:36] 8道第3台停车器通信超时
[2025-06-29 13:45:36] 8道防溜器通信超时
[2025-06-29 13:45:36] 9道第1台停车器通信超时
[2025-06-29 13:45:36] 9道第2台停车器通信超时
[2025-06-29 13:45:36] 9道第3台停车器通信超时
[2025-06-29 13:45:36] 9道防溜器通信超时
[2025-06-29 13:45:36] 10道第1台停车器通信超时
[2025-06-29 13:45:36] 10道第2台停车器通信超时
[2025-06-29 13:45:36] 10道第3台停车器通信超时
[2025-06-29 13:45:36] 10道防溜器通信超时
[2025-06-29 13:45:36] 11道第1台停车器通信超时
[2025-06-29 13:45:36] 11道第2台停车器通信超时
[2025-06-29 13:45:36] 11道第3台停车器通信超时
[2025-06-29 13:45:36] 11道防溜器通信超时
[2025-06-29 13:45:36] 12道第1台停车器通信超时
[2025-06-29 13:45:36] 12道第2台停车器通信超时
[2025-06-29 13:45:36] 12道第3台停车器通信超时
[2025-06-29 13:45:36] 12道防溜器通信超时
[2025-06-29 13:45:36] 13道第1台停车器通信超时
[2025-06-29 13:45:36] 13道第2台停车器通信超时
[2025-06-29 13:45:36] 13道第3台停车器通信超时
[2025-06-29 13:45:36] 13道防溜器通信超时
[2025-06-29 13:45:36] 14道第1台停车器通信超时
[2025-06-29 13:45:36] 14道第2台停车器通信超时
[2025-06-29 13:45:36] 14道第3台停车器通信超时
[2025-06-29 13:45:36] 14道防溜器通信超时
[2025-06-29 13:45:36] 15道第1台停车器通信超时
[2025-06-29 13:45:36] 15道第2台停车器通信超时
[2025-06-29 13:45:36] 15道第3台停车器通信超时
[2025-06-29 13:45:36] 15道防溜器通信超时
[2025-06-29 13:45:36] 16道第1台停车器通信超时
[2025-06-29 13:45:36] 16道第2台停车器通信超时
[2025-06-29 13:45:36] 16道第3台停车器通信超时
[2025-06-29 13:45:36] 16道防溜器通信超时
[2025-06-29 13:45:36] 17道第1台停车器通信超时
[2025-06-29 13:45:36] 17道第2台停车器通信超时
[2025-06-29 13:45:36] 17道第3台停车器通信超时
[2025-06-29 13:45:36] 17道防溜器通信超时
[2025-06-29 13:45:36] 18道第1台停车器通信超时
[2025-06-29 13:45:36] 18道第2台停车器通信超时
[2025-06-29 13:45:36] 18道第3台停车器通信超时
[2025-06-29 13:45:36] 18道防溜器通信超时
[2025-06-29 13:45:36] 19道第1台停车器通信超时
[2025-06-29 13:45:36] 19道第2台停车器通信超时
[2025-06-29 13:45:37] 19道第3台停车器通信超时
[2025-06-29 13:45:37] 19道防溜器通信超时
[2025-06-29 13:45:37] 20道第1台停车器通信超时
[2025-06-29 13:45:37] 20道第2台停车器通信超时
[2025-06-29 13:45:37] 20道第3台停车器通信超时
[2025-06-29 13:45:37] 20道防溜器通信超时
[2025-06-29 13:45:37] 21道第1台停车器通信超时
[2025-06-29 13:45:37] 21道第2台停车器通信超时
[2025-06-29 13:45:37] 21道第3台停车器通信超时
[2025-06-29 13:45:37] 21道防溜器通信超时
[2025-06-29 13:45:37] 22道第1台停车器通信超时
[2025-06-29 13:45:37] 22道第2台停车器通信超时
[2025-06-29 13:45:37] 22道第3台停车器通信超时
[2025-06-29 13:45:37] 22道防溜器通信超时
[2025-06-29 13:45:37] 23道第1台停车器通信超时
[2025-06-29 13:45:37] 23道第2台停车器通信超时
[2025-06-29 13:45:37] 23道第3台停车器通信超时
[2025-06-29 13:45:37] 23道防溜器通信超时
[2025-06-29 13:45:37] 24道第1台停车器通信超时
[2025-06-29 13:45:37] 24道第2台停车器通信超时
[2025-06-29 13:45:37] 24道第3台停车器通信超时
[2025-06-29 13:45:37] 24道防溜器通信超时
[2025-06-29 13:45:43] A机进入主用状态
[2025-06-29 13:45:43] A机在线
[2025-06-29 13:46:13] A机进入主用状态
[2025-06-29 13:46:13] A机在线
[2025-06-29 13:46:13] B机进入备用状态
[2025-06-29 13:46:13] B机离线
[2025-06-29 13:46:19] A机进入主用状态
[2025-06-29 13:46:19] A机在线
[2025-06-29 13:47:26] A机进入主用状态
[2025-06-29 13:47:26] A机在线
[2025-06-29 13:47:26] B机进入备用状态
[2025-06-29 13:47:26] B机离线
[2025-06-29 13:47:26] 2道第2台停车器进入运行模式
[2025-06-29 13:47:26] 2道第2台停车器制动到位
[2025-06-29 13:47:26] 2道第1台停车器进入运行模式
[2025-06-29 13:47:26] 2道第1台停车器制动到位
[2025-06-29 13:47:26] 2道第3台停车器进入运行模式
[2025-06-29 13:47:26] 2道第3台停车器制动到位
[2025-06-29 13:47:26] 2道防溜器进入运行模式
[2025-06-29 13:47:26] 2道防溜器进入远程控制时无表示
[2025-06-29 13:47:31] 3道第1台停车器通信超时
[2025-06-29 13:47:31] 3道第2台停车器通信超时
[2025-06-29 13:47:31] 3道第3台停车器通信超时
[2025-06-29 13:47:31] 3道防溜器通信超时
[2025-06-29 13:47:31] 4道第1台停车器通信超时
[2025-06-29 13:47:31] 4道第2台停车器通信超时
[2025-06-29 13:47:31] 4道第3台停车器通信超时
[2025-06-29 13:47:31] 4道防溜器通信超时
[2025-06-29 13:47:31] 5道第1台停车器通信超时
[2025-06-29 13:47:31] 5道第2台停车器通信超时
[2025-06-29 13:47:31] 5道第3台停车器通信超时
[2025-06-29 13:47:31] 5道防溜器通信超时
[2025-06-29 13:47:31] 6道第1台停车器通信超时
[2025-06-29 13:47:31] 6道第2台停车器通信超时
[2025-06-29 13:47:31] 6道第3台停车器通信超时
[2025-06-29 13:47:31] 6道防溜器通信超时
[2025-06-29 13:47:31] 7道第1台停车器通信超时
[2025-06-29 13:47:31] 7道第2台停车器通信超时
[2025-06-29 13:47:31] 7道第3台停车器通信超时
[2025-06-29 13:47:31] 7道防溜器通信超时
[2025-06-29 13:47:31] 8道第1台停车器通信超时
[2025-06-29 13:47:31] 8道第2台停车器通信超时
[2025-06-29 13:47:31] 8道第3台停车器通信超时
[2025-06-29 13:47:31] 8道防溜器通信超时
[2025-06-29 13:47:31] 9道第1台停车器通信超时
[2025-06-29 13:47:31] 9道第2台停车器通信超时
[2025-06-29 13:47:31] 9道第3台停车器通信超时
[2025-06-29 13:47:31] 9道防溜器通信超时
[2025-06-29 13:47:31] 10道第1台停车器通信超时
[2025-06-29 13:47:31] 10道第2台停车器通信超时
[2025-06-29 13:47:31] 10道第3台停车器通信超时
[2025-06-29 13:47:31] 10道防溜器通信超时
[2025-06-29 13:47:32] 11道第1台停车器通信超时
[2025-06-29 13:47:32] 11道第2台停车器通信超时
[2025-06-29 13:47:32] 11道第3台停车器通信超时
[2025-06-29 13:47:32] 11道防溜器通信超时
[2025-06-29 13:47:32] 12道第1台停车器通信超时
[2025-06-29 13:47:32] 12道第2台停车器通信超时
[2025-06-29 13:47:32] 12道第3台停车器通信超时
[2025-06-29 13:47:32] 12道防溜器通信超时
[2025-06-29 13:47:32] 13道第1台停车器通信超时
[2025-06-29 13:47:32] 13道第2台停车器通信超时
[2025-06-29 13:47:32] 13道第3台停车器通信超时
[2025-06-29 13:47:32] 13道防溜器通信超时
[2025-06-29 13:47:32] 14道第1台停车器通信超时
[2025-06-29 13:47:32] 14道第2台停车器通信超时
[2025-06-29 13:47:32] 14道第3台停车器通信超时
[2025-06-29 13:47:32] 14道防溜器通信超时
[2025-06-29 13:47:32] 15道第1台停车器通信超时
[2025-06-29 13:47:32] 15道第2台停车器通信超时
[2025-06-29 13:47:32] 15道第3台停车器通信超时
[2025-06-29 13:47:32] 15道防溜器通信超时
[2025-06-29 13:47:32] 16道第1台停车器通信超时
[2025-06-29 13:47:32] 16道第2台停车器通信超时
[2025-06-29 13:47:32] 16道第3台停车器通信超时
[2025-06-29 13:47:32] 16道防溜器通信超时
[2025-06-29 13:47:32] 17道第1台停车器通信超时
[2025-06-29 13:47:32] 17道第2台停车器通信超时
[2025-06-29 13:47:32] 17道第3台停车器通信超时
[2025-06-29 13:47:32] 17道防溜器通信超时
[2025-06-29 13:47:32] 18道第1台停车器通信超时
[2025-06-29 13:47:32] 18道第2台停车器通信超时
[2025-06-29 13:47:32] 18道第3台停车器通信超时
[2025-06-29 13:47:32] 18道防溜器通信超时
[2025-06-29 13:47:32] 19道第1台停车器通信超时
[2025-06-29 13:47:32] 19道第2台停车器通信超时
[2025-06-29 13:47:32] 19道第3台停车器通信超时
[2025-06-29 13:47:32] 19道防溜器通信超时
[2025-06-29 13:47:32] 20道第1台停车器通信超时
[2025-06-29 13:47:32] 20道第2台停车器通信超时
[2025-06-29 13:47:32] 20道第3台停车器通信超时
[2025-06-29 13:47:32] 20道防溜器通信超时
[2025-06-29 13:47:32] 21道第1台停车器通信超时
[2025-06-29 13:47:32] 21道第2台停车器通信超时
[2025-06-29 13:47:32] 21道第3台停车器通信超时
[2025-06-29 13:47:32] 21道防溜器通信超时
[2025-06-29 13:47:32] 22道第1台停车器通信超时
[2025-06-29 13:47:32] 22道第2台停车器通信超时
[2025-06-29 13:47:32] 22道第3台停车器通信超时
[2025-06-29 13:47:32] 22道防溜器通信超时
[2025-06-29 13:47:32] 23道第1台停车器通信超时
[2025-06-29 13:47:32] 23道第2台停车器通信超时
[2025-06-29 13:47:32] 23道第3台停车器通信超时
[2025-06-29 13:47:32] 23道防溜器通信超时
[2025-06-29 13:47:32] 24道第1台停车器通信超时
[2025-06-29 13:47:32] 24道第2台停车器通信超时
[2025-06-29 13:47:32] 24道第3台停车器通信超时
[2025-06-29 13:47:32] 24道防溜器通信超时
[2025-06-29 13:53:32] A机进入主用状态
[2025-06-29 13:53:32] A机在线
[2025-06-29 13:53:32] B机进入备用状态
[2025-06-29 13:53:32] B机离线
[2025-06-29 13:53:33] 2道第2台停车器进入运行模式
[2025-06-29 13:53:33] 2道第2台停车器制动到位
[2025-06-29 13:53:33] 2道第1台停车器进入运行模式
[2025-06-29 13:53:33] 2道第1台停车器制动到位
[2025-06-29 13:53:33] 2道第3台停车器进入运行模式
[2025-06-29 13:53:33] 2道第3台停车器制动到位
[2025-06-29 13:53:33] 2道防溜器进入运行模式
[2025-06-29 13:53:33] 2道防溜器进入远程控制时无表示
[2025-06-29 13:53:38] 3道第1台停车器通信超时
[2025-06-29 13:53:38] 3道第2台停车器通信超时
[2025-06-29 13:53:38] 3道第3台停车器通信超时
[2025-06-29 13:53:38] 3道防溜器通信超时
[2025-06-29 13:53:38] 4道第1台停车器通信超时
[2025-06-29 13:53:38] 4道第2台停车器通信超时
[2025-06-29 13:53:38] 4道第3台停车器通信超时
[2025-06-29 13:53:38] 4道防溜器通信超时
[2025-06-29 13:53:38] 5道第1台停车器通信超时
[2025-06-29 13:53:38] 5道第2台停车器通信超时
[2025-06-29 13:53:38] 5道第3台停车器通信超时
[2025-06-29 13:53:38] 5道防溜器通信超时
[2025-06-29 13:53:38] 6道第1台停车器通信超时
[2025-06-29 13:53:38] 6道第2台停车器通信超时
[2025-06-29 13:53:38] 6道第3台停车器通信超时
[2025-06-29 13:53:38] 6道防溜器通信超时
[2025-06-29 13:53:38] 7道第1台停车器通信超时
[2025-06-29 13:53:38] 7道第2台停车器通信超时
[2025-06-29 13:53:38] 7道第3台停车器通信超时
[2025-06-29 13:53:38] 7道防溜器通信超时
[2025-06-29 13:53:38] 8道第1台停车器通信超时
[2025-06-29 13:53:38] 8道第2台停车器通信超时
[2025-06-29 13:53:38] 8道第3台停车器通信超时
[2025-06-29 13:53:38] 8道防溜器通信超时
[2025-06-29 13:53:38] 9道第1台停车器通信超时
[2025-06-29 13:53:38] 9道第2台停车器通信超时
[2025-06-29 13:53:38] 9道第3台停车器通信超时
[2025-06-29 13:53:38] 9道防溜器通信超时
[2025-06-29 13:53:38] 10道第1台停车器通信超时
[2025-06-29 13:53:38] 10道第2台停车器通信超时
[2025-06-29 13:53:38] 10道第3台停车器通信超时
[2025-06-29 13:53:38] 10道防溜器通信超时
[2025-06-29 13:53:38] 11道第1台停车器通信超时
[2025-06-29 13:53:38] 11道第2台停车器通信超时
[2025-06-29 13:53:38] 11道第3台停车器通信超时
[2025-06-29 13:53:38] 11道防溜器通信超时
[2025-06-29 13:53:38] 12道第1台停车器通信超时
[2025-06-29 13:53:38] 12道第2台停车器通信超时
[2025-06-29 13:53:38] 12道第3台停车器通信超时
[2025-06-29 13:53:38] 12道防溜器通信超时
[2025-06-29 13:53:38] 13道第1台停车器通信超时
[2025-06-29 13:53:38] 13道第2台停车器通信超时
[2025-06-29 13:53:38] 13道第3台停车器通信超时
[2025-06-29 13:53:38] 13道防溜器通信超时
[2025-06-29 13:53:38] 14道第1台停车器通信超时
[2025-06-29 13:53:38] 14道第2台停车器通信超时
[2025-06-29 13:53:38] 14道第3台停车器通信超时
[2025-06-29 13:53:38] 14道防溜器通信超时
[2025-06-29 13:53:38] 15道第1台停车器通信超时
[2025-06-29 13:53:38] 15道第2台停车器通信超时
[2025-06-29 13:53:38] 15道第3台停车器通信超时
[2025-06-29 13:53:38] 15道防溜器通信超时
[2025-06-29 13:53:38] 16道第1台停车器通信超时
[2025-06-29 13:53:38] 16道第2台停车器通信超时
[2025-06-29 13:53:38] 16道第3台停车器通信超时
[2025-06-29 13:53:38] 16道防溜器通信超时
[2025-06-29 13:53:38] 17道第1台停车器通信超时
[2025-06-29 13:53:38] 17道第2台停车器通信超时
[2025-06-29 13:53:38] 17道第3台停车器通信超时
[2025-06-29 13:53:38] 17道防溜器通信超时
[2025-06-29 13:53:38] 18道第1台停车器通信超时
[2025-06-29 13:53:38] 18道第2台停车器通信超时
[2025-06-29 13:53:38] 18道第3台停车器通信超时
[2025-06-29 13:53:38] 18道防溜器通信超时
[2025-06-29 13:53:38] 19道第1台停车器通信超时
[2025-06-29 13:53:38] 19道第2台停车器通信超时
[2025-06-29 13:53:38] 19道第3台停车器通信超时
[2025-06-29 13:53:38] 19道防溜器通信超时
[2025-06-29 13:53:38] 20道第1台停车器通信超时
[2025-06-29 13:53:38] 20道第2台停车器通信超时
[2025-06-29 13:53:38] 20道第3台停车器通信超时
[2025-06-29 13:53:38] 20道防溜器通信超时
[2025-06-29 13:53:38] 21道第1台停车器通信超时
[2025-06-29 13:53:38] 21道第2台停车器通信超时
[2025-06-29 13:53:38] 21道第3台停车器通信超时
[2025-06-29 13:53:38] 21道防溜器通信超时
[2025-06-29 13:53:38] 22道第1台停车器通信超时
[2025-06-29 13:53:38] 22道第2台停车器通信超时
[2025-06-29 13:53:38] 22道第3台停车器通信超时
[2025-06-29 13:53:38] 22道防溜器通信超时
[2025-06-29 13:53:38] 23道第1台停车器通信超时
[2025-06-29 13:53:38] 23道第2台停车器通信超时
[2025-06-29 13:53:38] 23道第3台停车器通信超时
[2025-06-29 13:53:38] 23道防溜器通信超时
[2025-06-29 13:53:38] 24道第1台停车器通信超时
[2025-06-29 13:53:38] 24道第2台停车器通信超时
[2025-06-29 13:53:38] 24道第3台停车器通信超时
[2025-06-29 13:53:38] 24道防溜器通信超时
[2025-06-29 13:53:39] A机进入主用状态
[2025-06-29 13:53:39] A机在线
[2025-06-29 13:57:35] A机进入主用状态
[2025-06-29 13:57:35] A机在线
[2025-06-29 13:57:35] B机进入备用状态
[2025-06-29 13:57:35] B机离线
[2025-06-29 13:57:35] 2道第2台停车器进入运行模式
[2025-06-29 13:57:35] 2道第2台停车器制动到位
[2025-06-29 13:57:35] 2道第1台停车器进入运行模式
[2025-06-29 13:57:35] 2道第1台停车器制动到位
[2025-06-29 13:57:35] 2道第3台停车器进入运行模式
[2025-06-29 13:57:35] 2道第3台停车器制动到位
[2025-06-29 13:57:35] 2道防溜器进入运行模式
[2025-06-29 13:57:35] 2道防溜器进入远程控制时无表示
[2025-06-29 13:57:39] A机进入主用状态
[2025-06-29 13:57:39] A机在线
[2025-06-29 14:03:31] A机进入主用状态
[2025-06-29 14:03:31] A机在线
[2025-06-29 14:03:31] B机进入备用状态
[2025-06-29 14:03:31] B机离线
[2025-06-29 14:03:32] 2道第2台停车器进入运行模式
[2025-06-29 14:03:32] 2道第2台停车器制动到位
[2025-06-29 14:03:32] 2道第1台停车器进入运行模式
[2025-06-29 14:03:32] 2道第1台停车器制动到位
[2025-06-29 14:03:32] 2道第3台停车器进入运行模式
[2025-06-29 14:03:32] 2道第3台停车器制动到位
[2025-06-29 14:03:32] 2道防溜器进入运行模式
[2025-06-29 14:03:32] 2道防溜器进入远程控制时无表示
[2025-06-29 14:03:36] 3道第1台停车器通信超时
[2025-06-29 14:03:36] 3道第2台停车器通信超时
[2025-06-29 14:03:36] 3道第3台停车器通信超时
[2025-06-29 14:03:36] 3道防溜器通信超时
[2025-06-29 14:03:36] 4道第1台停车器通信超时
[2025-06-29 14:03:36] 4道第2台停车器通信超时
[2025-06-29 14:03:36] 4道第3台停车器通信超时
[2025-06-29 14:03:36] 4道防溜器通信超时
[2025-06-29 14:03:36] 5道第1台停车器通信超时
[2025-06-29 14:03:36] 5道第2台停车器通信超时
[2025-06-29 14:03:36] 5道第3台停车器通信超时
[2025-06-29 14:03:36] 5道防溜器通信超时
[2025-06-29 14:03:36] 6道第1台停车器通信超时
[2025-06-29 14:03:36] 6道第2台停车器通信超时
[2025-06-29 14:03:36] 6道第3台停车器通信超时
[2025-06-29 14:03:36] 6道防溜器通信超时
[2025-06-29 14:03:36] 7道第1台停车器通信超时
[2025-06-29 14:03:36] 7道第2台停车器通信超时
[2025-06-29 14:03:36] 7道第3台停车器通信超时
[2025-06-29 14:03:36] 7道防溜器通信超时
[2025-06-29 14:03:36] 8道第1台停车器通信超时
[2025-06-29 14:03:36] 8道第2台停车器通信超时
[2025-06-29 14:03:36] 8道第3台停车器通信超时
[2025-06-29 14:03:36] 8道防溜器通信超时
[2025-06-29 14:03:36] 9道第1台停车器通信超时
[2025-06-29 14:03:36] 9道第2台停车器通信超时
[2025-06-29 14:03:36] 9道第3台停车器通信超时
[2025-06-29 14:03:36] 9道防溜器通信超时
[2025-06-29 14:03:36] 10道第1台停车器通信超时
[2025-06-29 14:03:36] 10道第2台停车器通信超时
[2025-06-29 14:03:36] 10道第3台停车器通信超时
[2025-06-29 14:03:36] 10道防溜器通信超时
[2025-06-29 14:03:36] 11道第1台停车器通信超时
[2025-06-29 14:03:36] 11道第2台停车器通信超时
[2025-06-29 14:03:36] 11道第3台停车器通信超时
[2025-06-29 14:03:36] 11道防溜器通信超时
[2025-06-29 14:03:36] 12道第1台停车器通信超时
[2025-06-29 14:03:36] 12道第2台停车器通信超时
[2025-06-29 14:03:36] 12道第3台停车器通信超时
[2025-06-29 14:03:36] 12道防溜器通信超时
[2025-06-29 14:03:36] 13道第1台停车器通信超时
[2025-06-29 14:03:36] 13道第2台停车器通信超时
[2025-06-29 14:03:36] 13道第3台停车器通信超时
[2025-06-29 14:03:36] 13道防溜器通信超时
[2025-06-29 14:03:36] 14道第1台停车器通信超时
[2025-06-29 14:03:36] 14道第2台停车器通信超时
[2025-06-29 14:03:36] 14道第3台停车器通信超时
[2025-06-29 14:03:36] 14道防溜器通信超时
[2025-06-29 14:03:36] 15道第1台停车器通信超时
[2025-06-29 14:03:37] 15道第2台停车器通信超时
[2025-06-29 14:03:37] 15道第3台停车器通信超时
[2025-06-29 14:03:37] 15道防溜器通信超时
[2025-06-29 14:03:37] 16道第1台停车器通信超时
[2025-06-29 14:03:37] 16道第2台停车器通信超时
[2025-06-29 14:03:37] 16道第3台停车器通信超时
[2025-06-29 14:03:37] 16道防溜器通信超时
[2025-06-29 14:03:37] 17道第1台停车器通信超时
[2025-06-29 14:03:37] 17道第2台停车器通信超时
[2025-06-29 14:03:37] 17道第3台停车器通信超时
[2025-06-29 14:03:37] 17道防溜器通信超时
[2025-06-29 14:03:37] 18道第1台停车器通信超时
[2025-06-29 14:03:37] 18道第2台停车器通信超时
[2025-06-29 14:03:37] 18道第3台停车器通信超时
[2025-06-29 14:03:37] 18道防溜器通信超时
[2025-06-29 14:03:37] 19道第1台停车器通信超时
[2025-06-29 14:03:37] 19道第2台停车器通信超时
[2025-06-29 14:03:37] 19道第3台停车器通信超时
[2025-06-29 14:03:37] 19道防溜器通信超时
[2025-06-29 14:03:37] 20道第1台停车器通信超时
[2025-06-29 14:03:37] 20道第2台停车器通信超时
[2025-06-29 14:03:37] 20道第3台停车器通信超时
[2025-06-29 14:03:37] 20道防溜器通信超时
[2025-06-29 14:03:37] 21道第1台停车器通信超时
[2025-06-29 14:03:37] 21道第2台停车器通信超时
[2025-06-29 14:03:37] 21道第3台停车器通信超时
[2025-06-29 14:03:37] 21道防溜器通信超时
[2025-06-29 14:03:37] 22道第1台停车器通信超时
[2025-06-29 14:03:37] 22道第2台停车器通信超时
[2025-06-29 14:03:37] 22道第3台停车器通信超时
[2025-06-29 14:03:37] 22道防溜器通信超时
[2025-06-29 14:03:37] 23道第1台停车器通信超时
[2025-06-29 14:03:37] 23道第2台停车器通信超时
[2025-06-29 14:03:37] 23道第3台停车器通信超时
[2025-06-29 14:03:37] 23道防溜器通信超时
[2025-06-29 14:03:37] 24道第1台停车器通信超时
[2025-06-29 14:03:37] 24道第2台停车器通信超时
[2025-06-29 14:03:37] 24道第3台停车器通信超时
[2025-06-29 14:03:37] 24道防溜器通信超时
[2025-06-29 14:11:10] A机进入主用状态
[2025-06-29 14:11:10] A机在线
[2025-06-29 14:11:10] B机进入备用状态
[2025-06-29 14:11:10] B机离线
[2025-06-29 14:11:11] 2道第2台停车器进入运行模式
[2025-06-29 14:11:11] 2道第2台停车器制动到位
[2025-06-29 14:11:11] 2道第1台停车器进入运行模式
[2025-06-29 14:11:11] 2道第1台停车器制动到位
[2025-06-29 14:11:11] 2道第3台停车器进入运行模式
[2025-06-29 14:11:11] 2道第3台停车器制动到位
[2025-06-29 14:11:11] 2道防溜器进入运行模式
[2025-06-29 14:11:11] 2道防溜器进入远程控制时无表示
[2025-06-29 14:11:16] 3道第1台停车器通信超时
[2025-06-29 14:11:16] 3道第2台停车器通信超时
[2025-06-29 14:11:16] 3道第3台停车器通信超时
[2025-06-29 14:11:16] 3道防溜器通信超时
[2025-06-29 14:11:16] 4道第1台停车器通信超时
[2025-06-29 14:11:16] 4道第2台停车器通信超时
[2025-06-29 14:11:16] 4道第3台停车器通信超时
[2025-06-29 14:11:16] 4道防溜器通信超时
[2025-06-29 14:11:16] 5道第1台停车器通信超时
[2025-06-29 14:11:16] 5道第2台停车器通信超时
[2025-06-29 14:11:16] 5道第3台停车器通信超时
[2025-06-29 14:11:16] 5道防溜器通信超时
[2025-06-29 14:11:16] 6道第1台停车器通信超时
[2025-06-29 14:11:16] 6道第2台停车器通信超时
[2025-06-29 14:11:16] 6道第3台停车器通信超时
[2025-06-29 14:11:16] 6道防溜器通信超时
[2025-06-29 14:11:16] 7道第1台停车器通信超时
[2025-06-29 14:11:16] 7道第2台停车器通信超时
[2025-06-29 14:11:16] 7道第3台停车器通信超时
[2025-06-29 14:11:16] 7道防溜器通信超时
[2025-06-29 14:11:16] 8道第1台停车器通信超时
[2025-06-29 14:11:16] 8道第2台停车器通信超时
[2025-06-29 14:11:16] 8道第3台停车器通信超时
[2025-06-29 14:11:16] 8道防溜器通信超时
[2025-06-29 14:11:16] 9道第1台停车器通信超时
[2025-06-29 14:11:16] 9道第2台停车器通信超时
[2025-06-29 14:11:16] 9道第3台停车器通信超时
[2025-06-29 14:11:16] 9道防溜器通信超时
[2025-06-29 14:11:16] 10道第1台停车器通信超时
[2025-06-29 14:11:16] 10道第2台停车器通信超时
[2025-06-29 14:11:16] 10道第3台停车器通信超时
[2025-06-29 14:11:16] 10道防溜器通信超时
[2025-06-29 14:11:16] 11道第1台停车器通信超时
[2025-06-29 14:11:16] 11道第2台停车器通信超时
[2025-06-29 14:11:16] 11道第3台停车器通信超时
[2025-06-29 14:11:16] 11道防溜器通信超时
[2025-06-29 14:11:16] 12道第1台停车器通信超时
[2025-06-29 14:11:16] 12道第2台停车器通信超时
[2025-06-29 14:11:16] 12道第3台停车器通信超时
[2025-06-29 14:11:16] 12道防溜器通信超时
[2025-06-29 14:11:16] 13道第1台停车器通信超时
[2025-06-29 14:11:16] 13道第2台停车器通信超时
[2025-06-29 14:11:16] 13道第3台停车器通信超时
[2025-06-29 14:11:16] 13道防溜器通信超时
[2025-06-29 14:11:16] 14道第1台停车器通信超时
[2025-06-29 14:11:16] 14道第2台停车器通信超时
[2025-06-29 14:11:16] 14道第3台停车器通信超时
[2025-06-29 14:11:16] 14道防溜器通信超时
[2025-06-29 14:11:16] 15道第1台停车器通信超时
[2025-06-29 14:11:16] 15道第2台停车器通信超时
[2025-06-29 14:11:16] 15道第3台停车器通信超时
[2025-06-29 14:11:16] 15道防溜器通信超时
[2025-06-29 14:11:16] 16道第1台停车器通信超时
[2025-06-29 14:11:16] 16道第2台停车器通信超时
[2025-06-29 14:11:16] 16道第3台停车器通信超时
[2025-06-29 14:11:16] 16道防溜器通信超时
[2025-06-29 14:11:16] 17道第1台停车器通信超时
[2025-06-29 14:11:16] 17道第2台停车器通信超时
[2025-06-29 14:11:16] 17道第3台停车器通信超时
[2025-06-29 14:11:16] 17道防溜器通信超时
[2025-06-29 14:11:16] 18道第1台停车器通信超时
[2025-06-29 14:11:16] 18道第2台停车器通信超时
[2025-06-29 14:11:16] 18道第3台停车器通信超时
[2025-06-29 14:11:16] 18道防溜器通信超时
[2025-06-29 14:11:16] 19道第1台停车器通信超时
[2025-06-29 14:11:16] 19道第2台停车器通信超时
[2025-06-29 14:11:16] 19道第3台停车器通信超时
[2025-06-29 14:11:16] 19道防溜器通信超时
[2025-06-29 14:11:16] 20道第1台停车器通信超时
[2025-06-29 14:11:16] 20道第2台停车器通信超时
[2025-06-29 14:11:16] 20道第3台停车器通信超时
[2025-06-29 14:11:16] 20道防溜器通信超时
[2025-06-29 14:11:16] 21道第1台停车器通信超时
[2025-06-29 14:11:16] 21道第2台停车器通信超时
[2025-06-29 14:11:16] 21道第3台停车器通信超时
[2025-06-29 14:11:16] 21道防溜器通信超时
[2025-06-29 14:11:16] 22道第1台停车器通信超时
[2025-06-29 14:11:16] 22道第2台停车器通信超时
[2025-06-29 14:11:16] 22道第3台停车器通信超时
[2025-06-29 14:11:16] 22道防溜器通信超时
[2025-06-29 14:11:16] 23道第1台停车器通信超时
[2025-06-29 14:11:16] 23道第2台停车器通信超时
[2025-06-29 14:11:16] 23道第3台停车器通信超时
[2025-06-29 14:11:16] 23道防溜器通信超时
[2025-06-29 14:11:16] 24道第1台停车器通信超时
[2025-06-29 14:11:16] 24道第2台停车器通信超时
[2025-06-29 14:11:16] 24道第3台停车器通信超时
[2025-06-29 14:11:16] 24道防溜器通信超时
[2025-06-29 14:11:49] A机进入主用状态
[2025-06-29 14:11:49] A机在线
[2025-06-29 14:11:49] B机进入备用状态
[2025-06-29 14:11:49] B机离线
[2025-06-29 14:11:50] 2道第2台停车器进入运行模式
[2025-06-29 14:11:50] 2道第2台停车器制动到位
[2025-06-29 14:11:50] 2道第1台停车器进入运行模式
[2025-06-29 14:11:50] 2道第1台停车器制动到位
[2025-06-29 14:11:50] 2道第3台停车器进入运行模式
[2025-06-29 14:11:50] 2道第3台停车器制动到位
[2025-06-29 14:11:50] 2道防溜器进入运行模式
[2025-06-29 14:11:50] 2道防溜器进入远程控制时无表示
[2025-06-29 14:11:54] 3道第1台停车器通信超时
[2025-06-29 14:11:54] 3道第2台停车器通信超时
[2025-06-29 14:11:54] 3道第3台停车器通信超时
[2025-06-29 14:11:54] 3道防溜器通信超时
[2025-06-29 14:11:54] 4道第1台停车器通信超时
[2025-06-29 14:11:54] 4道第2台停车器通信超时
[2025-06-29 14:11:54] 4道第3台停车器通信超时
[2025-06-29 14:11:54] 4道防溜器通信超时
[2025-06-29 14:11:54] 5道第1台停车器通信超时
[2025-06-29 14:11:54] 5道第2台停车器通信超时
[2025-06-29 14:11:54] 5道第3台停车器通信超时
[2025-06-29 14:11:54] 5道防溜器通信超时
[2025-06-29 14:11:54] 6道第1台停车器通信超时
[2025-06-29 14:11:54] 6道第2台停车器通信超时
[2025-06-29 14:11:54] 6道第3台停车器通信超时
[2025-06-29 14:11:54] 6道防溜器通信超时
[2025-06-29 14:11:54] 7道第1台停车器通信超时
[2025-06-29 14:11:54] 7道第2台停车器通信超时
[2025-06-29 14:11:54] 7道第3台停车器通信超时
[2025-06-29 14:11:54] 7道防溜器通信超时
[2025-06-29 14:11:54] 8道第1台停车器通信超时
[2025-06-29 14:11:54] 8道第2台停车器通信超时
[2025-06-29 14:11:54] 8道第3台停车器通信超时
[2025-06-29 14:11:54] 8道防溜器通信超时
[2025-06-29 14:11:54] 9道第1台停车器通信超时
[2025-06-29 14:11:54] 9道第2台停车器通信超时
[2025-06-29 14:11:54] 9道第3台停车器通信超时
[2025-06-29 14:11:54] 9道防溜器通信超时
[2025-06-29 14:11:54] 10道第1台停车器通信超时
[2025-06-29 14:11:54] 10道第2台停车器通信超时
[2025-06-29 14:11:54] 10道第3台停车器通信超时
[2025-06-29 14:11:54] 10道防溜器通信超时
[2025-06-29 14:11:54] 11道第1台停车器通信超时
[2025-06-29 14:11:54] 11道第2台停车器通信超时
[2025-06-29 14:11:54] 11道第3台停车器通信超时
[2025-06-29 14:11:54] 11道防溜器通信超时
[2025-06-29 14:11:54] 12道第1台停车器通信超时
[2025-06-29 14:11:54] 12道第2台停车器通信超时
[2025-06-29 14:11:54] 12道第3台停车器通信超时
[2025-06-29 14:11:54] 12道防溜器通信超时
[2025-06-29 14:11:54] 13道第1台停车器通信超时
[2025-06-29 14:11:54] 13道第2台停车器通信超时
[2025-06-29 14:11:54] 13道第3台停车器通信超时
[2025-06-29 14:11:54] 13道防溜器通信超时
[2025-06-29 14:11:54] 14道第1台停车器通信超时
[2025-06-29 14:11:54] 14道第2台停车器通信超时
[2025-06-29 14:11:54] 14道第3台停车器通信超时
[2025-06-29 14:11:54] 14道防溜器通信超时
[2025-06-29 14:11:54] 15道第1台停车器通信超时
[2025-06-29 14:11:54] 15道第2台停车器通信超时
[2025-06-29 14:11:54] 15道第3台停车器通信超时
[2025-06-29 14:11:54] 15道防溜器通信超时
[2025-06-29 14:11:54] 16道第1台停车器通信超时
[2025-06-29 14:11:54] 16道第2台停车器通信超时
[2025-06-29 14:11:54] 16道第3台停车器通信超时
[2025-06-29 14:11:54] 16道防溜器通信超时
[2025-06-29 14:11:54] 17道第1台停车器通信超时
[2025-06-29 14:11:54] 17道第2台停车器通信超时
[2025-06-29 14:11:54] 17道第3台停车器通信超时
[2025-06-29 14:11:54] 17道防溜器通信超时
[2025-06-29 14:11:54] 18道第1台停车器通信超时
[2025-06-29 14:11:54] 18道第2台停车器通信超时
[2025-06-29 14:11:54] 18道第3台停车器通信超时
[2025-06-29 14:11:54] 18道防溜器通信超时
[2025-06-29 14:11:54] 19道第1台停车器通信超时
[2025-06-29 14:11:54] 19道第2台停车器通信超时
[2025-06-29 14:11:54] 19道第3台停车器通信超时
[2025-06-29 14:11:54] 19道防溜器通信超时
[2025-06-29 14:11:54] 20道第1台停车器通信超时
[2025-06-29 14:11:54] 20道第2台停车器通信超时
[2025-06-29 14:11:54] 20道第3台停车器通信超时
[2025-06-29 14:11:54] 20道防溜器通信超时
[2025-06-29 14:11:54] 21道第1台停车器通信超时
[2025-06-29 14:11:54] 21道第2台停车器通信超时
[2025-06-29 14:11:54] 21道第3台停车器通信超时
[2025-06-29 14:11:54] 21道防溜器通信超时
[2025-06-29 14:11:54] 22道第1台停车器通信超时
[2025-06-29 14:11:54] 22道第2台停车器通信超时
[2025-06-29 14:11:54] 22道第3台停车器通信超时
[2025-06-29 14:11:54] 22道防溜器通信超时
[2025-06-29 14:11:54] 23道第1台停车器通信超时
[2025-06-29 14:11:54] 23道第2台停车器通信超时
[2025-06-29 14:11:54] 23道第3台停车器通信超时
[2025-06-29 14:11:54] 23道防溜器通信超时
[2025-06-29 14:11:54] 24道第1台停车器通信超时
[2025-06-29 14:11:54] 24道第2台停车器通信超时
[2025-06-29 14:11:54] 24道第3台停车器通信超时
[2025-06-29 14:11:54] 24道防溜器通信超时
[2025-06-29 14:15:35] A机进入主用状态
[2025-06-29 14:15:35] A机在线
[2025-06-29 14:15:35] B机进入备用状态
[2025-06-29 14:15:35] B机离线
[2025-06-29 14:15:36] 2道第1台停车器进入运行模式
[2025-06-29 14:15:36] 2道第1台停车器制动到位
[2025-06-29 14:15:36] 2道第2台停车器进入运行模式
[2025-06-29 14:15:36] 2道第2台停车器制动到位
[2025-06-29 14:15:36] 2道第3台停车器进入运行模式
[2025-06-29 14:15:36] 2道第3台停车器制动到位
[2025-06-29 14:15:36] 2道防溜器进入运行模式
[2025-06-29 14:15:36] 2道防溜器进入远程控制时无表示
[2025-06-29 14:15:40] 3道第1台停车器通信超时
[2025-06-29 14:15:40] 3道第2台停车器通信超时
[2025-06-29 14:15:40] 3道第3台停车器通信超时
[2025-06-29 14:15:40] 3道防溜器通信超时
[2025-06-29 14:15:40] 4道第1台停车器通信超时
[2025-06-29 14:15:40] 4道第2台停车器通信超时
[2025-06-29 14:15:40] 4道第3台停车器通信超时
[2025-06-29 14:15:40] 4道防溜器通信超时
[2025-06-29 14:15:40] 5道第1台停车器通信超时
[2025-06-29 14:15:40] 5道第2台停车器通信超时
[2025-06-29 14:15:40] 5道第3台停车器通信超时
[2025-06-29 14:15:40] 5道防溜器通信超时
[2025-06-29 14:15:40] 6道第1台停车器通信超时
[2025-06-29 14:15:40] 6道第2台停车器通信超时
[2025-06-29 14:15:40] 6道第3台停车器通信超时
[2025-06-29 14:15:40] 6道防溜器通信超时
[2025-06-29 14:15:40] 7道第1台停车器通信超时
[2025-06-29 14:15:40] 7道第2台停车器通信超时
[2025-06-29 14:15:40] 7道第3台停车器通信超时
[2025-06-29 14:15:40] 7道防溜器通信超时
[2025-06-29 14:15:40] 8道第1台停车器通信超时
[2025-06-29 14:15:40] 8道第2台停车器通信超时
[2025-06-29 14:15:40] 8道第3台停车器通信超时
[2025-06-29 14:15:40] 8道防溜器通信超时
[2025-06-29 14:15:40] 9道第1台停车器通信超时
[2025-06-29 14:15:40] 9道第2台停车器通信超时
[2025-06-29 14:15:40] 9道第3台停车器通信超时
[2025-06-29 14:15:40] 9道防溜器通信超时
[2025-06-29 14:15:40] 10道第1台停车器通信超时
[2025-06-29 14:15:40] 10道第2台停车器通信超时
[2025-06-29 14:15:40] 10道第3台停车器通信超时
[2025-06-29 14:15:40] 10道防溜器通信超时
[2025-06-29 14:15:40] 11道第1台停车器通信超时
[2025-06-29 14:15:40] 11道第2台停车器通信超时
[2025-06-29 14:15:40] 11道第3台停车器通信超时
[2025-06-29 14:15:40] 11道防溜器通信超时
[2025-06-29 14:15:40] 12道第1台停车器通信超时
[2025-06-29 14:15:40] 12道第2台停车器通信超时
[2025-06-29 14:15:40] 12道第3台停车器通信超时
[2025-06-29 14:15:40] 12道防溜器通信超时
[2025-06-29 14:15:40] 13道第1台停车器通信超时
[2025-06-29 14:15:40] 13道第2台停车器通信超时
[2025-06-29 14:15:40] 13道第3台停车器通信超时
[2025-06-29 14:15:40] 13道防溜器通信超时
[2025-06-29 14:15:40] 14道第1台停车器通信超时
[2025-06-29 14:15:40] 14道第2台停车器通信超时
[2025-06-29 14:15:40] 14道第3台停车器通信超时
[2025-06-29 14:15:40] 14道防溜器通信超时
[2025-06-29 14:15:40] 15道第1台停车器通信超时
[2025-06-29 14:15:40] 15道第2台停车器通信超时
[2025-06-29 14:15:40] 15道第3台停车器通信超时
[2025-06-29 14:15:40] 15道防溜器通信超时
[2025-06-29 14:15:40] 16道第1台停车器通信超时
[2025-06-29 14:15:40] 16道第2台停车器通信超时
[2025-06-29 14:15:40] 16道第3台停车器通信超时
[2025-06-29 14:15:40] 16道防溜器通信超时
[2025-06-29 14:15:40] 17道第1台停车器通信超时
[2025-06-29 14:15:40] 17道第2台停车器通信超时
[2025-06-29 14:15:40] 17道第3台停车器通信超时
[2025-06-29 14:15:40] 17道防溜器通信超时
[2025-06-29 14:15:40] 18道第1台停车器通信超时
[2025-06-29 14:15:40] 18道第2台停车器通信超时
[2025-06-29 14:15:40] 18道第3台停车器通信超时
[2025-06-29 14:15:40] 18道防溜器通信超时
[2025-06-29 14:15:40] 19道第1台停车器通信超时
[2025-06-29 14:15:40] 19道第2台停车器通信超时
[2025-06-29 14:15:40] 19道第3台停车器通信超时
[2025-06-29 14:15:40] 19道防溜器通信超时
[2025-06-29 14:15:40] 20道第1台停车器通信超时
[2025-06-29 14:15:40] 20道第2台停车器通信超时
[2025-06-29 14:15:40] 20道第3台停车器通信超时
[2025-06-29 14:15:40] 20道防溜器通信超时
[2025-06-29 14:15:40] 21道第1台停车器通信超时
[2025-06-29 14:15:40] 21道第2台停车器通信超时
[2025-06-29 14:15:40] 21道第3台停车器通信超时
[2025-06-29 14:15:40] 21道防溜器通信超时
[2025-06-29 14:15:40] 22道第1台停车器通信超时
[2025-06-29 14:15:40] 22道第2台停车器通信超时
[2025-06-29 14:15:40] 22道第3台停车器通信超时
[2025-06-29 14:15:40] 22道防溜器通信超时
[2025-06-29 14:15:40] 23道第1台停车器通信超时
[2025-06-29 14:15:40] 23道第2台停车器通信超时
[2025-06-29 14:15:40] 23道第3台停车器通信超时
[2025-06-29 14:15:40] 23道防溜器通信超时
[2025-06-29 14:15:40] 24道第1台停车器通信超时
[2025-06-29 14:15:40] 24道第2台停车器通信超时
[2025-06-29 14:15:40] 24道第3台停车器通信超时
[2025-06-29 14:15:40] 24道防溜器通信超时
[2025-06-29 14:19:00] A机进入主用状态
[2025-06-29 14:19:00] A机在线
[2025-06-29 14:19:00] B机进入备用状态
[2025-06-29 14:19:00] B机离线
[2025-06-29 14:19:01] 2道第2台停车器进入运行模式
[2025-06-29 14:19:01] 2道第2台停车器制动到位
[2025-06-29 14:19:01] 2道第1台停车器进入运行模式
[2025-06-29 14:19:01] 2道第1台停车器制动到位
[2025-06-29 14:19:01] 2道第3台停车器进入运行模式
[2025-06-29 14:19:01] 2道第3台停车器制动到位
[2025-06-29 14:19:01] 2道防溜器进入运行模式
[2025-06-29 14:19:01] 2道防溜器进入远程控制时无表示
[2025-06-29 14:19:06] 3道第1台停车器通信超时
[2025-06-29 14:19:06] 3道第2台停车器通信超时
[2025-06-29 14:19:06] 3道第3台停车器通信超时
[2025-06-29 14:19:06] 3道防溜器通信超时
[2025-06-29 14:19:06] 4道第1台停车器通信超时
[2025-06-29 14:19:06] 4道第2台停车器通信超时
[2025-06-29 14:19:06] 4道第3台停车器通信超时
[2025-06-29 14:19:06] 4道防溜器通信超时
[2025-06-29 14:19:06] 5道第1台停车器通信超时
[2025-06-29 14:19:06] 5道第2台停车器通信超时
[2025-06-29 14:19:06] 5道第3台停车器通信超时
[2025-06-29 14:19:06] 5道防溜器通信超时
[2025-06-29 14:19:06] 6道第1台停车器通信超时
[2025-06-29 14:19:06] 6道第2台停车器通信超时
[2025-06-29 14:19:06] 6道第3台停车器通信超时
[2025-06-29 14:19:06] 6道防溜器通信超时
[2025-06-29 14:19:06] 7道第1台停车器通信超时
[2025-06-29 14:19:06] 7道第2台停车器通信超时
[2025-06-29 14:19:06] 7道第3台停车器通信超时
[2025-06-29 14:19:06] 7道防溜器通信超时
[2025-06-29 14:19:06] 8道第1台停车器通信超时
[2025-06-29 14:19:06] 8道第2台停车器通信超时
[2025-06-29 14:19:06] 8道第3台停车器通信超时
[2025-06-29 14:19:06] 8道防溜器通信超时
[2025-06-29 14:19:06] 9道第1台停车器通信超时
[2025-06-29 14:19:06] 9道第2台停车器通信超时
[2025-06-29 14:19:06] 9道第3台停车器通信超时
[2025-06-29 14:19:06] 9道防溜器通信超时
[2025-06-29 14:19:06] 10道第1台停车器通信超时
[2025-06-29 14:19:06] 10道第2台停车器通信超时
[2025-06-29 14:19:06] 10道第3台停车器通信超时
[2025-06-29 14:19:06] 10道防溜器通信超时
[2025-06-29 14:19:06] 11道第1台停车器通信超时
[2025-06-29 14:19:06] 11道第2台停车器通信超时
[2025-06-29 14:19:06] 11道第3台停车器通信超时
[2025-06-29 14:19:06] 11道防溜器通信超时
[2025-06-29 14:19:06] 12道第1台停车器通信超时
[2025-06-29 14:19:06] 12道第2台停车器通信超时
[2025-06-29 14:19:06] 12道第3台停车器通信超时
[2025-06-29 14:19:06] 12道防溜器通信超时
[2025-06-29 14:19:06] 13道第1台停车器通信超时
[2025-06-29 14:19:06] 13道第2台停车器通信超时
[2025-06-29 14:19:06] 13道第3台停车器通信超时
[2025-06-29 14:19:06] 13道防溜器通信超时
[2025-06-29 14:19:06] 14道第1台停车器通信超时
[2025-06-29 14:19:06] 14道第2台停车器通信超时
[2025-06-29 14:19:06] 14道第3台停车器通信超时
[2025-06-29 14:19:06] 14道防溜器通信超时
[2025-06-29 14:19:06] 15道第1台停车器通信超时
[2025-06-29 14:19:06] 15道第2台停车器通信超时
[2025-06-29 14:19:06] 15道第3台停车器通信超时
[2025-06-29 14:19:06] 15道防溜器通信超时
[2025-06-29 14:19:06] 16道第1台停车器通信超时
[2025-06-29 14:19:06] 16道第2台停车器通信超时
[2025-06-29 14:19:06] 16道第3台停车器通信超时
[2025-06-29 14:19:06] 16道防溜器通信超时
[2025-06-29 14:19:06] 17道第1台停车器通信超时
[2025-06-29 14:19:06] 17道第2台停车器通信超时
[2025-06-29 14:19:06] 17道第3台停车器通信超时
[2025-06-29 14:19:06] 17道防溜器通信超时
[2025-06-29 14:19:06] 18道第1台停车器通信超时
[2025-06-29 14:19:06] 18道第2台停车器通信超时
[2025-06-29 14:19:06] 18道第3台停车器通信超时
[2025-06-29 14:19:06] 18道防溜器通信超时
[2025-06-29 14:19:06] 19道第1台停车器通信超时
[2025-06-29 14:19:06] 19道第2台停车器通信超时
[2025-06-29 14:19:06] 19道第3台停车器通信超时
[2025-06-29 14:19:06] 19道防溜器通信超时
[2025-06-29 14:19:06] 20道第1台停车器通信超时
[2025-06-29 14:19:06] 20道第2台停车器通信超时
[2025-06-29 14:19:06] 20道第3台停车器通信超时
[2025-06-29 14:19:06] 20道防溜器通信超时
[2025-06-29 14:19:06] 21道第1台停车器通信超时
[2025-06-29 14:19:06] 21道第2台停车器通信超时
[2025-06-29 14:19:06] 21道第3台停车器通信超时
[2025-06-29 14:19:06] 21道防溜器通信超时
[2025-06-29 14:19:06] 22道第1台停车器通信超时
[2025-06-29 14:19:06] 22道第2台停车器通信超时
[2025-06-29 14:19:06] 22道第3台停车器通信超时
[2025-06-29 14:19:06] 22道防溜器通信超时
[2025-06-29 14:19:06] 23道第1台停车器通信超时
[2025-06-29 14:19:06] 23道第2台停车器通信超时
[2025-06-29 14:19:06] 23道第3台停车器通信超时
[2025-06-29 14:19:06] 23道防溜器通信超时
[2025-06-29 14:19:06] 24道第1台停车器通信超时
[2025-06-29 14:19:06] 24道第2台停车器通信超时
[2025-06-29 14:19:06] 24道第3台停车器通信超时
[2025-06-29 14:19:06] 24道防溜器通信超时
[2025-06-29 14:19:33] 用户确认切换为集控模式，已发送 ACQ 指令
[2025-06-29 14:20:20] 用户确认切换为场控模式
[2025-06-29 14:22:11] A机进入主用状态
[2025-06-29 14:22:11] A机在线
[2025-06-29 14:22:11] B机进入备用状态
[2025-06-29 14:22:11] B机离线
[2025-06-29 14:22:12] 2道第1台停车器进入运行模式
[2025-06-29 14:22:12] 2道第1台停车器制动到位
[2025-06-29 14:22:12] 2道第2台停车器进入运行模式
[2025-06-29 14:22:12] 2道第2台停车器制动到位
[2025-06-29 14:22:12] 2道第3台停车器进入运行模式
[2025-06-29 14:22:12] 2道第3台停车器制动到位
[2025-06-29 14:22:12] 2道防溜器进入运行模式
[2025-06-29 14:22:12] 2道防溜器进入远程控制时无表示
[2025-06-29 14:22:17] 3道第1台停车器通信超时
[2025-06-29 14:22:17] 3道第2台停车器通信超时
[2025-06-29 14:22:17] 3道第3台停车器通信超时
[2025-06-29 14:22:17] 3道防溜器通信超时
[2025-06-29 14:22:17] 4道第1台停车器通信超时
[2025-06-29 14:22:17] 4道第2台停车器通信超时
[2025-06-29 14:22:17] 4道第3台停车器通信超时
[2025-06-29 14:22:17] 4道防溜器通信超时
[2025-06-29 14:22:17] 5道第1台停车器通信超时
[2025-06-29 14:22:17] 5道第2台停车器通信超时
[2025-06-29 14:22:17] 5道第3台停车器通信超时
[2025-06-29 14:22:17] 5道防溜器通信超时
[2025-06-29 14:22:17] 6道第1台停车器通信超时
[2025-06-29 14:22:17] 6道第2台停车器通信超时
[2025-06-29 14:22:17] 6道第3台停车器通信超时
[2025-06-29 14:22:17] 6道防溜器通信超时
[2025-06-29 14:22:17] 7道第1台停车器通信超时
[2025-06-29 14:22:17] 7道第2台停车器通信超时
[2025-06-29 14:22:17] 7道第3台停车器通信超时
[2025-06-29 14:22:17] 7道防溜器通信超时
[2025-06-29 14:22:17] 8道第1台停车器通信超时
[2025-06-29 14:22:17] 8道第2台停车器通信超时
[2025-06-29 14:22:17] 8道第3台停车器通信超时
[2025-06-29 14:22:17] 8道防溜器通信超时
[2025-06-29 14:22:17] 9道第1台停车器通信超时
[2025-06-29 14:22:17] 9道第2台停车器通信超时
[2025-06-29 14:22:17] 9道第3台停车器通信超时
[2025-06-29 14:22:17] 9道防溜器通信超时
[2025-06-29 14:22:17] 10道第1台停车器通信超时
[2025-06-29 14:22:17] 10道第2台停车器通信超时
[2025-06-29 14:22:17] 10道第3台停车器通信超时
[2025-06-29 14:22:17] 10道防溜器通信超时
[2025-06-29 14:22:17] 11道第1台停车器通信超时
[2025-06-29 14:22:17] 11道第2台停车器通信超时
[2025-06-29 14:22:17] 11道第3台停车器通信超时
[2025-06-29 14:22:17] 11道防溜器通信超时
[2025-06-29 14:22:17] 12道第1台停车器通信超时
[2025-06-29 14:22:17] 12道第2台停车器通信超时
[2025-06-29 14:22:17] 12道第3台停车器通信超时
[2025-06-29 14:22:17] 12道防溜器通信超时
[2025-06-29 14:22:17] 13道第1台停车器通信超时
[2025-06-29 14:22:17] 13道第2台停车器通信超时
[2025-06-29 14:22:17] 13道第3台停车器通信超时
[2025-06-29 14:22:17] 13道防溜器通信超时
[2025-06-29 14:22:17] 14道第1台停车器通信超时
[2025-06-29 14:22:17] 14道第2台停车器通信超时
[2025-06-29 14:22:17] 14道第3台停车器通信超时
[2025-06-29 14:22:17] 14道防溜器通信超时
[2025-06-29 14:22:17] 15道第1台停车器通信超时
[2025-06-29 14:22:17] 15道第2台停车器通信超时
[2025-06-29 14:22:17] 15道第3台停车器通信超时
[2025-06-29 14:22:17] 15道防溜器通信超时
[2025-06-29 14:22:17] 16道第1台停车器通信超时
[2025-06-29 14:22:17] 16道第2台停车器通信超时
[2025-06-29 14:22:17] 16道第3台停车器通信超时
[2025-06-29 14:22:17] 16道防溜器通信超时
[2025-06-29 14:22:17] 17道第1台停车器通信超时
[2025-06-29 14:22:17] 17道第2台停车器通信超时
[2025-06-29 14:22:17] 17道第3台停车器通信超时
[2025-06-29 14:22:17] 17道防溜器通信超时
[2025-06-29 14:22:17] 18道第1台停车器通信超时
[2025-06-29 14:22:17] 18道第2台停车器通信超时
[2025-06-29 14:22:17] 18道第3台停车器通信超时
[2025-06-29 14:22:17] 18道防溜器通信超时
[2025-06-29 14:22:17] 19道第1台停车器通信超时
[2025-06-29 14:22:17] 19道第2台停车器通信超时
[2025-06-29 14:22:18] 19道第3台停车器通信超时
[2025-06-29 14:22:18] 19道防溜器通信超时
[2025-06-29 14:22:18] 20道第1台停车器通信超时
[2025-06-29 14:22:18] 20道第2台停车器通信超时
[2025-06-29 14:22:18] 20道第3台停车器通信超时
[2025-06-29 14:22:18] 20道防溜器通信超时
[2025-06-29 14:22:18] 21道第1台停车器通信超时
[2025-06-29 14:22:18] 21道第2台停车器通信超时
[2025-06-29 14:22:18] 21道第3台停车器通信超时
[2025-06-29 14:22:18] 21道防溜器通信超时
[2025-06-29 14:22:18] 22道第1台停车器通信超时
[2025-06-29 14:22:18] 22道第2台停车器通信超时
[2025-06-29 14:22:18] 22道第3台停车器通信超时
[2025-06-29 14:22:18] 22道防溜器通信超时
[2025-06-29 14:22:18] 23道第1台停车器通信超时
[2025-06-29 14:22:18] 23道第2台停车器通信超时
[2025-06-29 14:22:18] 23道第3台停车器通信超时
[2025-06-29 14:22:18] 23道防溜器通信超时
[2025-06-29 14:22:18] 24道第1台停车器通信超时
[2025-06-29 14:22:18] 24道第2台停车器通信超时
[2025-06-29 14:22:18] 24道第3台停车器通信超时
[2025-06-29 14:22:18] 24道防溜器通信超时
[2025-06-29 14:26:46] A机进入主用状态
[2025-06-29 14:26:46] A机在线
[2025-06-29 14:26:46] B机进入备用状态
[2025-06-29 14:26:46] B机离线
[2025-06-29 14:26:46] 2道第2台停车器进入运行模式
[2025-06-29 14:26:46] 2道第2台停车器制动到位
[2025-06-29 14:26:46] 2道第1台停车器进入运行模式
[2025-06-29 14:26:46] 2道第1台停车器制动到位
[2025-06-29 14:26:46] 2道第3台停车器进入运行模式
[2025-06-29 14:26:46] 2道第3台停车器制动到位
[2025-06-29 14:26:46] 2道防溜器进入运行模式
[2025-06-29 14:26:46] 2道防溜器进入远程控制时无表示
[2025-06-29 14:26:51] 3道第1台停车器通信超时
[2025-06-29 14:26:51] 3道第2台停车器通信超时
[2025-06-29 14:26:51] 3道第3台停车器通信超时
[2025-06-29 14:26:51] 3道防溜器通信超时
[2025-06-29 14:26:51] 4道第1台停车器通信超时
[2025-06-29 14:26:51] 4道第2台停车器通信超时
[2025-06-29 14:26:51] 4道第3台停车器通信超时
[2025-06-29 14:26:51] 4道防溜器通信超时
[2025-06-29 14:26:51] 5道第1台停车器通信超时
[2025-06-29 14:26:51] 5道第2台停车器通信超时
[2025-06-29 14:26:51] 5道第3台停车器通信超时
[2025-06-29 14:26:51] 5道防溜器通信超时
[2025-06-29 14:26:51] 6道第1台停车器通信超时
[2025-06-29 14:26:51] 6道第2台停车器通信超时
[2025-06-29 14:26:51] 6道第3台停车器通信超时
[2025-06-29 14:26:51] 6道防溜器通信超时
[2025-06-29 14:26:51] 7道第1台停车器通信超时
[2025-06-29 14:26:51] 7道第2台停车器通信超时
[2025-06-29 14:26:51] 7道第3台停车器通信超时
[2025-06-29 14:26:51] 7道防溜器通信超时
[2025-06-29 14:26:51] 8道第1台停车器通信超时
[2025-06-29 14:26:51] 8道第2台停车器通信超时
[2025-06-29 14:26:51] 8道第3台停车器通信超时
[2025-06-29 14:26:51] 8道防溜器通信超时
[2025-06-29 14:26:51] 9道第1台停车器通信超时
[2025-06-29 14:26:51] 9道第2台停车器通信超时
[2025-06-29 14:26:51] 9道第3台停车器通信超时
[2025-06-29 14:26:51] 9道防溜器通信超时
[2025-06-29 14:26:51] 10道第1台停车器通信超时
[2025-06-29 14:26:51] 10道第2台停车器通信超时
[2025-06-29 14:26:51] 10道第3台停车器通信超时
[2025-06-29 14:26:51] 10道防溜器通信超时
[2025-06-29 14:26:51] 11道第1台停车器通信超时
[2025-06-29 14:26:51] 11道第2台停车器通信超时
[2025-06-29 14:26:51] 11道第3台停车器通信超时
[2025-06-29 14:26:51] 11道防溜器通信超时
[2025-06-29 14:26:51] 12道第1台停车器通信超时
[2025-06-29 14:26:51] 12道第2台停车器通信超时
[2025-06-29 14:26:51] 12道第3台停车器通信超时
[2025-06-29 14:26:51] 12道防溜器通信超时
[2025-06-29 14:26:51] 13道第1台停车器通信超时
[2025-06-29 14:26:51] 13道第2台停车器通信超时
[2025-06-29 14:26:51] 13道第3台停车器通信超时
[2025-06-29 14:26:51] 13道防溜器通信超时
[2025-06-29 14:26:51] 14道第1台停车器通信超时
[2025-06-29 14:26:51] 14道第2台停车器通信超时
[2025-06-29 14:26:51] 14道第3台停车器通信超时
[2025-06-29 14:26:51] 14道防溜器通信超时
[2025-06-29 14:26:51] 15道第1台停车器通信超时
[2025-06-29 14:26:51] 15道第2台停车器通信超时
[2025-06-29 14:26:51] 15道第3台停车器通信超时
[2025-06-29 14:26:51] 15道防溜器通信超时
[2025-06-29 14:26:51] 16道第1台停车器通信超时
[2025-06-29 14:26:52] 16道第2台停车器通信超时
[2025-06-29 14:26:52] 16道第3台停车器通信超时
[2025-06-29 14:26:52] 16道防溜器通信超时
[2025-06-29 14:26:52] 17道第1台停车器通信超时
[2025-06-29 14:26:52] 17道第2台停车器通信超时
[2025-06-29 14:26:52] 17道第3台停车器通信超时
[2025-06-29 14:26:52] 17道防溜器通信超时
[2025-06-29 14:26:52] 18道第1台停车器通信超时
[2025-06-29 14:26:52] 18道第2台停车器通信超时
[2025-06-29 14:26:52] 18道第3台停车器通信超时
[2025-06-29 14:26:52] 18道防溜器通信超时
[2025-06-29 14:26:52] 19道第1台停车器通信超时
[2025-06-29 14:26:52] 19道第2台停车器通信超时
[2025-06-29 14:26:52] 19道第3台停车器通信超时
[2025-06-29 14:26:52] 19道防溜器通信超时
[2025-06-29 14:26:52] 20道第1台停车器通信超时
[2025-06-29 14:26:52] 20道第2台停车器通信超时
[2025-06-29 14:26:52] 20道第3台停车器通信超时
[2025-06-29 14:26:52] 20道防溜器通信超时
[2025-06-29 14:26:52] 21道第1台停车器通信超时
[2025-06-29 14:26:52] 21道第2台停车器通信超时
[2025-06-29 14:26:52] 21道第3台停车器通信超时
[2025-06-29 14:26:52] 21道防溜器通信超时
[2025-06-29 14:26:52] 22道第1台停车器通信超时
[2025-06-29 14:26:52] 22道第2台停车器通信超时
[2025-06-29 14:26:52] 22道第3台停车器通信超时
[2025-06-29 14:26:52] 22道防溜器通信超时
[2025-06-29 14:26:52] 23道第1台停车器通信超时
[2025-06-29 14:26:52] 23道第2台停车器通信超时
[2025-06-29 14:26:52] 23道第3台停车器通信超时
[2025-06-29 14:26:52] 23道防溜器通信超时
[2025-06-29 14:26:52] 24道第1台停车器通信超时
[2025-06-29 14:26:52] 24道第2台停车器通信超时
[2025-06-29 14:26:52] 24道第3台停车器通信超时
[2025-06-29 14:26:52] 24道防溜器通信超时
[2025-06-29 14:26:59] A机进入主用状态
[2025-06-29 14:26:59] A机在线
[2025-06-29 14:28:23] B机进入主用状态
[2025-06-29 14:28:23] B机在线
[2025-06-29 14:28:23] A机进入备用状态
[2025-06-29 14:28:23] A机离线
[2025-06-29 14:28:24] 2道第1台停车器进入运行模式
[2025-06-29 14:28:24] 2道第1台停车器制动到位
[2025-06-29 14:28:24] 2道第2台停车器进入运行模式
[2025-06-29 14:28:24] 2道第2台停车器制动到位
[2025-06-29 14:28:24] 2道第3台停车器进入运行模式
[2025-06-29 14:28:24] 2道第3台停车器制动到位
[2025-06-29 14:28:24] 2道防溜器进入运行模式
[2025-06-29 14:28:24] 2道防溜器进入远程控制时无表示
[2025-06-29 14:28:29] 3道第1台停车器通信超时
[2025-06-29 14:28:29] 3道第2台停车器通信超时
[2025-06-29 14:28:29] 3道第3台停车器通信超时
[2025-06-29 14:28:29] 3道防溜器通信超时
[2025-06-29 14:28:29] 4道第1台停车器通信超时
[2025-06-29 14:28:29] 4道第2台停车器通信超时
[2025-06-29 14:28:29] 4道第3台停车器通信超时
[2025-06-29 14:28:29] 4道防溜器通信超时
[2025-06-29 14:28:29] 5道第1台停车器通信超时
[2025-06-29 14:28:29] 5道第2台停车器通信超时
[2025-06-29 14:28:29] 5道第3台停车器通信超时
[2025-06-29 14:28:29] 5道防溜器通信超时
[2025-06-29 14:28:29] 6道第1台停车器通信超时
[2025-06-29 14:28:29] 6道第2台停车器通信超时
[2025-06-29 14:28:29] 6道第3台停车器通信超时
[2025-06-29 14:28:29] 6道防溜器通信超时
[2025-06-29 14:28:29] 7道第1台停车器通信超时
[2025-06-29 14:28:29] 7道第2台停车器通信超时
[2025-06-29 14:28:29] 7道第3台停车器通信超时
[2025-06-29 14:28:29] 7道防溜器通信超时
[2025-06-29 14:28:29] 8道第1台停车器通信超时
[2025-06-29 14:28:29] 8道第2台停车器通信超时
[2025-06-29 14:28:29] 8道第3台停车器通信超时
[2025-06-29 14:28:29] 8道防溜器通信超时
[2025-06-29 14:28:29] 9道第1台停车器通信超时
[2025-06-29 14:28:29] 9道第2台停车器通信超时
[2025-06-29 14:28:29] 9道第3台停车器通信超时
[2025-06-29 14:28:29] 9道防溜器通信超时
[2025-06-29 14:28:29] 10道第1台停车器通信超时
[2025-06-29 14:28:29] 10道第2台停车器通信超时
[2025-06-29 14:28:29] 10道第3台停车器通信超时
[2025-06-29 14:28:29] 10道防溜器通信超时
[2025-06-29 14:28:29] 11道第1台停车器通信超时
[2025-06-29 14:28:29] 11道第2台停车器通信超时
[2025-06-29 14:28:29] 11道第3台停车器通信超时
[2025-06-29 14:28:29] 11道防溜器通信超时
[2025-06-29 14:28:29] 12道第1台停车器通信超时
[2025-06-29 14:28:29] 12道第2台停车器通信超时
[2025-06-29 14:28:29] 12道第3台停车器通信超时
[2025-06-29 14:28:29] 12道防溜器通信超时
[2025-06-29 14:28:29] 13道第1台停车器通信超时
[2025-06-29 14:28:29] 13道第2台停车器通信超时
[2025-06-29 14:28:29] 13道第3台停车器通信超时
[2025-06-29 14:28:29] 13道防溜器通信超时
[2025-06-29 14:28:29] 14道第1台停车器通信超时
[2025-06-29 14:28:29] 14道第2台停车器通信超时
[2025-06-29 14:28:29] 14道第3台停车器通信超时
[2025-06-29 14:28:29] 14道防溜器通信超时
[2025-06-29 14:28:29] 15道第1台停车器通信超时
[2025-06-29 14:28:29] 15道第2台停车器通信超时
[2025-06-29 14:28:29] 15道第3台停车器通信超时
[2025-06-29 14:28:29] 15道防溜器通信超时
[2025-06-29 14:28:29] 16道第1台停车器通信超时
[2025-06-29 14:28:29] 16道第2台停车器通信超时
[2025-06-29 14:28:29] 16道第3台停车器通信超时
[2025-06-29 14:28:29] 16道防溜器通信超时
[2025-06-29 14:28:29] 17道第1台停车器通信超时
[2025-06-29 14:28:29] 17道第2台停车器通信超时
[2025-06-29 14:28:29] 17道第3台停车器通信超时
[2025-06-29 14:28:29] 17道防溜器通信超时
[2025-06-29 14:28:29] 18道第1台停车器通信超时
[2025-06-29 14:28:29] 18道第2台停车器通信超时
[2025-06-29 14:28:29] 18道第3台停车器通信超时
[2025-06-29 14:28:29] 18道防溜器通信超时
[2025-06-29 14:28:29] 19道第1台停车器通信超时
[2025-06-29 14:28:29] 19道第2台停车器通信超时
[2025-06-29 14:28:29] 19道第3台停车器通信超时
[2025-06-29 14:28:29] 19道防溜器通信超时
[2025-06-29 14:28:29] 20道第1台停车器通信超时
[2025-06-29 14:28:29] 20道第2台停车器通信超时
[2025-06-29 14:28:29] 20道第3台停车器通信超时
[2025-06-29 14:28:29] 20道防溜器通信超时
[2025-06-29 14:28:29] 21道第1台停车器通信超时
[2025-06-29 14:28:29] 21道第2台停车器通信超时
[2025-06-29 14:28:29] 21道第3台停车器通信超时
[2025-06-29 14:28:29] 21道防溜器通信超时
[2025-06-29 14:28:30] 22道第1台停车器通信超时
[2025-06-29 14:28:30] 22道第2台停车器通信超时
[2025-06-29 14:28:30] 22道第3台停车器通信超时
[2025-06-29 14:28:30] 22道防溜器通信超时
[2025-06-29 14:28:30] 23道第1台停车器通信超时
[2025-06-29 14:28:30] 23道第2台停车器通信超时
[2025-06-29 14:28:30] 23道第3台停车器通信超时
[2025-06-29 14:28:30] 23道防溜器通信超时
[2025-06-29 14:28:30] 24道第1台停车器通信超时
[2025-06-29 14:28:30] 24道第2台停车器通信超时
[2025-06-29 14:28:30] 24道第3台停车器通信超时
[2025-06-29 14:28:30] 24道防溜器通信超时
[2025-06-29 17:59:57] B机进入主用状态
[2025-06-29 17:59:57] B机在线
[2025-06-29 17:59:57] A机进入备用状态
[2025-06-29 17:59:57] A机离线
