[2025-07-19 14:18:56] A机进入主用状态
[2025-07-19 14:18:56] A机在线
[2025-07-19 14:18:56] B机进入备用状态
[2025-07-19 14:18:56] B机离线
[2025-07-19 14:19:00] 2道第1台停车器通信超时
[2025-07-19 14:19:00] 2道第2台停车器通信超时
[2025-07-19 14:19:00] 2道第3台停车器通信超时
[2025-07-19 14:19:00] 2道防溜器通信超时
[2025-07-19 14:19:00] 3道第1台停车器通信超时
[2025-07-19 14:19:00] 3道第2台停车器通信超时
[2025-07-19 14:19:00] 3道第3台停车器通信超时
[2025-07-19 14:19:00] 3道防溜器通信超时
[2025-07-19 14:19:00] 4道第1台停车器通信超时
[2025-07-19 14:19:00] 4道第2台停车器通信超时
[2025-07-19 14:19:00] 4道第3台停车器通信超时
[2025-07-19 14:19:00] 4道防溜器通信超时
[2025-07-19 14:19:00] 5道第1台停车器通信超时
[2025-07-19 14:19:00] 5道第2台停车器通信超时
[2025-07-19 14:19:00] 5道第3台停车器通信超时
[2025-07-19 14:19:00] 5道防溜器通信超时
[2025-07-19 14:19:00] 6道第1台停车器通信超时
[2025-07-19 14:19:00] 6道第2台停车器通信超时
[2025-07-19 14:19:00] 6道第3台停车器通信超时
[2025-07-19 14:19:00] 6道防溜器通信超时
[2025-07-19 14:19:00] 7道第1台停车器通信超时
[2025-07-19 14:19:00] 7道第2台停车器通信超时
[2025-07-19 14:19:00] 7道第3台停车器通信超时
[2025-07-19 14:19:00] 7道防溜器通信超时
[2025-07-19 14:19:00] 8道第1台停车器通信超时
[2025-07-19 14:19:00] 8道第2台停车器通信超时
[2025-07-19 14:19:00] 8道第3台停车器通信超时
[2025-07-19 14:19:00] 8道防溜器通信超时
[2025-07-19 14:19:01] 9道第1台停车器通信超时
[2025-07-19 14:19:01] 9道第2台停车器通信超时
[2025-07-19 14:19:01] 9道第3台停车器通信超时
[2025-07-19 14:19:01] 9道防溜器通信超时
[2025-07-19 14:19:01] 10道第1台停车器通信超时
[2025-07-19 14:19:01] 10道第2台停车器通信超时
[2025-07-19 14:19:01] 10道第3台停车器通信超时
[2025-07-19 14:19:01] 10道防溜器通信超时
[2025-07-19 14:19:01] 11道第1台停车器通信超时
[2025-07-19 14:19:01] 11道第2台停车器通信超时
[2025-07-19 14:19:01] 11道第3台停车器通信超时
[2025-07-19 14:19:01] 11道防溜器通信超时
[2025-07-19 14:19:01] 12道第1台停车器通信超时
[2025-07-19 14:19:01] 12道第2台停车器通信超时
[2025-07-19 14:19:01] 12道第3台停车器通信超时
[2025-07-19 14:19:01] 12道防溜器通信超时
[2025-07-19 14:19:01] 13道第1台停车器通信超时
[2025-07-19 14:19:01] 13道第2台停车器通信超时
[2025-07-19 14:19:01] 13道第3台停车器通信超时
[2025-07-19 14:19:01] 13道防溜器通信超时
[2025-07-19 14:19:01] 14道第1台停车器通信超时
[2025-07-19 14:19:01] 14道第2台停车器通信超时
[2025-07-19 14:19:01] 14道第3台停车器通信超时
[2025-07-19 14:19:01] 14道防溜器通信超时
[2025-07-19 14:19:01] 15道第1台停车器通信超时
[2025-07-19 14:19:01] 15道第2台停车器通信超时
[2025-07-19 14:19:01] 15道第3台停车器通信超时
[2025-07-19 14:19:01] 15道防溜器通信超时
[2025-07-19 14:19:01] 16道第1台停车器通信超时
[2025-07-19 14:19:01] 16道第2台停车器通信超时
[2025-07-19 14:19:01] 16道第3台停车器通信超时
[2025-07-19 14:19:01] 16道防溜器通信超时
[2025-07-19 14:19:01] 17道第1台停车器通信超时
[2025-07-19 14:19:01] 17道第2台停车器通信超时
[2025-07-19 14:19:01] 17道第3台停车器通信超时
[2025-07-19 14:19:01] 17道防溜器通信超时
[2025-07-19 14:19:01] 18道第1台停车器通信超时
[2025-07-19 14:19:01] 18道第2台停车器通信超时
[2025-07-19 14:19:01] 18道第3台停车器通信超时
[2025-07-19 14:19:01] 18道防溜器通信超时
[2025-07-19 14:19:01] 19道第1台停车器通信超时
[2025-07-19 14:19:01] 19道第2台停车器通信超时
[2025-07-19 14:19:01] 19道第3台停车器通信超时
[2025-07-19 14:19:01] 19道防溜器通信超时
[2025-07-19 14:19:01] 20道第1台停车器通信超时
[2025-07-19 14:19:01] 20道第2台停车器通信超时
[2025-07-19 14:19:01] 20道第3台停车器通信超时
[2025-07-19 14:19:01] 20道防溜器通信超时
[2025-07-19 14:19:01] 21道第1台停车器通信超时
[2025-07-19 14:19:01] 21道第2台停车器通信超时
[2025-07-19 14:19:01] 21道第3台停车器通信超时
[2025-07-19 14:19:01] 21道防溜器通信超时
[2025-07-19 14:19:01] 22道第1台停车器通信超时
[2025-07-19 14:19:01] 22道第2台停车器通信超时
[2025-07-19 14:19:01] 22道第3台停车器通信超时
[2025-07-19 14:19:01] 22道防溜器通信超时
[2025-07-19 14:19:01] 23道第1台停车器通信超时
[2025-07-19 14:19:01] 23道第2台停车器通信超时
[2025-07-19 14:19:01] 23道第3台停车器通信超时
[2025-07-19 14:19:01] 23道防溜器通信超时
[2025-07-19 14:19:01] 24道第1台停车器通信超时
[2025-07-19 14:19:01] 24道第2台停车器通信超时
[2025-07-19 14:19:01] 24道第3台停车器通信超时
[2025-07-19 14:19:01] 24道防溜器通信超时
[2025-07-19 14:19:19] A机进入主用状态
[2025-07-19 14:19:19] A机在线
[2025-07-19 21:02:38] A机进入主用状态
[2025-07-19 21:02:38] A机在线
[2025-07-19 21:02:38] B机进入备用状态
[2025-07-19 21:02:38] B机离线
