[2025-06-30 14:04:51] B机进入主用状态
[2025-06-30 14:04:51] B机在线
[2025-06-30 14:04:51] A机进入备用状态
[2025-06-30 14:04:51] A机离线
[2025-06-30 14:04:57] 2道第1台停车器通信超时
[2025-06-30 14:04:57] 2道第2台停车器通信超时
[2025-06-30 14:04:57] 2道第3台停车器通信超时
[2025-06-30 14:04:57] 2道防溜器通信超时
[2025-06-30 14:04:57] 3道第1台停车器通信超时
[2025-06-30 14:04:57] 3道第2台停车器通信超时
[2025-06-30 14:04:57] 3道第3台停车器通信超时
[2025-06-30 14:04:57] 3道防溜器通信超时
[2025-06-30 14:04:57] 4道第1台停车器通信超时
[2025-06-30 14:04:57] 4道第2台停车器通信超时
[2025-06-30 14:04:57] 4道第3台停车器通信超时
[2025-06-30 14:04:57] 4道防溜器通信超时
[2025-06-30 14:04:57] 5道第1台停车器通信超时
[2025-06-30 14:04:57] 5道第2台停车器通信超时
[2025-06-30 14:04:57] 5道第3台停车器通信超时
[2025-06-30 14:04:57] 5道防溜器通信超时
[2025-06-30 14:04:57] 6道第1台停车器通信超时
[2025-06-30 14:04:57] 6道第2台停车器通信超时
[2025-06-30 14:04:57] 6道第3台停车器通信超时
[2025-06-30 14:04:57] 6道防溜器通信超时
[2025-06-30 14:04:57] 7道第1台停车器通信超时
[2025-06-30 14:04:57] 7道第2台停车器通信超时
[2025-06-30 14:04:57] 7道第3台停车器通信超时
[2025-06-30 14:04:57] 7道防溜器通信超时
[2025-06-30 14:04:57] 8道第1台停车器通信超时
[2025-06-30 14:04:57] 8道第2台停车器通信超时
[2025-06-30 14:04:57] 8道第3台停车器通信超时
[2025-06-30 14:04:57] 8道防溜器通信超时
[2025-06-30 14:04:57] 9道第1台停车器通信超时
[2025-06-30 14:04:57] 9道第2台停车器通信超时
[2025-06-30 14:04:57] 9道第3台停车器通信超时
[2025-06-30 14:04:57] 9道防溜器通信超时
[2025-06-30 14:04:57] 10道第1台停车器通信超时
[2025-06-30 14:04:57] 10道第2台停车器通信超时
[2025-06-30 14:04:57] 10道第3台停车器通信超时
[2025-06-30 14:04:57] 10道防溜器通信超时
[2025-06-30 14:04:57] 11道第1台停车器通信超时
[2025-06-30 14:04:57] 11道第2台停车器通信超时
[2025-06-30 14:04:57] 11道第3台停车器通信超时
[2025-06-30 14:04:57] 11道防溜器通信超时
[2025-06-30 14:04:57] 12道第1台停车器通信超时
[2025-06-30 14:04:57] 12道第2台停车器通信超时
[2025-06-30 14:04:57] 12道第3台停车器通信超时
[2025-06-30 14:04:57] 12道防溜器通信超时
[2025-06-30 14:04:57] 13道第1台停车器通信超时
[2025-06-30 14:04:57] 13道第2台停车器通信超时
[2025-06-30 14:04:57] 13道第3台停车器通信超时
[2025-06-30 14:04:57] 13道防溜器通信超时
[2025-06-30 14:04:57] 14道第1台停车器通信超时
[2025-06-30 14:04:57] 14道第2台停车器通信超时
[2025-06-30 14:04:57] 14道第3台停车器通信超时
[2025-06-30 14:04:58] 14道防溜器通信超时
[2025-06-30 14:04:58] 15道第1台停车器通信超时
[2025-06-30 14:04:58] 15道第2台停车器通信超时
[2025-06-30 14:04:58] 15道第3台停车器通信超时
[2025-06-30 14:04:58] 15道防溜器通信超时
[2025-06-30 14:04:58] 16道第1台停车器通信超时
[2025-06-30 14:04:58] 16道第2台停车器通信超时
[2025-06-30 14:04:58] 16道第3台停车器通信超时
[2025-06-30 14:04:58] 16道防溜器通信超时
[2025-06-30 14:04:58] 17道第1台停车器通信超时
[2025-06-30 14:04:58] 17道第2台停车器通信超时
[2025-06-30 14:04:58] 17道第3台停车器通信超时
[2025-06-30 14:04:58] 17道防溜器通信超时
[2025-06-30 14:04:58] 18道第1台停车器通信超时
[2025-06-30 14:04:58] 18道第2台停车器通信超时
[2025-06-30 14:04:58] 18道第3台停车器通信超时
[2025-06-30 14:04:58] 18道防溜器通信超时
[2025-06-30 14:04:58] 19道第1台停车器通信超时
[2025-06-30 14:04:58] 19道第2台停车器通信超时
[2025-06-30 14:04:58] 19道第3台停车器通信超时
[2025-06-30 14:04:58] 19道防溜器通信超时
[2025-06-30 14:04:58] 20道第1台停车器通信超时
[2025-06-30 14:04:58] 20道第2台停车器通信超时
[2025-06-30 14:04:58] 20道第3台停车器通信超时
[2025-06-30 14:04:58] 20道防溜器通信超时
[2025-06-30 14:04:58] 21道第1台停车器通信超时
[2025-06-30 14:04:58] 21道第2台停车器通信超时
[2025-06-30 14:04:58] 21道第3台停车器通信超时
[2025-06-30 14:04:58] 21道防溜器通信超时
[2025-06-30 14:04:58] 22道第1台停车器通信超时
[2025-06-30 14:04:58] 22道第2台停车器通信超时
[2025-06-30 14:04:58] 22道第3台停车器通信超时
[2025-06-30 14:04:58] 22道防溜器通信超时
[2025-06-30 14:04:58] 23道第1台停车器通信超时
[2025-06-30 14:04:58] 23道第2台停车器通信超时
[2025-06-30 14:04:58] 23道第3台停车器通信超时
[2025-06-30 14:04:58] 23道防溜器通信超时
[2025-06-30 14:04:58] 24道第1台停车器通信超时
[2025-06-30 14:04:58] 24道第2台停车器通信超时
[2025-06-30 14:04:58] 24道第3台停车器通信超时
[2025-06-30 14:04:58] 24道防溜器通信超时
[2025-06-30 14:05:14] B机进入主用状态
[2025-06-30 14:05:14] B机在线
[2025-06-30 14:05:14] A机进入备用状态
[2025-06-30 14:05:14] A机离线
[2025-06-30 14:05:19] 2道第1台停车器通信超时
[2025-06-30 14:05:19] 2道第2台停车器通信超时
[2025-06-30 14:05:19] 2道第3台停车器通信超时
[2025-06-30 14:05:19] 2道防溜器通信超时
[2025-06-30 14:05:19] 3道第1台停车器通信超时
[2025-06-30 14:05:19] 3道第2台停车器通信超时
[2025-06-30 14:05:19] 3道第3台停车器通信超时
[2025-06-30 14:05:19] 3道防溜器通信超时
[2025-06-30 14:05:19] 4道第1台停车器通信超时
[2025-06-30 14:05:19] 4道第2台停车器通信超时
[2025-06-30 14:05:19] 4道第3台停车器通信超时
[2025-06-30 14:05:19] 4道防溜器通信超时
[2025-06-30 14:05:19] 5道第1台停车器通信超时
[2025-06-30 14:05:19] 5道第2台停车器通信超时
[2025-06-30 14:05:19] 5道第3台停车器通信超时
[2025-06-30 14:05:19] 5道防溜器通信超时
[2025-06-30 14:05:19] 6道第1台停车器通信超时
[2025-06-30 14:05:19] 6道第2台停车器通信超时
[2025-06-30 14:05:19] 6道第3台停车器通信超时
[2025-06-30 14:05:19] 6道防溜器通信超时
[2025-06-30 14:05:19] 7道第1台停车器通信超时
[2025-06-30 14:05:19] 7道第2台停车器通信超时
[2025-06-30 14:05:19] 7道第3台停车器通信超时
[2025-06-30 14:05:19] 7道防溜器通信超时
[2025-06-30 14:05:19] 8道第1台停车器通信超时
[2025-06-30 14:05:19] 8道第2台停车器通信超时
[2025-06-30 14:05:19] 8道第3台停车器通信超时
[2025-06-30 14:05:19] 8道防溜器通信超时
[2025-06-30 14:05:19] 9道第1台停车器通信超时
[2025-06-30 14:05:20] 9道第2台停车器通信超时
[2025-06-30 14:05:20] 9道第3台停车器通信超时
[2025-06-30 14:05:20] 9道防溜器通信超时
[2025-06-30 14:05:20] 10道第1台停车器通信超时
[2025-06-30 14:05:20] 10道第2台停车器通信超时
[2025-06-30 14:05:20] 10道第3台停车器通信超时
[2025-06-30 14:05:20] 10道防溜器通信超时
[2025-06-30 14:05:20] 11道第1台停车器通信超时
[2025-06-30 14:05:20] 11道第2台停车器通信超时
[2025-06-30 14:05:20] 11道第3台停车器通信超时
[2025-06-30 14:05:20] 11道防溜器通信超时
[2025-06-30 14:05:20] 12道第1台停车器通信超时
[2025-06-30 14:05:20] 12道第2台停车器通信超时
[2025-06-30 14:05:20] 12道第3台停车器通信超时
[2025-06-30 14:05:20] 12道防溜器通信超时
[2025-06-30 14:05:20] 13道第1台停车器通信超时
[2025-06-30 14:05:20] 13道第2台停车器通信超时
[2025-06-30 14:05:20] 13道第3台停车器通信超时
[2025-06-30 14:05:20] 13道防溜器通信超时
[2025-06-30 14:05:20] 14道第1台停车器通信超时
[2025-06-30 14:05:20] 14道第2台停车器通信超时
[2025-06-30 14:05:20] 14道第3台停车器通信超时
[2025-06-30 14:05:20] 14道防溜器通信超时
[2025-06-30 14:05:20] 15道第1台停车器通信超时
[2025-06-30 14:05:20] 15道第2台停车器通信超时
[2025-06-30 14:05:20] 15道第3台停车器通信超时
[2025-06-30 14:05:20] 15道防溜器通信超时
[2025-06-30 14:05:20] 16道第1台停车器通信超时
[2025-06-30 14:05:20] 16道第2台停车器通信超时
[2025-06-30 14:05:20] 16道第3台停车器通信超时
[2025-06-30 14:05:20] 16道防溜器通信超时
[2025-06-30 14:05:20] 17道第1台停车器通信超时
[2025-06-30 14:05:20] 17道第2台停车器通信超时
[2025-06-30 14:05:20] 17道第3台停车器通信超时
[2025-06-30 14:05:20] 17道防溜器通信超时
[2025-06-30 14:05:20] 18道第1台停车器通信超时
[2025-06-30 14:05:20] 18道第2台停车器通信超时
[2025-06-30 14:05:20] 18道第3台停车器通信超时
[2025-06-30 14:05:20] 18道防溜器通信超时
[2025-06-30 14:05:20] 19道第1台停车器通信超时
[2025-06-30 14:05:20] 19道第2台停车器通信超时
[2025-06-30 14:05:20] 19道第3台停车器通信超时
[2025-06-30 14:05:20] 19道防溜器通信超时
[2025-06-30 14:05:20] 20道第1台停车器通信超时
[2025-06-30 14:05:20] 20道第2台停车器通信超时
[2025-06-30 14:05:20] 20道第3台停车器通信超时
[2025-06-30 14:05:20] 20道防溜器通信超时
[2025-06-30 14:05:20] 21道第1台停车器通信超时
[2025-06-30 14:05:20] 21道第2台停车器通信超时
[2025-06-30 14:05:20] 21道第3台停车器通信超时
[2025-06-30 14:05:20] 21道防溜器通信超时
[2025-06-30 14:05:20] 22道第1台停车器通信超时
[2025-06-30 14:05:20] 22道第2台停车器通信超时
[2025-06-30 14:05:20] 22道第3台停车器通信超时
[2025-06-30 14:05:20] 22道防溜器通信超时
[2025-06-30 14:05:20] 23道第1台停车器通信超时
[2025-06-30 14:05:20] 23道第2台停车器通信超时
[2025-06-30 14:05:20] 23道第3台停车器通信超时
[2025-06-30 14:05:20] 23道防溜器通信超时
[2025-06-30 14:05:20] 24道第1台停车器通信超时
[2025-06-30 14:05:20] 24道第2台停车器通信超时
[2025-06-30 14:05:20] 24道第3台停车器通信超时
[2025-06-30 14:05:20] 24道防溜器通信超时
[2025-06-30 14:05:53] B机进入主用状态
[2025-06-30 14:05:53] B机在线
[2025-06-30 14:05:53] A机进入备用状态
[2025-06-30 14:05:53] A机离线
[2025-06-30 14:05:57] 2道第1台停车器通信超时
[2025-06-30 14:05:57] 2道第2台停车器通信超时
[2025-06-30 14:05:57] 2道第3台停车器通信超时
[2025-06-30 14:05:57] 2道防溜器通信超时
[2025-06-30 14:05:58] 3道第1台停车器通信超时
[2025-06-30 14:05:58] 3道第2台停车器通信超时
[2025-06-30 14:05:58] 3道第3台停车器通信超时
[2025-06-30 14:05:58] 3道防溜器通信超时
[2025-06-30 14:05:58] 4道第1台停车器通信超时
[2025-06-30 14:05:58] 4道第2台停车器通信超时
[2025-06-30 14:05:58] 4道第3台停车器通信超时
[2025-06-30 14:05:58] 4道防溜器通信超时
[2025-06-30 14:05:58] 5道第1台停车器通信超时
[2025-06-30 14:05:58] 5道第2台停车器通信超时
[2025-06-30 14:05:58] 5道第3台停车器通信超时
[2025-06-30 14:05:58] 5道防溜器通信超时
[2025-06-30 14:05:58] 6道第1台停车器通信超时
[2025-06-30 14:05:58] 6道第2台停车器通信超时
[2025-06-30 14:05:58] 6道第3台停车器通信超时
[2025-06-30 14:05:58] 6道防溜器通信超时
[2025-06-30 14:05:58] 7道第1台停车器通信超时
[2025-06-30 14:05:58] 7道第2台停车器通信超时
[2025-06-30 14:05:58] 7道第3台停车器通信超时
[2025-06-30 14:05:58] 7道防溜器通信超时
[2025-06-30 14:05:58] 8道第1台停车器通信超时
[2025-06-30 14:05:58] 8道第2台停车器通信超时
[2025-06-30 14:05:58] 8道第3台停车器通信超时
[2025-06-30 14:05:58] 8道防溜器通信超时
[2025-06-30 14:05:58] 9道第1台停车器通信超时
[2025-06-30 14:05:58] 9道第2台停车器通信超时
[2025-06-30 14:05:58] 9道第3台停车器通信超时
[2025-06-30 14:05:58] 9道防溜器通信超时
[2025-06-30 14:05:58] 10道第1台停车器通信超时
[2025-06-30 14:05:58] 10道第2台停车器通信超时
[2025-06-30 14:05:58] 10道第3台停车器通信超时
[2025-06-30 14:05:58] 10道防溜器通信超时
[2025-06-30 14:05:58] 11道第1台停车器通信超时
[2025-06-30 14:05:58] 11道第2台停车器通信超时
[2025-06-30 14:05:58] 11道第3台停车器通信超时
[2025-06-30 14:05:58] 11道防溜器通信超时
[2025-06-30 14:05:58] 12道第1台停车器通信超时
[2025-06-30 14:05:58] 12道第2台停车器通信超时
[2025-06-30 14:05:58] 12道第3台停车器通信超时
[2025-06-30 14:05:58] 12道防溜器通信超时
[2025-06-30 14:05:58] 13道第1台停车器通信超时
[2025-06-30 14:05:58] 13道第2台停车器通信超时
[2025-06-30 14:05:58] 13道第3台停车器通信超时
[2025-06-30 14:05:58] 13道防溜器通信超时
[2025-06-30 14:05:58] 14道第1台停车器通信超时
[2025-06-30 14:05:58] 14道第2台停车器通信超时
[2025-06-30 14:05:58] 14道第3台停车器通信超时
[2025-06-30 14:05:58] 14道防溜器通信超时
[2025-06-30 14:05:58] 15道第1台停车器通信超时
[2025-06-30 14:05:58] 15道第2台停车器通信超时
[2025-06-30 14:05:58] 15道第3台停车器通信超时
[2025-06-30 14:05:58] 15道防溜器通信超时
[2025-06-30 14:05:58] 16道第1台停车器通信超时
[2025-06-30 14:05:58] 16道第2台停车器通信超时
[2025-06-30 14:05:58] 16道第3台停车器通信超时
[2025-06-30 14:05:58] 16道防溜器通信超时
[2025-06-30 14:05:58] 17道第1台停车器通信超时
[2025-06-30 14:05:58] 17道第2台停车器通信超时
[2025-06-30 14:05:58] 17道第3台停车器通信超时
[2025-06-30 14:05:58] 17道防溜器通信超时
[2025-06-30 14:05:58] 18道第1台停车器通信超时
[2025-06-30 14:05:58] 18道第2台停车器通信超时
[2025-06-30 14:05:58] 18道第3台停车器通信超时
[2025-06-30 14:05:58] 18道防溜器通信超时
[2025-06-30 14:05:58] 19道第1台停车器通信超时
[2025-06-30 14:05:58] 19道第2台停车器通信超时
[2025-06-30 14:05:58] 19道第3台停车器通信超时
[2025-06-30 14:05:58] 19道防溜器通信超时
[2025-06-30 14:05:58] 20道第1台停车器通信超时
[2025-06-30 14:05:58] 20道第2台停车器通信超时
[2025-06-30 14:05:58] 20道第3台停车器通信超时
[2025-06-30 14:05:58] 20道防溜器通信超时
[2025-06-30 14:05:58] 21道第1台停车器通信超时
[2025-06-30 14:05:58] 21道第2台停车器通信超时
[2025-06-30 14:05:58] 21道第3台停车器通信超时
[2025-06-30 14:05:58] 21道防溜器通信超时
[2025-06-30 14:05:58] 22道第1台停车器通信超时
[2025-06-30 14:05:58] 22道第2台停车器通信超时
[2025-06-30 14:05:58] 22道第3台停车器通信超时
[2025-06-30 14:05:58] 22道防溜器通信超时
[2025-06-30 14:05:58] 23道第1台停车器通信超时
[2025-06-30 14:05:58] 23道第2台停车器通信超时
[2025-06-30 14:05:58] 23道第3台停车器通信超时
[2025-06-30 14:05:58] 23道防溜器通信超时
[2025-06-30 14:05:58] 24道第1台停车器通信超时
[2025-06-30 14:05:58] 24道第2台停车器通信超时
[2025-06-30 14:05:58] 24道第3台停车器通信超时
[2025-06-30 14:05:58] 24道防溜器通信超时
[2025-06-30 14:08:31] B机进入主用状态
[2025-06-30 14:08:31] B机在线
[2025-06-30 15:08:53] A机进入主用状态
[2025-06-30 15:08:53] A机在线
[2025-06-30 15:08:53] B机进入备用状态
[2025-06-30 15:08:53] B机离线
[2025-06-30 15:08:54] 2道第1台停车器进入运行模式
[2025-06-30 15:08:54] 2道第1台停车器缓解到位
[2025-06-30 15:08:54] 2道第2台停车器进入运行模式
[2025-06-30 15:08:54] 2道第2台停车器缓解到位
[2025-06-30 15:08:54] 2道第3台停车器进入运行模式
[2025-06-30 15:08:54] 2道第3台停车器缓解到位
[2025-06-30 15:08:54] 2道防溜器进入运行模式
[2025-06-30 15:08:54] 2道防溜器制动到位（远程）
[2025-06-30 15:08:59] 3道第1台停车器通信超时
[2025-06-30 15:08:59] 3道第2台停车器通信超时
[2025-06-30 15:08:59] 3道第3台停车器通信超时
[2025-06-30 15:08:59] 3道防溜器通信超时
[2025-06-30 15:08:59] 4道第1台停车器通信超时
[2025-06-30 15:08:59] 4道第2台停车器通信超时
[2025-06-30 15:08:59] 4道第3台停车器通信超时
[2025-06-30 15:08:59] 4道防溜器通信超时
[2025-06-30 15:08:59] 5道第1台停车器通信超时
[2025-06-30 15:08:59] 5道第2台停车器通信超时
[2025-06-30 15:08:59] 5道第3台停车器通信超时
[2025-06-30 15:08:59] 5道防溜器通信超时
[2025-06-30 15:08:59] 6道第1台停车器通信超时
[2025-06-30 15:08:59] 6道第2台停车器通信超时
[2025-06-30 15:08:59] 6道第3台停车器通信超时
[2025-06-30 15:08:59] 6道防溜器通信超时
[2025-06-30 15:08:59] 7道第1台停车器通信超时
[2025-06-30 15:08:59] 7道第2台停车器通信超时
[2025-06-30 15:08:59] 7道第3台停车器通信超时
[2025-06-30 15:08:59] 7道防溜器通信超时
[2025-06-30 15:08:59] 8道第1台停车器通信超时
[2025-06-30 15:08:59] 8道第2台停车器通信超时
[2025-06-30 15:08:59] 8道第3台停车器通信超时
[2025-06-30 15:08:59] 8道防溜器通信超时
[2025-06-30 15:08:59] 9道第1台停车器通信超时
[2025-06-30 15:08:59] 9道第2台停车器通信超时
[2025-06-30 15:08:59] 9道第3台停车器通信超时
[2025-06-30 15:08:59] 9道防溜器通信超时
[2025-06-30 15:08:59] 10道第1台停车器通信超时
[2025-06-30 15:09:00] 10道第2台停车器通信超时
[2025-06-30 15:09:00] 10道第3台停车器通信超时
[2025-06-30 15:09:00] 10道防溜器通信超时
[2025-06-30 15:09:00] 11道第1台停车器通信超时
[2025-06-30 15:09:00] 11道第2台停车器通信超时
[2025-06-30 15:09:00] 11道第3台停车器通信超时
[2025-06-30 15:09:00] 11道防溜器通信超时
[2025-06-30 15:09:00] 12道第1台停车器通信超时
[2025-06-30 15:09:00] 12道第2台停车器通信超时
[2025-06-30 15:09:00] 12道第3台停车器通信超时
[2025-06-30 15:09:00] 12道防溜器通信超时
[2025-06-30 15:09:00] 13道第1台停车器通信超时
[2025-06-30 15:09:00] 13道第2台停车器通信超时
[2025-06-30 15:09:00] 13道第3台停车器通信超时
[2025-06-30 15:09:00] 13道防溜器通信超时
[2025-06-30 15:09:00] 14道第1台停车器通信超时
[2025-06-30 15:09:00] 14道第2台停车器通信超时
[2025-06-30 15:09:00] 14道第3台停车器通信超时
[2025-06-30 15:09:00] 14道防溜器通信超时
[2025-06-30 15:09:00] 15道第1台停车器通信超时
[2025-06-30 15:09:00] 15道第2台停车器通信超时
[2025-06-30 15:09:00] 15道第3台停车器通信超时
[2025-06-30 15:09:00] 15道防溜器通信超时
[2025-06-30 15:09:00] 16道第1台停车器通信超时
[2025-06-30 15:09:00] 16道第2台停车器通信超时
[2025-06-30 15:09:00] 16道第3台停车器通信超时
[2025-06-30 15:09:00] 16道防溜器通信超时
[2025-06-30 15:09:00] 17道第1台停车器通信超时
[2025-06-30 15:09:00] 17道第2台停车器通信超时
[2025-06-30 15:09:00] 17道第3台停车器通信超时
[2025-06-30 15:09:00] 17道防溜器通信超时
[2025-06-30 15:09:00] 18道第1台停车器通信超时
[2025-06-30 15:09:00] 18道第2台停车器通信超时
[2025-06-30 15:09:00] 18道第3台停车器通信超时
[2025-06-30 15:09:00] 18道防溜器通信超时
[2025-06-30 15:09:00] 19道第1台停车器通信超时
[2025-06-30 15:09:00] 19道第2台停车器通信超时
[2025-06-30 15:09:00] 19道第3台停车器通信超时
[2025-06-30 15:09:00] 19道防溜器通信超时
[2025-06-30 15:09:00] 20道第1台停车器通信超时
[2025-06-30 15:09:00] 20道第2台停车器通信超时
[2025-06-30 15:09:00] 20道第3台停车器通信超时
[2025-06-30 15:09:00] 20道防溜器通信超时
[2025-06-30 15:09:00] 21道第1台停车器通信超时
[2025-06-30 15:09:00] 21道第2台停车器通信超时
[2025-06-30 15:09:00] 21道第3台停车器通信超时
[2025-06-30 15:09:00] 21道防溜器通信超时
[2025-06-30 15:09:00] 22道第1台停车器通信超时
[2025-06-30 15:09:00] 22道第2台停车器通信超时
[2025-06-30 15:09:00] 22道第3台停车器通信超时
[2025-06-30 15:09:00] 22道防溜器通信超时
[2025-06-30 15:09:00] 23道第1台停车器通信超时
[2025-06-30 15:09:00] 23道第2台停车器通信超时
[2025-06-30 15:09:00] 23道第3台停车器通信超时
[2025-06-30 15:09:00] 23道防溜器通信超时
[2025-06-30 15:09:00] 24道第1台停车器通信超时
[2025-06-30 15:09:00] 24道第2台停车器通信超时
[2025-06-30 15:09:00] 24道第3台停车器通信超时
[2025-06-30 15:09:00] 24道防溜器通信超时
[2025-06-30 15:09:05] 2道第1台停车器进入检修模式
[2025-06-30 15:09:05] 2道第1台停车器处于检修状态
[2025-06-30 15:09:29] A机进入主用状态
[2025-06-30 15:09:29] A机在线
[2025-06-30 15:09:50] A机进入主用状态
[2025-06-30 15:09:50] A机在线
[2025-06-30 15:09:50] B机进入备用状态
[2025-06-30 15:09:50] B机离线
[2025-06-30 15:09:51] 2道第2台停车器进入运行模式
[2025-06-30 15:09:51] 2道第2台停车器缓解到位
[2025-06-30 15:09:51] 2道第1台停车器进入检修模式
[2025-06-30 15:09:51] 2道第1台停车器处于检修状态
[2025-06-30 15:09:51] 2道第3台停车器进入运行模式
[2025-06-30 15:09:51] 2道第3台停车器缓解到位
[2025-06-30 15:09:51] 2道防溜器进入运行模式
[2025-06-30 15:09:51] 2道防溜器制动到位（远程）
[2025-06-30 15:09:55] 3道第1台停车器通信超时
[2025-06-30 15:09:55] 3道第2台停车器通信超时
[2025-06-30 15:09:55] 3道第3台停车器通信超时
[2025-06-30 15:09:55] 3道防溜器通信超时
[2025-06-30 15:09:55] 4道第1台停车器通信超时
[2025-06-30 15:09:55] 4道第2台停车器通信超时
[2025-06-30 15:09:55] 4道第3台停车器通信超时
[2025-06-30 15:09:55] 4道防溜器通信超时
[2025-06-30 15:09:55] 5道第1台停车器通信超时
[2025-06-30 15:09:55] 5道第2台停车器通信超时
[2025-06-30 15:09:55] 5道第3台停车器通信超时
[2025-06-30 15:09:55] 5道防溜器通信超时
[2025-06-30 15:09:55] 6道第1台停车器通信超时
[2025-06-30 15:09:55] 6道第2台停车器通信超时
[2025-06-30 15:09:55] 6道第3台停车器通信超时
[2025-06-30 15:09:55] 6道防溜器通信超时
[2025-06-30 15:09:55] 7道第1台停车器通信超时
[2025-06-30 15:09:55] 7道第2台停车器通信超时
[2025-06-30 15:09:55] 7道第3台停车器通信超时
[2025-06-30 15:09:55] 7道防溜器通信超时
[2025-06-30 15:09:55] 8道第1台停车器通信超时
[2025-06-30 15:09:55] 8道第2台停车器通信超时
[2025-06-30 15:09:55] 8道第3台停车器通信超时
[2025-06-30 15:09:55] 8道防溜器通信超时
[2025-06-30 15:09:55] 9道第1台停车器通信超时
[2025-06-30 15:09:55] 9道第2台停车器通信超时
[2025-06-30 15:09:55] 9道第3台停车器通信超时
[2025-06-30 15:09:55] 9道防溜器通信超时
[2025-06-30 15:09:55] 10道第1台停车器通信超时
[2025-06-30 15:09:55] 10道第2台停车器通信超时
[2025-06-30 15:09:55] 10道第3台停车器通信超时
[2025-06-30 15:09:55] 10道防溜器通信超时
[2025-06-30 15:09:55] 11道第1台停车器通信超时
[2025-06-30 15:09:55] 11道第2台停车器通信超时
[2025-06-30 15:09:55] 11道第3台停车器通信超时
[2025-06-30 15:09:55] 11道防溜器通信超时
[2025-06-30 15:09:55] 12道第1台停车器通信超时
[2025-06-30 15:09:55] 12道第2台停车器通信超时
[2025-06-30 15:09:56] 12道第3台停车器通信超时
[2025-06-30 15:09:56] 12道防溜器通信超时
[2025-06-30 15:09:56] 13道第1台停车器通信超时
[2025-06-30 15:09:56] 13道第2台停车器通信超时
[2025-06-30 15:09:56] 13道第3台停车器通信超时
[2025-06-30 15:09:56] 13道防溜器通信超时
[2025-06-30 15:09:56] 14道第1台停车器通信超时
[2025-06-30 15:09:56] 14道第2台停车器通信超时
[2025-06-30 15:09:56] 14道第3台停车器通信超时
[2025-06-30 15:09:56] 14道防溜器通信超时
[2025-06-30 15:09:56] 15道第1台停车器通信超时
[2025-06-30 15:09:56] 15道第2台停车器通信超时
[2025-06-30 15:09:56] 15道第3台停车器通信超时
[2025-06-30 15:09:56] 15道防溜器通信超时
[2025-06-30 15:09:56] 16道第1台停车器通信超时
[2025-06-30 15:09:56] 16道第2台停车器通信超时
[2025-06-30 15:09:56] 16道第3台停车器通信超时
[2025-06-30 15:09:56] 16道防溜器通信超时
[2025-06-30 15:09:56] 17道第1台停车器通信超时
[2025-06-30 15:09:56] 17道第2台停车器通信超时
[2025-06-30 15:09:56] 17道第3台停车器通信超时
[2025-06-30 15:09:56] 17道防溜器通信超时
[2025-06-30 15:09:56] 18道第1台停车器通信超时
[2025-06-30 15:09:56] 18道第2台停车器通信超时
[2025-06-30 15:09:56] 18道第3台停车器通信超时
[2025-06-30 15:09:56] 18道防溜器通信超时
[2025-06-30 15:09:56] 19道第1台停车器通信超时
[2025-06-30 15:09:56] 19道第2台停车器通信超时
[2025-06-30 15:09:56] 19道第3台停车器通信超时
[2025-06-30 15:09:56] 19道防溜器通信超时
[2025-06-30 15:09:56] 20道第1台停车器通信超时
[2025-06-30 15:09:56] 20道第2台停车器通信超时
[2025-06-30 15:09:56] 20道第3台停车器通信超时
[2025-06-30 15:09:56] 20道防溜器通信超时
[2025-06-30 15:09:56] 21道第1台停车器通信超时
[2025-06-30 15:09:56] 21道第2台停车器通信超时
[2025-06-30 15:09:56] 21道第3台停车器通信超时
[2025-06-30 15:09:56] 21道防溜器通信超时
[2025-06-30 15:09:56] 22道第1台停车器通信超时
[2025-06-30 15:09:56] 22道第2台停车器通信超时
[2025-06-30 15:09:56] 22道第3台停车器通信超时
[2025-06-30 15:09:56] 22道防溜器通信超时
[2025-06-30 15:09:56] 23道第1台停车器通信超时
[2025-06-30 15:09:56] 23道第2台停车器通信超时
[2025-06-30 15:09:56] 23道第3台停车器通信超时
[2025-06-30 15:09:56] 23道防溜器通信超时
[2025-06-30 15:09:56] 24道第1台停车器通信超时
[2025-06-30 15:09:56] 24道第2台停车器通信超时
[2025-06-30 15:09:56] 24道第3台停车器通信超时
[2025-06-30 15:09:56] 24道防溜器通信超时
[2025-06-30 15:16:28] A机进入主用状态
[2025-06-30 15:16:28] A机在线
[2025-06-30 15:16:28] B机进入备用状态
[2025-06-30 15:16:28] B机离线
[2025-06-30 15:16:33] 3道第1台停车器通信超时
[2025-06-30 15:16:33] 3道第2台停车器通信超时
[2025-06-30 15:16:33] 3道第3台停车器通信超时
[2025-06-30 15:16:33] 3道防溜器通信超时
[2025-06-30 15:16:33] 4道第1台停车器通信超时
[2025-06-30 15:16:33] 4道第2台停车器通信超时
[2025-06-30 15:16:33] 4道第3台停车器通信超时
[2025-06-30 15:16:33] 4道防溜器通信超时
[2025-06-30 15:16:33] 5道第1台停车器通信超时
[2025-06-30 15:16:33] 5道第2台停车器通信超时
[2025-06-30 15:16:33] 5道第3台停车器通信超时
[2025-06-30 15:16:33] 5道防溜器通信超时
[2025-06-30 15:16:33] 6道第1台停车器通信超时
[2025-06-30 15:16:33] 6道第2台停车器通信超时
[2025-06-30 15:16:33] 6道第3台停车器通信超时
[2025-06-30 15:16:33] 6道防溜器通信超时
[2025-06-30 15:16:33] 7道第1台停车器通信超时
[2025-06-30 15:16:33] 7道第2台停车器通信超时
[2025-06-30 15:16:33] 7道第3台停车器通信超时
[2025-06-30 15:16:33] 7道防溜器通信超时
[2025-06-30 15:16:33] 8道第1台停车器通信超时
[2025-06-30 15:16:33] 8道第2台停车器通信超时
[2025-06-30 15:16:33] 8道第3台停车器通信超时
[2025-06-30 15:16:33] 8道防溜器通信超时
[2025-06-30 15:16:33] 9道第1台停车器通信超时
[2025-06-30 15:16:33] 9道第2台停车器通信超时
[2025-06-30 15:16:33] 9道第3台停车器通信超时
[2025-06-30 15:16:33] 9道防溜器通信超时
[2025-06-30 15:16:33] 10道第1台停车器通信超时
[2025-06-30 15:16:33] 10道第2台停车器通信超时
[2025-06-30 15:16:33] 10道第3台停车器通信超时
[2025-06-30 15:16:33] 10道防溜器通信超时
[2025-06-30 15:16:33] 11道第1台停车器通信超时
[2025-06-30 15:16:33] 11道第2台停车器通信超时
[2025-06-30 15:16:33] 11道第3台停车器通信超时
[2025-06-30 15:16:33] 11道防溜器通信超时
[2025-06-30 15:16:33] 12道第1台停车器通信超时
[2025-06-30 15:16:33] 12道第2台停车器通信超时
[2025-06-30 15:16:33] 12道第3台停车器通信超时
[2025-06-30 15:16:33] 12道防溜器通信超时
[2025-06-30 15:16:33] 13道第1台停车器通信超时
[2025-06-30 15:16:33] 13道第2台停车器通信超时
[2025-06-30 15:16:33] 13道第3台停车器通信超时
[2025-06-30 15:16:33] 13道防溜器通信超时
[2025-06-30 15:16:33] 14道第1台停车器通信超时
[2025-06-30 15:16:33] 14道第2台停车器通信超时
[2025-06-30 15:16:33] 14道第3台停车器通信超时
[2025-06-30 15:16:33] 14道防溜器通信超时
[2025-06-30 15:16:33] 15道第1台停车器通信超时
[2025-06-30 15:16:33] 15道第2台停车器通信超时
[2025-06-30 15:16:33] 15道第3台停车器通信超时
[2025-06-30 15:16:33] 15道防溜器通信超时
[2025-06-30 15:16:33] 16道第1台停车器通信超时
[2025-06-30 15:16:33] 16道第2台停车器通信超时
[2025-06-30 15:16:33] 16道第3台停车器通信超时
[2025-06-30 15:16:33] 16道防溜器通信超时
[2025-06-30 15:16:33] 17道第1台停车器通信超时
[2025-06-30 15:16:33] 17道第2台停车器通信超时
[2025-06-30 15:16:33] 17道第3台停车器通信超时
[2025-06-30 15:16:33] 17道防溜器通信超时
[2025-06-30 15:16:33] 18道第1台停车器通信超时
[2025-06-30 15:16:33] 18道第2台停车器通信超时
[2025-06-30 15:16:34] 18道第3台停车器通信超时
[2025-06-30 15:16:34] 18道防溜器通信超时
[2025-06-30 15:16:34] 19道第1台停车器通信超时
[2025-06-30 15:16:34] 19道第2台停车器通信超时
[2025-06-30 15:16:34] 19道第3台停车器通信超时
[2025-06-30 15:16:34] 19道防溜器通信超时
[2025-06-30 15:16:34] 20道第1台停车器通信超时
[2025-06-30 15:16:34] 20道第2台停车器通信超时
[2025-06-30 15:16:34] 20道第3台停车器通信超时
[2025-06-30 15:16:34] 20道防溜器通信超时
[2025-06-30 15:16:34] 21道第1台停车器通信超时
[2025-06-30 15:16:34] 21道第2台停车器通信超时
[2025-06-30 15:16:34] 21道第3台停车器通信超时
[2025-06-30 15:16:34] 21道防溜器通信超时
[2025-06-30 15:16:34] 22道第1台停车器通信超时
[2025-06-30 15:16:34] 22道第2台停车器通信超时
[2025-06-30 15:16:34] 22道第3台停车器通信超时
[2025-06-30 15:16:34] 22道防溜器通信超时
[2025-06-30 15:16:34] 23道第1台停车器通信超时
[2025-06-30 15:16:34] 23道第2台停车器通信超时
[2025-06-30 15:16:34] 23道第3台停车器通信超时
[2025-06-30 15:16:34] 23道防溜器通信超时
[2025-06-30 15:16:34] 24道第1台停车器通信超时
[2025-06-30 15:16:34] 24道第2台停车器通信超时
[2025-06-30 15:16:34] 24道第3台停车器通信超时
[2025-06-30 15:16:34] 24道防溜器通信超时
[2025-06-30 15:34:03] 2道第1台停车器通信超时
[2025-06-30 15:34:03] 2道第2台停车器通信超时
[2025-06-30 15:34:03] 2道第3台停车器通信超时
[2025-06-30 15:34:03] 2道防溜器通信超时
[2025-06-30 15:54:42] A机进入主用状态
[2025-06-30 15:54:42] A机在线
[2025-06-30 15:54:42] B机进入备用状态
[2025-06-30 15:54:42] B机离线
[2025-06-30 15:54:43] 2道第1台停车器进入运行模式
[2025-06-30 15:54:43] 2道第1台停车器制动到位
[2025-06-30 15:54:43] 2道第2台停车器进入运行模式
[2025-06-30 15:54:43] 2道第2台停车器缓解到位
[2025-06-30 15:54:43] 2道第3台停车器进入运行模式
[2025-06-30 15:54:43] 2道第3台停车器缓解到位
[2025-06-30 15:54:43] 2道防溜器进入运行模式
[2025-06-30 15:54:43] 2道防溜器缓解到位（远程）
[2025-06-30 15:54:48] 3道第1台停车器通信超时
[2025-06-30 15:54:48] 3道第2台停车器通信超时
[2025-06-30 15:54:48] 3道第3台停车器通信超时
[2025-06-30 15:54:48] 3道防溜器通信超时
[2025-06-30 15:54:48] 4道第1台停车器通信超时
[2025-06-30 15:54:48] 4道第2台停车器通信超时
[2025-06-30 15:54:48] 4道第3台停车器通信超时
[2025-06-30 15:54:48] 4道防溜器通信超时
[2025-06-30 15:54:48] 5道第1台停车器通信超时
[2025-06-30 15:54:48] 5道第2台停车器通信超时
[2025-06-30 15:54:48] 5道第3台停车器通信超时
[2025-06-30 15:54:48] 5道防溜器通信超时
[2025-06-30 15:54:48] 6道第1台停车器通信超时
[2025-06-30 15:54:48] 6道第2台停车器通信超时
[2025-06-30 15:54:48] 6道第3台停车器通信超时
[2025-06-30 15:54:48] 6道防溜器通信超时
[2025-06-30 15:54:48] 7道第1台停车器通信超时
[2025-06-30 15:54:48] 7道第2台停车器通信超时
[2025-06-30 15:54:48] 7道第3台停车器通信超时
[2025-06-30 15:54:48] 7道防溜器通信超时
[2025-06-30 15:54:48] 8道第1台停车器通信超时
[2025-06-30 15:54:48] 8道第2台停车器通信超时
[2025-06-30 15:54:48] 8道第3台停车器通信超时
[2025-06-30 15:54:48] 8道防溜器通信超时
[2025-06-30 15:54:48] 9道第1台停车器通信超时
[2025-06-30 15:54:48] 9道第2台停车器通信超时
[2025-06-30 15:54:48] 9道第3台停车器通信超时
[2025-06-30 15:54:49] 9道防溜器通信超时
[2025-06-30 15:54:49] 10道第1台停车器通信超时
[2025-06-30 15:54:49] 10道第2台停车器通信超时
[2025-06-30 15:54:49] 10道第3台停车器通信超时
[2025-06-30 15:54:49] 10道防溜器通信超时
[2025-06-30 15:54:49] 11道第1台停车器通信超时
[2025-06-30 15:54:49] 11道第2台停车器通信超时
[2025-06-30 15:54:49] 11道第3台停车器通信超时
[2025-06-30 15:54:49] 11道防溜器通信超时
[2025-06-30 15:54:49] 12道第1台停车器通信超时
[2025-06-30 15:54:49] 12道第2台停车器通信超时
[2025-06-30 15:54:49] 12道第3台停车器通信超时
[2025-06-30 15:54:49] 12道防溜器通信超时
[2025-06-30 15:54:49] 13道第1台停车器通信超时
[2025-06-30 15:54:49] 13道第2台停车器通信超时
[2025-06-30 15:54:49] 13道第3台停车器通信超时
[2025-06-30 15:54:49] 13道防溜器通信超时
[2025-06-30 15:54:49] 14道第1台停车器通信超时
[2025-06-30 15:54:49] 14道第2台停车器通信超时
[2025-06-30 15:54:49] 14道第3台停车器通信超时
[2025-06-30 15:54:49] 14道防溜器通信超时
[2025-06-30 15:54:49] 15道第1台停车器通信超时
[2025-06-30 15:54:49] 15道第2台停车器通信超时
[2025-06-30 15:54:49] 15道第3台停车器通信超时
[2025-06-30 15:54:49] 15道防溜器通信超时
[2025-06-30 15:54:49] 16道第1台停车器通信超时
[2025-06-30 15:54:49] 16道第2台停车器通信超时
[2025-06-30 15:54:49] 16道第3台停车器通信超时
[2025-06-30 15:54:49] 16道防溜器通信超时
[2025-06-30 15:54:49] 17道第1台停车器通信超时
[2025-06-30 15:54:49] 17道第2台停车器通信超时
[2025-06-30 15:54:49] 17道第3台停车器通信超时
[2025-06-30 15:54:49] 17道防溜器通信超时
[2025-06-30 15:54:49] 18道第1台停车器通信超时
[2025-06-30 15:54:49] 18道第2台停车器通信超时
[2025-06-30 15:54:49] 18道第3台停车器通信超时
[2025-06-30 15:54:49] 18道防溜器通信超时
[2025-06-30 15:54:49] 19道第1台停车器通信超时
[2025-06-30 15:54:49] 19道第2台停车器通信超时
[2025-06-30 15:54:49] 19道第3台停车器通信超时
[2025-06-30 15:54:49] 19道防溜器通信超时
[2025-06-30 15:54:49] 20道第1台停车器通信超时
[2025-06-30 15:54:49] 20道第2台停车器通信超时
[2025-06-30 15:54:49] 20道第3台停车器通信超时
[2025-06-30 15:54:49] 20道防溜器通信超时
[2025-06-30 15:54:49] 21道第1台停车器通信超时
[2025-06-30 15:54:49] 21道第2台停车器通信超时
[2025-06-30 15:54:49] 21道第3台停车器通信超时
[2025-06-30 15:54:49] 21道防溜器通信超时
[2025-06-30 15:54:49] 22道第1台停车器通信超时
[2025-06-30 15:54:49] 22道第2台停车器通信超时
[2025-06-30 15:54:49] 22道第3台停车器通信超时
[2025-06-30 15:54:49] 22道防溜器通信超时
[2025-06-30 15:54:49] 23道第1台停车器通信超时
[2025-06-30 15:54:49] 23道第2台停车器通信超时
[2025-06-30 15:54:49] 23道第3台停车器通信超时
[2025-06-30 15:54:49] 23道防溜器通信超时
[2025-06-30 15:54:49] 24道第1台停车器通信超时
[2025-06-30 15:54:49] 24道第2台停车器通信超时
[2025-06-30 15:54:49] 24道第3台停车器通信超时
[2025-06-30 15:54:49] 24道防溜器通信超时
[2025-06-30 16:00:02] B机进入主用状态
[2025-06-30 16:00:02] B机在线
[2025-06-30 16:00:03] B机进入备用状态
